{"/Users/maurizio.blasilli@wfp.org/projects/findmyjob/frontend/src/commoncomponents/Button.tsx": {"path":"/Users/maurizio.blasilli@wfp.org/projects/findmyjob/frontend/src/commoncomponents/Button.tsx","statementMap":{"0":{"start":{"line":7,"column":0},"end":{"line":7,"column":24}},"1":{"start":{"line":7,"column":41},"end":{"line":7,"column":46}},"2":{"start":{"line":7,"column":51},"end":{"line":7,"column":66}},"3":{"start":{"line":8,"column":4},"end":{"line":12,"column":6}}},"fnMap":{"0":{"name":"Button","decl":{"start":{"line":7,"column":24},"end":{"line":7,"column":30}},"loc":{"start":{"line":7,"column":66},"end":{"line":13,"column":1}}}},"branchMap":{"0":{"loc":{"start":{"line":9,"column":57},"end":{"line":9,"column":78}},"type":"binary-expr","locations":[{"start":{"line":9,"column":57},"end":{"line":9,"column":72}},{"start":{"line":9,"column":76},"end":{"line":9,"column":78}}]}},"s":{"0":1,"1":1,"2":1,"3":1},"f":{"0":1},"b":{"0":[1,1]}}
,"/Users/maurizio.blasilli@wfp.org/projects/findmyjob/frontend/src/pages/Dashboard.tsx": {"path":"/Users/maurizio.blasilli@wfp.org/projects/findmyjob/frontend/src/pages/Dashboard.tsx","statementMap":{"0":{"start":{"line":5,"column":0},"end":{"line":5,"column":24}},"1":{"start":{"line":1,"column":0},"end":{"line":1,"column":44}},"2":{"start":{"line":2,"column":0},"end":{"line":2,"column":68}},"3":{"start":{"line":3,"column":0},"end":{"line":3,"column":31}},"4":{"start":{"line":6,"column":44},"end":{"line":6,"column":106}},"5":{"start":{"line":7,"column":24},"end":{"line":7,"column":43}},"6":{"start":{"line":8,"column":42},"end":{"line":8,"column":57}},"7":{"start":{"line":10,"column":21},"end":{"line":27,"column":3}},"8":{"start":{"line":11,"column":6},"end":{"line":11,"column":38}},"9":{"start":{"line":11,"column":23},"end":{"line":11,"column":38}},"10":{"start":{"line":12,"column":6},"end":{"line":26,"column":36}},"11":{"start":{"line":13,"column":23},"end":{"line":13,"column":43}},"12":{"start":{"line":14,"column":10},"end":{"line":14,"column":55}},"13":{"start":{"line":14,"column":37},"end":{"line":14,"column":55}},"14":{"start":{"line":15,"column":22},"end":{"line":15,"column":61}},"15":{"start":{"line":16,"column":25},"end":{"line":16,"column":109}},"16":{"start":{"line":17,"column":24},"end":{"line":17,"column":47}},"17":{"start":{"line":18,"column":23},"end":{"line":18,"column":41}},"18":{"start":{"line":19,"column":21},"end":{"line":19,"column":46}},"19":{"start":{"line":20,"column":10},"end":{"line":24,"column":11}},"20":{"start":{"line":21,"column":28},"end":{"line":21,"column":68}},"21":{"start":{"line":22,"column":30},"end":{"line":22,"column":72}},"22":{"start":{"line":23,"column":14},"end":{"line":23,"column":45}},"23":{"start":{"line":25,"column":10},"end":{"line":25,"column":22}},"24":{"start":{"line":26,"column":16},"end":{"line":26,"column":34}},"25":{"start":{"line":29,"column":2},"end":{"line":45,"column":9}},"26":{"start":{"line":30,"column":4},"end":{"line":30,"column":26}},"27":{"start":{"line":31,"column":4},"end":{"line":39,"column":46}},"28":{"start":{"line":33,"column":8},"end":{"line":37,"column":9}},"29":{"start":{"line":34,"column":12},"end":{"line":34,"column":42}},"30":{"start":{"line":36,"column":12},"end":{"line":36,"column":38}},"31":{"start":{"line":39,"column":19},"end":{"line":39,"column":44}},"32":{"start":{"line":41,"column":4},"end":{"line":44,"column":45}},"33":{"start":{"line":42,"column":19},"end":{"line":42,"column":35}},"34":{"start":{"line":44,"column":21},"end":{"line":44,"column":43}},"35":{"start":{"line":46,"column":2},"end":{"line":151,"column":4}},"36":{"start":{"line":114,"column":14},"end":{"line":114,"column":27}},"37":{"start":{"line":137,"column":16},"end":{"line":137,"column":38}}},"fnMap":{"0":{"name":"Dashboard","decl":{"start":{"line":5,"column":24},"end":{"line":5,"column":33}},"loc":{"start":{"line":5,"column":33},"end":{"line":152,"column":1}}},"1":{"name":"(anonymous_2)","decl":{"start":{"line":10,"column":21},"end":{"line":10,"column":22}},"loc":{"start":{"line":10,"column":65},"end":{"line":27,"column":3}}},"2":{"name":"(anonymous_3)","decl":{"start":{"line":29,"column":12},"end":{"line":29,"column":15}},"loc":{"start":{"line":29,"column":17},"end":{"line":45,"column":3}}},"3":{"name":"(anonymous_4)","decl":{"start":{"line":32,"column":12},"end":{"line":32,"column":13}},"loc":{"start":{"line":32,"column":20},"end":{"line":38,"column":7}}},"4":{"name":"(anonymous_5)","decl":{"start":{"line":39,"column":13},"end":{"line":39,"column":16}},"loc":{"start":{"line":39,"column":19},"end":{"line":39,"column":44}}},"5":{"name":"(anonymous_6)","decl":{"start":{"line":42,"column":12},"end":{"line":42,"column":15}},"loc":{"start":{"line":42,"column":19},"end":{"line":42,"column":35}}},"6":{"name":"(anonymous_7)","decl":{"start":{"line":43,"column":13},"end":{"line":43,"column":16}},"loc":{"start":{"line":43,"column":18},"end":{"line":43,"column":21}}},"7":{"name":"(anonymous_8)","decl":{"start":{"line":44,"column":15},"end":{"line":44,"column":18}},"loc":{"start":{"line":44,"column":21},"end":{"line":44,"column":43}}},"8":{"name":"(anonymous_9)","decl":{"start":{"line":113,"column":18},"end":{"line":113,"column":19}},"loc":{"start":{"line":114,"column":14},"end":{"line":114,"column":27}}},"9":{"name":"(anonymous_10)","decl":{"start":{"line":136,"column":22},"end":{"line":136,"column":23}},"loc":{"start":{"line":137,"column":16},"end":{"line":137,"column":38}}}},"branchMap":{"0":{"loc":{"start":{"line":10,"column":42},"end":{"line":10,"column":61}},"type":"default-arg","locations":[{"start":{"line":10,"column":56},"end":{"line":10,"column":61}}]},"1":{"loc":{"start":{"line":11,"column":6},"end":{"line":11,"column":38}},"type":"if","locations":[{"start":{"line":11,"column":6},"end":{"line":11,"column":38}},{"start":{},"end":{}}]},"2":{"loc":{"start":{"line":14,"column":10},"end":{"line":14,"column":55}},"type":"if","locations":[{"start":{"line":14,"column":10},"end":{"line":14,"column":55}},{"start":{},"end":{}}]},"3":{"loc":{"start":{"line":20,"column":10},"end":{"line":24,"column":11}},"type":"if","locations":[{"start":{"line":20,"column":10},"end":{"line":24,"column":11}},{"start":{},"end":{}}]},"4":{"loc":{"start":{"line":33,"column":8},"end":{"line":37,"column":9}},"type":"if","locations":[{"start":{"line":33,"column":8},"end":{"line":37,"column":9}},{"start":{"line":35,"column":15},"end":{"line":37,"column":9}}]},"5":{"loc":{"start":{"line":33,"column":12},"end":{"line":33,"column":48}},"type":"binary-expr","locations":[{"start":{"line":33,"column":12},"end":{"line":33,"column":20}},{"start":{"line":33,"column":24},"end":{"line":33,"column":48}}]},"6":{"loc":{"start":{"line":53,"column":54},"end":{"line":53,"column":154}},"type":"cond-expr","locations":[{"start":{"line":53,"column":86},"end":{"line":53,"column":98}},{"start":{"line":53,"column":101},"end":{"line":53,"column":154}}]},"7":{"loc":{"start":{"line":53,"column":101},"end":{"line":53,"column":154}},"type":"cond-expr","locations":[{"start":{"line":53,"column":129},"end":{"line":53,"column":139}},{"start":{"line":53,"column":142},"end":{"line":53,"column":154}}]},"8":{"loc":{"start":{"line":131,"column":13},"end":{"line":145,"column":null}},"type":"cond-expr","locations":[{"start":{"line":132,"column":14},"end":{"line":132,"column":74}},{"start":{"line":133,"column":16},"end":{"line":145,"column":null}}]},"9":{"loc":{"start":{"line":133,"column":16},"end":{"line":145,"column":null}},"type":"cond-expr","locations":[{"start":{"line":134,"column":14},"end":{"line":134,"column":78}},{"start":{"line":136,"column":14},"end":{"line":145,"column":16}}]},"10":{"loc":{"start":{"line":138,"column":65},"end":{"line":138,"column":153}},"type":"binary-expr","locations":[{"start":{"line":138,"column":65},"end":{"line":138,"column":84}},{"start":{"line":138,"column":88},"end":{"line":138,"column":153}}]},"11":{"loc":{"start":{"line":141,"column":62},"end":{"line":141,"column":125}},"type":"cond-expr","locations":[{"start":{"line":141,"column":81},"end":{"line":141,"column":115}},{"start":{"line":141,"column":118},"end":{"line":141,"column":125}}]},"12":{"loc":{"start":{"line":142,"column":21},"end":{"line":142,"column":103}},"type":"binary-expr","locations":[{"start":{"line":142,"column":21},"end":{"line":142,"column":35}},{"start":{"line":142,"column":39},"end":{"line":142,"column":103}}]},"13":{"loc":{"start":{"line":137,"column":26},"end":{"line":137,"column":36}},"type":"binary-expr","locations":[{"start":{"line":137,"column":26},"end":{"line":137,"column":31}},{"start":{"line":137,"column":35},"end":{"line":137,"column":36}}]}},"s":{"0":1,"1":1,"2":1,"3":1,"4":3,"5":3,"6":3,"7":3,"8":2,"9":1,"10":1,"11":1,"12":1,"13":0,"14":1,"15":1,"16":1,"17":1,"18":1,"19":1,"20":1,"21":1,"22":1,"23":1,"24":0,"25":3,"26":1,"27":1,"28":1,"29":1,"30":0,"31":0,"32":1,"33":1,"34":1,"35":3,"36":9,"37":1},"f":{"0":3,"1":2,"2":1,"3":1,"4":0,"5":1,"6":0,"7":1,"8":9,"9":1},"b":{"0":[1],"1":[1,1],"2":[0,1],"3":[1,0],"4":[1,0],"5":[1,1],"6":[1,2],"7":[0,2],"8":[1,2],"9":[1,1],"10":[1,0],"11":[1,0],"12":[1,1],"13":[1,0]}}
,"/Users/maurizio.blasilli@wfp.org/projects/findmyjob/frontend/src/pages/JobSearch.tsx": {"path":"/Users/maurizio.blasilli@wfp.org/projects/findmyjob/frontend/src/pages/JobSearch.tsx","statementMap":{"0":{"start":{"line":8,"column":0},"end":{"line":8,"column":24}},"1":{"start":{"line":1,"column":0},"end":{"line":1,"column":52}},"2":{"start":{"line":2,"column":0},"end":{"line":2,"column":31}},"3":{"start":{"line":3,"column":0},"end":{"line":3,"column":43}},"4":{"start":{"line":4,"column":0},"end":{"line":4,"column":57}},"5":{"start":{"line":5,"column":0},"end":{"line":5,"column":49}},"6":{"start":{"line":6,"column":0},"end":{"line":6,"column":53}},"7":{"start":{"line":9,"column":28},"end":{"line":9,"column":40}},"8":{"start":{"line":10,"column":26},"end":{"line":10,"column":45}},"9":{"start":{"line":11,"column":32},"end":{"line":11,"column":51}},"10":{"start":{"line":12,"column":42},"end":{"line":12,"column":62}},"11":{"start":{"line":13,"column":46},"end":{"line":13,"column":61}},"12":{"start":{"line":14,"column":40},"end":{"line":14,"column":51}},"13":{"start":{"line":16,"column":17},"end":{"line":16,"column":45}},"14":{"start":{"line":17,"column":25},"end":{"line":17,"column":27}},"15":{"start":{"line":19,"column":2},"end":{"line":21,"column":28}},"16":{"start":{"line":20,"column":6},"end":{"line":20,"column":24}},"17":{"start":{"line":23,"column":2},"end":{"line":31,"column":21}},"18":{"start":{"line":24,"column":24},"end":{"line":29,"column":8}},"19":{"start":{"line":24,"column":35},"end":{"line":29,"column":8}},"20":{"start":{"line":25,"column":10},"end":{"line":28,"column":47}},"21":{"start":{"line":26,"column":26},"end":{"line":26,"column":109}},"22":{"start":{"line":27,"column":14},"end":{"line":27,"column":32}},"23":{"start":{"line":28,"column":26},"end":{"line":28,"column":45}},"24":{"start":{"line":30,"column":6},"end":{"line":30,"column":18}},"25":{"start":{"line":33,"column":2},"end":{"line":42,"column":9}},"26":{"start":{"line":34,"column":27},"end":{"line":40,"column":8}},"27":{"start":{"line":34,"column":38},"end":{"line":40,"column":8}},"28":{"start":{"line":35,"column":10},"end":{"line":39,"column":47}},"29":{"start":{"line":36,"column":26},"end":{"line":36,"column":46}},"30":{"start":{"line":37,"column":14},"end":{"line":37,"column":35}},"31":{"start":{"line":38,"column":14},"end":{"line":38,"column":99}},"32":{"start":{"line":38,"column":56},"end":{"line":38,"column":99}},"33":{"start":{"line":39,"column":26},"end":{"line":39,"column":45}},"34":{"start":{"line":41,"column":6},"end":{"line":41,"column":21}},"35":{"start":{"line":44,"column":23},"end":{"line":46,"column":null}},"36":{"start":{"line":45,"column":6},"end":{"line":46,"column":72}},"37":{"start":{"line":49,"column":26},"end":{"line":49,"column":54}},"38":{"start":{"line":50,"column":27},"end":{"line":50,"column":59}},"39":{"start":{"line":51,"column":22},"end":{"line":51,"column":75}},"40":{"start":{"line":52,"column":21},"end":{"line":52,"column":68}},"41":{"start":{"line":54,"column":27},"end":{"line":59,"column":3}},"42":{"start":{"line":55,"column":6},"end":{"line":55,"column":30}},"43":{"start":{"line":56,"column":6},"end":{"line":58,"column":13}},"44":{"start":{"line":57,"column":10},"end":{"line":57,"column":81}},"45":{"start":{"line":61,"column":2},"end":{"line":102,"column":4}},"46":{"start":{"line":84,"column":16},"end":{"line":84,"column":38}}},"fnMap":{"0":{"name":"JobSearch","decl":{"start":{"line":8,"column":24},"end":{"line":8,"column":33}},"loc":{"start":{"line":8,"column":33},"end":{"line":103,"column":1}}},"1":{"name":"(anonymous_9)","decl":{"start":{"line":19,"column":12},"end":{"line":19,"column":15}},"loc":{"start":{"line":19,"column":17},"end":{"line":21,"column":3}}},"2":{"name":"(anonymous_10)","decl":{"start":{"line":23,"column":12},"end":{"line":23,"column":15}},"loc":{"start":{"line":23,"column":17},"end":{"line":31,"column":3}}},"3":{"name":"(anonymous_11)","decl":{"start":{"line":24,"column":24},"end":{"line":24,"column":33}},"loc":{"start":{"line":24,"column":35},"end":{"line":29,"column":8}}},"4":{"name":"(anonymous_12)","decl":{"start":{"line":24,"column":35},"end":{"line":24,"column":null}},"loc":{"start":{"line":24,"column":35},"end":{"line":29,"column":7}}},"5":{"name":"(anonymous_13)","decl":{"start":{"line":33,"column":12},"end":{"line":33,"column":15}},"loc":{"start":{"line":33,"column":17},"end":{"line":42,"column":3}}},"6":{"name":"(anonymous_14)","decl":{"start":{"line":34,"column":27},"end":{"line":34,"column":36}},"loc":{"start":{"line":34,"column":38},"end":{"line":40,"column":8}}},"7":{"name":"(anonymous_15)","decl":{"start":{"line":34,"column":38},"end":{"line":34,"column":null}},"loc":{"start":{"line":34,"column":38},"end":{"line":40,"column":7}}},"8":{"name":"(anonymous_16)","decl":{"start":{"line":44,"column":35},"end":{"line":44,"column":36}},"loc":{"start":{"line":45,"column":6},"end":{"line":46,"column":72}}},"9":{"name":"(anonymous_17)","decl":{"start":{"line":54,"column":27},"end":{"line":54,"column":28}},"loc":{"start":{"line":54,"column":47},"end":{"line":59,"column":3}}},"10":{"name":"(anonymous_18)","decl":{"start":{"line":56,"column":17},"end":{"line":56,"column":20}},"loc":{"start":{"line":56,"column":22},"end":{"line":58,"column":7}}},"11":{"name":"(anonymous_19)","decl":{"start":{"line":83,"column":28},"end":{"line":83,"column":29}},"loc":{"start":{"line":84,"column":16},"end":{"line":84,"column":38}}}},"branchMap":{"0":{"loc":{"start":{"line":26,"column":59},"end":{"line":26,"column":106}},"type":"cond-expr","locations":[{"start":{"line":26,"column":74},"end":{"line":26,"column":101}},{"start":{"line":26,"column":104},"end":{"line":26,"column":106}}]},"1":{"loc":{"start":{"line":38,"column":14},"end":{"line":38,"column":99}},"type":"if","locations":[{"start":{"line":38,"column":14},"end":{"line":38,"column":99}},{"start":{},"end":{}}]},"2":{"loc":{"start":{"line":38,"column":18},"end":{"line":38,"column":54}},"type":"binary-expr","locations":[{"start":{"line":38,"column":18},"end":{"line":38,"column":37}},{"start":{"line":38,"column":41},"end":{"line":38,"column":54}}]},"3":{"loc":{"start":{"line":45,"column":6},"end":{"line":46,"column":72}},"type":"binary-expr","locations":[{"start":{"line":45,"column":6},"end":{"line":45,"column":70}},{"start":{"line":46,"column":6},"end":{"line":46,"column":72}}]},"4":{"loc":{"start":{"line":45,"column":7},"end":{"line":45,"column":25}},"type":"binary-expr","locations":[{"start":{"line":45,"column":7},"end":{"line":45,"column":19}},{"start":{"line":45,"column":23},"end":{"line":45,"column":25}}]},"5":{"loc":{"start":{"line":46,"column":7},"end":{"line":46,"column":27}},"type":"binary-expr","locations":[{"start":{"line":46,"column":7},"end":{"line":46,"column":21}},{"start":{"line":46,"column":25},"end":{"line":46,"column":27}}]},"6":{"loc":{"start":{"line":57,"column":10},"end":{"line":57,"column":80}},"type":"cond-expr","locations":[{"start":{"line":57,"column":24},"end":{"line":57,"column":26}},{"start":{"line":57,"column":24},"end":{"line":57,"column":80}}]},"7":{"loc":{"start":{"line":57,"column":10},"end":{"line":57,"column":26}},"type":"binary-expr","locations":[{"start":{"line":57,"column":10},"end":{"line":57,"column":26}},{"start":{"line":57,"column":24},"end":{"line":57,"column":26}}]},"8":{"loc":{"start":{"line":82,"column":9},"end":{"line":87,"column":null}},"type":"cond-expr","locations":[{"start":{"line":83,"column":12},"end":{"line":85,"column":14}},{"start":{"line":87,"column":12},"end":{"line":87,"column":123}}]},"9":{"loc":{"start":{"line":91,"column":7},"end":{"line":99,"column":null}},"type":"binary-expr","locations":[{"start":{"line":91,"column":7},"end":{"line":91,"column":43}},{"start":{"line":92,"column":10},"end":{"line":98,"column":null}}]}},"s":{"0":1,"1":1,"2":1,"3":1,"4":1,"5":1,"6":1,"7":2,"8":2,"9":2,"10":2,"11":2,"12":2,"13":2,"14":2,"15":2,"16":1,"17":2,"18":1,"19":1,"20":1,"21":1,"22":1,"23":0,"24":1,"25":2,"26":1,"27":1,"28":1,"29":1,"30":1,"31":0,"32":0,"33":1,"34":1,"35":2,"36":1,"37":2,"38":2,"39":2,"40":2,"41":2,"42":0,"43":0,"44":0,"45":2,"46":1},"f":{"0":2,"1":1,"2":1,"3":1,"4":1,"5":1,"6":1,"7":1,"8":1,"9":0,"10":0,"11":1},"b":{"0":[0,1],"1":[0,0],"2":[0,0],"3":[1,0],"4":[1,0],"5":[0,0],"6":[0,0],"7":[0,0],"8":[1,1],"9":[2,0]}}
,"/Users/maurizio.blasilli@wfp.org/projects/findmyjob/frontend/src/pages/Settings.tsx": {"path":"/Users/maurizio.blasilli@wfp.org/projects/findmyjob/frontend/src/pages/Settings.tsx","statementMap":{"0":{"start":{"line":6,"column":0},"end":{"line":6,"column":24}},"1":{"start":{"line":1,"column":0},"end":{"line":1,"column":44}},"2":{"start":{"line":2,"column":0},"end":{"line":2,"column":96}},"3":{"start":{"line":3,"column":0},"end":{"line":3,"column":31}},"4":{"start":{"line":4,"column":0},"end":{"line":4,"column":57}},"5":{"start":{"line":7,"column":38},"end":{"line":7,"column":57}},"6":{"start":{"line":8,"column":38},"end":{"line":8,"column":53}},"7":{"start":{"line":9,"column":48},"end":{"line":9,"column":68}},"8":{"start":{"line":10,"column":50},"end":{"line":10,"column":67}},"9":{"start":{"line":11,"column":42},"end":{"line":11,"column":54}},"10":{"start":{"line":12,"column":44},"end":{"line":12,"column":66}},"11":{"start":{"line":14,"column":40},"end":{"line":14,"column":59}},"12":{"start":{"line":15,"column":32},"end":{"line":15,"column":44}},"13":{"start":{"line":16,"column":34},"end":{"line":16,"column":46}},"14":{"start":{"line":17,"column":48},"end":{"line":17,"column":60}},"15":{"start":{"line":18,"column":42},"end":{"line":18,"column":53}},"16":{"start":{"line":19,"column":38},"end":{"line":19,"column":83}},"17":{"start":{"line":20,"column":34},"end":{"line":20,"column":53}},"18":{"start":{"line":21,"column":52},"end":{"line":21,"column":81}},"19":{"start":{"line":22,"column":48},"end":{"line":22,"column":68}},"20":{"start":{"line":23,"column":36},"end":{"line":23,"column":51}},"21":{"start":{"line":24,"column":42},"end":{"line":24,"column":65}},"22":{"start":{"line":26,"column":50},"end":{"line":26,"column":79}},"23":{"start":{"line":27,"column":34},"end":{"line":27,"column":46}},"24":{"start":{"line":28,"column":36},"end":{"line":28,"column":48}},"25":{"start":{"line":29,"column":50},"end":{"line":29,"column":62}},"26":{"start":{"line":30,"column":44},"end":{"line":30,"column":55}},"27":{"start":{"line":31,"column":60},"end":{"line":31,"column":75}},"28":{"start":{"line":33,"column":4},"end":{"line":38,"column":11}},"29":{"start":{"line":34,"column":8},"end":{"line":34,"column":25}},"30":{"start":{"line":35,"column":8},"end":{"line":35,"column":22}},"31":{"start":{"line":36,"column":8},"end":{"line":36,"column":26}},"32":{"start":{"line":37,"column":8},"end":{"line":37,"column":23}},"33":{"start":{"line":40,"column":28},"end":{"line":45,"column":6}},"34":{"start":{"line":40,"column":39},"end":{"line":45,"column":6}},"35":{"start":{"line":41,"column":8},"end":{"line":44,"column":45}},"36":{"start":{"line":42,"column":24},"end":{"line":42,"column":54}},"37":{"start":{"line":43,"column":12},"end":{"line":43,"column":36}},"38":{"start":{"line":44,"column":24},"end":{"line":44,"column":43}},"39":{"start":{"line":47,"column":25},"end":{"line":52,"column":6}},"40":{"start":{"line":47,"column":36},"end":{"line":52,"column":6}},"41":{"start":{"line":48,"column":8},"end":{"line":51,"column":72}},"42":{"start":{"line":49,"column":24},"end":{"line":49,"column":52}},"43":{"start":{"line":50,"column":12},"end":{"line":50,"column":33}},"44":{"start":{"line":51,"column":24},"end":{"line":51,"column":70}},"45":{"start":{"line":54,"column":31},"end":{"line":64,"column":6}},"46":{"start":{"line":54,"column":53},"end":{"line":64,"column":6}},"47":{"start":{"line":55,"column":8},"end":{"line":63,"column":9}},"48":{"start":{"line":56,"column":12},"end":{"line":56,"column":81}},"49":{"start":{"line":57,"column":12},"end":{"line":57,"column":38}},"50":{"start":{"line":58,"column":12},"end":{"line":58,"column":59}},"51":{"start":{"line":59,"column":12},"end":{"line":59,"column":27}},"52":{"start":{"line":61,"column":12},"end":{"line":61,"column":31}},"53":{"start":{"line":62,"column":12},"end":{"line":62,"column":90}},"54":{"start":{"line":66,"column":28},"end":{"line":86,"column":6}},"55":{"start":{"line":66,"column":39},"end":{"line":86,"column":6}},"56":{"start":{"line":67,"column":8},"end":{"line":67,"column":35}},"57":{"start":{"line":67,"column":28},"end":{"line":67,"column":35}},"58":{"start":{"line":68,"column":8},"end":{"line":68,"column":27}},"59":{"start":{"line":69,"column":8},"end":{"line":85,"column":9}},"60":{"start":{"line":70,"column":12},"end":{"line":75,"column":15}},"61":{"start":{"line":76,"column":12},"end":{"line":76,"column":26}},"62":{"start":{"line":77,"column":12},"end":{"line":77,"column":27}},"63":{"start":{"line":78,"column":12},"end":{"line":78,"column":34}},"64":{"start":{"line":79,"column":12},"end":{"line":79,"column":30}},"65":{"start":{"line":80,"column":12},"end":{"line":80,"column":61}},"66":{"start":{"line":81,"column":12},"end":{"line":81,"column":30}},"67":{"start":{"line":83,"column":12},"end":{"line":83,"column":31}},"68":{"start":{"line":84,"column":12},"end":{"line":84,"column":87}},"69":{"start":{"line":88,"column":31},"end":{"line":93,"column":6}},"70":{"start":{"line":88,"column":52},"end":{"line":93,"column":6}},"71":{"start":{"line":89,"column":8},"end":{"line":92,"column":50}},"72":{"start":{"line":90,"column":12},"end":{"line":90,"column":52}},"73":{"start":{"line":91,"column":12},"end":{"line":91,"column":30}},"74":{"start":{"line":92,"column":29},"end":{"line":92,"column":48}},"75":{"start":{"line":95,"column":31},"end":{"line":107,"column":6}},"76":{"start":{"line":95,"column":52},"end":{"line":107,"column":6}},"77":{"start":{"line":96,"column":8},"end":{"line":106,"column":102}},"78":{"start":{"line":97,"column":12},"end":{"line":102,"column":15}},"79":{"start":{"line":103,"column":12},"end":{"line":103,"column":37}},"80":{"start":{"line":104,"column":12},"end":{"line":104,"column":63}},"81":{"start":{"line":105,"column":12},"end":{"line":105,"column":30}},"82":{"start":{"line":106,"column":29},"end":{"line":106,"column":100}},"83":{"start":{"line":109,"column":28},"end":{"line":135,"column":6}},"84":{"start":{"line":109,"column":39},"end":{"line":135,"column":6}},"85":{"start":{"line":110,"column":8},"end":{"line":110,"column":59}},"86":{"start":{"line":111,"column":8},"end":{"line":111,"column":26}},"87":{"start":{"line":112,"column":8},"end":{"line":112,"column":40}},"88":{"start":{"line":114,"column":21},"end":{"line":121,"column":16}},"89":{"start":{"line":114,"column":44},"end":{"line":121,"column":11}},"90":{"start":{"line":115,"column":12},"end":{"line":120,"column":28}},"91":{"start":{"line":116,"column":28},"end":{"line":116,"column":64}},"92":{"start":{"line":117,"column":16},"end":{"line":119,"column":83}},"93":{"start":{"line":117,"column":52},"end":{"line":117,"column":82}},"94":{"start":{"line":118,"column":21},"end":{"line":119,"column":83}},"95":{"start":{"line":118,"column":56},"end":{"line":118,"column":85}},"96":{"start":{"line":119,"column":21},"end":{"line":119,"column":83}},"97":{"start":{"line":119,"column":55},"end":{"line":119,"column":83}},"98":{"start":{"line":123,"column":8},"end":{"line":134,"column":9}},"99":{"start":{"line":124,"column":12},"end":{"line":124,"column":43}},"100":{"start":{"line":125,"column":12},"end":{"line":125,"column":65}},"101":{"start":{"line":126,"column":12},"end":{"line":126,"column":30}},"102":{"start":{"line":128,"column":12},"end":{"line":128,"column":31}},"103":{"start":{"line":129,"column":12},"end":{"line":129,"column":75}},"104":{"start":{"line":131,"column":12},"end":{"line":131,"column":32}},"105":{"start":{"line":132,"column":12},"end":{"line":132,"column":31}},"106":{"start":{"line":133,"column":12},"end":{"line":133,"column":42}},"107":{"start":{"line":137,"column":24},"end":{"line":142,"column":6}},"108":{"start":{"line":137,"column":35},"end":{"line":142,"column":6}},"109":{"start":{"line":138,"column":8},"end":{"line":141,"column":45}},"110":{"start":{"line":139,"column":24},"end":{"line":139,"column":51}},"111":{"start":{"line":140,"column":12},"end":{"line":140,"column":38}},"112":{"start":{"line":141,"column":24},"end":{"line":141,"column":43}},"113":{"start":{"line":144,"column":27},"end":{"line":153,"column":6}},"114":{"start":{"line":144,"column":38},"end":{"line":153,"column":6}},"115":{"start":{"line":145,"column":8},"end":{"line":145,"column":27}},"116":{"start":{"line":146,"column":8},"end":{"line":152,"column":40}},"117":{"start":{"line":147,"column":24},"end":{"line":147,"column":54}},"118":{"start":{"line":148,"column":12},"end":{"line":148,"column":35}},"119":{"start":{"line":149,"column":27},"end":{"line":149,"column":71}},"120":{"start":{"line":149,"column":53},"end":{"line":149,"column":70}},"121":{"start":{"line":150,"column":12},"end":{"line":150,"column":62}},"122":{"start":{"line":150,"column":24},"end":{"line":150,"column":62}},"123":{"start":{"line":151,"column":24},"end":{"line":151,"column":43}},"124":{"start":{"line":152,"column":18},"end":{"line":152,"column":38}},"125":{"start":{"line":155,"column":29},"end":{"line":167,"column":6}},"126":{"start":{"line":155,"column":58},"end":{"line":167,"column":6}},"127":{"start":{"line":156,"column":8},"end":{"line":156,"column":27}},"128":{"start":{"line":157,"column":8},"end":{"line":166,"column":80}},"129":{"start":{"line":158,"column":25},"end":{"line":158,"column":58}},"130":{"start":{"line":159,"column":12},"end":{"line":163,"column":15}},"131":{"start":{"line":164,"column":12},"end":{"line":164,"column":75}},"132":{"start":{"line":165,"column":12},"end":{"line":165,"column":29}},"133":{"start":{"line":166,"column":29},"end":{"line":166,"column":78}},"134":{"start":{"line":169,"column":30},"end":{"line":177,"column":5}},"135":{"start":{"line":170,"column":9},"end":{"line":176,"column":13}},"136":{"start":{"line":170,"column":43},"end":{"line":174,"column":null}},"137":{"start":{"line":173,"column":68},"end":{"line":173,"column":96}},"138":{"start":{"line":179,"column":4},"end":{"line":489,"column":6}},"139":{"start":{"line":198,"column":35},"end":{"line":198,"column":53}},"140":{"start":{"line":204,"column":35},"end":{"line":204,"column":59}},"141":{"start":{"line":210,"column":35},"end":{"line":210,"column":58}},"142":{"start":{"line":227,"column":38},"end":{"line":227,"column":73}},"143":{"start":{"line":228,"column":41},"end":{"line":228,"column":73}},"144":{"start":{"line":230,"column":24},"end":{"line":293,"column":null}},"145":{"start":{"line":239,"column":64},"end":{"line":239,"column":96}},"146":{"start":{"line":249,"column":55},"end":{"line":249,"column":86}},"147":{"start":{"line":262,"column":82},"end":{"line":262,"column":101}},"148":{"start":{"line":264,"column":69},"end":{"line":264,"column":123}},"149":{"start":{"line":276,"column":63},"end":{"line":276,"column":128}},"150":{"start":{"line":287,"column":59},"end":{"line":287,"column":118}},"151":{"start":{"line":312,"column":43},"end":{"line":312,"column":69}},"152":{"start":{"line":318,"column":43},"end":{"line":318,"column":68}},"153":{"start":{"line":326,"column":43},"end":{"line":326,"column":76}},"154":{"start":{"line":335,"column":47},"end":{"line":335,"column":85}},"155":{"start":{"line":356,"column":24},"end":{"line":356,"column":40}},"156":{"start":{"line":363,"column":59},"end":{"line":363,"column":86}},"157":{"start":{"line":369,"column":59},"end":{"line":369,"column":85}},"158":{"start":{"line":376,"column":59},"end":{"line":376,"column":93}},"159":{"start":{"line":384,"column":63},"end":{"line":384,"column":102}},"160":{"start":{"line":388,"column":103},"end":{"line":388,"column":127}},"161":{"start":{"line":389,"column":105},"end":{"line":389,"column":129}},"162":{"start":{"line":407,"column":52},"end":{"line":407,"column":77}},"163":{"start":{"line":408,"column":52},"end":{"line":408,"column":70}},"164":{"start":{"line":409,"column":52},"end":{"line":409,"column":78}},"165":{"start":{"line":410,"column":52},"end":{"line":410,"column":92}},"166":{"start":{"line":411,"column":52},"end":{"line":411,"column":97}},"167":{"start":{"line":416,"column":148},"end":{"line":416,"column":172}},"168":{"start":{"line":447,"column":28},"end":{"line":447,"column":45}},"169":{"start":{"line":455,"column":107},"end":{"line":455,"column":132}},"170":{"start":{"line":456,"column":109},"end":{"line":456,"column":134}},"171":{"start":{"line":462,"column":48},"end":{"line":462,"column":75}},"172":{"start":{"line":463,"column":48},"end":{"line":463,"column":81}},"173":{"start":{"line":475,"column":55},"end":{"line":475,"column":88}}},"fnMap":{"0":{"name":"Settings","decl":{"start":{"line":6,"column":24},"end":{"line":6,"column":32}},"loc":{"start":{"line":6,"column":32},"end":{"line":490,"column":1}}},"1":{"name":"(anonymous_9)","decl":{"start":{"line":33,"column":14},"end":{"line":33,"column":17}},"loc":{"start":{"line":33,"column":19},"end":{"line":38,"column":5}}},"2":{"name":"(anonymous_10)","decl":{"start":{"line":40,"column":28},"end":{"line":40,"column":37}},"loc":{"start":{"line":40,"column":39},"end":{"line":45,"column":6}}},"3":{"name":"(anonymous_11)","decl":{"start":{"line":40,"column":39},"end":{"line":40,"column":null}},"loc":{"start":{"line":40,"column":39},"end":{"line":45,"column":5}}},"4":{"name":"(anonymous_12)","decl":{"start":{"line":47,"column":25},"end":{"line":47,"column":34}},"loc":{"start":{"line":47,"column":36},"end":{"line":52,"column":6}}},"5":{"name":"(anonymous_13)","decl":{"start":{"line":47,"column":36},"end":{"line":47,"column":null}},"loc":{"start":{"line":47,"column":36},"end":{"line":52,"column":5}}},"6":{"name":"(anonymous_14)","decl":{"start":{"line":54,"column":31},"end":{"line":54,"column":38}},"loc":{"start":{"line":54,"column":53},"end":{"line":64,"column":6}}},"7":{"name":"(anonymous_15)","decl":{"start":{"line":54,"column":53},"end":{"line":54,"column":null}},"loc":{"start":{"line":54,"column":53},"end":{"line":64,"column":5}}},"8":{"name":"(anonymous_16)","decl":{"start":{"line":66,"column":28},"end":{"line":66,"column":37}},"loc":{"start":{"line":66,"column":39},"end":{"line":86,"column":6}}},"9":{"name":"(anonymous_17)","decl":{"start":{"line":66,"column":39},"end":{"line":66,"column":null}},"loc":{"start":{"line":66,"column":39},"end":{"line":86,"column":5}}},"10":{"name":"(anonymous_18)","decl":{"start":{"line":88,"column":31},"end":{"line":88,"column":38}},"loc":{"start":{"line":88,"column":52},"end":{"line":93,"column":6}}},"11":{"name":"(anonymous_19)","decl":{"start":{"line":88,"column":52},"end":{"line":88,"column":null}},"loc":{"start":{"line":88,"column":52},"end":{"line":93,"column":5}}},"12":{"name":"(anonymous_20)","decl":{"start":{"line":95,"column":31},"end":{"line":95,"column":38}},"loc":{"start":{"line":95,"column":52},"end":{"line":107,"column":6}}},"13":{"name":"(anonymous_21)","decl":{"start":{"line":95,"column":52},"end":{"line":95,"column":null}},"loc":{"start":{"line":95,"column":52},"end":{"line":107,"column":5}}},"14":{"name":"(anonymous_22)","decl":{"start":{"line":109,"column":28},"end":{"line":109,"column":37}},"loc":{"start":{"line":109,"column":39},"end":{"line":135,"column":6}}},"15":{"name":"(anonymous_23)","decl":{"start":{"line":109,"column":39},"end":{"line":109,"column":null}},"loc":{"start":{"line":109,"column":39},"end":{"line":135,"column":5}}},"16":{"name":"(anonymous_24)","decl":{"start":{"line":114,"column":33},"end":{"line":114,"column":42}},"loc":{"start":{"line":114,"column":44},"end":{"line":121,"column":11}}},"17":{"name":"(anonymous_25)","decl":{"start":{"line":114,"column":44},"end":{"line":114,"column":null}},"loc":{"start":{"line":114,"column":44},"end":{"line":121,"column":9}}},"18":{"name":"(anonymous_26)","decl":{"start":{"line":137,"column":24},"end":{"line":137,"column":33}},"loc":{"start":{"line":137,"column":35},"end":{"line":142,"column":6}}},"19":{"name":"(anonymous_27)","decl":{"start":{"line":137,"column":35},"end":{"line":137,"column":null}},"loc":{"start":{"line":137,"column":35},"end":{"line":142,"column":5}}},"20":{"name":"(anonymous_28)","decl":{"start":{"line":144,"column":27},"end":{"line":144,"column":36}},"loc":{"start":{"line":144,"column":38},"end":{"line":153,"column":6}}},"21":{"name":"(anonymous_29)","decl":{"start":{"line":144,"column":38},"end":{"line":144,"column":null}},"loc":{"start":{"line":144,"column":38},"end":{"line":153,"column":5}}},"22":{"name":"(anonymous_30)","decl":{"start":{"line":149,"column":41},"end":{"line":149,"column":42}},"loc":{"start":{"line":149,"column":53},"end":{"line":149,"column":70}}},"23":{"name":"(anonymous_31)","decl":{"start":{"line":155,"column":29},"end":{"line":155,"column":36}},"loc":{"start":{"line":155,"column":58},"end":{"line":167,"column":6}}},"24":{"name":"(anonymous_32)","decl":{"start":{"line":155,"column":58},"end":{"line":155,"column":null}},"loc":{"start":{"line":155,"column":58},"end":{"line":167,"column":5}}},"25":{"name":"(anonymous_33)","decl":{"start":{"line":169,"column":30},"end":{"line":169,"column":31}},"loc":{"start":{"line":169,"column":83},"end":{"line":177,"column":5}}},"26":{"name":"(anonymous_34)","decl":{"start":{"line":170,"column":28},"end":{"line":170,"column":29}},"loc":{"start":{"line":170,"column":43},"end":{"line":174,"column":null}}},"27":{"name":"(anonymous_35)","decl":{"start":{"line":173,"column":56},"end":{"line":173,"column":57}},"loc":{"start":{"line":173,"column":68},"end":{"line":173,"column":96}}},"28":{"name":"(anonymous_36)","decl":{"start":{"line":198,"column":29},"end":{"line":198,"column":32}},"loc":{"start":{"line":198,"column":35},"end":{"line":198,"column":53}}},"29":{"name":"(anonymous_37)","decl":{"start":{"line":204,"column":29},"end":{"line":204,"column":32}},"loc":{"start":{"line":204,"column":35},"end":{"line":204,"column":59}}},"30":{"name":"(anonymous_38)","decl":{"start":{"line":210,"column":29},"end":{"line":210,"column":32}},"loc":{"start":{"line":210,"column":35},"end":{"line":210,"column":58}}},"31":{"name":"(anonymous_39)","decl":{"start":{"line":226,"column":34},"end":{"line":226,"column":35}},"loc":{"start":{"line":226,"column":45},"end":{"line":294,"column":21}}},"32":{"name":"(anonymous_40)","decl":{"start":{"line":239,"column":58},"end":{"line":239,"column":61}},"loc":{"start":{"line":239,"column":64},"end":{"line":239,"column":96}}},"33":{"name":"(anonymous_41)","decl":{"start":{"line":249,"column":49},"end":{"line":249,"column":52}},"loc":{"start":{"line":249,"column":55},"end":{"line":249,"column":86}}},"34":{"name":"(anonymous_42)","decl":{"start":{"line":262,"column":76},"end":{"line":262,"column":77}},"loc":{"start":{"line":262,"column":82},"end":{"line":262,"column":101}}},"35":{"name":"(anonymous_43)","decl":{"start":{"line":264,"column":62},"end":{"line":264,"column":65}},"loc":{"start":{"line":264,"column":69},"end":{"line":264,"column":123}}},"36":{"name":"(anonymous_44)","decl":{"start":{"line":276,"column":58},"end":{"line":276,"column":59}},"loc":{"start":{"line":276,"column":63},"end":{"line":276,"column":128}}},"37":{"name":"(anonymous_45)","decl":{"start":{"line":287,"column":54},"end":{"line":287,"column":55}},"loc":{"start":{"line":287,"column":59},"end":{"line":287,"column":118}}},"38":{"name":"(anonymous_46)","decl":{"start":{"line":312,"column":38},"end":{"line":312,"column":39}},"loc":{"start":{"line":312,"column":43},"end":{"line":312,"column":69}}},"39":{"name":"(anonymous_47)","decl":{"start":{"line":318,"column":38},"end":{"line":318,"column":39}},"loc":{"start":{"line":318,"column":43},"end":{"line":318,"column":68}}},"40":{"name":"(anonymous_48)","decl":{"start":{"line":326,"column":38},"end":{"line":326,"column":39}},"loc":{"start":{"line":326,"column":43},"end":{"line":326,"column":76}}},"41":{"name":"(anonymous_49)","decl":{"start":{"line":335,"column":42},"end":{"line":335,"column":43}},"loc":{"start":{"line":335,"column":47},"end":{"line":335,"column":85}}},"42":{"name":"(anonymous_50)","decl":{"start":{"line":355,"column":36},"end":{"line":355,"column":37}},"loc":{"start":{"line":356,"column":24},"end":{"line":356,"column":40}}},"43":{"name":"(anonymous_51)","decl":{"start":{"line":363,"column":54},"end":{"line":363,"column":55}},"loc":{"start":{"line":363,"column":59},"end":{"line":363,"column":86}}},"44":{"name":"(anonymous_52)","decl":{"start":{"line":369,"column":54},"end":{"line":369,"column":55}},"loc":{"start":{"line":369,"column":59},"end":{"line":369,"column":85}}},"45":{"name":"(anonymous_53)","decl":{"start":{"line":376,"column":54},"end":{"line":376,"column":55}},"loc":{"start":{"line":376,"column":59},"end":{"line":376,"column":93}}},"46":{"name":"(anonymous_54)","decl":{"start":{"line":384,"column":58},"end":{"line":384,"column":59}},"loc":{"start":{"line":384,"column":63},"end":{"line":384,"column":102}}},"47":{"name":"(anonymous_55)","decl":{"start":{"line":388,"column":97},"end":{"line":388,"column":100}},"loc":{"start":{"line":388,"column":103},"end":{"line":388,"column":127}}},"48":{"name":"(anonymous_56)","decl":{"start":{"line":389,"column":99},"end":{"line":389,"column":102}},"loc":{"start":{"line":389,"column":105},"end":{"line":389,"column":129}}},"49":{"name":"(anonymous_57)","decl":{"start":{"line":406,"column":57},"end":{"line":406,"column":60}},"loc":{"start":{"line":406,"column":62},"end":{"line":412,"column":49}}},"50":{"name":"(anonymous_58)","decl":{"start":{"line":416,"column":142},"end":{"line":416,"column":145}},"loc":{"start":{"line":416,"column":148},"end":{"line":416,"column":172}}},"51":{"name":"(anonymous_59)","decl":{"start":{"line":446,"column":37},"end":{"line":446,"column":38}},"loc":{"start":{"line":447,"column":28},"end":{"line":447,"column":45}}},"52":{"name":"(anonymous_60)","decl":{"start":{"line":455,"column":101},"end":{"line":455,"column":104}},"loc":{"start":{"line":455,"column":107},"end":{"line":455,"column":132}}},"53":{"name":"(anonymous_61)","decl":{"start":{"line":456,"column":103},"end":{"line":456,"column":106}},"loc":{"start":{"line":456,"column":109},"end":{"line":456,"column":134}}},"54":{"name":"(anonymous_62)","decl":{"start":{"line":461,"column":53},"end":{"line":461,"column":56}},"loc":{"start":{"line":461,"column":58},"end":{"line":464,"column":45}}},"55":{"name":"(anonymous_63)","decl":{"start":{"line":475,"column":50},"end":{"line":475,"column":51}},"loc":{"start":{"line":475,"column":55},"end":{"line":475,"column":88}}}},"branchMap":{"0":{"loc":{"start":{"line":62,"column":46},"end":{"line":62,"column":86}},"type":"binary-expr","locations":[{"start":{"line":62,"column":46},"end":{"line":62,"column":71}},{"start":{"line":62,"column":75},"end":{"line":62,"column":86}}]},"1":{"loc":{"start":{"line":62,"column":46},"end":{"line":62,"column":71}},"type":"cond-expr","locations":[{"start":{"line":62,"column":64},"end":{"line":62,"column":66}},{"start":{"line":62,"column":64},"end":{"line":62,"column":71}}]},"2":{"loc":{"start":{"line":62,"column":46},"end":{"line":62,"column":66}},"type":"binary-expr","locations":[{"start":{"line":62,"column":46},"end":{"line":62,"column":66}},{"start":{"line":62,"column":64},"end":{"line":62,"column":66}}]},"3":{"loc":{"start":{"line":62,"column":46},"end":{"line":62,"column":64}},"type":"cond-expr","locations":[{"start":{"line":62,"column":58},"end":{"line":62,"column":60}},{"start":{"line":62,"column":58},"end":{"line":62,"column":64}}]},"4":{"loc":{"start":{"line":62,"column":46},"end":{"line":62,"column":60}},"type":"binary-expr","locations":[{"start":{"line":62,"column":46},"end":{"line":62,"column":60}},{"start":{"line":62,"column":58},"end":{"line":62,"column":60}}]},"5":{"loc":{"start":{"line":67,"column":8},"end":{"line":67,"column":35}},"type":"if","locations":[{"start":{"line":67,"column":8},"end":{"line":67,"column":35}},{"start":{},"end":{}}]},"6":{"loc":{"start":{"line":84,"column":43},"end":{"line":84,"column":83}},"type":"binary-expr","locations":[{"start":{"line":84,"column":43},"end":{"line":84,"column":68}},{"start":{"line":84,"column":72},"end":{"line":84,"column":83}}]},"7":{"loc":{"start":{"line":84,"column":43},"end":{"line":84,"column":68}},"type":"cond-expr","locations":[{"start":{"line":84,"column":61},"end":{"line":84,"column":63}},{"start":{"line":84,"column":61},"end":{"line":84,"column":68}}]},"8":{"loc":{"start":{"line":84,"column":43},"end":{"line":84,"column":63}},"type":"binary-expr","locations":[{"start":{"line":84,"column":43},"end":{"line":84,"column":63}},{"start":{"line":84,"column":61},"end":{"line":84,"column":63}}]},"9":{"loc":{"start":{"line":84,"column":43},"end":{"line":84,"column":61}},"type":"cond-expr","locations":[{"start":{"line":84,"column":55},"end":{"line":84,"column":57}},{"start":{"line":84,"column":55},"end":{"line":84,"column":61}}]},"10":{"loc":{"start":{"line":84,"column":43},"end":{"line":84,"column":57}},"type":"binary-expr","locations":[{"start":{"line":84,"column":43},"end":{"line":84,"column":57}},{"start":{"line":84,"column":55},"end":{"line":84,"column":57}}]},"11":{"loc":{"start":{"line":106,"column":56},"end":{"line":106,"column":96}},"type":"binary-expr","locations":[{"start":{"line":106,"column":56},"end":{"line":106,"column":81}},{"start":{"line":106,"column":85},"end":{"line":106,"column":96}}]},"12":{"loc":{"start":{"line":106,"column":56},"end":{"line":106,"column":81}},"type":"cond-expr","locations":[{"start":{"line":106,"column":74},"end":{"line":106,"column":76}},{"start":{"line":106,"column":74},"end":{"line":106,"column":81}}]},"13":{"loc":{"start":{"line":106,"column":56},"end":{"line":106,"column":76}},"type":"binary-expr","locations":[{"start":{"line":106,"column":56},"end":{"line":106,"column":76}},{"start":{"line":106,"column":74},"end":{"line":106,"column":76}}]},"14":{"loc":{"start":{"line":106,"column":56},"end":{"line":106,"column":74}},"type":"cond-expr","locations":[{"start":{"line":106,"column":68},"end":{"line":106,"column":70}},{"start":{"line":106,"column":68},"end":{"line":106,"column":74}}]},"15":{"loc":{"start":{"line":106,"column":56},"end":{"line":106,"column":70}},"type":"binary-expr","locations":[{"start":{"line":106,"column":56},"end":{"line":106,"column":70}},{"start":{"line":106,"column":68},"end":{"line":106,"column":70}}]},"16":{"loc":{"start":{"line":117,"column":16},"end":{"line":119,"column":83}},"type":"if","locations":[{"start":{"line":117,"column":16},"end":{"line":119,"column":83}},{"start":{"line":118,"column":21},"end":{"line":119,"column":83}}]},"17":{"loc":{"start":{"line":118,"column":21},"end":{"line":119,"column":83}},"type":"if","locations":[{"start":{"line":118,"column":21},"end":{"line":119,"column":83}},{"start":{"line":119,"column":21},"end":{"line":119,"column":83}}]},"18":{"loc":{"start":{"line":119,"column":21},"end":{"line":119,"column":83}},"type":"if","locations":[{"start":{"line":119,"column":21},"end":{"line":119,"column":83}},{"start":{},"end":{}}]},"19":{"loc":{"start":{"line":150,"column":12},"end":{"line":150,"column":62}},"type":"if","locations":[{"start":{"line":150,"column":12},"end":{"line":150,"column":62}},{"start":{},"end":{}}]},"20":{"loc":{"start":{"line":158,"column":25},"end":{"line":158,"column":58}},"type":"binary-expr","locations":[{"start":{"line":158,"column":25},"end":{"line":158,"column":52}},{"start":{"line":158,"column":56},"end":{"line":158,"column":58}}]},"21":{"loc":{"start":{"line":162,"column":27},"end":{"line":162,"column":64}},"type":"cond-expr","locations":[{"start":{"line":162,"column":59},"end":{"line":162,"column":60}},{"start":{"line":162,"column":63},"end":{"line":162,"column":64}}]},"22":{"loc":{"start":{"line":173,"column":21},"end":{"line":173,"column":97}},"type":"binary-expr","locations":[{"start":{"line":173,"column":21},"end":{"line":173,"column":37}},{"start":{"line":173,"column":41},"end":{"line":173,"column":97}}]},"23":{"loc":{"start":{"line":188,"column":13},"end":{"line":192,"column":null}},"type":"binary-expr","locations":[{"start":{"line":188,"column":13},"end":{"line":188,"column":24}},{"start":{"line":189,"column":16},"end":{"line":191,"column":null}}]},"24":{"loc":{"start":{"line":197,"column":114},"end":{"line":197,"column":236}},"type":"cond-expr","locations":[{"start":{"line":197,"column":135},"end":{"line":197,"column":181}},{"start":{"line":197,"column":184},"end":{"line":197,"column":236}}]},"25":{"loc":{"start":{"line":203,"column":114},"end":{"line":203,"column":242}},"type":"cond-expr","locations":[{"start":{"line":203,"column":141},"end":{"line":203,"column":187}},{"start":{"line":203,"column":190},"end":{"line":203,"column":242}}]},"26":{"loc":{"start":{"line":209,"column":114},"end":{"line":209,"column":241}},"type":"cond-expr","locations":[{"start":{"line":209,"column":140},"end":{"line":209,"column":186}},{"start":{"line":209,"column":189},"end":{"line":209,"column":241}}]},"27":{"loc":{"start":{"line":216,"column":13},"end":{"line":296,"column":null}},"type":"binary-expr","locations":[{"start":{"line":216,"column":13},"end":{"line":216,"column":31}},{"start":{"line":217,"column":16},"end":{"line":295,"column":null}}]},"28":{"loc":{"start":{"line":223,"column":17},"end":{"line":294,"column":null}},"type":"cond-expr","locations":[{"start":{"line":224,"column":20},"end":{"line":224,"column":89}},{"start":{"line":226,"column":20},"end":{"line":294,"column":22}}]},"29":{"loc":{"start":{"line":227,"column":38},"end":{"line":227,"column":73}},"type":"binary-expr","locations":[{"start":{"line":227,"column":38},"end":{"line":227,"column":68}},{"start":{"line":227,"column":72},"end":{"line":227,"column":73}}]},"30":{"loc":{"start":{"line":231,"column":117},"end":{"line":231,"column":225}},"type":"cond-expr","locations":[{"start":{"line":231,"column":128},"end":{"line":231,"column":184}},{"start":{"line":231,"column":187},"end":{"line":231,"column":225}}]},"31":{"loc":{"start":{"line":244,"column":45},"end":{"line":244,"column":150}},"type":"binary-expr","locations":[{"start":{"line":244,"column":45},"end":{"line":244,"column":71}},{"start":{"line":244,"column":75},"end":{"line":244,"column":150}}]},"32":{"loc":{"start":{"line":248,"column":97},"end":{"line":248,"column":139}},"type":"cond-expr","locations":[{"start":{"line":248,"column":108},"end":{"line":248,"column":121}},{"start":{"line":248,"column":124},"end":{"line":248,"column":139}}]},"33":{"loc":{"start":{"line":259,"column":41},"end":{"line":278,"column":null}},"type":"cond-expr","locations":[{"start":{"line":260,"column":44},"end":{"line":270,"column":null}},{"start":{"line":273,"column":44},"end":{"line":277,"column":null}}]},"34":{"loc":{"start":{"line":263,"column":64},"end":{"line":263,"column":89}},"type":"binary-expr","locations":[{"start":{"line":263,"column":64},"end":{"line":263,"column":83}},{"start":{"line":263,"column":87},"end":{"line":263,"column":89}}]},"35":{"loc":{"start":{"line":270,"column":49},"end":{"line":270,"column":149}},"type":"binary-expr","locations":[{"start":{"line":270,"column":49},"end":{"line":270,"column":74}},{"start":{"line":270,"column":78},"end":{"line":270,"column":149}}]},"36":{"loc":{"start":{"line":275,"column":55},"end":{"line":275,"column":80}},"type":"binary-expr","locations":[{"start":{"line":275,"column":55},"end":{"line":275,"column":74}},{"start":{"line":275,"column":78},"end":{"line":275,"column":80}}]},"37":{"loc":{"start":{"line":282,"column":87},"end":{"line":282,"column":139}},"type":"binary-expr","locations":[{"start":{"line":282,"column":87},"end":{"line":282,"column":113}},{"start":{"line":282,"column":117},"end":{"line":282,"column":139}}]},"38":{"loc":{"start":{"line":286,"column":51},"end":{"line":286,"column":70}},"type":"binary-expr","locations":[{"start":{"line":286,"column":51},"end":{"line":286,"column":64}},{"start":{"line":286,"column":68},"end":{"line":286,"column":70}}]},"39":{"loc":{"start":{"line":288,"column":57},"end":{"line":288,"column":102}},"type":"cond-expr","locations":[{"start":{"line":288,"column":86},"end":{"line":288,"column":91}},{"start":{"line":288,"column":94},"end":{"line":288,"column":102}}]},"40":{"loc":{"start":{"line":299,"column":13},"end":{"line":434,"column":null}},"type":"binary-expr","locations":[{"start":{"line":299,"column":13},"end":{"line":299,"column":37}},{"start":{"line":300,"column":16},"end":{"line":433,"column":null}}]},"41":{"loc":{"start":{"line":349,"column":25},"end":{"line":349,"column":103}},"type":"cond-expr","locations":[{"start":{"line":349,"column":36},"end":{"line":349,"column":82}},{"start":{"line":349,"column":85},"end":{"line":349,"column":103}}]},"42":{"loc":{"start":{"line":357,"column":29},"end":{"line":429,"column":null}},"type":"cond-expr","locations":[{"start":{"line":358,"column":32},"end":{"line":390,"column":null}},{"start":{"line":393,"column":33},"end":{"line":428,"column":null}}]},"43":{"loc":{"start":{"line":396,"column":46},"end":{"line":396,"column":123}},"type":"binary-expr","locations":[{"start":{"line":396,"column":46},"end":{"line":396,"column":52}},{"start":{"line":396,"column":56},"end":{"line":396,"column":123}}]},"44":{"loc":{"start":{"line":400,"column":46},"end":{"line":400,"column":124}},"type":"binary-expr","locations":[{"start":{"line":400,"column":46},"end":{"line":400,"column":59}},{"start":{"line":400,"column":63},"end":{"line":400,"column":124}}]},"45":{"loc":{"start":{"line":401,"column":103},"end":{"line":401,"column":130}},"type":"binary-expr","locations":[{"start":{"line":401,"column":103},"end":{"line":401,"column":125}},{"start":{"line":401,"column":129},"end":{"line":401,"column":130}}]},"46":{"loc":{"start":{"line":409,"column":64},"end":{"line":409,"column":76}},"type":"binary-expr","locations":[{"start":{"line":409,"column":64},"end":{"line":409,"column":70}},{"start":{"line":409,"column":74},"end":{"line":409,"column":76}}]},"47":{"loc":{"start":{"line":410,"column":71},"end":{"line":410,"column":90}},"type":"binary-expr","locations":[{"start":{"line":410,"column":71},"end":{"line":410,"column":84}},{"start":{"line":410,"column":88},"end":{"line":410,"column":90}}]},"48":{"loc":{"start":{"line":411,"column":68},"end":{"line":411,"column":95}},"type":"binary-expr","locations":[{"start":{"line":411,"column":68},"end":{"line":411,"column":90}},{"start":{"line":411,"column":94},"end":{"line":411,"column":95}}]},"49":{"loc":{"start":{"line":421,"column":37},"end":{"line":427,"column":null}},"type":"binary-expr","locations":[{"start":{"line":421,"column":37},"end":{"line":421,"column":59}},{"start":{"line":422,"column":40},"end":{"line":426,"column":null}}]},"50":{"loc":{"start":{"line":425,"column":92},"end":{"line":425,"column":137}},"type":"binary-expr","locations":[{"start":{"line":425,"column":92},"end":{"line":425,"column":128}},{"start":{"line":425,"column":132},"end":{"line":425,"column":137}}]},"51":{"loc":{"start":{"line":437,"column":13},"end":{"line":486,"column":null}},"type":"binary-expr","locations":[{"start":{"line":437,"column":13},"end":{"line":437,"column":36}},{"start":{"line":438,"column":16},"end":{"line":485,"column":null}}]},"52":{"loc":{"start":{"line":453,"column":37},"end":{"line":467,"column":null}},"type":"cond-expr","locations":[{"start":{"line":454,"column":40},"end":{"line":456,"column":null}},{"start":{"line":459,"column":40},"end":{"line":464,"column":null}}]},"53":{"loc":{"start":{"line":471,"column":33},"end":{"line":481,"column":null}},"type":"cond-expr","locations":[{"start":{"line":472,"column":36},"end":{"line":476,"column":null}},{"start":{"line":479,"column":36},"end":{"line":480,"column":null}}]}},"s":{"0":1,"1":1,"2":1,"3":1,"4":1,"5":44,"6":44,"7":44,"8":44,"9":44,"10":44,"11":44,"12":44,"13":44,"14":44,"15":44,"16":44,"17":44,"18":44,"19":44,"20":44,"21":44,"22":44,"23":44,"24":44,"25":44,"26":44,"27":44,"28":44,"29":9,"30":9,"31":9,"32":9,"33":44,"34":13,"35":13,"36":13,"37":13,"38":5,"39":44,"40":10,"41":10,"42":10,"43":10,"44":7,"45":44,"46":1,"47":1,"48":1,"49":1,"50":1,"51":1,"52":0,"53":0,"54":44,"55":1,"56":1,"57":0,"58":1,"59":1,"60":1,"61":1,"62":1,"63":1,"64":1,"65":1,"66":1,"67":0,"68":0,"69":44,"70":1,"71":1,"72":1,"73":1,"74":0,"75":44,"76":1,"77":1,"78":1,"79":1,"80":1,"81":1,"82":0,"83":44,"84":2,"85":2,"86":2,"87":2,"88":2,"89":0,"90":0,"91":0,"92":0,"93":0,"94":0,"95":0,"96":0,"97":0,"98":2,"99":2,"100":1,"101":1,"102":1,"103":1,"104":2,"105":2,"106":2,"107":44,"108":9,"109":9,"110":9,"111":9,"112":0,"113":44,"114":9,"115":9,"116":9,"117":9,"118":8,"119":8,"120":1,"121":8,"122":1,"123":1,"124":9,"125":44,"126":0,"127":0,"128":0,"129":0,"130":0,"131":0,"132":0,"133":0,"134":44,"135":0,"136":0,"137":0,"138":44,"139":0,"140":7,"141":1,"142":2,"143":2,"144":2,"145":0,"146":0,"147":2,"148":0,"149":0,"150":0,"151":0,"152":1,"153":0,"154":0,"155":5,"156":0,"157":1,"158":0,"159":0,"160":1,"161":0,"162":1,"163":1,"164":1,"165":1,"166":1,"167":1,"168":3,"169":1,"170":0,"171":1,"172":1,"173":1},"f":{"0":44,"1":9,"2":13,"3":13,"4":10,"5":10,"6":1,"7":1,"8":1,"9":1,"10":1,"11":1,"12":1,"13":1,"14":2,"15":2,"16":0,"17":0,"18":9,"19":9,"20":9,"21":9,"22":1,"23":0,"24":0,"25":0,"26":0,"27":0,"28":0,"29":7,"30":1,"31":2,"32":0,"33":0,"34":2,"35":0,"36":0,"37":0,"38":0,"39":1,"40":0,"41":0,"42":5,"43":0,"44":1,"45":0,"46":0,"47":1,"48":0,"49":1,"50":1,"51":3,"52":1,"53":0,"54":1,"55":1},"b":{"0":[0,0],"1":[0,0],"2":[0,0],"3":[0,0],"4":[0,0],"5":[0,1],"6":[0,0],"7":[0,0],"8":[0,0],"9":[0,0],"10":[0,0],"11":[0,0],"12":[0,0],"13":[0,0],"14":[0,0],"15":[0,0],"16":[0,0],"17":[0,0],"18":[0,0],"19":[1,7],"20":[0,0],"21":[0,0],"22":[0,0],"23":[44,3],"24":[19,25],"25":[21,23],"26":[4,40],"27":[44,19],"28":[9,10],"29":[2,2],"30":[1,1],"31":[2,1],"32":[1,1],"33":[1,1],"34":[1,0],"35":[1,0],"36":[1,0],"37":[2,1],"38":[2,2],"39":[1,1],"40":[44,21],"41":[2,19],"42":[2,3],"43":[3,0],"44":[3,0],"45":[3,3],"46":[1,1],"47":[1,1],"48":[1,1],"49":[3,0],"50":[0,0],"51":[44,4],"52":[2,1],"53":[2,1]}}
,"/Users/maurizio.blasilli@wfp.org/projects/findmyjob/frontend/src/pages/components/CustomDropdown.tsx": {"path":"/Users/maurizio.blasilli@wfp.org/projects/findmyjob/frontend/src/pages/components/CustomDropdown.tsx","statementMap":{"0":{"start":{"line":14,"column":0},"end":{"line":14,"column":24}},"1":{"start":{"line":2,"column":0},"end":{"line":2,"column":53}},"2":{"start":{"line":23,"column":25},"end":{"line":23,"column":72}},"3":{"start":{"line":23,"column":41},"end":{"line":23,"column":71}},"4":{"start":{"line":25,"column":4},"end":{"line":51,"column":6}},"5":{"start":{"line":29,"column":31},"end":{"line":29,"column":49}},"6":{"start":{"line":39,"column":24},"end":{"line":40,"column":null}},"7":{"start":{"line":42,"column":45},"end":{"line":42,"column":71}},"8":{"start":{"line":42,"column":72},"end":{"line":42,"column":89}}},"fnMap":{"0":{"name":"CustomDropdown","decl":{"start":{"line":14,"column":24},"end":{"line":14,"column":38}},"loc":{"start":{"line":22,"column":22},"end":{"line":52,"column":1}}},"1":{"name":"(anonymous_1)","decl":{"start":{"line":23,"column":36},"end":{"line":23,"column":37}},"loc":{"start":{"line":23,"column":41},"end":{"line":23,"column":71}}},"2":{"name":"(anonymous_2)","decl":{"start":{"line":29,"column":25},"end":{"line":29,"column":28}},"loc":{"start":{"line":29,"column":31},"end":{"line":29,"column":49}}},"3":{"name":"(anonymous_3)","decl":{"start":{"line":38,"column":31},"end":{"line":38,"column":32}},"loc":{"start":{"line":39,"column":24},"end":{"line":40,"column":null}}},"4":{"name":"(anonymous_4)","decl":{"start":{"line":42,"column":37},"end":{"line":42,"column":40}},"loc":{"start":{"line":42,"column":42},"end":{"line":42,"column":91}}}},"branchMap":{"0":{"loc":{"start":{"line":20,"column":4},"end":{"line":20,"column":26}},"type":"default-arg","locations":[{"start":{"line":20,"column":18},"end":{"line":20,"column":26}}]},"1":{"loc":{"start":{"line":31,"column":17},"end":{"line":31,"column":81}},"type":"binary-expr","locations":[{"start":{"line":31,"column":17},"end":{"line":31,"column":21}},{"start":{"line":31,"column":25},"end":{"line":31,"column":81}}]},"2":{"loc":{"start":{"line":32,"column":23},"end":{"line":32,"column":70}},"type":"cond-expr","locations":[{"start":{"line":32,"column":38},"end":{"line":32,"column":56}},{"start":{"line":32,"column":59},"end":{"line":32,"column":70}}]},"3":{"loc":{"start":{"line":33,"column":87},"end":{"line":33,"column":113}},"type":"cond-expr","locations":[{"start":{"line":33,"column":96},"end":{"line":33,"column":108}},{"start":{"line":33,"column":111},"end":{"line":33,"column":113}}]},"4":{"loc":{"start":{"line":36,"column":13},"end":{"line":48,"column":null}},"type":"binary-expr","locations":[{"start":{"line":36,"column":13},"end":{"line":36,"column":19}},{"start":{"line":37,"column":16},"end":{"line":47,"column":null}}]},"5":{"loc":{"start":{"line":41,"column":144},"end":{"line":41,"column":245}},"type":"cond-expr","locations":[{"start":{"line":41,"column":177},"end":{"line":41,"column":209}},{"start":{"line":41,"column":212},"end":{"line":41,"column":245}}]},"6":{"loc":{"start":{"line":44,"column":29},"end":{"line":44,"column":86}},"type":"binary-expr","locations":[{"start":{"line":44,"column":29},"end":{"line":44,"column":33}},{"start":{"line":44,"column":37},"end":{"line":44,"column":86}}]}},"s":{"0":3,"1":3,"2":7,"3":5,"4":7,"5":1,"6":4,"7":1,"8":1},"f":{"0":7,"1":5,"2":1,"3":4,"4":1},"b":{"0":[6],"1":[7,6],"2":[5,2],"3":[2,5],"4":[7,2],"5":[2,2],"6":[4,4]}}
,"/Users/maurizio.blasilli@wfp.org/projects/findmyjob/frontend/src/pages/components/JobCard.tsx": {"path":"/Users/maurizio.blasilli@wfp.org/projects/findmyjob/frontend/src/pages/components/JobCard.tsx","statementMap":{"0":{"start":{"line":22,"column":0},"end":{"line":22,"column":24}},"1":{"start":{"line":1,"column":0},"end":{"line":1,"column":33}},"2":{"start":{"line":2,"column":0},"end":{"line":2,"column":91}},"3":{"start":{"line":3,"column":0},"end":{"line":3,"column":34}},"4":{"start":{"line":23,"column":34},"end":{"line":23,"column":49}},"5":{"start":{"line":24,"column":30},"end":{"line":24,"column":109}},"6":{"start":{"line":25,"column":28},"end":{"line":27,"column":6}},"7":{"start":{"line":26,"column":8},"end":{"line":26,"column":82}},"8":{"start":{"line":26,"column":14},"end":{"line":26,"column":59}},"9":{"start":{"line":26,"column":70},"end":{"line":26,"column":80}},"10":{"start":{"line":28,"column":36},"end":{"line":28,"column":89}},"11":{"start":{"line":30,"column":27},"end":{"line":40,"column":6}},"12":{"start":{"line":30,"column":38},"end":{"line":40,"column":6}},"13":{"start":{"line":31,"column":8},"end":{"line":31,"column":34}},"14":{"start":{"line":31,"column":27},"end":{"line":31,"column":34}},"15":{"start":{"line":32,"column":8},"end":{"line":32,"column":25}},"16":{"start":{"line":33,"column":8},"end":{"line":38,"column":45}},"17":{"start":{"line":34,"column":24},"end":{"line":34,"column":106}},"18":{"start":{"line":35,"column":12},"end":{"line":35,"column":43}},"19":{"start":{"line":36,"column":12},"end":{"line":36,"column":50}},"20":{"start":{"line":37,"column":12},"end":{"line":37,"column":51}},"21":{"start":{"line":38,"column":24},"end":{"line":38,"column":43}},"22":{"start":{"line":39,"column":8},"end":{"line":39,"column":26}},"23":{"start":{"line":42,"column":4},"end":{"line":106,"column":6}},"24":{"start":{"line":70,"column":28},"end":{"line":70,"column":42}}},"fnMap":{"0":{"name":"JobCard","decl":{"start":{"line":22,"column":24},"end":{"line":22,"column":31}},"loc":{"start":{"line":22,"column":67},"end":{"line":107,"column":1}}},"1":{"name":"(anonymous_9)","decl":{"start":{"line":25,"column":47},"end":{"line":25,"column":50}},"loc":{"start":{"line":25,"column":52},"end":{"line":27,"column":5}}},"2":{"name":"(anonymous_10)","decl":{"start":{"line":30,"column":27},"end":{"line":30,"column":36}},"loc":{"start":{"line":30,"column":38},"end":{"line":40,"column":6}}},"3":{"name":"(anonymous_11)","decl":{"start":{"line":30,"column":38},"end":{"line":30,"column":null}},"loc":{"start":{"line":30,"column":38},"end":{"line":40,"column":5}}},"4":{"name":"(anonymous_12)","decl":{"start":{"line":69,"column":34},"end":{"line":69,"column":35}},"loc":{"start":{"line":70,"column":28},"end":{"line":70,"column":42}}}},"branchMap":{"0":{"loc":{"start":{"line":24,"column":54},"end":{"line":24,"column":108}},"type":"cond-expr","locations":[{"start":{"line":24,"column":86},"end":{"line":24,"column":101}},{"start":{"line":24,"column":104},"end":{"line":24,"column":108}}]},"1":{"loc":{"start":{"line":26,"column":32},"end":{"line":26,"column":57}},"type":"binary-expr","locations":[{"start":{"line":26,"column":32},"end":{"line":26,"column":49}},{"start":{"line":26,"column":53},"end":{"line":26,"column":57}}]},"2":{"loc":{"start":{"line":28,"column":60},"end":{"line":28,"column":88}},"type":"binary-expr","locations":[{"start":{"line":28,"column":60},"end":{"line":28,"column":80}},{"start":{"line":28,"column":84},"end":{"line":28,"column":88}}]},"3":{"loc":{"start":{"line":31,"column":8},"end":{"line":31,"column":34}},"type":"if","locations":[{"start":{"line":31,"column":8},"end":{"line":31,"column":34}},{"start":{},"end":{}}]},"4":{"loc":{"start":{"line":36,"column":20},"end":{"line":36,"column":48}},"type":"binary-expr","locations":[{"start":{"line":36,"column":20},"end":{"line":36,"column":42}},{"start":{"line":36,"column":46},"end":{"line":36,"column":48}}]},"5":{"loc":{"start":{"line":53,"column":91},"end":{"line":53,"column":115}},"type":"binary-expr","locations":[{"start":{"line":53,"column":91},"end":{"line":53,"column":103}},{"start":{"line":53,"column":107},"end":{"line":53,"column":115}}]},"6":{"loc":{"start":{"line":54,"column":108},"end":{"line":54,"column":133}},"type":"binary-expr","locations":[{"start":{"line":54,"column":108},"end":{"line":54,"column":124}},{"start":{"line":54,"column":128},"end":{"line":54,"column":133}}]},"7":{"loc":{"start":{"line":59,"column":133},"end":{"line":59,"column":210}},"type":"cond-expr","locations":[{"start":{"line":59,"column":150},"end":{"line":59,"column":184}},{"start":{"line":59,"column":187},"end":{"line":59,"column":210}}]},"8":{"loc":{"start":{"line":60,"column":66},"end":{"line":60,"column":102}},"type":"cond-expr","locations":[{"start":{"line":60,"column":83},"end":{"line":60,"column":94}},{"start":{"line":60,"column":97},"end":{"line":60,"column":102}}]},"9":{"loc":{"start":{"line":66,"column":13},"end":{"line":91,"column":null}},"type":"cond-expr","locations":[{"start":{"line":67,"column":16},"end":{"line":79,"column":null}},{"start":{"line":82,"column":16},"end":{"line":90,"column":null}}]},"10":{"loc":{"start":{"line":88,"column":80},"end":{"line":88,"column":109}},"type":"cond-expr","locations":[{"start":{"line":88,"column":90},"end":{"line":88,"column":104}},{"start":{"line":88,"column":107},"end":{"line":88,"column":109}}]},"11":{"loc":{"start":{"line":89,"column":31},"end":{"line":89,"column":90}},"type":"cond-expr","locations":[{"start":{"line":89,"column":41},"end":{"line":89,"column":63}},{"start":{"line":89,"column":66},"end":{"line":89,"column":90}}]}},"s":{"0":2,"1":2,"2":2,"3":2,"4":5,"5":5,"6":5,"7":3,"8":3,"9":0,"10":5,"11":5,"12":1,"13":1,"14":0,"15":1,"16":1,"17":1,"18":1,"19":1,"20":1,"21":0,"22":1,"23":5,"24":2},"f":{"0":5,"1":3,"2":1,"3":1,"4":2},"b":{"0":[0,5],"1":[3,3],"2":[5,5],"3":[0,1],"4":[1,0],"5":[5,0],"6":[5,0],"7":[1,4],"8":[1,4],"9":[1,4],"10":[1,3],"11":[1,3]}}
,"/Users/maurizio.blasilli@wfp.org/projects/findmyjob/frontend/src/pages/components/Pagination.tsx": {"path":"/Users/maurizio.blasilli@wfp.org/projects/findmyjob/frontend/src/pages/components/Pagination.tsx","statementMap":{"0":{"start":{"line":12,"column":0},"end":{"line":12,"column":24}},"1":{"start":{"line":1,"column":0},"end":{"line":1,"column":57}},"2":{"start":{"line":21,"column":27},"end":{"line":35,"column":5}},"3":{"start":{"line":22,"column":43},"end":{"line":22,"column":45}},"4":{"start":{"line":23,"column":8},"end":{"line":33,"column":9}},"5":{"start":{"line":24,"column":12},"end":{"line":24,"column":64}},"6":{"start":{"line":24,"column":25},"end":{"line":24,"column":26}},"7":{"start":{"line":24,"column":50},"end":{"line":24,"column":64}},"8":{"start":{"line":26,"column":12},"end":{"line":32,"column":13}},"9":{"start":{"line":27,"column":16},"end":{"line":27,"column":61}},"10":{"start":{"line":28,"column":19},"end":{"line":32,"column":13}},"11":{"start":{"line":29,"column":16},"end":{"line":29,"column":113}},"12":{"start":{"line":31,"column":16},"end":{"line":31,"column":103}},"13":{"start":{"line":34,"column":8},"end":{"line":34,"column":21}},"14":{"start":{"line":37,"column":4},"end":{"line":71,"column":6}},"15":{"start":{"line":46,"column":35},"end":{"line":46,"column":64}},"16":{"start":{"line":52,"column":20},"end":{"line":53,"column":null}},"17":{"start":{"line":55,"column":39},"end":{"line":55,"column":79}},"18":{"start":{"line":65,"column":35},"end":{"line":65,"column":64}}},"fnMap":{"0":{"name":"Pagination","decl":{"start":{"line":12,"column":24},"end":{"line":12,"column":34}},"loc":{"start":{"line":19,"column":18},"end":{"line":72,"column":1}}},"1":{"name":"(anonymous_1)","decl":{"start":{"line":21,"column":27},"end":{"line":21,"column":30}},"loc":{"start":{"line":21,"column":32},"end":{"line":35,"column":5}}},"2":{"name":"(anonymous_2)","decl":{"start":{"line":46,"column":29},"end":{"line":46,"column":32}},"loc":{"start":{"line":46,"column":35},"end":{"line":46,"column":64}}},"3":{"name":"(anonymous_3)","decl":{"start":{"line":51,"column":38},"end":{"line":51,"column":39}},"loc":{"start":{"line":52,"column":20},"end":{"line":53,"column":null}}},"4":{"name":"(anonymous_4)","decl":{"start":{"line":55,"column":33},"end":{"line":55,"column":36}},"loc":{"start":{"line":55,"column":39},"end":{"line":55,"column":79}}},"5":{"name":"(anonymous_5)","decl":{"start":{"line":65,"column":29},"end":{"line":65,"column":32}},"loc":{"start":{"line":65,"column":35},"end":{"line":65,"column":64}}}},"branchMap":{"0":{"loc":{"start":{"line":23,"column":8},"end":{"line":33,"column":9}},"type":"if","locations":[{"start":{"line":23,"column":8},"end":{"line":33,"column":9}},{"start":{"line":25,"column":15},"end":{"line":33,"column":9}}]},"1":{"loc":{"start":{"line":26,"column":12},"end":{"line":32,"column":13}},"type":"if","locations":[{"start":{"line":26,"column":12},"end":{"line":32,"column":13}},{"start":{"line":28,"column":19},"end":{"line":32,"column":13}}]},"2":{"loc":{"start":{"line":28,"column":19},"end":{"line":32,"column":13}},"type":"if","locations":[{"start":{"line":28,"column":19},"end":{"line":32,"column":13}},{"start":{"line":30,"column":19},"end":{"line":32,"column":13}}]},"3":{"loc":{"start":{"line":54,"column":72},"end":{"line":54,"column":123}},"type":"cond-expr","locations":[{"start":{"line":54,"column":92},"end":{"line":54,"column":105}},{"start":{"line":54,"column":108},"end":{"line":54,"column":123}}]},"4":{"loc":{"start":{"line":54,"column":127},"end":{"line":54,"column":173}},"type":"cond-expr","locations":[{"start":{"line":54,"column":141},"end":{"line":54,"column":168}},{"start":{"line":54,"column":171},"end":{"line":54,"column":173}}]},"5":{"loc":{"start":{"line":55,"column":39},"end":{"line":55,"column":79}},"type":"binary-expr","locations":[{"start":{"line":55,"column":39},"end":{"line":55,"column":60}},{"start":{"line":55,"column":64},"end":{"line":55,"column":79}}]}},"s":{"0":2,"1":2,"2":8,"3":8,"4":8,"5":5,"6":5,"7":25,"8":3,"9":1,"10":2,"11":1,"12":1,"13":8,"14":8,"15":0,"16":46,"17":1,"18":0},"f":{"0":8,"1":8,"2":0,"3":46,"4":1,"5":0},"b":{"0":[5,3],"1":[1,2],"2":[1,1],"3":[8,38],"4":[4,42],"5":[1,1]}}
,"/Users/maurizio.blasilli@wfp.org/projects/findmyjob/frontend/src/pages/components/SearchHeader.tsx": {"path":"/Users/maurizio.blasilli@wfp.org/projects/findmyjob/frontend/src/pages/components/SearchHeader.tsx","statementMap":{"0":{"start":{"line":8,"column":0},"end":{"line":8,"column":24}},"1":{"start":{"line":1,"column":0},"end":{"line":1,"column":46}},"2":{"start":{"line":9,"column":4},"end":{"line":34,"column":6}},"3":{"start":{"line":24,"column":41},"end":{"line":24,"column":70}}},"fnMap":{"0":{"name":"SearchHeader","decl":{"start":{"line":8,"column":24},"end":{"line":8,"column":36}},"loc":{"start":{"line":8,"column":80},"end":{"line":35,"column":1}}},"1":{"name":"(anonymous_1)","decl":{"start":{"line":24,"column":34},"end":{"line":24,"column":35}},"loc":{"start":{"line":24,"column":41},"end":{"line":24,"column":70}}}},"branchMap":{},"s":{"0":1,"1":1,"2":2,"3":0},"f":{"0":2,"1":0},"b":{}}
}
