{"/Users/vivamau/projects/findmyjob/frontend/src/commoncomponents/Button.tsx": {"path":"/Users/vivamau/projects/findmyjob/frontend/src/commoncomponents/Button.tsx","statementMap":{"0":{"start":{"line":7,"column":0},"end":{"line":7,"column":24}},"1":{"start":{"line":7,"column":41},"end":{"line":7,"column":46}},"2":{"start":{"line":7,"column":51},"end":{"line":7,"column":66}},"3":{"start":{"line":8,"column":4},"end":{"line":12,"column":6}}},"fnMap":{"0":{"name":"Button","decl":{"start":{"line":7,"column":24},"end":{"line":7,"column":30}},"loc":{"start":{"line":7,"column":66},"end":{"line":13,"column":1}}}},"branchMap":{"0":{"loc":{"start":{"line":9,"column":57},"end":{"line":9,"column":78}},"type":"binary-expr","locations":[{"start":{"line":9,"column":57},"end":{"line":9,"column":72}},{"start":{"line":9,"column":76},"end":{"line":9,"column":78}}]}},"s":{"0":1,"1":1,"2":1,"3":1},"f":{"0":1},"b":{"0":[1,1]}}
,"/Users/vivamau/projects/findmyjob/frontend/src/pages/CVManager.tsx": {"path":"/Users/vivamau/projects/findmyjob/frontend/src/pages/CVManager.tsx","statementMap":{"0":{"start":{"line":24,"column":0},"end":{"line":24,"column":24}},"1":{"start":{"line":1,"column":0},"end":{"line":1,"column":52}},"2":{"start":{"line":2,"column":0},"end":{"line":2,"column":117}},"3":{"start":{"line":3,"column":0},"end":{"line":3,"column":31}},"4":{"start":{"line":5,"column":19},"end":{"line":22,"column":1}},"5":{"start":{"line":6,"column":4},"end":{"line":6,"column":31}},"6":{"start":{"line":6,"column":21},"end":{"line":6,"column":31}},"7":{"start":{"line":7,"column":17},"end":{"line":7,"column":37}},"8":{"start":{"line":8,"column":4},"end":{"line":8,"column":49}},"9":{"start":{"line":8,"column":31},"end":{"line":8,"column":49}},"10":{"start":{"line":10,"column":16},"end":{"line":10,"column":58}},"11":{"start":{"line":11,"column":19},"end":{"line":11,"column":103}},"12":{"start":{"line":12,"column":18},"end":{"line":12,"column":41}},"13":{"start":{"line":13,"column":17},"end":{"line":13,"column":35}},"14":{"start":{"line":15,"column":15},"end":{"line":15,"column":40}},"15":{"start":{"line":16,"column":4},"end":{"line":20,"column":5}},"16":{"start":{"line":17,"column":22},"end":{"line":17,"column":62}},"17":{"start":{"line":18,"column":24},"end":{"line":18,"column":66}},"18":{"start":{"line":19,"column":8},"end":{"line":19,"column":39}},"19":{"start":{"line":21,"column":4},"end":{"line":21,"column":16}},"20":{"start":{"line":25,"column":36},"end":{"line":25,"column":52}},"21":{"start":{"line":26,"column":24},"end":{"line":26,"column":43}},"22":{"start":{"line":27,"column":42},"end":{"line":27,"column":56}},"23":{"start":{"line":28,"column":26},"end":{"line":28,"column":53}},"24":{"start":{"line":29,"column":28},"end":{"line":29,"column":40}},"25":{"start":{"line":30,"column":40},"end":{"line":30,"column":55}},"26":{"start":{"line":31,"column":23},"end":{"line":31,"column":53}},"27":{"start":{"line":33,"column":38},"end":{"line":33,"column":64}},"28":{"start":{"line":34,"column":40},"end":{"line":34,"column":59}},"29":{"start":{"line":35,"column":38},"end":{"line":35,"column":57}},"30":{"start":{"line":36,"column":36},"end":{"line":36,"column":55}},"31":{"start":{"line":38,"column":58},"end":{"line":38,"column":73}},"32":{"start":{"line":39,"column":36},"end":{"line":39,"column":51}},"33":{"start":{"line":40,"column":36},"end":{"line":40,"column":47}},"34":{"start":{"line":42,"column":36},"end":{"line":42,"column":55}},"35":{"start":{"line":43,"column":44},"end":{"line":43,"column":64}},"36":{"start":{"line":44,"column":38},"end":{"line":44,"column":67}},"37":{"start":{"line":47,"column":42},"end":{"line":47,"column":71}},"38":{"start":{"line":48,"column":42},"end":{"line":48,"column":71}},"39":{"start":{"line":49,"column":44},"end":{"line":49,"column":73}},"40":{"start":{"line":51,"column":40},"end":{"line":51,"column":69}},"41":{"start":{"line":52,"column":38},"end":{"line":52,"column":55}},"42":{"start":{"line":53,"column":50},"end":{"line":53,"column":74}},"43":{"start":{"line":55,"column":40},"end":{"line":55,"column":57}},"44":{"start":{"line":56,"column":40},"end":{"line":56,"column":57}},"45":{"start":{"line":57,"column":42},"end":{"line":57,"column":59}},"46":{"start":{"line":59,"column":2},"end":{"line":67,"column":18}},"47":{"start":{"line":60,"column":4},"end":{"line":66,"column":5}},"48":{"start":{"line":61,"column":8},"end":{"line":61,"column":30}},"49":{"start":{"line":62,"column":8},"end":{"line":65,"column":51}},"50":{"start":{"line":63,"column":25},"end":{"line":63,"column":41}},"51":{"start":{"line":64,"column":26},"end":{"line":64,"column":44}},"52":{"start":{"line":65,"column":27},"end":{"line":65,"column":49}},"53":{"start":{"line":69,"column":2},"end":{"line":78,"column":9}},"54":{"start":{"line":70,"column":6},"end":{"line":77,"column":26}},"55":{"start":{"line":72,"column":13},"end":{"line":72,"column":36}},"56":{"start":{"line":73,"column":28},"end":{"line":73,"column":72}},"57":{"start":{"line":73,"column":54},"end":{"line":73,"column":71}},"58":{"start":{"line":74,"column":13},"end":{"line":75,"column":119}},"59":{"start":{"line":74,"column":25},"end":{"line":74,"column":91}},"60":{"start":{"line":75,"column":18},"end":{"line":75,"column":119}},"61":{"start":{"line":75,"column":43},"end":{"line":75,"column":119}},"62":{"start":{"line":80,"column":2},"end":{"line":107,"column":19}},"63":{"start":{"line":81,"column":6},"end":{"line":106,"column":7}},"64":{"start":{"line":82,"column":10},"end":{"line":82,"column":40}},"65":{"start":{"line":84,"column":26},"end":{"line":99,"column":12}},"66":{"start":{"line":84,"column":37},"end":{"line":99,"column":12}},"67":{"start":{"line":85,"column":14},"end":{"line":98,"column":15}},"68":{"start":{"line":86,"column":43},"end":{"line":90,"column":20}},"69":{"start":{"line":91,"column":18},"end":{"line":91,"column":43}},"70":{"start":{"line":92,"column":18},"end":{"line":92,"column":42}},"71":{"start":{"line":93,"column":18},"end":{"line":93,"column":42}},"72":{"start":{"line":95,"column":18},"end":{"line":95,"column":37}},"73":{"start":{"line":97,"column":18},"end":{"line":97,"column":49}},"74":{"start":{"line":101,"column":10},"end":{"line":101,"column":20}},"75":{"start":{"line":103,"column":10},"end":{"line":103,"column":29}},"76":{"start":{"line":104,"column":10},"end":{"line":104,"column":28}},"77":{"start":{"line":105,"column":10},"end":{"line":105,"column":27}},"78":{"start":{"line":109,"column":24},"end":{"line":137,"column":4}},"79":{"start":{"line":109,"column":47},"end":{"line":137,"column":4}},"80":{"start":{"line":110,"column":6},"end":{"line":110,"column":25}},"81":{"start":{"line":111,"column":6},"end":{"line":111,"column":22}},"82":{"start":{"line":112,"column":23},"end":{"line":114,"column":14}},"83":{"start":{"line":113,"column":10},"end":{"line":113,"column":41}},"84":{"start":{"line":113,"column":31},"end":{"line":113,"column":39}},"85":{"start":{"line":116,"column":6},"end":{"line":136,"column":7}},"86":{"start":{"line":117,"column":35},"end":{"line":117,"column":59}},"87":{"start":{"line":118,"column":10},"end":{"line":118,"column":103}},"88":{"start":{"line":120,"column":35},"end":{"line":124,"column":12}},"89":{"start":{"line":125,"column":10},"end":{"line":125,"column":35}},"90":{"start":{"line":126,"column":10},"end":{"line":126,"column":34}},"91":{"start":{"line":127,"column":10},"end":{"line":127,"column":34}},"92":{"start":{"line":128,"column":23},"end":{"line":128,"column":47}},"93":{"start":{"line":129,"column":11},"end":{"line":129,"column":119}},"94":{"start":{"line":129,"column":26},"end":{"line":129,"column":117}},"95":{"start":{"line":129,"column":40},"end":{"line":129,"column":116}},"96":{"start":{"line":130,"column":11},"end":{"line":130,"column":135}},"97":{"start":{"line":130,"column":40},"end":{"line":130,"column":133}},"98":{"start":{"line":132,"column":10},"end":{"line":132,"column":82}},"99":{"start":{"line":134,"column":10},"end":{"line":134,"column":30}},"100":{"start":{"line":135,"column":10},"end":{"line":135,"column":34}},"101":{"start":{"line":139,"column":25},"end":{"line":141,"column":3}},"102":{"start":{"line":140,"column":6},"end":{"line":140,"column":26}},"103":{"start":{"line":143,"column":24},"end":{"line":158,"column":4}},"104":{"start":{"line":143,"column":35},"end":{"line":158,"column":4}},"105":{"start":{"line":144,"column":6},"end":{"line":144,"column":30}},"106":{"start":{"line":144,"column":23},"end":{"line":144,"column":30}},"107":{"start":{"line":146,"column":6},"end":{"line":157,"column":7}},"108":{"start":{"line":147,"column":10},"end":{"line":147,"column":48}},"109":{"start":{"line":149,"column":10},"end":{"line":149,"column":64}},"110":{"start":{"line":149,"column":25},"end":{"line":149,"column":62}},"111":{"start":{"line":149,"column":42},"end":{"line":149,"column":61}},"112":{"start":{"line":150,"column":10},"end":{"line":152,"column":11}},"113":{"start":{"line":151,"column":14},"end":{"line":151,"column":34}},"114":{"start":{"line":154,"column":10},"end":{"line":154,"column":55}},"115":{"start":{"line":156,"column":10},"end":{"line":156,"column":30}},"116":{"start":{"line":160,"column":31},"end":{"line":166,"column":4}},"117":{"start":{"line":160,"column":52},"end":{"line":166,"column":4}},"118":{"start":{"line":161,"column":6},"end":{"line":165,"column":69}},"119":{"start":{"line":162,"column":10},"end":{"line":162,"column":62}},"120":{"start":{"line":163,"column":10},"end":{"line":163,"column":92}},"121":{"start":{"line":163,"column":33},"end":{"line":163,"column":90}},"122":{"start":{"line":163,"column":47},"end":{"line":163,"column":89}},"123":{"start":{"line":164,"column":10},"end":{"line":164,"column":32}},"124":{"start":{"line":165,"column":27},"end":{"line":165,"column":67}},"125":{"start":{"line":168,"column":30},"end":{"line":174,"column":4}},"126":{"start":{"line":168,"column":51},"end":{"line":174,"column":4}},"127":{"start":{"line":169,"column":6},"end":{"line":173,"column":69}},"128":{"start":{"line":170,"column":10},"end":{"line":170,"column":61}},"129":{"start":{"line":171,"column":10},"end":{"line":171,"column":91}},"130":{"start":{"line":171,"column":32},"end":{"line":171,"column":89}},"131":{"start":{"line":171,"column":46},"end":{"line":171,"column":88}},"132":{"start":{"line":172,"column":10},"end":{"line":172,"column":32}},"133":{"start":{"line":173,"column":27},"end":{"line":173,"column":67}},"134":{"start":{"line":176,"column":29},"end":{"line":182,"column":4}},"135":{"start":{"line":176,"column":50},"end":{"line":182,"column":4}},"136":{"start":{"line":177,"column":6},"end":{"line":181,"column":69}},"137":{"start":{"line":178,"column":10},"end":{"line":178,"column":61}},"138":{"start":{"line":179,"column":10},"end":{"line":179,"column":91}},"139":{"start":{"line":179,"column":31},"end":{"line":179,"column":89}},"140":{"start":{"line":179,"column":45},"end":{"line":179,"column":88}},"141":{"start":{"line":180,"column":10},"end":{"line":180,"column":33}},"142":{"start":{"line":181,"column":27},"end":{"line":181,"column":67}},"143":{"start":{"line":184,"column":31},"end":{"line":198,"column":4}},"144":{"start":{"line":184,"column":52},"end":{"line":198,"column":4}},"145":{"start":{"line":185,"column":6},"end":{"line":197,"column":81}},"146":{"start":{"line":186,"column":10},"end":{"line":186,"column":49}},"147":{"start":{"line":187,"column":10},"end":{"line":195,"column":14}},"148":{"start":{"line":187,"column":25},"end":{"line":195,"column":12}},"149":{"start":{"line":188,"column":15},"end":{"line":190,"column":16}},"150":{"start":{"line":189,"column":19},"end":{"line":189,"column":50}},"151":{"start":{"line":191,"column":15},"end":{"line":193,"column":16}},"152":{"start":{"line":192,"column":19},"end":{"line":192,"column":50}},"153":{"start":{"line":194,"column":15},"end":{"line":194,"column":24}},"154":{"start":{"line":196,"column":10},"end":{"line":196,"column":31}},"155":{"start":{"line":197,"column":27},"end":{"line":197,"column":79}},"156":{"start":{"line":200,"column":23},"end":{"line":225,"column":4}},"157":{"start":{"line":200,"column":34},"end":{"line":225,"column":4}},"158":{"start":{"line":201,"column":4},"end":{"line":204,"column":5}},"159":{"start":{"line":202,"column":8},"end":{"line":202,"column":59}},"160":{"start":{"line":203,"column":8},"end":{"line":203,"column":15}},"161":{"start":{"line":206,"column":4},"end":{"line":206,"column":25}},"162":{"start":{"line":207,"column":21},"end":{"line":207,"column":35}},"163":{"start":{"line":208,"column":4},"end":{"line":208,"column":34}},"164":{"start":{"line":209,"column":4},"end":{"line":209,"column":36}},"165":{"start":{"line":210,"column":4},"end":{"line":210,"column":36}},"166":{"start":{"line":212,"column":4},"end":{"line":224,"column":5}},"167":{"start":{"line":213,"column":8},"end":{"line":215,"column":11}},"168":{"start":{"line":216,"column":8},"end":{"line":216,"column":22}},"169":{"start":{"line":217,"column":8},"end":{"line":217,"column":21}},"170":{"start":{"line":218,"column":8},"end":{"line":218,"column":29}},"171":{"start":{"line":220,"column":8},"end":{"line":220,"column":27}},"172":{"start":{"line":221,"column":8},"end":{"line":221,"column":31}},"173":{"start":{"line":223,"column":8},"end":{"line":223,"column":30}},"174":{"start":{"line":227,"column":2},"end":{"line":600,"column":5}},"175":{"start":{"line":239,"column":33},"end":{"line":239,"column":65}},"176":{"start":{"line":243,"column":20},"end":{"line":243,"column":48}},"177":{"start":{"line":251,"column":31},"end":{"line":251,"column":53}},"178":{"start":{"line":270,"column":14},"end":{"line":270,"column":36}},"179":{"start":{"line":273,"column":109},"end":{"line":273,"column":162}},"180":{"start":{"line":275,"column":104},"end":{"line":275,"column":172}},"181":{"start":{"line":279,"column":122},"end":{"line":279,"column":149}},"182":{"start":{"line":280,"column":117},"end":{"line":280,"column":137}},"183":{"start":{"line":300,"column":115},"end":{"line":300,"column":137}},"184":{"start":{"line":300,"column":138},"end":{"line":300,"column":156}},"185":{"start":{"line":305,"column":42},"end":{"line":305,"column":63}},"186":{"start":{"line":318,"column":35},"end":{"line":318,"column":52}},"187":{"start":{"line":328,"column":33},"end":{"line":328,"column":55}},"188":{"start":{"line":355,"column":31},"end":{"line":355,"column":55}},"189":{"start":{"line":361,"column":27},"end":{"line":361,"column":null}},"190":{"start":{"line":369,"column":31},"end":{"line":369,"column":null}},"191":{"start":{"line":378,"column":70},"end":{"line":378,"column":90}},"192":{"start":{"line":378,"column":91},"end":{"line":378,"column":112}},"193":{"start":{"line":380,"column":73},"end":{"line":380,"column":93}},"194":{"start":{"line":380,"column":94},"end":{"line":380,"column":124}},"195":{"start":{"line":421,"column":35},"end":{"line":421,"column":60}},"196":{"start":{"line":433,"column":85},"end":{"line":433,"column":104}},"197":{"start":{"line":445,"column":24},"end":{"line":445,"column":47}},"198":{"start":{"line":448,"column":126},"end":{"line":448,"column":186}},"199":{"start":{"line":449,"column":128},"end":{"line":449,"column":190}},"200":{"start":{"line":451,"column":130},"end":{"line":451,"column":190}},"201":{"start":{"line":452,"column":128},"end":{"line":452,"column":186}},"202":{"start":{"line":454,"column":135},"end":{"line":454,"column":196}},"203":{"start":{"line":456,"column":133},"end":{"line":456,"column":161}},"204":{"start":{"line":457,"column":128},"end":{"line":457,"column":149}},"205":{"start":{"line":467,"column":135},"end":{"line":467,"column":159}},"206":{"start":{"line":467,"column":160},"end":{"line":467,"column":180}},"207":{"start":{"line":489,"column":24},"end":{"line":489,"column":47}},"208":{"start":{"line":492,"column":133},"end":{"line":492,"column":199}},"209":{"start":{"line":493,"column":129},"end":{"line":493,"column":191}},"210":{"start":{"line":495,"column":131},"end":{"line":495,"column":191}},"211":{"start":{"line":496,"column":129},"end":{"line":496,"column":187}},"212":{"start":{"line":498,"column":136},"end":{"line":498,"column":197}},"213":{"start":{"line":500,"column":134},"end":{"line":500,"column":161}},"214":{"start":{"line":501,"column":129},"end":{"line":501,"column":150}},"215":{"start":{"line":511,"column":136},"end":{"line":511,"column":160}},"216":{"start":{"line":511,"column":161},"end":{"line":511,"column":181}},"217":{"start":{"line":537,"column":24},"end":{"line":537,"column":48}},"218":{"start":{"line":540,"column":131},"end":{"line":540,"column":196}},"219":{"start":{"line":541,"column":135},"end":{"line":541,"column":204}},"220":{"start":{"line":543,"column":134},"end":{"line":543,"column":161}},"221":{"start":{"line":544,"column":129},"end":{"line":544,"column":151}},"222":{"start":{"line":553,"column":132},"end":{"line":553,"column":158}},"223":{"start":{"line":553,"column":159},"end":{"line":553,"column":181}},"224":{"start":{"line":580,"column":80},"end":{"line":580,"column":99}},"225":{"start":{"line":593,"column":80},"end":{"line":593,"column":106}},"226":{"start":{"line":594,"column":80},"end":{"line":594,"column":107}},"227":{"start":{"line":594,"column":108},"end":{"line":594,"column":137}}},"fnMap":{"0":{"name":"(anonymous_8)","decl":{"start":{"line":5,"column":19},"end":{"line":5,"column":20}},"loc":{"start":{"line":5,"column":63},"end":{"line":22,"column":1}}},"1":{"name":"CVManager","decl":{"start":{"line":24,"column":24},"end":{"line":24,"column":33}},"loc":{"start":{"line":24,"column":33},"end":{"line":601,"column":2}}},"2":{"name":"(anonymous_10)","decl":{"start":{"line":59,"column":12},"end":{"line":59,"column":15}},"loc":{"start":{"line":59,"column":17},"end":{"line":67,"column":3}}},"3":{"name":"(anonymous_11)","decl":{"start":{"line":63,"column":18},"end":{"line":63,"column":21}},"loc":{"start":{"line":63,"column":25},"end":{"line":63,"column":41}}},"4":{"name":"(anonymous_12)","decl":{"start":{"line":64,"column":19},"end":{"line":64,"column":22}},"loc":{"start":{"line":64,"column":26},"end":{"line":64,"column":44}}},"5":{"name":"(anonymous_13)","decl":{"start":{"line":65,"column":21},"end":{"line":65,"column":24}},"loc":{"start":{"line":65,"column":27},"end":{"line":65,"column":49}}},"6":{"name":"(anonymous_14)","decl":{"start":{"line":69,"column":12},"end":{"line":69,"column":15}},"loc":{"start":{"line":69,"column":17},"end":{"line":78,"column":3}}},"7":{"name":"(anonymous_15)","decl":{"start":{"line":71,"column":15},"end":{"line":71,"column":18}},"loc":{"start":{"line":71,"column":21},"end":{"line":76,"column":10}}},"8":{"name":"(anonymous_16)","decl":{"start":{"line":73,"column":42},"end":{"line":73,"column":43}},"loc":{"start":{"line":73,"column":54},"end":{"line":73,"column":71}}},"9":{"name":"(anonymous_17)","decl":{"start":{"line":77,"column":16},"end":{"line":77,"column":19}},"loc":{"start":{"line":77,"column":21},"end":{"line":77,"column":24}}},"10":{"name":"(anonymous_18)","decl":{"start":{"line":80,"column":12},"end":{"line":80,"column":15}},"loc":{"start":{"line":80,"column":17},"end":{"line":107,"column":3}}},"11":{"name":"(anonymous_19)","decl":{"start":{"line":84,"column":26},"end":{"line":84,"column":35}},"loc":{"start":{"line":84,"column":37},"end":{"line":99,"column":12}}},"12":{"name":"(anonymous_20)","decl":{"start":{"line":84,"column":37},"end":{"line":84,"column":null}},"loc":{"start":{"line":84,"column":37},"end":{"line":99,"column":11}}},"13":{"name":"(anonymous_21)","decl":{"start":{"line":109,"column":24},"end":{"line":109,"column":31}},"loc":{"start":{"line":109,"column":47},"end":{"line":137,"column":4}}},"14":{"name":"(anonymous_22)","decl":{"start":{"line":109,"column":47},"end":{"line":109,"column":null}},"loc":{"start":{"line":109,"column":47},"end":{"line":137,"column":3}}},"15":{"name":"(anonymous_23)","decl":{"start":{"line":112,"column":35},"end":{"line":112,"column":38}},"loc":{"start":{"line":112,"column":40},"end":{"line":114,"column":7}}},"16":{"name":"(anonymous_24)","decl":{"start":{"line":113,"column":23},"end":{"line":113,"column":27}},"loc":{"start":{"line":113,"column":31},"end":{"line":113,"column":39}}},"17":{"name":"(anonymous_25)","decl":{"start":{"line":129,"column":18},"end":{"line":129,"column":22}},"loc":{"start":{"line":129,"column":26},"end":{"line":129,"column":117}}},"18":{"name":"(anonymous_26)","decl":{"start":{"line":129,"column":35},"end":{"line":129,"column":36}},"loc":{"start":{"line":129,"column":40},"end":{"line":129,"column":116}}},"19":{"name":"(anonymous_27)","decl":{"start":{"line":130,"column":25},"end":{"line":130,"column":26}},"loc":{"start":{"line":130,"column":40},"end":{"line":130,"column":133}}},"20":{"name":"(anonymous_28)","decl":{"start":{"line":139,"column":25},"end":{"line":139,"column":26}},"loc":{"start":{"line":139,"column":42},"end":{"line":141,"column":3}}},"21":{"name":"(anonymous_29)","decl":{"start":{"line":143,"column":24},"end":{"line":143,"column":33}},"loc":{"start":{"line":143,"column":35},"end":{"line":158,"column":4}}},"22":{"name":"(anonymous_30)","decl":{"start":{"line":143,"column":35},"end":{"line":143,"column":null}},"loc":{"start":{"line":143,"column":35},"end":{"line":158,"column":3}}},"23":{"name":"(anonymous_31)","decl":{"start":{"line":149,"column":17},"end":{"line":149,"column":21}},"loc":{"start":{"line":149,"column":25},"end":{"line":149,"column":62}}},"24":{"name":"(anonymous_32)","decl":{"start":{"line":149,"column":37},"end":{"line":149,"column":38}},"loc":{"start":{"line":149,"column":42},"end":{"line":149,"column":61}}},"25":{"name":"(anonymous_33)","decl":{"start":{"line":160,"column":31},"end":{"line":160,"column":38}},"loc":{"start":{"line":160,"column":52},"end":{"line":166,"column":4}}},"26":{"name":"(anonymous_34)","decl":{"start":{"line":160,"column":52},"end":{"line":160,"column":null}},"loc":{"start":{"line":160,"column":52},"end":{"line":166,"column":3}}},"27":{"name":"(anonymous_35)","decl":{"start":{"line":163,"column":25},"end":{"line":163,"column":29}},"loc":{"start":{"line":163,"column":33},"end":{"line":163,"column":90}}},"28":{"name":"(anonymous_36)","decl":{"start":{"line":163,"column":42},"end":{"line":163,"column":43}},"loc":{"start":{"line":163,"column":47},"end":{"line":163,"column":89}}},"29":{"name":"(anonymous_37)","decl":{"start":{"line":168,"column":30},"end":{"line":168,"column":37}},"loc":{"start":{"line":168,"column":51},"end":{"line":174,"column":4}}},"30":{"name":"(anonymous_38)","decl":{"start":{"line":168,"column":51},"end":{"line":168,"column":null}},"loc":{"start":{"line":168,"column":51},"end":{"line":174,"column":3}}},"31":{"name":"(anonymous_39)","decl":{"start":{"line":171,"column":24},"end":{"line":171,"column":28}},"loc":{"start":{"line":171,"column":32},"end":{"line":171,"column":89}}},"32":{"name":"(anonymous_40)","decl":{"start":{"line":171,"column":41},"end":{"line":171,"column":42}},"loc":{"start":{"line":171,"column":46},"end":{"line":171,"column":88}}},"33":{"name":"(anonymous_41)","decl":{"start":{"line":176,"column":29},"end":{"line":176,"column":36}},"loc":{"start":{"line":176,"column":50},"end":{"line":182,"column":4}}},"34":{"name":"(anonymous_42)","decl":{"start":{"line":176,"column":50},"end":{"line":176,"column":null}},"loc":{"start":{"line":176,"column":50},"end":{"line":182,"column":3}}},"35":{"name":"(anonymous_43)","decl":{"start":{"line":179,"column":23},"end":{"line":179,"column":27}},"loc":{"start":{"line":179,"column":31},"end":{"line":179,"column":89}}},"36":{"name":"(anonymous_44)","decl":{"start":{"line":179,"column":40},"end":{"line":179,"column":41}},"loc":{"start":{"line":179,"column":45},"end":{"line":179,"column":88}}},"37":{"name":"(anonymous_45)","decl":{"start":{"line":184,"column":31},"end":{"line":184,"column":38}},"loc":{"start":{"line":184,"column":52},"end":{"line":198,"column":4}}},"38":{"name":"(anonymous_46)","decl":{"start":{"line":184,"column":52},"end":{"line":184,"column":null}},"loc":{"start":{"line":184,"column":52},"end":{"line":198,"column":3}}},"39":{"name":"(anonymous_47)","decl":{"start":{"line":187,"column":17},"end":{"line":187,"column":21}},"loc":{"start":{"line":187,"column":25},"end":{"line":195,"column":12}}},"40":{"name":"(anonymous_48)","decl":{"start":{"line":187,"column":34},"end":{"line":187,"column":35}},"loc":{"start":{"line":187,"column":38},"end":{"line":195,"column":11}}},"41":{"name":"(anonymous_49)","decl":{"start":{"line":200,"column":23},"end":{"line":200,"column":32}},"loc":{"start":{"line":200,"column":34},"end":{"line":225,"column":4}}},"42":{"name":"(anonymous_50)","decl":{"start":{"line":200,"column":34},"end":{"line":200,"column":null}},"loc":{"start":{"line":200,"column":34},"end":{"line":225,"column":3}}},"43":{"name":"(anonymous_51)","decl":{"start":{"line":239,"column":26},"end":{"line":239,"column":27}},"loc":{"start":{"line":239,"column":33},"end":{"line":239,"column":65}}},"44":{"name":"(anonymous_52)","decl":{"start":{"line":242,"column":31},"end":{"line":242,"column":32}},"loc":{"start":{"line":243,"column":20},"end":{"line":243,"column":48}}},"45":{"name":"(anonymous_53)","decl":{"start":{"line":251,"column":25},"end":{"line":251,"column":28}},"loc":{"start":{"line":251,"column":31},"end":{"line":251,"column":53}}},"46":{"name":"(anonymous_54)","decl":{"start":{"line":269,"column":20},"end":{"line":269,"column":21}},"loc":{"start":{"line":270,"column":14},"end":{"line":270,"column":36}}},"47":{"name":"(anonymous_55)","decl":{"start":{"line":273,"column":104},"end":{"line":273,"column":105}},"loc":{"start":{"line":273,"column":109},"end":{"line":273,"column":162}}},"48":{"name":"(anonymous_56)","decl":{"start":{"line":275,"column":99},"end":{"line":275,"column":100}},"loc":{"start":{"line":275,"column":104},"end":{"line":275,"column":172}}},"49":{"name":"(anonymous_57)","decl":{"start":{"line":279,"column":116},"end":{"line":279,"column":119}},"loc":{"start":{"line":279,"column":122},"end":{"line":279,"column":149}}},"50":{"name":"(anonymous_58)","decl":{"start":{"line":280,"column":111},"end":{"line":280,"column":114}},"loc":{"start":{"line":280,"column":117},"end":{"line":280,"column":137}}},"51":{"name":"(anonymous_59)","decl":{"start":{"line":300,"column":107},"end":{"line":300,"column":110}},"loc":{"start":{"line":300,"column":112},"end":{"line":300,"column":158}}},"52":{"name":"(anonymous_60)","decl":{"start":{"line":305,"column":36},"end":{"line":305,"column":39}},"loc":{"start":{"line":305,"column":42},"end":{"line":305,"column":63}}},"53":{"name":"(anonymous_61)","decl":{"start":{"line":318,"column":29},"end":{"line":318,"column":32}},"loc":{"start":{"line":318,"column":35},"end":{"line":318,"column":52}}},"54":{"name":"(anonymous_62)","decl":{"start":{"line":328,"column":27},"end":{"line":328,"column":30}},"loc":{"start":{"line":328,"column":33},"end":{"line":328,"column":55}}},"55":{"name":"(anonymous_63)","decl":{"start":{"line":355,"column":24},"end":{"line":355,"column":25}},"loc":{"start":{"line":355,"column":31},"end":{"line":355,"column":55}}},"56":{"name":"(anonymous_64)","decl":{"start":{"line":361,"column":21},"end":{"line":361,"column":24}},"loc":{"start":{"line":361,"column":26},"end":{"line":361,"column":null}}},"57":{"name":"(anonymous_65)","decl":{"start":{"line":369,"column":24},"end":{"line":369,"column":25}},"loc":{"start":{"line":369,"column":30},"end":{"line":369,"column":null}}},"58":{"name":"(anonymous_66)","decl":{"start":{"line":378,"column":61},"end":{"line":378,"column":62}},"loc":{"start":{"line":378,"column":67},"end":{"line":378,"column":114}}},"59":{"name":"(anonymous_67)","decl":{"start":{"line":380,"column":64},"end":{"line":380,"column":65}},"loc":{"start":{"line":380,"column":70},"end":{"line":380,"column":126}}},"60":{"name":"(anonymous_68)","decl":{"start":{"line":421,"column":29},"end":{"line":421,"column":32}},"loc":{"start":{"line":421,"column":35},"end":{"line":421,"column":60}}},"61":{"name":"(anonymous_69)","decl":{"start":{"line":433,"column":79},"end":{"line":433,"column":82}},"loc":{"start":{"line":433,"column":85},"end":{"line":433,"column":104}}},"62":{"name":"(anonymous_70)","decl":{"start":{"line":444,"column":38},"end":{"line":444,"column":39}},"loc":{"start":{"line":445,"column":24},"end":{"line":445,"column":47}}},"63":{"name":"(anonymous_71)","decl":{"start":{"line":448,"column":121},"end":{"line":448,"column":122}},"loc":{"start":{"line":448,"column":126},"end":{"line":448,"column":186}}},"64":{"name":"(anonymous_72)","decl":{"start":{"line":449,"column":123},"end":{"line":449,"column":124}},"loc":{"start":{"line":449,"column":128},"end":{"line":449,"column":190}}},"65":{"name":"(anonymous_73)","decl":{"start":{"line":451,"column":125},"end":{"line":451,"column":126}},"loc":{"start":{"line":451,"column":130},"end":{"line":451,"column":190}}},"66":{"name":"(anonymous_74)","decl":{"start":{"line":452,"column":123},"end":{"line":452,"column":124}},"loc":{"start":{"line":452,"column":128},"end":{"line":452,"column":186}}},"67":{"name":"(anonymous_75)","decl":{"start":{"line":454,"column":130},"end":{"line":454,"column":131}},"loc":{"start":{"line":454,"column":135},"end":{"line":454,"column":196}}},"68":{"name":"(anonymous_76)","decl":{"start":{"line":456,"column":127},"end":{"line":456,"column":130}},"loc":{"start":{"line":456,"column":133},"end":{"line":456,"column":161}}},"69":{"name":"(anonymous_77)","decl":{"start":{"line":457,"column":122},"end":{"line":457,"column":125}},"loc":{"start":{"line":457,"column":128},"end":{"line":457,"column":149}}},"70":{"name":"(anonymous_78)","decl":{"start":{"line":467,"column":127},"end":{"line":467,"column":130}},"loc":{"start":{"line":467,"column":132},"end":{"line":467,"column":182}}},"71":{"name":"(anonymous_79)","decl":{"start":{"line":488,"column":37},"end":{"line":488,"column":38}},"loc":{"start":{"line":489,"column":24},"end":{"line":489,"column":47}}},"72":{"name":"(anonymous_80)","decl":{"start":{"line":492,"column":128},"end":{"line":492,"column":129}},"loc":{"start":{"line":492,"column":133},"end":{"line":492,"column":199}}},"73":{"name":"(anonymous_81)","decl":{"start":{"line":493,"column":124},"end":{"line":493,"column":125}},"loc":{"start":{"line":493,"column":129},"end":{"line":493,"column":191}}},"74":{"name":"(anonymous_82)","decl":{"start":{"line":495,"column":126},"end":{"line":495,"column":127}},"loc":{"start":{"line":495,"column":131},"end":{"line":495,"column":191}}},"75":{"name":"(anonymous_83)","decl":{"start":{"line":496,"column":124},"end":{"line":496,"column":125}},"loc":{"start":{"line":496,"column":129},"end":{"line":496,"column":187}}},"76":{"name":"(anonymous_84)","decl":{"start":{"line":498,"column":131},"end":{"line":498,"column":132}},"loc":{"start":{"line":498,"column":136},"end":{"line":498,"column":197}}},"77":{"name":"(anonymous_85)","decl":{"start":{"line":500,"column":128},"end":{"line":500,"column":131}},"loc":{"start":{"line":500,"column":134},"end":{"line":500,"column":161}}},"78":{"name":"(anonymous_86)","decl":{"start":{"line":501,"column":123},"end":{"line":501,"column":126}},"loc":{"start":{"line":501,"column":129},"end":{"line":501,"column":150}}},"79":{"name":"(anonymous_87)","decl":{"start":{"line":511,"column":128},"end":{"line":511,"column":131}},"loc":{"start":{"line":511,"column":133},"end":{"line":511,"column":183}}},"80":{"name":"(anonymous_88)","decl":{"start":{"line":536,"column":36},"end":{"line":536,"column":37}},"loc":{"start":{"line":537,"column":24},"end":{"line":537,"column":48}}},"81":{"name":"(anonymous_89)","decl":{"start":{"line":540,"column":126},"end":{"line":540,"column":127}},"loc":{"start":{"line":540,"column":131},"end":{"line":540,"column":196}}},"82":{"name":"(anonymous_90)","decl":{"start":{"line":541,"column":130},"end":{"line":541,"column":131}},"loc":{"start":{"line":541,"column":135},"end":{"line":541,"column":204}}},"83":{"name":"(anonymous_91)","decl":{"start":{"line":543,"column":128},"end":{"line":543,"column":131}},"loc":{"start":{"line":543,"column":134},"end":{"line":543,"column":161}}},"84":{"name":"(anonymous_92)","decl":{"start":{"line":544,"column":123},"end":{"line":544,"column":126}},"loc":{"start":{"line":544,"column":129},"end":{"line":544,"column":151}}},"85":{"name":"(anonymous_93)","decl":{"start":{"line":553,"column":124},"end":{"line":553,"column":127}},"loc":{"start":{"line":553,"column":129},"end":{"line":553,"column":183}}},"86":{"name":"(anonymous_94)","decl":{"start":{"line":580,"column":74},"end":{"line":580,"column":77}},"loc":{"start":{"line":580,"column":80},"end":{"line":580,"column":99}}},"87":{"name":"(anonymous_95)","decl":{"start":{"line":593,"column":74},"end":{"line":593,"column":77}},"loc":{"start":{"line":593,"column":80},"end":{"line":593,"column":106}}},"88":{"name":"(anonymous_96)","decl":{"start":{"line":594,"column":72},"end":{"line":594,"column":75}},"loc":{"start":{"line":594,"column":77},"end":{"line":594,"column":139}}}},"branchMap":{"0":{"loc":{"start":{"line":5,"column":40},"end":{"line":5,"column":59}},"type":"default-arg","locations":[{"start":{"line":5,"column":54},"end":{"line":5,"column":59}}]},"1":{"loc":{"start":{"line":6,"column":4},"end":{"line":6,"column":31}},"type":"if","locations":[{"start":{"line":6,"column":4},"end":{"line":6,"column":31}},{"start":{},"end":{}}]},"2":{"loc":{"start":{"line":8,"column":4},"end":{"line":8,"column":49}},"type":"if","locations":[{"start":{"line":8,"column":4},"end":{"line":8,"column":49}},{"start":{},"end":{}}]},"3":{"loc":{"start":{"line":16,"column":4},"end":{"line":20,"column":5}},"type":"if","locations":[{"start":{"line":16,"column":4},"end":{"line":20,"column":5}},{"start":{},"end":{}}]},"4":{"loc":{"start":{"line":60,"column":4},"end":{"line":66,"column":5}},"type":"if","locations":[{"start":{"line":60,"column":4},"end":{"line":66,"column":5}},{"start":{},"end":{}}]},"5":{"loc":{"start":{"line":74,"column":13},"end":{"line":75,"column":119}},"type":"if","locations":[{"start":{"line":74,"column":13},"end":{"line":75,"column":119}},{"start":{"line":75,"column":18},"end":{"line":75,"column":119}}]},"6":{"loc":{"start":{"line":75,"column":18},"end":{"line":75,"column":119}},"type":"if","locations":[{"start":{"line":75,"column":18},"end":{"line":75,"column":119}},{"start":{},"end":{}}]},"7":{"loc":{"start":{"line":81,"column":6},"end":{"line":106,"column":7}},"type":"if","locations":[{"start":{"line":81,"column":6},"end":{"line":106,"column":7}},{"start":{"line":102,"column":13},"end":{"line":106,"column":7}}]},"8":{"loc":{"start":{"line":118,"column":55},"end":{"line":118,"column":81}},"type":"binary-expr","locations":[{"start":{"line":118,"column":55},"end":{"line":118,"column":64}},{"start":{"line":118,"column":68},"end":{"line":118,"column":81}}]},"9":{"loc":{"start":{"line":129,"column":40},"end":{"line":129,"column":116}},"type":"cond-expr","locations":[{"start":{"line":129,"column":55},"end":{"line":129,"column":113}},{"start":{"line":129,"column":115},"end":{"line":129,"column":116}}]},"10":{"loc":{"start":{"line":130,"column":40},"end":{"line":130,"column":133}},"type":"cond-expr","locations":[{"start":{"line":130,"column":66},"end":{"line":130,"column":127}},{"start":{"line":130,"column":129},"end":{"line":130,"column":133}}]},"11":{"loc":{"start":{"line":130,"column":40},"end":{"line":130,"column":64}},"type":"binary-expr","locations":[{"start":{"line":130,"column":40},"end":{"line":130,"column":44}},{"start":{"line":130,"column":48},"end":{"line":130,"column":64}}]},"12":{"loc":{"start":{"line":132,"column":38},"end":{"line":132,"column":78}},"type":"binary-expr","locations":[{"start":{"line":132,"column":38},"end":{"line":132,"column":63}},{"start":{"line":132,"column":67},"end":{"line":132,"column":78}}]},"13":{"loc":{"start":{"line":132,"column":38},"end":{"line":132,"column":63}},"type":"cond-expr","locations":[{"start":{"line":132,"column":56},"end":{"line":132,"column":58}},{"start":{"line":132,"column":56},"end":{"line":132,"column":63}}]},"14":{"loc":{"start":{"line":132,"column":38},"end":{"line":132,"column":58}},"type":"binary-expr","locations":[{"start":{"line":132,"column":38},"end":{"line":132,"column":58}},{"start":{"line":132,"column":56},"end":{"line":132,"column":58}}]},"15":{"loc":{"start":{"line":132,"column":38},"end":{"line":132,"column":56}},"type":"cond-expr","locations":[{"start":{"line":132,"column":50},"end":{"line":132,"column":52}},{"start":{"line":132,"column":50},"end":{"line":132,"column":56}}]},"16":{"loc":{"start":{"line":132,"column":38},"end":{"line":132,"column":52}},"type":"binary-expr","locations":[{"start":{"line":132,"column":38},"end":{"line":132,"column":52}},{"start":{"line":132,"column":50},"end":{"line":132,"column":52}}]},"17":{"loc":{"start":{"line":144,"column":6},"end":{"line":144,"column":30}},"type":"if","locations":[{"start":{"line":144,"column":6},"end":{"line":144,"column":30}},{"start":{},"end":{}}]},"18":{"loc":{"start":{"line":150,"column":10},"end":{"line":152,"column":11}},"type":"if","locations":[{"start":{"line":150,"column":10},"end":{"line":152,"column":11}},{"start":{},"end":{}}]},"19":{"loc":{"start":{"line":150,"column":14},"end":{"line":150,"column":28}},"type":"cond-expr","locations":[{"start":{"line":150,"column":24},"end":{"line":150,"column":26}},{"start":{"line":150,"column":14},"end":{"line":150,"column":28}}]},"20":{"loc":{"start":{"line":150,"column":14},"end":{"line":150,"column":26}},"type":"binary-expr","locations":[{"start":{"line":150,"column":14},"end":{"line":150,"column":26}},{"start":{"line":150,"column":14},"end":{"line":150,"column":26}}]},"21":{"loc":{"start":{"line":163,"column":47},"end":{"line":163,"column":89}},"type":"cond-expr","locations":[{"start":{"line":163,"column":60},"end":{"line":163,"column":86}},{"start":{"line":163,"column":88},"end":{"line":163,"column":89}}]},"22":{"loc":{"start":{"line":171,"column":46},"end":{"line":171,"column":88}},"type":"cond-expr","locations":[{"start":{"line":171,"column":59},"end":{"line":171,"column":85}},{"start":{"line":171,"column":87},"end":{"line":171,"column":88}}]},"23":{"loc":{"start":{"line":179,"column":45},"end":{"line":179,"column":88}},"type":"cond-expr","locations":[{"start":{"line":179,"column":58},"end":{"line":179,"column":85}},{"start":{"line":179,"column":87},"end":{"line":179,"column":88}}]},"24":{"loc":{"start":{"line":188,"column":15},"end":{"line":190,"column":16}},"type":"if","locations":[{"start":{"line":188,"column":15},"end":{"line":190,"column":16}},{"start":{},"end":{}}]},"25":{"loc":{"start":{"line":191,"column":15},"end":{"line":193,"column":16}},"type":"if","locations":[{"start":{"line":191,"column":15},"end":{"line":193,"column":16}},{"start":{},"end":{}}]},"26":{"loc":{"start":{"line":191,"column":19},"end":{"line":191,"column":61}},"type":"binary-expr","locations":[{"start":{"line":191,"column":19},"end":{"line":191,"column":46}},{"start":{"line":191,"column":50},"end":{"line":191,"column":61}}]},"27":{"loc":{"start":{"line":201,"column":4},"end":{"line":204,"column":5}},"type":"if","locations":[{"start":{"line":201,"column":4},"end":{"line":204,"column":5}},{"start":{},"end":{}}]},"28":{"loc":{"start":{"line":201,"column":8},"end":{"line":201,"column":23}},"type":"binary-expr","locations":[{"start":{"line":201,"column":8},"end":{"line":201,"column":13}},{"start":{"line":201,"column":17},"end":{"line":201,"column":23}}]},"29":{"loc":{"start":{"line":234,"column":11},"end":{"line":248,"column":null}},"type":"binary-expr","locations":[{"start":{"line":234,"column":11},"end":{"line":234,"column":31}},{"start":{"line":235,"column":12},"end":{"line":247,"column":null}}]},"30":{"loc":{"start":{"line":257,"column":7},"end":{"line":337,"column":null}},"type":"binary-expr","locations":[{"start":{"line":257,"column":7},"end":{"line":257,"column":27}},{"start":{"line":258,"column":8},"end":{"line":336,"column":null}}]},"31":{"loc":{"start":{"line":259,"column":11},"end":{"line":325,"column":null}},"type":"cond-expr","locations":[{"start":{"line":260,"column":12},"end":{"line":262,"column":null}},{"start":{"line":264,"column":14},"end":{"line":325,"column":null}}]},"32":{"loc":{"start":{"line":264,"column":14},"end":{"line":325,"column":null}},"type":"cond-expr","locations":[{"start":{"line":265,"column":12},"end":{"line":266,"column":null}},{"start":{"line":269,"column":12},"end":{"line":325,"column":14}}]},"33":{"loc":{"start":{"line":271,"column":17},"end":{"line":310,"column":null}},"type":"cond-expr","locations":[{"start":{"line":272,"column":20},"end":{"line":281,"column":null}},{"start":{"line":284,"column":20},"end":{"line":309,"column":null}}]},"34":{"loc":{"start":{"line":273,"column":70},"end":{"line":273,"column":92}},"type":"binary-expr","locations":[{"start":{"line":273,"column":70},"end":{"line":273,"column":86}},{"start":{"line":273,"column":90},"end":{"line":273,"column":92}}]},"35":{"loc":{"start":{"line":275,"column":146},"end":{"line":275,"column":170}},"type":"cond-expr","locations":[{"start":{"line":275,"column":165},"end":{"line":275,"column":166}},{"start":{"line":275,"column":169},"end":{"line":275,"column":170}}]},"36":{"loc":{"start":{"line":290,"column":80},"end":{"line":290,"column":168}},"type":"binary-expr","locations":[{"start":{"line":290,"column":80},"end":{"line":290,"column":99}},{"start":{"line":290,"column":103},"end":{"line":290,"column":168}}]},"37":{"loc":{"start":{"line":293,"column":27},"end":{"line":294,"column":null}},"type":"binary-expr","locations":[{"start":{"line":293,"column":27},"end":{"line":293,"column":43}},{"start":{"line":294,"column":28},"end":{"line":294,"column":150}}]},"38":{"loc":{"start":{"line":270,"column":24},"end":{"line":270,"column":34}},"type":"binary-expr","locations":[{"start":{"line":270,"column":24},"end":{"line":270,"column":29}},{"start":{"line":270,"column":33},"end":{"line":270,"column":34}}]},"39":{"loc":{"start":{"line":340,"column":7},"end":{"line":404,"column":null}},"type":"binary-expr","locations":[{"start":{"line":340,"column":7},"end":{"line":340,"column":29}},{"start":{"line":341,"column":8},"end":{"line":403,"column":null}}]},"40":{"loc":{"start":{"line":361,"column":27},"end":{"line":361,"column":56}},"type":"cond-expr","locations":[{"start":{"line":361,"column":47},"end":{"line":361,"column":49}},{"start":{"line":361,"column":47},"end":{"line":361,"column":56}}]},"41":{"loc":{"start":{"line":361,"column":27},"end":{"line":361,"column":49}},"type":"binary-expr","locations":[{"start":{"line":361,"column":27},"end":{"line":361,"column":49}},{"start":{"line":361,"column":47},"end":{"line":361,"column":49}}]},"42":{"loc":{"start":{"line":369,"column":39},"end":{"line":369,"column":66}},"type":"binary-expr","locations":[{"start":{"line":369,"column":39},"end":{"line":369,"column":58}},{"start":{"line":369,"column":62},"end":{"line":369,"column":66}}]},"43":{"loc":{"start":{"line":369,"column":39},"end":{"line":369,"column":58}},"type":"cond-expr","locations":[{"start":{"line":369,"column":53},"end":{"line":369,"column":56}},{"start":{"line":369,"column":53},"end":{"line":369,"column":58}}]},"44":{"loc":{"start":{"line":369,"column":39},"end":{"line":369,"column":56}},"type":"binary-expr","locations":[{"start":{"line":369,"column":39},"end":{"line":369,"column":56}},{"start":{"line":369,"column":53},"end":{"line":369,"column":56}}]},"45":{"loc":{"start":{"line":373,"column":15},"end":{"line":373,"column":59}},"type":"cond-expr","locations":[{"start":{"line":373,"column":22},"end":{"line":373,"column":31}},{"start":{"line":373,"column":34},"end":{"line":373,"column":59}}]},"46":{"loc":{"start":{"line":380,"column":94},"end":{"line":380,"column":123}},"type":"cond-expr","locations":[{"start":{"line":380,"column":114},"end":{"line":380,"column":116}},{"start":{"line":380,"column":114},"end":{"line":380,"column":123}}]},"47":{"loc":{"start":{"line":380,"column":94},"end":{"line":380,"column":116}},"type":"binary-expr","locations":[{"start":{"line":380,"column":94},"end":{"line":380,"column":116}},{"start":{"line":380,"column":114},"end":{"line":380,"column":116}}]},"48":{"loc":{"start":{"line":381,"column":17},"end":{"line":381,"column":54}},"type":"cond-expr","locations":[{"start":{"line":381,"column":24},"end":{"line":381,"column":37}},{"start":{"line":381,"column":40},"end":{"line":381,"column":54}}]},"49":{"loc":{"start":{"line":386,"column":11},"end":{"line":402,"column":null}},"type":"binary-expr","locations":[{"start":{"line":386,"column":11},"end":{"line":386,"column":15}},{"start":{"line":387,"column":12},"end":{"line":401,"column":null}}]},"50":{"loc":{"start":{"line":391,"column":26},"end":{"line":391,"column":47}},"type":"binary-expr","locations":[{"start":{"line":391,"column":26},"end":{"line":391,"column":37}},{"start":{"line":391,"column":41},"end":{"line":391,"column":47}}]},"51":{"loc":{"start":{"line":393,"column":17},"end":{"line":399,"column":null}},"type":"cond-expr","locations":[{"start":{"line":394,"column":18},"end":{"line":396,"column":null}},{"start":{"line":399,"column":18},"end":{"line":399,"column":47}}]},"52":{"loc":{"start":{"line":408,"column":8},"end":{"line":571,"column":null}},"type":"binary-expr","locations":[{"start":{"line":408,"column":8},"end":{"line":408,"column":18}},{"start":{"line":409,"column":8},"end":{"line":570,"column":null}}]},"53":{"loc":{"start":{"line":415,"column":18},"end":{"line":416,"column":null}},"type":"binary-expr","locations":[{"start":{"line":415,"column":18},"end":{"line":415,"column":42}},{"start":{"line":416,"column":20},"end":{"line":416,"column":158}}]},"54":{"loc":{"start":{"line":418,"column":18},"end":{"line":418,"column":123}},"type":"binary-expr","locations":[{"start":{"line":418,"column":18},"end":{"line":418,"column":31}},{"start":{"line":418,"column":35},"end":{"line":418,"column":123}}]},"55":{"loc":{"start":{"line":425,"column":21},"end":{"line":430,"column":38}},"type":"cond-expr","locations":[{"start":{"line":426,"column":22},"end":{"line":428,"column":null}},{"start":{"line":430,"column":24},"end":{"line":430,"column":38}}]},"56":{"loc":{"start":{"line":438,"column":15},"end":{"line":475,"column":null}},"type":"cond-expr","locations":[{"start":{"line":439,"column":17},"end":{"line":439,"column":81}},{"start":{"line":440,"column":18},"end":{"line":475,"column":null}}]},"57":{"loc":{"start":{"line":440,"column":18},"end":{"line":475,"column":null}},"type":"cond-expr","locations":[{"start":{"line":441,"column":18},"end":{"line":441,"column":87}},{"start":{"line":443,"column":17},"end":{"line":474,"column":null}}]},"58":{"loc":{"start":{"line":446,"column":28},"end":{"line":471,"column":null}},"type":"cond-expr","locations":[{"start":{"line":447,"column":31},"end":{"line":458,"column":null}},{"start":{"line":461,"column":31},"end":{"line":470,"column":null}}]},"59":{"loc":{"start":{"line":448,"column":81},"end":{"line":448,"column":109}},"type":"binary-expr","locations":[{"start":{"line":448,"column":81},"end":{"line":448,"column":103}},{"start":{"line":448,"column":107},"end":{"line":448,"column":109}}]},"60":{"loc":{"start":{"line":449,"column":81},"end":{"line":449,"column":111}},"type":"binary-expr","locations":[{"start":{"line":449,"column":81},"end":{"line":449,"column":105}},{"start":{"line":449,"column":109},"end":{"line":449,"column":111}}]},"61":{"loc":{"start":{"line":451,"column":85},"end":{"line":451,"column":113}},"type":"binary-expr","locations":[{"start":{"line":451,"column":85},"end":{"line":451,"column":107}},{"start":{"line":451,"column":111},"end":{"line":451,"column":113}}]},"62":{"loc":{"start":{"line":452,"column":85},"end":{"line":452,"column":111}},"type":"binary-expr","locations":[{"start":{"line":452,"column":85},"end":{"line":452,"column":105}},{"start":{"line":452,"column":109},"end":{"line":452,"column":111}}]},"63":{"loc":{"start":{"line":454,"column":89},"end":{"line":454,"column":118}},"type":"binary-expr","locations":[{"start":{"line":454,"column":89},"end":{"line":454,"column":112}},{"start":{"line":454,"column":116},"end":{"line":454,"column":118}}]},"64":{"loc":{"start":{"line":469,"column":110},"end":{"line":469,"column":161}},"type":"cond-expr","locations":[{"start":{"line":469,"column":125},"end":{"line":469,"column":149}},{"start":{"line":469,"column":152},"end":{"line":469,"column":161}}]},"65":{"loc":{"start":{"line":470,"column":36},"end":{"line":470,"column":115}},"type":"binary-expr","locations":[{"start":{"line":470,"column":36},"end":{"line":470,"column":51}},{"start":{"line":470,"column":55},"end":{"line":470,"column":115}}]},"66":{"loc":{"start":{"line":445,"column":34},"end":{"line":445,"column":45}},"type":"binary-expr","locations":[{"start":{"line":445,"column":34},"end":{"line":445,"column":40}},{"start":{"line":445,"column":44},"end":{"line":445,"column":45}}]},"67":{"loc":{"start":{"line":482,"column":15},"end":{"line":523,"column":null}},"type":"cond-expr","locations":[{"start":{"line":483,"column":17},"end":{"line":483,"column":69}},{"start":{"line":484,"column":18},"end":{"line":523,"column":null}}]},"68":{"loc":{"start":{"line":484,"column":18},"end":{"line":523,"column":null}},"type":"cond-expr","locations":[{"start":{"line":485,"column":17},"end":{"line":485,"column":87}},{"start":{"line":487,"column":17},"end":{"line":522,"column":null}}]},"69":{"loc":{"start":{"line":490,"column":29},"end":{"line":519,"column":null}},"type":"cond-expr","locations":[{"start":{"line":491,"column":32},"end":{"line":502,"column":null}},{"start":{"line":505,"column":32},"end":{"line":518,"column":null}}]},"70":{"loc":{"start":{"line":492,"column":82},"end":{"line":492,"column":116}},"type":"binary-expr","locations":[{"start":{"line":492,"column":82},"end":{"line":492,"column":110}},{"start":{"line":492,"column":114},"end":{"line":492,"column":116}}]},"71":{"loc":{"start":{"line":493,"column":82},"end":{"line":493,"column":112}},"type":"binary-expr","locations":[{"start":{"line":493,"column":82},"end":{"line":493,"column":106}},{"start":{"line":493,"column":110},"end":{"line":493,"column":112}}]},"72":{"loc":{"start":{"line":495,"column":86},"end":{"line":495,"column":114}},"type":"binary-expr","locations":[{"start":{"line":495,"column":86},"end":{"line":495,"column":108}},{"start":{"line":495,"column":112},"end":{"line":495,"column":114}}]},"73":{"loc":{"start":{"line":496,"column":86},"end":{"line":496,"column":112}},"type":"binary-expr","locations":[{"start":{"line":496,"column":86},"end":{"line":496,"column":106}},{"start":{"line":496,"column":110},"end":{"line":496,"column":112}}]},"74":{"loc":{"start":{"line":498,"column":90},"end":{"line":498,"column":119}},"type":"binary-expr","locations":[{"start":{"line":498,"column":90},"end":{"line":498,"column":113}},{"start":{"line":498,"column":117},"end":{"line":498,"column":119}}]},"75":{"loc":{"start":{"line":513,"column":37},"end":{"line":516,"column":null}},"type":"binary-expr","locations":[{"start":{"line":513,"column":38},"end":{"line":513,"column":52}},{"start":{"line":513,"column":56},"end":{"line":513,"column":68}},{"start":{"line":514,"column":40},"end":{"line":515,"column":null}}]},"76":{"loc":{"start":{"line":515,"column":76},"end":{"line":515,"column":127}},"type":"cond-expr","locations":[{"start":{"line":515,"column":91},"end":{"line":515,"column":115}},{"start":{"line":515,"column":118},"end":{"line":515,"column":127}}]},"77":{"loc":{"start":{"line":518,"column":37},"end":{"line":518,"column":116}},"type":"binary-expr","locations":[{"start":{"line":518,"column":37},"end":{"line":518,"column":52}},{"start":{"line":518,"column":56},"end":{"line":518,"column":116}}]},"78":{"loc":{"start":{"line":489,"column":34},"end":{"line":489,"column":45}},"type":"binary-expr","locations":[{"start":{"line":489,"column":34},"end":{"line":489,"column":40}},{"start":{"line":489,"column":44},"end":{"line":489,"column":45}}]},"79":{"loc":{"start":{"line":530,"column":15},"end":{"line":558,"column":null}},"type":"cond-expr","locations":[{"start":{"line":531,"column":17},"end":{"line":531,"column":69}},{"start":{"line":532,"column":18},"end":{"line":558,"column":null}}]},"80":{"loc":{"start":{"line":532,"column":18},"end":{"line":558,"column":null}},"type":"cond-expr","locations":[{"start":{"line":533,"column":17},"end":{"line":533,"column":79}},{"start":{"line":535,"column":17},"end":{"line":557,"column":null}}]},"81":{"loc":{"start":{"line":538,"column":29},"end":{"line":554,"column":null}},"type":"cond-expr","locations":[{"start":{"line":539,"column":32},"end":{"line":545,"column":null}},{"start":{"line":548,"column":32},"end":{"line":553,"column":null}}]},"82":{"loc":{"start":{"line":540,"column":82},"end":{"line":540,"column":114}},"type":"binary-expr","locations":[{"start":{"line":540,"column":82},"end":{"line":540,"column":108}},{"start":{"line":540,"column":112},"end":{"line":540,"column":114}}]},"83":{"loc":{"start":{"line":541,"column":82},"end":{"line":541,"column":118}},"type":"binary-expr","locations":[{"start":{"line":541,"column":82},"end":{"line":541,"column":112}},{"start":{"line":541,"column":116},"end":{"line":541,"column":118}}]},"84":{"loc":{"start":{"line":537,"column":34},"end":{"line":537,"column":46}},"type":"binary-expr","locations":[{"start":{"line":537,"column":34},"end":{"line":537,"column":41}},{"start":{"line":537,"column":45},"end":{"line":537,"column":46}}]},"85":{"loc":{"start":{"line":574,"column":9},"end":{"line":584,"column":null}},"type":"binary-expr","locations":[{"start":{"line":574,"column":9},"end":{"line":574,"column":19}},{"start":{"line":575,"column":10},"end":{"line":583,"column":null}}]},"86":{"loc":{"start":{"line":587,"column":8},"end":{"line":597,"column":null}},"type":"binary-expr","locations":[{"start":{"line":587,"column":8},"end":{"line":587,"column":24}},{"start":{"line":588,"column":10},"end":{"line":596,"column":null}}]}},"s":{"0":1,"1":1,"2":1,"3":1,"4":1,"5":78,"6":2,"7":76,"8":76,"9":0,"10":76,"11":76,"12":76,"13":76,"14":76,"15":76,"16":0,"17":0,"18":0,"19":76,"20":69,"21":69,"22":69,"23":69,"24":69,"25":69,"26":69,"27":69,"28":69,"29":69,"30":69,"31":69,"32":69,"33":69,"34":69,"35":69,"36":69,"37":69,"38":69,"39":69,"40":69,"41":69,"42":69,"43":69,"44":69,"45":69,"46":69,"47":12,"48":11,"49":11,"50":11,"51":0,"52":11,"53":69,"54":10,"55":10,"56":10,"57":2,"58":10,"59":1,"60":9,"61":1,"62":69,"63":18,"64":8,"65":8,"66":8,"67":8,"68":8,"69":8,"70":8,"71":8,"72":0,"73":8,"74":8,"75":10,"76":10,"77":10,"78":69,"79":2,"80":2,"81":2,"82":2,"83":0,"84":0,"85":2,"86":2,"87":2,"88":1,"89":1,"90":1,"91":1,"92":1,"93":1,"94":0,"95":0,"96":1,"97":0,"98":1,"99":2,"100":2,"101":69,"102":1,"103":69,"104":1,"105":1,"106":0,"107":1,"108":1,"109":1,"110":1,"111":1,"112":1,"113":0,"114":0,"115":1,"116":69,"117":1,"118":1,"119":1,"120":1,"121":0,"122":0,"123":1,"124":0,"125":69,"126":1,"127":1,"128":1,"129":1,"130":0,"131":0,"132":1,"133":0,"134":69,"135":1,"136":1,"137":1,"138":1,"139":0,"140":0,"141":1,"142":0,"143":69,"144":0,"145":0,"146":0,"147":0,"148":0,"149":0,"150":0,"151":0,"152":0,"153":0,"154":0,"155":0,"156":69,"157":1,"158":1,"159":0,"160":0,"161":1,"162":1,"163":1,"164":1,"165":1,"166":1,"167":1,"168":1,"169":1,"170":1,"171":0,"172":0,"173":1,"174":69,"175":0,"176":8,"177":1,"178":43,"179":0,"180":0,"181":0,"182":0,"183":0,"184":0,"185":1,"186":8,"187":0,"188":1,"189":0,"190":1,"191":0,"192":0,"193":0,"194":0,"195":3,"196":0,"197":4,"198":1,"199":0,"200":0,"201":0,"202":0,"203":1,"204":0,"205":1,"206":1,"207":4,"208":1,"209":0,"210":0,"211":0,"212":0,"213":1,"214":0,"215":1,"216":1,"217":4,"218":1,"219":0,"220":1,"221":0,"222":1,"223":1,"224":0,"225":1,"226":2,"227":2},"f":{"0":78,"1":69,"2":12,"3":11,"4":0,"5":11,"6":10,"7":10,"8":2,"9":0,"10":18,"11":8,"12":8,"13":2,"14":2,"15":0,"16":0,"17":0,"18":0,"19":0,"20":1,"21":1,"22":1,"23":1,"24":1,"25":1,"26":1,"27":0,"28":0,"29":1,"30":1,"31":0,"32":0,"33":1,"34":1,"35":0,"36":0,"37":0,"38":0,"39":0,"40":0,"41":1,"42":1,"43":0,"44":8,"45":1,"46":43,"47":0,"48":0,"49":0,"50":0,"51":0,"52":1,"53":8,"54":0,"55":1,"56":0,"57":1,"58":0,"59":0,"60":3,"61":0,"62":4,"63":1,"64":0,"65":0,"66":0,"67":0,"68":1,"69":0,"70":1,"71":4,"72":1,"73":0,"74":0,"75":0,"76":0,"77":1,"78":0,"79":1,"80":4,"81":1,"82":0,"83":1,"84":0,"85":1,"86":0,"87":1,"88":2},"b":{"0":[78],"1":[2,76],"2":[0,76],"3":[0,76],"4":[11,1],"5":[1,9],"6":[1,8],"7":[8,10],"8":[2,1],"9":[0,0],"10":[0,0],"11":[0,0],"12":[1,0],"13":[0,1],"14":[1,1],"15":[0,1],"16":[1,1],"17":[0,1],"18":[0,1],"19":[1,0],"20":[1,0],"21":[0,0],"22":[0,0],"23":[0,0],"24":[0,0],"25":[0,0],"26":[0,0],"27":[0,1],"28":[1,1],"29":[69,8],"30":[69,65],"31":[20,45],"32":[2,43],"33":[0,43],"34":[0,0],"35":[0,0],"36":[43,0],"37":[43,0],"38":[43,0],"39":[69,4],"40":[0,0],"41":[0,0],"42":[1,0],"43":[0,1],"44":[1,1],"45":[3,1],"46":[0,0],"47":[0,0],"48":[3,1],"49":[4,3],"50":[3,2],"51":[1,2],"52":[69,33],"53":[33,0],"54":[33,6],"55":[2,31],"56":[8,25],"57":[21,4],"58":[2,2],"59":[2,0],"60":[2,0],"61":[2,2],"62":[2,2],"63":[2,2],"64":[0,2],"65":[2,0],"66":[4,0],"67":[8,25],"68":[21,4],"69":[2,2],"70":[2,0],"71":[2,0],"72":[2,2],"73":[2,2],"74":[2,2],"75":[2,2,0],"76":[0,0],"77":[2,0],"78":[4,0],"79":[8,25],"80":[21,4],"81":[2,2],"82":[2,0],"83":[2,0],"84":[4,0],"85":[69,1],"86":[69,3]}}
,"/Users/vivamau/projects/findmyjob/frontend/src/pages/Dashboard.tsx": {"path":"/Users/vivamau/projects/findmyjob/frontend/src/pages/Dashboard.tsx","statementMap":{"0":{"start":{"line":5,"column":0},"end":{"line":5,"column":24}},"1":{"start":{"line":1,"column":0},"end":{"line":1,"column":44}},"2":{"start":{"line":2,"column":0},"end":{"line":2,"column":68}},"3":{"start":{"line":3,"column":0},"end":{"line":3,"column":31}},"4":{"start":{"line":6,"column":44},"end":{"line":6,"column":106}},"5":{"start":{"line":7,"column":24},"end":{"line":7,"column":43}},"6":{"start":{"line":8,"column":42},"end":{"line":8,"column":57}},"7":{"start":{"line":10,"column":21},"end":{"line":27,"column":3}},"8":{"start":{"line":11,"column":6},"end":{"line":11,"column":38}},"9":{"start":{"line":11,"column":23},"end":{"line":11,"column":38}},"10":{"start":{"line":12,"column":6},"end":{"line":26,"column":36}},"11":{"start":{"line":13,"column":23},"end":{"line":13,"column":43}},"12":{"start":{"line":14,"column":10},"end":{"line":14,"column":55}},"13":{"start":{"line":14,"column":37},"end":{"line":14,"column":55}},"14":{"start":{"line":15,"column":22},"end":{"line":15,"column":61}},"15":{"start":{"line":16,"column":25},"end":{"line":16,"column":109}},"16":{"start":{"line":17,"column":24},"end":{"line":17,"column":47}},"17":{"start":{"line":18,"column":23},"end":{"line":18,"column":41}},"18":{"start":{"line":19,"column":21},"end":{"line":19,"column":46}},"19":{"start":{"line":20,"column":10},"end":{"line":24,"column":11}},"20":{"start":{"line":21,"column":28},"end":{"line":21,"column":68}},"21":{"start":{"line":22,"column":30},"end":{"line":22,"column":72}},"22":{"start":{"line":23,"column":14},"end":{"line":23,"column":45}},"23":{"start":{"line":25,"column":10},"end":{"line":25,"column":22}},"24":{"start":{"line":26,"column":16},"end":{"line":26,"column":34}},"25":{"start":{"line":29,"column":2},"end":{"line":45,"column":9}},"26":{"start":{"line":30,"column":4},"end":{"line":30,"column":26}},"27":{"start":{"line":31,"column":4},"end":{"line":39,"column":46}},"28":{"start":{"line":33,"column":8},"end":{"line":37,"column":9}},"29":{"start":{"line":34,"column":12},"end":{"line":34,"column":42}},"30":{"start":{"line":36,"column":12},"end":{"line":36,"column":38}},"31":{"start":{"line":39,"column":19},"end":{"line":39,"column":44}},"32":{"start":{"line":41,"column":4},"end":{"line":44,"column":45}},"33":{"start":{"line":42,"column":19},"end":{"line":42,"column":35}},"34":{"start":{"line":44,"column":21},"end":{"line":44,"column":43}},"35":{"start":{"line":46,"column":2},"end":{"line":151,"column":4}},"36":{"start":{"line":114,"column":14},"end":{"line":114,"column":27}},"37":{"start":{"line":137,"column":16},"end":{"line":137,"column":38}}},"fnMap":{"0":{"name":"Dashboard","decl":{"start":{"line":5,"column":24},"end":{"line":5,"column":33}},"loc":{"start":{"line":5,"column":33},"end":{"line":152,"column":1}}},"1":{"name":"(anonymous_2)","decl":{"start":{"line":10,"column":21},"end":{"line":10,"column":22}},"loc":{"start":{"line":10,"column":65},"end":{"line":27,"column":3}}},"2":{"name":"(anonymous_3)","decl":{"start":{"line":29,"column":12},"end":{"line":29,"column":15}},"loc":{"start":{"line":29,"column":17},"end":{"line":45,"column":3}}},"3":{"name":"(anonymous_4)","decl":{"start":{"line":32,"column":12},"end":{"line":32,"column":13}},"loc":{"start":{"line":32,"column":20},"end":{"line":38,"column":7}}},"4":{"name":"(anonymous_5)","decl":{"start":{"line":39,"column":13},"end":{"line":39,"column":16}},"loc":{"start":{"line":39,"column":19},"end":{"line":39,"column":44}}},"5":{"name":"(anonymous_6)","decl":{"start":{"line":42,"column":12},"end":{"line":42,"column":15}},"loc":{"start":{"line":42,"column":19},"end":{"line":42,"column":35}}},"6":{"name":"(anonymous_7)","decl":{"start":{"line":43,"column":13},"end":{"line":43,"column":16}},"loc":{"start":{"line":43,"column":18},"end":{"line":43,"column":21}}},"7":{"name":"(anonymous_8)","decl":{"start":{"line":44,"column":15},"end":{"line":44,"column":18}},"loc":{"start":{"line":44,"column":21},"end":{"line":44,"column":43}}},"8":{"name":"(anonymous_9)","decl":{"start":{"line":113,"column":18},"end":{"line":113,"column":19}},"loc":{"start":{"line":114,"column":14},"end":{"line":114,"column":27}}},"9":{"name":"(anonymous_10)","decl":{"start":{"line":136,"column":22},"end":{"line":136,"column":23}},"loc":{"start":{"line":137,"column":16},"end":{"line":137,"column":38}}}},"branchMap":{"0":{"loc":{"start":{"line":10,"column":42},"end":{"line":10,"column":61}},"type":"default-arg","locations":[{"start":{"line":10,"column":56},"end":{"line":10,"column":61}}]},"1":{"loc":{"start":{"line":11,"column":6},"end":{"line":11,"column":38}},"type":"if","locations":[{"start":{"line":11,"column":6},"end":{"line":11,"column":38}},{"start":{},"end":{}}]},"2":{"loc":{"start":{"line":14,"column":10},"end":{"line":14,"column":55}},"type":"if","locations":[{"start":{"line":14,"column":10},"end":{"line":14,"column":55}},{"start":{},"end":{}}]},"3":{"loc":{"start":{"line":20,"column":10},"end":{"line":24,"column":11}},"type":"if","locations":[{"start":{"line":20,"column":10},"end":{"line":24,"column":11}},{"start":{},"end":{}}]},"4":{"loc":{"start":{"line":33,"column":8},"end":{"line":37,"column":9}},"type":"if","locations":[{"start":{"line":33,"column":8},"end":{"line":37,"column":9}},{"start":{"line":35,"column":15},"end":{"line":37,"column":9}}]},"5":{"loc":{"start":{"line":33,"column":12},"end":{"line":33,"column":48}},"type":"binary-expr","locations":[{"start":{"line":33,"column":12},"end":{"line":33,"column":20}},{"start":{"line":33,"column":24},"end":{"line":33,"column":48}}]},"6":{"loc":{"start":{"line":53,"column":54},"end":{"line":53,"column":154}},"type":"cond-expr","locations":[{"start":{"line":53,"column":86},"end":{"line":53,"column":98}},{"start":{"line":53,"column":101},"end":{"line":53,"column":154}}]},"7":{"loc":{"start":{"line":53,"column":101},"end":{"line":53,"column":154}},"type":"cond-expr","locations":[{"start":{"line":53,"column":129},"end":{"line":53,"column":139}},{"start":{"line":53,"column":142},"end":{"line":53,"column":154}}]},"8":{"loc":{"start":{"line":131,"column":13},"end":{"line":145,"column":null}},"type":"cond-expr","locations":[{"start":{"line":132,"column":14},"end":{"line":132,"column":74}},{"start":{"line":133,"column":16},"end":{"line":145,"column":null}}]},"9":{"loc":{"start":{"line":133,"column":16},"end":{"line":145,"column":null}},"type":"cond-expr","locations":[{"start":{"line":134,"column":14},"end":{"line":134,"column":78}},{"start":{"line":136,"column":14},"end":{"line":145,"column":16}}]},"10":{"loc":{"start":{"line":138,"column":65},"end":{"line":138,"column":153}},"type":"binary-expr","locations":[{"start":{"line":138,"column":65},"end":{"line":138,"column":84}},{"start":{"line":138,"column":88},"end":{"line":138,"column":153}}]},"11":{"loc":{"start":{"line":141,"column":62},"end":{"line":141,"column":125}},"type":"cond-expr","locations":[{"start":{"line":141,"column":81},"end":{"line":141,"column":115}},{"start":{"line":141,"column":118},"end":{"line":141,"column":125}}]},"12":{"loc":{"start":{"line":142,"column":21},"end":{"line":142,"column":103}},"type":"binary-expr","locations":[{"start":{"line":142,"column":21},"end":{"line":142,"column":35}},{"start":{"line":142,"column":39},"end":{"line":142,"column":103}}]},"13":{"loc":{"start":{"line":137,"column":26},"end":{"line":137,"column":36}},"type":"binary-expr","locations":[{"start":{"line":137,"column":26},"end":{"line":137,"column":31}},{"start":{"line":137,"column":35},"end":{"line":137,"column":36}}]}},"s":{"0":1,"1":1,"2":1,"3":1,"4":3,"5":3,"6":3,"7":3,"8":2,"9":1,"10":1,"11":1,"12":1,"13":0,"14":1,"15":1,"16":1,"17":1,"18":1,"19":1,"20":1,"21":1,"22":1,"23":1,"24":0,"25":3,"26":1,"27":1,"28":1,"29":1,"30":0,"31":0,"32":1,"33":1,"34":1,"35":3,"36":9,"37":1},"f":{"0":3,"1":2,"2":1,"3":1,"4":0,"5":1,"6":0,"7":1,"8":9,"9":1},"b":{"0":[1],"1":[1,1],"2":[0,1],"3":[1,0],"4":[1,0],"5":[1,1],"6":[1,2],"7":[0,2],"8":[1,2],"9":[1,1],"10":[1,0],"11":[1,0],"12":[1,1],"13":[1,0]}}
,"/Users/vivamau/projects/findmyjob/frontend/src/pages/Settings.tsx": {"path":"/Users/vivamau/projects/findmyjob/frontend/src/pages/Settings.tsx","statementMap":{"0":{"start":{"line":5,"column":0},"end":{"line":5,"column":24}},"1":{"start":{"line":1,"column":0},"end":{"line":1,"column":44}},"2":{"start":{"line":2,"column":0},"end":{"line":2,"column":91}},"3":{"start":{"line":3,"column":0},"end":{"line":3,"column":31}},"4":{"start":{"line":6,"column":38},"end":{"line":6,"column":57}},"5":{"start":{"line":7,"column":38},"end":{"line":7,"column":53}},"6":{"start":{"line":8,"column":48},"end":{"line":8,"column":68}},"7":{"start":{"line":9,"column":50},"end":{"line":9,"column":67}},"8":{"start":{"line":10,"column":42},"end":{"line":10,"column":54}},"9":{"start":{"line":11,"column":44},"end":{"line":11,"column":66}},"10":{"start":{"line":13,"column":40},"end":{"line":13,"column":59}},"11":{"start":{"line":14,"column":32},"end":{"line":14,"column":44}},"12":{"start":{"line":15,"column":42},"end":{"line":15,"column":53}},"13":{"start":{"line":16,"column":38},"end":{"line":16,"column":71}},"14":{"start":{"line":17,"column":36},"end":{"line":17,"column":51}},"15":{"start":{"line":18,"column":42},"end":{"line":18,"column":65}},"16":{"start":{"line":20,"column":4},"end":{"line":24,"column":11}},"17":{"start":{"line":21,"column":8},"end":{"line":21,"column":25}},"18":{"start":{"line":22,"column":8},"end":{"line":22,"column":22}},"19":{"start":{"line":23,"column":8},"end":{"line":23,"column":26}},"20":{"start":{"line":26,"column":28},"end":{"line":31,"column":6}},"21":{"start":{"line":26,"column":39},"end":{"line":31,"column":6}},"22":{"start":{"line":27,"column":8},"end":{"line":30,"column":45}},"23":{"start":{"line":28,"column":24},"end":{"line":28,"column":54}},"24":{"start":{"line":29,"column":12},"end":{"line":29,"column":36}},"25":{"start":{"line":30,"column":24},"end":{"line":30,"column":43}},"26":{"start":{"line":33,"column":28},"end":{"line":41,"column":6}},"27":{"start":{"line":33,"column":39},"end":{"line":41,"column":6}},"28":{"start":{"line":34,"column":8},"end":{"line":34,"column":35}},"29":{"start":{"line":34,"column":28},"end":{"line":34,"column":35}},"30":{"start":{"line":35,"column":8},"end":{"line":40,"column":50}},"31":{"start":{"line":36,"column":12},"end":{"line":36,"column":96}},"32":{"start":{"line":37,"column":12},"end":{"line":37,"column":26}},"33":{"start":{"line":38,"column":12},"end":{"line":38,"column":30}},"34":{"start":{"line":39,"column":12},"end":{"line":39,"column":30}},"35":{"start":{"line":40,"column":29},"end":{"line":40,"column":48}},"36":{"start":{"line":43,"column":31},"end":{"line":48,"column":6}},"37":{"start":{"line":43,"column":52},"end":{"line":48,"column":6}},"38":{"start":{"line":44,"column":8},"end":{"line":47,"column":50}},"39":{"start":{"line":45,"column":12},"end":{"line":45,"column":52}},"40":{"start":{"line":46,"column":12},"end":{"line":46,"column":30}},"41":{"start":{"line":47,"column":29},"end":{"line":47,"column":48}},"42":{"start":{"line":50,"column":28},"end":{"line":76,"column":6}},"43":{"start":{"line":50,"column":39},"end":{"line":76,"column":6}},"44":{"start":{"line":51,"column":8},"end":{"line":51,"column":59}},"45":{"start":{"line":52,"column":8},"end":{"line":52,"column":26}},"46":{"start":{"line":53,"column":8},"end":{"line":53,"column":40}},"47":{"start":{"line":55,"column":21},"end":{"line":62,"column":16}},"48":{"start":{"line":55,"column":44},"end":{"line":62,"column":11}},"49":{"start":{"line":56,"column":12},"end":{"line":61,"column":28}},"50":{"start":{"line":57,"column":28},"end":{"line":57,"column":64}},"51":{"start":{"line":58,"column":16},"end":{"line":60,"column":83}},"52":{"start":{"line":58,"column":52},"end":{"line":58,"column":82}},"53":{"start":{"line":59,"column":21},"end":{"line":60,"column":83}},"54":{"start":{"line":59,"column":56},"end":{"line":59,"column":85}},"55":{"start":{"line":60,"column":21},"end":{"line":60,"column":83}},"56":{"start":{"line":60,"column":55},"end":{"line":60,"column":83}},"57":{"start":{"line":64,"column":8},"end":{"line":75,"column":9}},"58":{"start":{"line":65,"column":12},"end":{"line":65,"column":43}},"59":{"start":{"line":66,"column":12},"end":{"line":66,"column":65}},"60":{"start":{"line":67,"column":12},"end":{"line":67,"column":30}},"61":{"start":{"line":69,"column":12},"end":{"line":69,"column":31}},"62":{"start":{"line":70,"column":12},"end":{"line":70,"column":75}},"63":{"start":{"line":72,"column":12},"end":{"line":72,"column":32}},"64":{"start":{"line":73,"column":12},"end":{"line":73,"column":31}},"65":{"start":{"line":74,"column":12},"end":{"line":74,"column":42}},"66":{"start":{"line":78,"column":24},"end":{"line":83,"column":6}},"67":{"start":{"line":78,"column":35},"end":{"line":83,"column":6}},"68":{"start":{"line":79,"column":8},"end":{"line":82,"column":45}},"69":{"start":{"line":80,"column":24},"end":{"line":80,"column":51}},"70":{"start":{"line":81,"column":12},"end":{"line":81,"column":38}},"71":{"start":{"line":82,"column":24},"end":{"line":82,"column":43}},"72":{"start":{"line":85,"column":27},"end":{"line":94,"column":6}},"73":{"start":{"line":85,"column":38},"end":{"line":94,"column":6}},"74":{"start":{"line":86,"column":8},"end":{"line":86,"column":27}},"75":{"start":{"line":87,"column":8},"end":{"line":93,"column":40}},"76":{"start":{"line":88,"column":24},"end":{"line":88,"column":54}},"77":{"start":{"line":89,"column":12},"end":{"line":89,"column":35}},"78":{"start":{"line":90,"column":27},"end":{"line":90,"column":71}},"79":{"start":{"line":90,"column":53},"end":{"line":90,"column":70}},"80":{"start":{"line":91,"column":12},"end":{"line":91,"column":62}},"81":{"start":{"line":91,"column":24},"end":{"line":91,"column":62}},"82":{"start":{"line":92,"column":24},"end":{"line":92,"column":43}},"83":{"start":{"line":93,"column":18},"end":{"line":93,"column":38}},"84":{"start":{"line":96,"column":29},"end":{"line":108,"column":6}},"85":{"start":{"line":96,"column":58},"end":{"line":108,"column":6}},"86":{"start":{"line":97,"column":8},"end":{"line":97,"column":27}},"87":{"start":{"line":98,"column":8},"end":{"line":107,"column":80}},"88":{"start":{"line":99,"column":25},"end":{"line":99,"column":58}},"89":{"start":{"line":100,"column":12},"end":{"line":104,"column":15}},"90":{"start":{"line":105,"column":12},"end":{"line":105,"column":75}},"91":{"start":{"line":106,"column":12},"end":{"line":106,"column":29}},"92":{"start":{"line":107,"column":29},"end":{"line":107,"column":78}},"93":{"start":{"line":110,"column":30},"end":{"line":118,"column":5}},"94":{"start":{"line":111,"column":9},"end":{"line":117,"column":13}},"95":{"start":{"line":111,"column":43},"end":{"line":115,"column":null}},"96":{"start":{"line":114,"column":68},"end":{"line":114,"column":96}},"97":{"start":{"line":120,"column":4},"end":{"line":301,"column":6}},"98":{"start":{"line":139,"column":35},"end":{"line":139,"column":53}},"99":{"start":{"line":145,"column":35},"end":{"line":145,"column":59}},"100":{"start":{"line":162,"column":38},"end":{"line":162,"column":73}},"101":{"start":{"line":163,"column":41},"end":{"line":163,"column":73}},"102":{"start":{"line":165,"column":24},"end":{"line":228,"column":null}},"103":{"start":{"line":174,"column":64},"end":{"line":174,"column":96}},"104":{"start":{"line":184,"column":55},"end":{"line":184,"column":86}},"105":{"start":{"line":200,"column":67},"end":{"line":200,"column":132}},"106":{"start":{"line":203,"column":75},"end":{"line":203,"column":91}},"107":{"start":{"line":211,"column":63},"end":{"line":211,"column":128}},"108":{"start":{"line":222,"column":59},"end":{"line":222,"column":118}},"109":{"start":{"line":246,"column":39},"end":{"line":246,"column":64}},"110":{"start":{"line":255,"column":43},"end":{"line":255,"column":81}},"111":{"start":{"line":275,"column":24},"end":{"line":275,"column":40}},"112":{"start":{"line":282,"column":113},"end":{"line":282,"column":137}}},"fnMap":{"0":{"name":"Settings","decl":{"start":{"line":5,"column":24},"end":{"line":5,"column":32}},"loc":{"start":{"line":5,"column":32},"end":{"line":302,"column":1}}},"1":{"name":"(anonymous_9)","decl":{"start":{"line":20,"column":14},"end":{"line":20,"column":17}},"loc":{"start":{"line":20,"column":19},"end":{"line":24,"column":5}}},"2":{"name":"(anonymous_10)","decl":{"start":{"line":26,"column":28},"end":{"line":26,"column":37}},"loc":{"start":{"line":26,"column":39},"end":{"line":31,"column":6}}},"3":{"name":"(anonymous_11)","decl":{"start":{"line":26,"column":39},"end":{"line":26,"column":null}},"loc":{"start":{"line":26,"column":39},"end":{"line":31,"column":5}}},"4":{"name":"(anonymous_12)","decl":{"start":{"line":33,"column":28},"end":{"line":33,"column":37}},"loc":{"start":{"line":33,"column":39},"end":{"line":41,"column":6}}},"5":{"name":"(anonymous_13)","decl":{"start":{"line":33,"column":39},"end":{"line":33,"column":null}},"loc":{"start":{"line":33,"column":39},"end":{"line":41,"column":5}}},"6":{"name":"(anonymous_14)","decl":{"start":{"line":43,"column":31},"end":{"line":43,"column":38}},"loc":{"start":{"line":43,"column":52},"end":{"line":48,"column":6}}},"7":{"name":"(anonymous_15)","decl":{"start":{"line":43,"column":52},"end":{"line":43,"column":null}},"loc":{"start":{"line":43,"column":52},"end":{"line":48,"column":5}}},"8":{"name":"(anonymous_16)","decl":{"start":{"line":50,"column":28},"end":{"line":50,"column":37}},"loc":{"start":{"line":50,"column":39},"end":{"line":76,"column":6}}},"9":{"name":"(anonymous_17)","decl":{"start":{"line":50,"column":39},"end":{"line":50,"column":null}},"loc":{"start":{"line":50,"column":39},"end":{"line":76,"column":5}}},"10":{"name":"(anonymous_18)","decl":{"start":{"line":55,"column":33},"end":{"line":55,"column":42}},"loc":{"start":{"line":55,"column":44},"end":{"line":62,"column":11}}},"11":{"name":"(anonymous_19)","decl":{"start":{"line":55,"column":44},"end":{"line":55,"column":null}},"loc":{"start":{"line":55,"column":44},"end":{"line":62,"column":9}}},"12":{"name":"(anonymous_20)","decl":{"start":{"line":78,"column":24},"end":{"line":78,"column":33}},"loc":{"start":{"line":78,"column":35},"end":{"line":83,"column":6}}},"13":{"name":"(anonymous_21)","decl":{"start":{"line":78,"column":35},"end":{"line":78,"column":null}},"loc":{"start":{"line":78,"column":35},"end":{"line":83,"column":5}}},"14":{"name":"(anonymous_22)","decl":{"start":{"line":85,"column":27},"end":{"line":85,"column":36}},"loc":{"start":{"line":85,"column":38},"end":{"line":94,"column":6}}},"15":{"name":"(anonymous_23)","decl":{"start":{"line":85,"column":38},"end":{"line":85,"column":null}},"loc":{"start":{"line":85,"column":38},"end":{"line":94,"column":5}}},"16":{"name":"(anonymous_24)","decl":{"start":{"line":90,"column":41},"end":{"line":90,"column":42}},"loc":{"start":{"line":90,"column":53},"end":{"line":90,"column":70}}},"17":{"name":"(anonymous_25)","decl":{"start":{"line":96,"column":29},"end":{"line":96,"column":36}},"loc":{"start":{"line":96,"column":58},"end":{"line":108,"column":6}}},"18":{"name":"(anonymous_26)","decl":{"start":{"line":96,"column":58},"end":{"line":96,"column":null}},"loc":{"start":{"line":96,"column":58},"end":{"line":108,"column":5}}},"19":{"name":"(anonymous_27)","decl":{"start":{"line":110,"column":30},"end":{"line":110,"column":31}},"loc":{"start":{"line":110,"column":83},"end":{"line":118,"column":5}}},"20":{"name":"(anonymous_28)","decl":{"start":{"line":111,"column":28},"end":{"line":111,"column":29}},"loc":{"start":{"line":111,"column":43},"end":{"line":115,"column":null}}},"21":{"name":"(anonymous_29)","decl":{"start":{"line":114,"column":56},"end":{"line":114,"column":57}},"loc":{"start":{"line":114,"column":68},"end":{"line":114,"column":96}}},"22":{"name":"(anonymous_30)","decl":{"start":{"line":139,"column":29},"end":{"line":139,"column":32}},"loc":{"start":{"line":139,"column":35},"end":{"line":139,"column":53}}},"23":{"name":"(anonymous_31)","decl":{"start":{"line":145,"column":29},"end":{"line":145,"column":32}},"loc":{"start":{"line":145,"column":35},"end":{"line":145,"column":59}}},"24":{"name":"(anonymous_32)","decl":{"start":{"line":161,"column":34},"end":{"line":161,"column":35}},"loc":{"start":{"line":161,"column":45},"end":{"line":229,"column":21}}},"25":{"name":"(anonymous_33)","decl":{"start":{"line":174,"column":58},"end":{"line":174,"column":61}},"loc":{"start":{"line":174,"column":64},"end":{"line":174,"column":96}}},"26":{"name":"(anonymous_34)","decl":{"start":{"line":184,"column":49},"end":{"line":184,"column":52}},"loc":{"start":{"line":184,"column":55},"end":{"line":184,"column":86}}},"27":{"name":"(anonymous_35)","decl":{"start":{"line":200,"column":62},"end":{"line":200,"column":63}},"loc":{"start":{"line":200,"column":67},"end":{"line":200,"column":132}}},"28":{"name":"(anonymous_36)","decl":{"start":{"line":203,"column":70},"end":{"line":203,"column":71}},"loc":{"start":{"line":203,"column":75},"end":{"line":203,"column":91}}},"29":{"name":"(anonymous_37)","decl":{"start":{"line":211,"column":58},"end":{"line":211,"column":59}},"loc":{"start":{"line":211,"column":63},"end":{"line":211,"column":128}}},"30":{"name":"(anonymous_38)","decl":{"start":{"line":222,"column":54},"end":{"line":222,"column":55}},"loc":{"start":{"line":222,"column":59},"end":{"line":222,"column":118}}},"31":{"name":"(anonymous_39)","decl":{"start":{"line":246,"column":34},"end":{"line":246,"column":35}},"loc":{"start":{"line":246,"column":39},"end":{"line":246,"column":64}}},"32":{"name":"(anonymous_40)","decl":{"start":{"line":255,"column":38},"end":{"line":255,"column":39}},"loc":{"start":{"line":255,"column":43},"end":{"line":255,"column":81}}},"33":{"name":"(anonymous_41)","decl":{"start":{"line":274,"column":36},"end":{"line":274,"column":37}},"loc":{"start":{"line":275,"column":24},"end":{"line":275,"column":40}}},"34":{"name":"(anonymous_42)","decl":{"start":{"line":282,"column":107},"end":{"line":282,"column":110}},"loc":{"start":{"line":282,"column":113},"end":{"line":282,"column":137}}}},"branchMap":{"0":{"loc":{"start":{"line":34,"column":8},"end":{"line":34,"column":35}},"type":"if","locations":[{"start":{"line":34,"column":8},"end":{"line":34,"column":35}},{"start":{},"end":{}}]},"1":{"loc":{"start":{"line":58,"column":16},"end":{"line":60,"column":83}},"type":"if","locations":[{"start":{"line":58,"column":16},"end":{"line":60,"column":83}},{"start":{"line":59,"column":21},"end":{"line":60,"column":83}}]},"2":{"loc":{"start":{"line":59,"column":21},"end":{"line":60,"column":83}},"type":"if","locations":[{"start":{"line":59,"column":21},"end":{"line":60,"column":83}},{"start":{"line":60,"column":21},"end":{"line":60,"column":83}}]},"3":{"loc":{"start":{"line":60,"column":21},"end":{"line":60,"column":83}},"type":"if","locations":[{"start":{"line":60,"column":21},"end":{"line":60,"column":83}},{"start":{},"end":{}}]},"4":{"loc":{"start":{"line":91,"column":12},"end":{"line":91,"column":62}},"type":"if","locations":[{"start":{"line":91,"column":12},"end":{"line":91,"column":62}},{"start":{},"end":{}}]},"5":{"loc":{"start":{"line":99,"column":25},"end":{"line":99,"column":58}},"type":"binary-expr","locations":[{"start":{"line":99,"column":25},"end":{"line":99,"column":52}},{"start":{"line":99,"column":56},"end":{"line":99,"column":58}}]},"6":{"loc":{"start":{"line":103,"column":27},"end":{"line":103,"column":64}},"type":"cond-expr","locations":[{"start":{"line":103,"column":59},"end":{"line":103,"column":60}},{"start":{"line":103,"column":63},"end":{"line":103,"column":64}}]},"7":{"loc":{"start":{"line":114,"column":21},"end":{"line":114,"column":97}},"type":"binary-expr","locations":[{"start":{"line":114,"column":21},"end":{"line":114,"column":37}},{"start":{"line":114,"column":41},"end":{"line":114,"column":97}}]},"8":{"loc":{"start":{"line":129,"column":13},"end":{"line":133,"column":null}},"type":"binary-expr","locations":[{"start":{"line":129,"column":13},"end":{"line":129,"column":24}},{"start":{"line":130,"column":16},"end":{"line":132,"column":null}}]},"9":{"loc":{"start":{"line":138,"column":114},"end":{"line":138,"column":236}},"type":"cond-expr","locations":[{"start":{"line":138,"column":135},"end":{"line":138,"column":181}},{"start":{"line":138,"column":184},"end":{"line":138,"column":236}}]},"10":{"loc":{"start":{"line":144,"column":114},"end":{"line":144,"column":242}},"type":"cond-expr","locations":[{"start":{"line":144,"column":141},"end":{"line":144,"column":187}},{"start":{"line":144,"column":190},"end":{"line":144,"column":242}}]},"11":{"loc":{"start":{"line":151,"column":13},"end":{"line":231,"column":null}},"type":"binary-expr","locations":[{"start":{"line":151,"column":13},"end":{"line":151,"column":31}},{"start":{"line":152,"column":16},"end":{"line":230,"column":null}}]},"12":{"loc":{"start":{"line":158,"column":17},"end":{"line":229,"column":null}},"type":"cond-expr","locations":[{"start":{"line":159,"column":20},"end":{"line":159,"column":89}},{"start":{"line":161,"column":20},"end":{"line":229,"column":22}}]},"13":{"loc":{"start":{"line":162,"column":38},"end":{"line":162,"column":73}},"type":"binary-expr","locations":[{"start":{"line":162,"column":38},"end":{"line":162,"column":68}},{"start":{"line":162,"column":72},"end":{"line":162,"column":73}}]},"14":{"loc":{"start":{"line":166,"column":117},"end":{"line":166,"column":225}},"type":"cond-expr","locations":[{"start":{"line":166,"column":128},"end":{"line":166,"column":184}},{"start":{"line":166,"column":187},"end":{"line":166,"column":225}}]},"15":{"loc":{"start":{"line":179,"column":45},"end":{"line":179,"column":150}},"type":"binary-expr","locations":[{"start":{"line":179,"column":45},"end":{"line":179,"column":71}},{"start":{"line":179,"column":75},"end":{"line":179,"column":150}}]},"16":{"loc":{"start":{"line":183,"column":97},"end":{"line":183,"column":139}},"type":"cond-expr","locations":[{"start":{"line":183,"column":108},"end":{"line":183,"column":121}},{"start":{"line":183,"column":124},"end":{"line":183,"column":139}}]},"17":{"loc":{"start":{"line":194,"column":41},"end":{"line":213,"column":null}},"type":"cond-expr","locations":[{"start":{"line":195,"column":44},"end":{"line":205,"column":null}},{"start":{"line":208,"column":44},"end":{"line":212,"column":null}}]},"18":{"loc":{"start":{"line":199,"column":59},"end":{"line":199,"column":84}},"type":"binary-expr","locations":[{"start":{"line":199,"column":59},"end":{"line":199,"column":78}},{"start":{"line":199,"column":82},"end":{"line":199,"column":84}}]},"19":{"loc":{"start":{"line":205,"column":49},"end":{"line":205,"column":149}},"type":"binary-expr","locations":[{"start":{"line":205,"column":49},"end":{"line":205,"column":74}},{"start":{"line":205,"column":78},"end":{"line":205,"column":149}}]},"20":{"loc":{"start":{"line":210,"column":55},"end":{"line":210,"column":80}},"type":"binary-expr","locations":[{"start":{"line":210,"column":55},"end":{"line":210,"column":74}},{"start":{"line":210,"column":78},"end":{"line":210,"column":80}}]},"21":{"loc":{"start":{"line":217,"column":87},"end":{"line":217,"column":139}},"type":"binary-expr","locations":[{"start":{"line":217,"column":87},"end":{"line":217,"column":113}},{"start":{"line":217,"column":117},"end":{"line":217,"column":139}}]},"22":{"loc":{"start":{"line":221,"column":51},"end":{"line":221,"column":70}},"type":"binary-expr","locations":[{"start":{"line":221,"column":51},"end":{"line":221,"column":64}},{"start":{"line":221,"column":68},"end":{"line":221,"column":70}}]},"23":{"loc":{"start":{"line":223,"column":57},"end":{"line":223,"column":102}},"type":"cond-expr","locations":[{"start":{"line":223,"column":86},"end":{"line":223,"column":91}},{"start":{"line":223,"column":94},"end":{"line":223,"column":102}}]},"24":{"loc":{"start":{"line":234,"column":13},"end":{"line":298,"column":null}},"type":"binary-expr","locations":[{"start":{"line":234,"column":13},"end":{"line":234,"column":37}},{"start":{"line":235,"column":16},"end":{"line":297,"column":null}}]},"25":{"loc":{"start":{"line":268,"column":25},"end":{"line":268,"column":103}},"type":"cond-expr","locations":[{"start":{"line":268,"column":36},"end":{"line":268,"column":82}},{"start":{"line":268,"column":85},"end":{"line":268,"column":103}}]},"26":{"loc":{"start":{"line":280,"column":98},"end":{"line":280,"column":125}},"type":"binary-expr","locations":[{"start":{"line":280,"column":98},"end":{"line":280,"column":120}},{"start":{"line":280,"column":124},"end":{"line":280,"column":125}}]},"27":{"loc":{"start":{"line":286,"column":33},"end":{"line":292,"column":null}},"type":"binary-expr","locations":[{"start":{"line":286,"column":33},"end":{"line":286,"column":55}},{"start":{"line":287,"column":36},"end":{"line":291,"column":null}}]},"28":{"loc":{"start":{"line":290,"column":88},"end":{"line":290,"column":133}},"type":"binary-expr","locations":[{"start":{"line":290,"column":88},"end":{"line":290,"column":124}},{"start":{"line":290,"column":128},"end":{"line":290,"column":133}}]}},"s":{"0":1,"1":1,"2":1,"3":1,"4":12,"5":12,"6":12,"7":12,"8":12,"9":12,"10":12,"11":12,"12":12,"13":12,"14":12,"15":12,"16":12,"17":3,"18":3,"19":3,"20":12,"21":4,"22":4,"23":4,"24":4,"25":2,"26":12,"27":1,"28":1,"29":0,"30":1,"31":1,"32":1,"33":1,"34":1,"35":0,"36":12,"37":0,"38":0,"39":0,"40":0,"41":0,"42":12,"43":0,"44":0,"45":0,"46":0,"47":0,"48":0,"49":0,"50":0,"51":0,"52":0,"53":0,"54":0,"55":0,"56":0,"57":0,"58":0,"59":0,"60":0,"61":0,"62":0,"63":0,"64":0,"65":0,"66":12,"67":3,"68":3,"69":3,"70":3,"71":0,"72":12,"73":3,"74":3,"75":3,"76":3,"77":3,"78":3,"79":1,"80":3,"81":1,"82":0,"83":3,"84":12,"85":0,"86":0,"87":0,"88":0,"89":0,"90":0,"91":0,"92":0,"93":12,"94":0,"95":0,"96":0,"97":12,"98":0,"99":2,"100":2,"101":2,"102":2,"103":0,"104":0,"105":0,"106":2,"107":0,"108":0,"109":1,"110":0,"111":1,"112":0},"f":{"0":12,"1":3,"2":4,"3":4,"4":1,"5":1,"6":0,"7":0,"8":0,"9":0,"10":0,"11":0,"12":3,"13":3,"14":3,"15":3,"16":1,"17":0,"18":0,"19":0,"20":0,"21":0,"22":0,"23":2,"24":2,"25":0,"26":0,"27":0,"28":2,"29":0,"30":0,"31":1,"32":0,"33":1,"34":0},"b":{"0":[0,1],"1":[0,0],"2":[0,0],"3":[0,0],"4":[1,2],"5":[0,0],"6":[0,0],"7":[0,0],"8":[12,0],"9":[7,5],"10":[5,7],"11":[12,7],"12":[3,4],"13":[2,2],"14":[1,1],"15":[2,1],"16":[1,1],"17":[1,1],"18":[1,0],"19":[1,0],"20":[1,0],"21":[2,1],"22":[2,2],"23":[1,1],"24":[12,5],"25":[0,5],"26":[1,1],"27":[1,0],"28":[0,0]}}
}
