TN:
SF:src/commoncomponents/Button.tsx
FN:7,Button
FNF:1
FNH:1
FNDA:1,Button
DA:7,1
DA:8,1
LF:2
LH:2
BRDA:9,0,0,1
BRDA:9,0,1,1
BRF:2
BRH:2
end_of_record
TN:
SF:src/pages/CVManager.tsx
FN:5,(anonymous_8)
FN:24,CVManager
FN:59,(anonymous_10)
FN:63,(anonymous_11)
FN:64,(anonymous_12)
FN:65,(anonymous_13)
FN:69,(anonymous_14)
FN:71,(anonymous_15)
FN:73,(anonymous_16)
FN:77,(anonymous_17)
FN:80,(anonymous_18)
FN:84,(anonymous_19)
FN:84,(anonymous_20)
FN:109,(anonymous_21)
FN:109,(anonymous_22)
FN:112,(anonymous_23)
FN:113,(anonymous_24)
FN:129,(anonymous_25)
FN:129,(anonymous_26)
FN:130,(anonymous_27)
FN:139,(anonymous_28)
FN:143,(anonymous_29)
FN:143,(anonymous_30)
FN:149,(anonymous_31)
FN:149,(anonymous_32)
FN:160,(anonymous_33)
FN:160,(anonymous_34)
FN:163,(anonymous_35)
FN:163,(anonymous_36)
FN:168,(anonymous_37)
FN:168,(anonymous_38)
FN:171,(anonymous_39)
FN:171,(anonymous_40)
FN:176,(anonymous_41)
FN:176,(anonymous_42)
FN:179,(anonymous_43)
FN:179,(anonymous_44)
FN:184,(anonymous_45)
FN:184,(anonymous_46)
FN:187,(anonymous_47)
FN:187,(anonymous_48)
FN:200,(anonymous_49)
FN:200,(anonymous_50)
FN:239,(anonymous_51)
FN:242,(anonymous_52)
FN:251,(anonymous_53)
FN:269,(anonymous_54)
FN:273,(anonymous_55)
FN:275,(anonymous_56)
FN:279,(anonymous_57)
FN:280,(anonymous_58)
FN:300,(anonymous_59)
FN:305,(anonymous_60)
FN:318,(anonymous_61)
FN:328,(anonymous_62)
FN:355,(anonymous_63)
FN:361,(anonymous_64)
FN:369,(anonymous_65)
FN:378,(anonymous_66)
FN:380,(anonymous_67)
FN:421,(anonymous_68)
FN:433,(anonymous_69)
FN:444,(anonymous_70)
FN:448,(anonymous_71)
FN:449,(anonymous_72)
FN:451,(anonymous_73)
FN:452,(anonymous_74)
FN:454,(anonymous_75)
FN:456,(anonymous_76)
FN:457,(anonymous_77)
FN:467,(anonymous_78)
FN:488,(anonymous_79)
FN:492,(anonymous_80)
FN:493,(anonymous_81)
FN:495,(anonymous_82)
FN:496,(anonymous_83)
FN:498,(anonymous_84)
FN:500,(anonymous_85)
FN:501,(anonymous_86)
FN:511,(anonymous_87)
FN:536,(anonymous_88)
FN:540,(anonymous_89)
FN:541,(anonymous_90)
FN:543,(anonymous_91)
FN:544,(anonymous_92)
FN:553,(anonymous_93)
FN:580,(anonymous_94)
FN:593,(anonymous_95)
FN:594,(anonymous_96)
FNF:89
FNH:48
FNDA:78,(anonymous_8)
FNDA:69,CVManager
FNDA:12,(anonymous_10)
FNDA:11,(anonymous_11)
FNDA:0,(anonymous_12)
FNDA:11,(anonymous_13)
FNDA:10,(anonymous_14)
FNDA:10,(anonymous_15)
FNDA:2,(anonymous_16)
FNDA:0,(anonymous_17)
FNDA:18,(anonymous_18)
FNDA:8,(anonymous_19)
FNDA:8,(anonymous_20)
FNDA:2,(anonymous_21)
FNDA:2,(anonymous_22)
FNDA:0,(anonymous_23)
FNDA:0,(anonymous_24)
FNDA:0,(anonymous_25)
FNDA:0,(anonymous_26)
FNDA:0,(anonymous_27)
FNDA:1,(anonymous_28)
FNDA:1,(anonymous_29)
FNDA:1,(anonymous_30)
FNDA:1,(anonymous_31)
FNDA:1,(anonymous_32)
FNDA:1,(anonymous_33)
FNDA:1,(anonymous_34)
FNDA:0,(anonymous_35)
FNDA:0,(anonymous_36)
FNDA:1,(anonymous_37)
FNDA:1,(anonymous_38)
FNDA:0,(anonymous_39)
FNDA:0,(anonymous_40)
FNDA:1,(anonymous_41)
FNDA:1,(anonymous_42)
FNDA:0,(anonymous_43)
FNDA:0,(anonymous_44)
FNDA:0,(anonymous_45)
FNDA:0,(anonymous_46)
FNDA:0,(anonymous_47)
FNDA:0,(anonymous_48)
FNDA:1,(anonymous_49)
FNDA:1,(anonymous_50)
FNDA:0,(anonymous_51)
FNDA:8,(anonymous_52)
FNDA:1,(anonymous_53)
FNDA:43,(anonymous_54)
FNDA:0,(anonymous_55)
FNDA:0,(anonymous_56)
FNDA:0,(anonymous_57)
FNDA:0,(anonymous_58)
FNDA:0,(anonymous_59)
FNDA:1,(anonymous_60)
FNDA:8,(anonymous_61)
FNDA:0,(anonymous_62)
FNDA:1,(anonymous_63)
FNDA:0,(anonymous_64)
FNDA:1,(anonymous_65)
FNDA:0,(anonymous_66)
FNDA:0,(anonymous_67)
FNDA:3,(anonymous_68)
FNDA:0,(anonymous_69)
FNDA:4,(anonymous_70)
FNDA:1,(anonymous_71)
FNDA:0,(anonymous_72)
FNDA:0,(anonymous_73)
FNDA:0,(anonymous_74)
FNDA:0,(anonymous_75)
FNDA:1,(anonymous_76)
FNDA:0,(anonymous_77)
FNDA:1,(anonymous_78)
FNDA:4,(anonymous_79)
FNDA:1,(anonymous_80)
FNDA:0,(anonymous_81)
FNDA:0,(anonymous_82)
FNDA:0,(anonymous_83)
FNDA:0,(anonymous_84)
FNDA:1,(anonymous_85)
FNDA:0,(anonymous_86)
FNDA:1,(anonymous_87)
FNDA:4,(anonymous_88)
FNDA:1,(anonymous_89)
FNDA:0,(anonymous_90)
FNDA:1,(anonymous_91)
FNDA:0,(anonymous_92)
FNDA:1,(anonymous_93)
FNDA:0,(anonymous_94)
FNDA:1,(anonymous_95)
FNDA:2,(anonymous_96)
DA:1,1
DA:2,1
DA:3,1
DA:5,1
DA:6,78
DA:7,76
DA:8,76
DA:10,76
DA:11,76
DA:12,76
DA:13,76
DA:15,76
DA:16,76
DA:17,0
DA:18,0
DA:19,0
DA:21,76
DA:24,1
DA:25,69
DA:26,69
DA:27,69
DA:28,69
DA:29,69
DA:30,69
DA:31,69
DA:33,69
DA:34,69
DA:35,69
DA:36,69
DA:38,69
DA:39,69
DA:40,69
DA:42,69
DA:43,69
DA:44,69
DA:47,69
DA:48,69
DA:49,69
DA:51,69
DA:52,69
DA:53,69
DA:55,69
DA:56,69
DA:57,69
DA:59,69
DA:60,12
DA:61,11
DA:62,11
DA:63,11
DA:64,0
DA:65,11
DA:69,69
DA:70,10
DA:72,10
DA:73,10
DA:74,10
DA:75,9
DA:80,69
DA:81,18
DA:82,8
DA:84,8
DA:85,8
DA:86,8
DA:91,8
DA:92,8
DA:93,8
DA:95,0
DA:97,8
DA:101,8
DA:103,10
DA:104,10
DA:105,10
DA:109,69
DA:110,2
DA:111,2
DA:112,2
DA:113,0
DA:116,2
DA:117,2
DA:118,2
DA:120,1
DA:125,1
DA:126,1
DA:127,1
DA:128,1
DA:129,1
DA:130,1
DA:132,1
DA:134,2
DA:135,2
DA:139,69
DA:140,1
DA:143,69
DA:144,1
DA:146,1
DA:147,1
DA:149,1
DA:150,1
DA:151,0
DA:154,0
DA:156,1
DA:160,69
DA:161,1
DA:162,1
DA:163,1
DA:164,1
DA:165,0
DA:168,69
DA:169,1
DA:170,1
DA:171,1
DA:172,1
DA:173,0
DA:176,69
DA:177,1
DA:178,1
DA:179,1
DA:180,1
DA:181,0
DA:184,69
DA:185,0
DA:186,0
DA:187,0
DA:188,0
DA:189,0
DA:191,0
DA:192,0
DA:194,0
DA:196,0
DA:197,0
DA:200,69
DA:201,1
DA:202,0
DA:203,0
DA:206,1
DA:207,1
DA:208,1
DA:209,1
DA:210,1
DA:212,1
DA:213,1
DA:216,1
DA:217,1
DA:218,1
DA:220,0
DA:221,0
DA:223,1
DA:227,69
DA:239,0
DA:243,8
DA:251,1
DA:270,43
DA:273,0
DA:275,0
DA:279,0
DA:280,0
DA:300,0
DA:305,1
DA:318,8
DA:328,0
DA:355,1
DA:361,0
DA:369,1
DA:378,0
DA:380,0
DA:421,3
DA:433,0
DA:445,4
DA:448,1
DA:449,0
DA:451,0
DA:452,0
DA:454,0
DA:456,1
DA:457,0
DA:467,1
DA:489,4
DA:492,1
DA:493,0
DA:495,0
DA:496,0
DA:498,0
DA:500,1
DA:501,0
DA:511,1
DA:537,4
DA:540,1
DA:541,0
DA:543,1
DA:544,0
DA:553,1
DA:580,0
DA:593,1
DA:594,2
LF:194
LH:145
BRDA:5,0,0,78
BRDA:6,1,0,2
BRDA:6,1,1,76
BRDA:8,2,0,0
BRDA:8,2,1,76
BRDA:16,3,0,0
BRDA:16,3,1,76
BRDA:60,4,0,11
BRDA:60,4,1,1
BRDA:74,5,0,1
BRDA:74,5,1,9
BRDA:75,6,0,1
BRDA:75,6,1,8
BRDA:81,7,0,8
BRDA:81,7,1,10
BRDA:118,8,0,2
BRDA:118,8,1,1
BRDA:129,9,0,0
BRDA:129,9,1,0
BRDA:130,10,0,0
BRDA:130,10,1,0
BRDA:130,11,0,0
BRDA:130,11,1,0
BRDA:132,12,0,1
BRDA:132,12,1,0
BRDA:132,13,0,0
BRDA:132,13,1,1
BRDA:132,14,0,1
BRDA:132,14,1,1
BRDA:132,15,0,0
BRDA:132,15,1,1
BRDA:132,16,0,1
BRDA:132,16,1,1
BRDA:144,17,0,0
BRDA:144,17,1,1
BRDA:150,18,0,0
BRDA:150,18,1,1
BRDA:150,19,0,1
BRDA:150,19,1,0
BRDA:150,20,0,1
BRDA:150,20,1,0
BRDA:163,21,0,0
BRDA:163,21,1,0
BRDA:171,22,0,0
BRDA:171,22,1,0
BRDA:179,23,0,0
BRDA:179,23,1,0
BRDA:188,24,0,0
BRDA:188,24,1,0
BRDA:191,25,0,0
BRDA:191,25,1,0
BRDA:191,26,0,0
BRDA:191,26,1,0
BRDA:201,27,0,0
BRDA:201,27,1,1
BRDA:201,28,0,1
BRDA:201,28,1,1
BRDA:234,29,0,69
BRDA:234,29,1,8
BRDA:257,30,0,69
BRDA:257,30,1,65
BRDA:259,31,0,20
BRDA:259,31,1,45
BRDA:264,32,0,2
BRDA:264,32,1,43
BRDA:271,33,0,0
BRDA:271,33,1,43
BRDA:273,34,0,0
BRDA:273,34,1,0
BRDA:275,35,0,0
BRDA:275,35,1,0
BRDA:290,36,0,43
BRDA:290,36,1,0
BRDA:293,37,0,43
BRDA:293,37,1,0
BRDA:270,38,0,43
BRDA:270,38,1,0
BRDA:340,39,0,69
BRDA:340,39,1,4
BRDA:361,40,0,0
BRDA:361,40,1,0
BRDA:361,41,0,0
BRDA:361,41,1,0
BRDA:369,42,0,1
BRDA:369,42,1,0
BRDA:369,43,0,0
BRDA:369,43,1,1
BRDA:369,44,0,1
BRDA:369,44,1,1
BRDA:373,45,0,3
BRDA:373,45,1,1
BRDA:380,46,0,0
BRDA:380,46,1,0
BRDA:380,47,0,0
BRDA:380,47,1,0
BRDA:381,48,0,3
BRDA:381,48,1,1
BRDA:386,49,0,4
BRDA:386,49,1,3
BRDA:391,50,0,3
BRDA:391,50,1,2
BRDA:393,51,0,1
BRDA:393,51,1,2
BRDA:408,52,0,69
BRDA:408,52,1,33
BRDA:415,53,0,33
BRDA:415,53,1,0
BRDA:418,54,0,33
BRDA:418,54,1,6
BRDA:425,55,0,2
BRDA:425,55,1,31
BRDA:438,56,0,8
BRDA:438,56,1,25
BRDA:440,57,0,21
BRDA:440,57,1,4
BRDA:446,58,0,2
BRDA:446,58,1,2
BRDA:448,59,0,2
BRDA:448,59,1,0
BRDA:449,60,0,2
BRDA:449,60,1,0
BRDA:451,61,0,2
BRDA:451,61,1,2
BRDA:452,62,0,2
BRDA:452,62,1,2
BRDA:454,63,0,2
BRDA:454,63,1,2
BRDA:469,64,0,0
BRDA:469,64,1,2
BRDA:470,65,0,2
BRDA:470,65,1,0
BRDA:445,66,0,4
BRDA:445,66,1,0
BRDA:482,67,0,8
BRDA:482,67,1,25
BRDA:484,68,0,21
BRDA:484,68,1,4
BRDA:490,69,0,2
BRDA:490,69,1,2
BRDA:492,70,0,2
BRDA:492,70,1,0
BRDA:493,71,0,2
BRDA:493,71,1,0
BRDA:495,72,0,2
BRDA:495,72,1,2
BRDA:496,73,0,2
BRDA:496,73,1,2
BRDA:498,74,0,2
BRDA:498,74,1,2
BRDA:513,75,0,2
BRDA:513,75,1,2
BRDA:513,75,2,0
BRDA:515,76,0,0
BRDA:515,76,1,0
BRDA:518,77,0,2
BRDA:518,77,1,0
BRDA:489,78,0,4
BRDA:489,78,1,0
BRDA:530,79,0,8
BRDA:530,79,1,25
BRDA:532,80,0,21
BRDA:532,80,1,4
BRDA:538,81,0,2
BRDA:538,81,1,2
BRDA:540,82,0,2
BRDA:540,82,1,0
BRDA:541,83,0,2
BRDA:541,83,1,0
BRDA:537,84,0,4
BRDA:537,84,1,0
BRDA:574,85,0,69
BRDA:574,85,1,1
BRDA:587,86,0,69
BRDA:587,86,1,3
BRF:174
BRH:112
end_of_record
TN:
SF:src/pages/Dashboard.tsx
FN:5,Dashboard
FN:10,(anonymous_2)
FN:29,(anonymous_3)
FN:32,(anonymous_4)
FN:39,(anonymous_5)
FN:42,(anonymous_6)
FN:43,(anonymous_7)
FN:44,(anonymous_8)
FN:113,(anonymous_9)
FN:136,(anonymous_10)
FNF:10
FNH:8
FNDA:3,Dashboard
FNDA:2,(anonymous_2)
FNDA:1,(anonymous_3)
FNDA:1,(anonymous_4)
FNDA:0,(anonymous_5)
FNDA:1,(anonymous_6)
FNDA:0,(anonymous_7)
FNDA:1,(anonymous_8)
FNDA:9,(anonymous_9)
FNDA:1,(anonymous_10)
DA:1,1
DA:2,1
DA:3,1
DA:5,1
DA:6,3
DA:7,3
DA:8,3
DA:10,3
DA:11,2
DA:12,1
DA:13,1
DA:14,1
DA:15,1
DA:16,1
DA:17,1
DA:18,1
DA:19,1
DA:20,1
DA:21,1
DA:22,1
DA:23,1
DA:25,1
DA:26,0
DA:29,3
DA:30,1
DA:31,1
DA:33,1
DA:34,1
DA:36,0
DA:39,0
DA:41,1
DA:42,1
DA:44,1
DA:46,3
DA:114,9
DA:137,1
LF:36
LH:33
BRDA:10,0,0,1
BRDA:11,1,0,1
BRDA:11,1,1,1
BRDA:14,2,0,0
BRDA:14,2,1,1
BRDA:20,3,0,1
BRDA:20,3,1,0
BRDA:33,4,0,1
BRDA:33,4,1,0
BRDA:33,5,0,1
BRDA:33,5,1,1
BRDA:53,6,0,1
BRDA:53,6,1,2
BRDA:53,7,0,0
BRDA:53,7,1,2
BRDA:131,8,0,1
BRDA:131,8,1,2
BRDA:133,9,0,1
BRDA:133,9,1,1
BRDA:138,10,0,1
BRDA:138,10,1,0
BRDA:141,11,0,1
BRDA:141,11,1,0
BRDA:142,12,0,1
BRDA:142,12,1,1
BRDA:137,13,0,1
BRDA:137,13,1,0
BRF:27
BRH:20
end_of_record
TN:
SF:src/pages/Settings.tsx
FN:5,Settings
FN:20,(anonymous_9)
FN:26,(anonymous_10)
FN:26,(anonymous_11)
FN:33,(anonymous_12)
FN:33,(anonymous_13)
FN:43,(anonymous_14)
FN:43,(anonymous_15)
FN:50,(anonymous_16)
FN:50,(anonymous_17)
FN:55,(anonymous_18)
FN:55,(anonymous_19)
FN:78,(anonymous_20)
FN:78,(anonymous_21)
FN:85,(anonymous_22)
FN:85,(anonymous_23)
FN:90,(anonymous_24)
FN:96,(anonymous_25)
FN:96,(anonymous_26)
FN:110,(anonymous_27)
FN:111,(anonymous_28)
FN:114,(anonymous_29)
FN:139,(anonymous_30)
FN:145,(anonymous_31)
FN:161,(anonymous_32)
FN:174,(anonymous_33)
FN:184,(anonymous_34)
FN:200,(anonymous_35)
FN:203,(anonymous_36)
FN:211,(anonymous_37)
FN:222,(anonymous_38)
FN:246,(anonymous_39)
FN:255,(anonymous_40)
FN:274,(anonymous_41)
FN:282,(anonymous_42)
FNF:35
FNH:16
FNDA:12,Settings
FNDA:3,(anonymous_9)
FNDA:4,(anonymous_10)
FNDA:4,(anonymous_11)
FNDA:1,(anonymous_12)
FNDA:1,(anonymous_13)
FNDA:0,(anonymous_14)
FNDA:0,(anonymous_15)
FNDA:0,(anonymous_16)
FNDA:0,(anonymous_17)
FNDA:0,(anonymous_18)
FNDA:0,(anonymous_19)
FNDA:3,(anonymous_20)
FNDA:3,(anonymous_21)
FNDA:3,(anonymous_22)
FNDA:3,(anonymous_23)
FNDA:1,(anonymous_24)
FNDA:0,(anonymous_25)
FNDA:0,(anonymous_26)
FNDA:0,(anonymous_27)
FNDA:0,(anonymous_28)
FNDA:0,(anonymous_29)
FNDA:0,(anonymous_30)
FNDA:2,(anonymous_31)
FNDA:2,(anonymous_32)
FNDA:0,(anonymous_33)
FNDA:0,(anonymous_34)
FNDA:0,(anonymous_35)
FNDA:2,(anonymous_36)
FNDA:0,(anonymous_37)
FNDA:0,(anonymous_38)
FNDA:1,(anonymous_39)
FNDA:0,(anonymous_40)
FNDA:1,(anonymous_41)
FNDA:0,(anonymous_42)
DA:1,1
DA:2,1
DA:3,1
DA:5,1
DA:6,12
DA:7,12
DA:8,12
DA:9,12
DA:10,12
DA:11,12
DA:13,12
DA:14,12
DA:15,12
DA:16,12
DA:17,12
DA:18,12
DA:20,12
DA:21,3
DA:22,3
DA:23,3
DA:26,12
DA:27,4
DA:28,4
DA:29,4
DA:30,2
DA:33,12
DA:34,1
DA:35,1
DA:36,1
DA:37,1
DA:38,1
DA:39,1
DA:40,0
DA:43,12
DA:44,0
DA:45,0
DA:46,0
DA:47,0
DA:50,12
DA:51,0
DA:52,0
DA:53,0
DA:55,0
DA:56,0
DA:57,0
DA:58,0
DA:59,0
DA:60,0
DA:64,0
DA:65,0
DA:66,0
DA:67,0
DA:69,0
DA:70,0
DA:72,0
DA:73,0
DA:74,0
DA:78,12
DA:79,3
DA:80,3
DA:81,3
DA:82,0
DA:85,12
DA:86,3
DA:87,3
DA:88,3
DA:89,3
DA:90,3
DA:91,3
DA:92,0
DA:93,3
DA:96,12
DA:97,0
DA:98,0
DA:99,0
DA:100,0
DA:105,0
DA:106,0
DA:107,0
DA:110,12
DA:111,0
DA:114,0
DA:120,12
DA:139,0
DA:145,2
DA:162,2
DA:163,2
DA:165,2
DA:174,0
DA:184,0
DA:200,0
DA:203,2
DA:211,0
DA:222,0
DA:246,1
DA:255,0
DA:275,1
DA:282,0
LF:98
LH:56
BRDA:34,0,0,0
BRDA:34,0,1,1
BRDA:58,1,0,0
BRDA:58,1,1,0
BRDA:59,2,0,0
BRDA:59,2,1,0
BRDA:60,3,0,0
BRDA:60,3,1,0
BRDA:91,4,0,1
BRDA:91,4,1,2
BRDA:99,5,0,0
BRDA:99,5,1,0
BRDA:103,6,0,0
BRDA:103,6,1,0
BRDA:114,7,0,0
BRDA:114,7,1,0
BRDA:129,8,0,12
BRDA:129,8,1,0
BRDA:138,9,0,7
BRDA:138,9,1,5
BRDA:144,10,0,5
BRDA:144,10,1,7
BRDA:151,11,0,12
BRDA:151,11,1,7
BRDA:158,12,0,3
BRDA:158,12,1,4
BRDA:162,13,0,2
BRDA:162,13,1,2
BRDA:166,14,0,1
BRDA:166,14,1,1
BRDA:179,15,0,2
BRDA:179,15,1,1
BRDA:183,16,0,1
BRDA:183,16,1,1
BRDA:194,17,0,1
BRDA:194,17,1,1
BRDA:199,18,0,1
BRDA:199,18,1,0
BRDA:205,19,0,1
BRDA:205,19,1,0
BRDA:210,20,0,1
BRDA:210,20,1,0
BRDA:217,21,0,2
BRDA:217,21,1,1
BRDA:221,22,0,2
BRDA:221,22,1,2
BRDA:223,23,0,1
BRDA:223,23,1,1
BRDA:234,24,0,12
BRDA:234,24,1,5
BRDA:268,25,0,0
BRDA:268,25,1,5
BRDA:280,26,0,1
BRDA:280,26,1,1
BRDA:286,27,0,1
BRDA:286,27,1,0
BRDA:290,28,0,0
BRDA:290,28,1,0
BRF:58
BRH:37
end_of_record
