TN:
SF:src/commoncomponents/Button.tsx
FN:7,Button
FNF:1
FNH:1
FNDA:1,Button
DA:7,1
DA:8,1
LF:2
LH:2
BRDA:9,0,0,1
BRDA:9,0,1,1
BRF:2
BRH:2
end_of_record
TN:
SF:src/pages/Dashboard.tsx
FN:5,Dashboard
FN:10,(anonymous_2)
FN:29,(anonymous_3)
FN:32,(anonymous_4)
FN:39,(anonymous_5)
FN:42,(anonymous_6)
FN:43,(anonymous_7)
FN:44,(anonymous_8)
FN:113,(anonymous_9)
FN:136,(anonymous_10)
FNF:10
FNH:8
FNDA:3,Dashboard
FNDA:2,(anonymous_2)
FNDA:1,(anonymous_3)
FNDA:1,(anonymous_4)
FNDA:0,(anonymous_5)
FNDA:1,(anonymous_6)
FNDA:0,(anonymous_7)
FNDA:1,(anonymous_8)
FNDA:9,(anonymous_9)
FNDA:1,(anonymous_10)
DA:1,1
DA:2,1
DA:3,1
DA:5,1
DA:6,3
DA:7,3
DA:8,3
DA:10,3
DA:11,2
DA:12,1
DA:13,1
DA:14,1
DA:15,1
DA:16,1
DA:17,1
DA:18,1
DA:19,1
DA:20,1
DA:21,1
DA:22,1
DA:23,1
DA:25,1
DA:26,0
DA:29,3
DA:30,1
DA:31,1
DA:33,1
DA:34,1
DA:36,0
DA:39,0
DA:41,1
DA:42,1
DA:44,1
DA:46,3
DA:114,9
DA:137,1
LF:36
LH:33
BRDA:10,0,0,1
BRDA:11,1,0,1
BRDA:11,1,1,1
BRDA:14,2,0,0
BRDA:14,2,1,1
BRDA:20,3,0,1
BRDA:20,3,1,0
BRDA:33,4,0,1
BRDA:33,4,1,0
BRDA:33,5,0,1
BRDA:33,5,1,1
BRDA:53,6,0,1
BRDA:53,6,1,2
BRDA:53,7,0,0
BRDA:53,7,1,2
BRDA:131,8,0,1
BRDA:131,8,1,2
BRDA:133,9,0,1
BRDA:133,9,1,1
BRDA:138,10,0,1
BRDA:138,10,1,0
BRDA:141,11,0,1
BRDA:141,11,1,0
BRDA:142,12,0,1
BRDA:142,12,1,1
BRDA:137,13,0,1
BRDA:137,13,1,0
BRF:27
BRH:20
end_of_record
TN:
SF:src/pages/JobSearch.tsx
FN:8,JobSearch
FN:19,(anonymous_9)
FN:23,(anonymous_10)
FN:24,(anonymous_11)
FN:24,(anonymous_12)
FN:33,(anonymous_13)
FN:34,(anonymous_14)
FN:34,(anonymous_15)
FN:44,(anonymous_16)
FN:54,(anonymous_17)
FN:56,(anonymous_18)
FN:83,(anonymous_19)
FNF:12
FNH:10
FNDA:2,JobSearch
FNDA:1,(anonymous_9)
FNDA:1,(anonymous_10)
FNDA:1,(anonymous_11)
FNDA:1,(anonymous_12)
FNDA:1,(anonymous_13)
FNDA:1,(anonymous_14)
FNDA:1,(anonymous_15)
FNDA:1,(anonymous_16)
FNDA:0,(anonymous_17)
FNDA:0,(anonymous_18)
FNDA:1,(anonymous_19)
DA:1,1
DA:2,1
DA:3,1
DA:4,1
DA:5,1
DA:6,1
DA:8,1
DA:9,2
DA:10,2
DA:11,2
DA:12,2
DA:13,2
DA:14,2
DA:16,2
DA:17,2
DA:19,2
DA:20,1
DA:23,2
DA:24,1
DA:25,1
DA:26,1
DA:27,1
DA:28,0
DA:30,1
DA:33,2
DA:34,1
DA:35,1
DA:36,1
DA:37,1
DA:38,0
DA:39,1
DA:41,1
DA:44,2
DA:45,1
DA:49,2
DA:50,2
DA:51,2
DA:52,2
DA:54,2
DA:55,0
DA:56,0
DA:57,0
DA:61,2
DA:84,1
LF:44
LH:39
BRDA:26,0,0,0
BRDA:26,0,1,1
BRDA:38,1,0,0
BRDA:38,1,1,0
BRDA:38,2,0,0
BRDA:38,2,1,0
BRDA:45,3,0,1
BRDA:45,3,1,0
BRDA:45,4,0,1
BRDA:45,4,1,0
BRDA:46,5,0,0
BRDA:46,5,1,0
BRDA:57,6,0,0
BRDA:57,6,1,0
BRDA:57,7,0,0
BRDA:57,7,1,0
BRDA:82,8,0,1
BRDA:82,8,1,1
BRDA:91,9,0,2
BRDA:91,9,1,0
BRF:20
BRH:6
end_of_record
TN:
SF:src/pages/Settings.tsx
FN:6,Settings
FN:33,(anonymous_9)
FN:40,(anonymous_10)
FN:40,(anonymous_11)
FN:47,(anonymous_12)
FN:47,(anonymous_13)
FN:54,(anonymous_14)
FN:54,(anonymous_15)
FN:66,(anonymous_16)
FN:66,(anonymous_17)
FN:88,(anonymous_18)
FN:88,(anonymous_19)
FN:95,(anonymous_20)
FN:95,(anonymous_21)
FN:109,(anonymous_22)
FN:109,(anonymous_23)
FN:114,(anonymous_24)
FN:114,(anonymous_25)
FN:137,(anonymous_26)
FN:137,(anonymous_27)
FN:144,(anonymous_28)
FN:144,(anonymous_29)
FN:149,(anonymous_30)
FN:155,(anonymous_31)
FN:155,(anonymous_32)
FN:169,(anonymous_33)
FN:170,(anonymous_34)
FN:173,(anonymous_35)
FN:198,(anonymous_36)
FN:204,(anonymous_37)
FN:210,(anonymous_38)
FN:226,(anonymous_39)
FN:239,(anonymous_40)
FN:249,(anonymous_41)
FN:262,(anonymous_42)
FN:264,(anonymous_43)
FN:276,(anonymous_44)
FN:287,(anonymous_45)
FN:312,(anonymous_46)
FN:318,(anonymous_47)
FN:326,(anonymous_48)
FN:335,(anonymous_49)
FN:355,(anonymous_50)
FN:363,(anonymous_51)
FN:369,(anonymous_52)
FN:376,(anonymous_53)
FN:384,(anonymous_54)
FN:388,(anonymous_55)
FN:389,(anonymous_56)
FN:406,(anonymous_57)
FN:416,(anonymous_58)
FN:446,(anonymous_59)
FN:455,(anonymous_60)
FN:456,(anonymous_61)
FN:461,(anonymous_62)
FN:475,(anonymous_63)
FNF:56
FNH:35
FNDA:44,Settings
FNDA:9,(anonymous_9)
FNDA:13,(anonymous_10)
FNDA:13,(anonymous_11)
FNDA:10,(anonymous_12)
FNDA:10,(anonymous_13)
FNDA:1,(anonymous_14)
FNDA:1,(anonymous_15)
FNDA:1,(anonymous_16)
FNDA:1,(anonymous_17)
FNDA:1,(anonymous_18)
FNDA:1,(anonymous_19)
FNDA:1,(anonymous_20)
FNDA:1,(anonymous_21)
FNDA:2,(anonymous_22)
FNDA:2,(anonymous_23)
FNDA:0,(anonymous_24)
FNDA:0,(anonymous_25)
FNDA:9,(anonymous_26)
FNDA:9,(anonymous_27)
FNDA:9,(anonymous_28)
FNDA:9,(anonymous_29)
FNDA:1,(anonymous_30)
FNDA:0,(anonymous_31)
FNDA:0,(anonymous_32)
FNDA:0,(anonymous_33)
FNDA:0,(anonymous_34)
FNDA:0,(anonymous_35)
FNDA:0,(anonymous_36)
FNDA:7,(anonymous_37)
FNDA:1,(anonymous_38)
FNDA:2,(anonymous_39)
FNDA:0,(anonymous_40)
FNDA:0,(anonymous_41)
FNDA:2,(anonymous_42)
FNDA:0,(anonymous_43)
FNDA:0,(anonymous_44)
FNDA:0,(anonymous_45)
FNDA:0,(anonymous_46)
FNDA:1,(anonymous_47)
FNDA:0,(anonymous_48)
FNDA:0,(anonymous_49)
FNDA:5,(anonymous_50)
FNDA:0,(anonymous_51)
FNDA:1,(anonymous_52)
FNDA:0,(anonymous_53)
FNDA:0,(anonymous_54)
FNDA:1,(anonymous_55)
FNDA:0,(anonymous_56)
FNDA:1,(anonymous_57)
FNDA:1,(anonymous_58)
FNDA:3,(anonymous_59)
FNDA:1,(anonymous_60)
FNDA:0,(anonymous_61)
FNDA:1,(anonymous_62)
FNDA:1,(anonymous_63)
DA:1,1
DA:2,1
DA:3,1
DA:4,1
DA:6,1
DA:7,44
DA:8,44
DA:9,44
DA:10,44
DA:11,44
DA:12,44
DA:14,44
DA:15,44
DA:16,44
DA:17,44
DA:18,44
DA:19,44
DA:20,44
DA:21,44
DA:22,44
DA:23,44
DA:24,44
DA:26,44
DA:27,44
DA:28,44
DA:29,44
DA:30,44
DA:31,44
DA:33,44
DA:34,9
DA:35,9
DA:36,9
DA:37,9
DA:40,44
DA:41,13
DA:42,13
DA:43,13
DA:44,5
DA:47,44
DA:48,10
DA:49,10
DA:50,10
DA:51,7
DA:54,44
DA:55,1
DA:56,1
DA:57,1
DA:58,1
DA:59,1
DA:61,0
DA:62,0
DA:66,44
DA:67,1
DA:68,1
DA:69,1
DA:70,1
DA:76,1
DA:77,1
DA:78,1
DA:79,1
DA:80,1
DA:81,1
DA:83,0
DA:84,0
DA:88,44
DA:89,1
DA:90,1
DA:91,1
DA:92,0
DA:95,44
DA:96,1
DA:97,1
DA:103,1
DA:104,1
DA:105,1
DA:106,0
DA:109,44
DA:110,2
DA:111,2
DA:112,2
DA:114,2
DA:115,0
DA:116,0
DA:117,0
DA:118,0
DA:119,0
DA:123,2
DA:124,2
DA:125,1
DA:126,1
DA:128,1
DA:129,1
DA:131,2
DA:132,2
DA:133,2
DA:137,44
DA:138,9
DA:139,9
DA:140,9
DA:141,0
DA:144,44
DA:145,9
DA:146,9
DA:147,9
DA:148,8
DA:149,8
DA:150,8
DA:151,1
DA:152,9
DA:155,44
DA:156,0
DA:157,0
DA:158,0
DA:159,0
DA:164,0
DA:165,0
DA:166,0
DA:169,44
DA:170,0
DA:173,0
DA:179,44
DA:198,0
DA:204,7
DA:210,1
DA:227,2
DA:228,2
DA:230,2
DA:239,0
DA:249,0
DA:262,2
DA:264,0
DA:276,0
DA:287,0
DA:312,0
DA:318,1
DA:326,0
DA:335,0
DA:356,5
DA:363,0
DA:369,1
DA:376,0
DA:384,0
DA:388,1
DA:389,0
DA:407,1
DA:408,1
DA:409,1
DA:410,1
DA:411,1
DA:416,1
DA:447,3
DA:455,1
DA:456,0
DA:462,1
DA:463,1
DA:475,1
LF:156
LH:121
BRDA:62,0,0,0
BRDA:62,0,1,0
BRDA:62,1,0,0
BRDA:62,1,1,0
BRDA:62,2,0,0
BRDA:62,2,1,0
BRDA:62,3,0,0
BRDA:62,3,1,0
BRDA:62,4,0,0
BRDA:62,4,1,0
BRDA:67,5,0,0
BRDA:67,5,1,1
BRDA:84,6,0,0
BRDA:84,6,1,0
BRDA:84,7,0,0
BRDA:84,7,1,0
BRDA:84,8,0,0
BRDA:84,8,1,0
BRDA:84,9,0,0
BRDA:84,9,1,0
BRDA:84,10,0,0
BRDA:84,10,1,0
BRDA:106,11,0,0
BRDA:106,11,1,0
BRDA:106,12,0,0
BRDA:106,12,1,0
BRDA:106,13,0,0
BRDA:106,13,1,0
BRDA:106,14,0,0
BRDA:106,14,1,0
BRDA:106,15,0,0
BRDA:106,15,1,0
BRDA:117,16,0,0
BRDA:117,16,1,0
BRDA:118,17,0,0
BRDA:118,17,1,0
BRDA:119,18,0,0
BRDA:119,18,1,0
BRDA:150,19,0,1
BRDA:150,19,1,7
BRDA:158,20,0,0
BRDA:158,20,1,0
BRDA:162,21,0,0
BRDA:162,21,1,0
BRDA:173,22,0,0
BRDA:173,22,1,0
BRDA:188,23,0,44
BRDA:188,23,1,3
BRDA:197,24,0,19
BRDA:197,24,1,25
BRDA:203,25,0,21
BRDA:203,25,1,23
BRDA:209,26,0,4
BRDA:209,26,1,40
BRDA:216,27,0,44
BRDA:216,27,1,19
BRDA:223,28,0,9
BRDA:223,28,1,10
BRDA:227,29,0,2
BRDA:227,29,1,2
BRDA:231,30,0,1
BRDA:231,30,1,1
BRDA:244,31,0,2
BRDA:244,31,1,1
BRDA:248,32,0,1
BRDA:248,32,1,1
BRDA:259,33,0,1
BRDA:259,33,1,1
BRDA:263,34,0,1
BRDA:263,34,1,0
BRDA:270,35,0,1
BRDA:270,35,1,0
BRDA:275,36,0,1
BRDA:275,36,1,0
BRDA:282,37,0,2
BRDA:282,37,1,1
BRDA:286,38,0,2
BRDA:286,38,1,2
BRDA:288,39,0,1
BRDA:288,39,1,1
BRDA:299,40,0,44
BRDA:299,40,1,21
BRDA:349,41,0,2
BRDA:349,41,1,19
BRDA:357,42,0,2
BRDA:357,42,1,3
BRDA:396,43,0,3
BRDA:396,43,1,0
BRDA:400,44,0,3
BRDA:400,44,1,0
BRDA:401,45,0,3
BRDA:401,45,1,3
BRDA:409,46,0,1
BRDA:409,46,1,1
BRDA:410,47,0,1
BRDA:410,47,1,1
BRDA:411,48,0,1
BRDA:411,48,1,1
BRDA:421,49,0,3
BRDA:421,49,1,0
BRDA:425,50,0,0
BRDA:425,50,1,0
BRDA:437,51,0,44
BRDA:437,51,1,4
BRDA:453,52,0,2
BRDA:453,52,1,1
BRDA:471,53,0,2
BRDA:471,53,1,1
BRF:108
BRH:57
end_of_record
TN:
SF:src/pages/components/CustomDropdown.tsx
FN:14,CustomDropdown
FN:23,(anonymous_1)
FN:29,(anonymous_2)
FN:38,(anonymous_3)
FN:42,(anonymous_4)
FNF:5
FNH:5
FNDA:7,CustomDropdown
FNDA:5,(anonymous_1)
FNDA:1,(anonymous_2)
FNDA:4,(anonymous_3)
FNDA:1,(anonymous_4)
DA:2,3
DA:14,3
DA:23,7
DA:25,7
DA:29,1
DA:39,4
DA:42,1
LF:7
LH:7
BRDA:20,0,0,6
BRDA:31,1,0,7
BRDA:31,1,1,6
BRDA:32,2,0,5
BRDA:32,2,1,2
BRDA:33,3,0,2
BRDA:33,3,1,5
BRDA:36,4,0,7
BRDA:36,4,1,2
BRDA:41,5,0,2
BRDA:41,5,1,2
BRDA:44,6,0,4
BRDA:44,6,1,4
BRF:13
BRH:13
end_of_record
TN:
SF:src/pages/components/JobCard.tsx
FN:22,JobCard
FN:25,(anonymous_9)
FN:30,(anonymous_10)
FN:30,(anonymous_11)
FN:69,(anonymous_12)
FNF:5
FNH:5
FNDA:5,JobCard
FNDA:3,(anonymous_9)
FNDA:1,(anonymous_10)
FNDA:1,(anonymous_11)
FNDA:2,(anonymous_12)
DA:1,2
DA:2,2
DA:3,2
DA:22,2
DA:23,5
DA:24,5
DA:25,5
DA:26,3
DA:28,5
DA:30,5
DA:31,1
DA:32,1
DA:33,1
DA:34,1
DA:35,1
DA:36,1
DA:37,1
DA:38,0
DA:39,1
DA:42,5
DA:70,2
LF:21
LH:20
BRDA:24,0,0,0
BRDA:24,0,1,5
BRDA:26,1,0,3
BRDA:26,1,1,3
BRDA:28,2,0,5
BRDA:28,2,1,5
BRDA:31,3,0,0
BRDA:31,3,1,1
BRDA:36,4,0,1
BRDA:36,4,1,0
BRDA:53,5,0,5
BRDA:53,5,1,0
BRDA:54,6,0,5
BRDA:54,6,1,0
BRDA:59,7,0,1
BRDA:59,7,1,4
BRDA:60,8,0,1
BRDA:60,8,1,4
BRDA:66,9,0,1
BRDA:66,9,1,4
BRDA:88,10,0,1
BRDA:88,10,1,3
BRDA:89,11,0,1
BRDA:89,11,1,3
BRF:24
BRH:19
end_of_record
TN:
SF:src/pages/components/Pagination.tsx
FN:12,Pagination
FN:21,(anonymous_1)
FN:46,(anonymous_2)
FN:51,(anonymous_3)
FN:55,(anonymous_4)
FN:65,(anonymous_5)
FNF:6
FNH:4
FNDA:8,Pagination
FNDA:8,(anonymous_1)
FNDA:0,(anonymous_2)
FNDA:46,(anonymous_3)
FNDA:1,(anonymous_4)
FNDA:0,(anonymous_5)
DA:1,2
DA:12,2
DA:21,8
DA:22,8
DA:23,8
DA:24,25
DA:26,3
DA:27,1
DA:28,2
DA:29,1
DA:31,1
DA:34,8
DA:37,8
DA:46,0
DA:52,46
DA:55,1
DA:65,0
LF:17
LH:15
BRDA:23,0,0,5
BRDA:23,0,1,3
BRDA:26,1,0,1
BRDA:26,1,1,2
BRDA:28,2,0,1
BRDA:28,2,1,1
BRDA:54,3,0,8
BRDA:54,3,1,38
BRDA:54,4,0,4
BRDA:54,4,1,42
BRDA:55,5,0,1
BRDA:55,5,1,1
BRF:12
BRH:12
end_of_record
TN:
SF:src/pages/components/SearchHeader.tsx
FN:8,SearchHeader
FN:24,(anonymous_1)
FNF:2
FNH:1
FNDA:2,SearchHeader
FNDA:0,(anonymous_1)
DA:1,1
DA:8,1
DA:9,2
DA:24,0
LF:4
LH:3
BRF:0
BRH:0
end_of_record
