{"/Users/vivamau/projects/findmyjob/backend/app.js": {"path":"/Users/vivamau/projects/findmyjob/backend/app.js","statementMap":{"0":{"start":{"line":1,"column":16},"end":{"line":1,"column":34}},"1":{"start":{"line":2,"column":13},"end":{"line":2,"column":28}},"2":{"start":{"line":3,"column":17},"end":{"line":3,"column":45}},"3":{"start":{"line":4,"column":17},"end":{"line":4,"column":45}},"4":{"start":{"line":5,"column":18},"end":{"line":5,"column":47}},"5":{"start":{"line":7,"column":12},"end":{"line":7,"column":21}},"6":{"start":{"line":8,"column":0},"end":{"line":8,"column":16}},"7":{"start":{"line":9,"column":0},"end":{"line":9,"column":24}},"8":{"start":{"line":12,"column":0},"end":{"line":12,"column":29}},"9":{"start":{"line":13,"column":0},"end":{"line":13,"column":29}},"10":{"start":{"line":14,"column":0},"end":{"line":14,"column":32}},"11":{"start":{"line":16,"column":0},"end":{"line":18,"column":3}},"12":{"start":{"line":17,"column":2},"end":{"line":17,"column":41}},"13":{"start":{"line":20,"column":0},"end":{"line":20,"column":21}}},"fnMap":{"0":{"name":"(anonymous_0)","decl":{"start":{"line":16,"column":23},"end":{"line":16,"column":24}},"loc":{"start":{"line":16,"column":37},"end":{"line":18,"column":1}},"line":16}},"branchMap":{},"s":{"0":4,"1":4,"2":4,"3":4,"4":4,"5":4,"6":4,"7":4,"8":4,"9":4,"10":4,"11":4,"12":1,"13":4},"f":{"0":1},"b":{},"_coverageSchema":"1a1c01bbd47fc00a2c39e90264f33305004495a9","hash":"4f7a30b0883ca9d1802d03d70735b99eea565dcd"}
,"/Users/vivamau/projects/findmyjob/backend/db/index.js": {"path":"/Users/vivamau/projects/findmyjob/backend/db/index.js","statementMap":{"0":{"start":{"line":1,"column":16},"end":{"line":1,"column":44}},"1":{"start":{"line":2,"column":13},"end":{"line":2,"column":28}},"2":{"start":{"line":3,"column":11},"end":{"line":3,"column":24}},"3":{"start":{"line":5,"column":14},"end":{"line":5,"column":59}},"4":{"start":{"line":6,"column":0},"end":{"line":8,"column":1}},"5":{"start":{"line":7,"column":2},"end":{"line":7,"column":43}},"6":{"start":{"line":11,"column":15},"end":{"line":13,"column":42}},"7":{"start":{"line":15,"column":11},"end":{"line":23,"column":2}},"8":{"start":{"line":16,"column":2},"end":{"line":22,"column":3}},"9":{"start":{"line":17,"column":4},"end":{"line":17,"column":71}},"10":{"start":{"line":20,"column":4},"end":{"line":20,"column":37}},"11":{"start":{"line":26,"column":16},"end":{"line":47,"column":1}},"12":{"start":{"line":27,"column":29},"end":{"line":31,"column":4}},"13":{"start":{"line":28,"column":4},"end":{"line":30,"column":7}},"14":{"start":{"line":29,"column":6},"end":{"line":29,"column":40}},"15":{"start":{"line":29,"column":15},"end":{"line":29,"column":24}},"16":{"start":{"line":29,"column":30},"end":{"line":29,"column":40}},"17":{"start":{"line":32,"column":29},"end":{"line":36,"column":4}},"18":{"start":{"line":33,"column":4},"end":{"line":35,"column":7}},"19":{"start":{"line":34,"column":6},"end":{"line":34,"column":40}},"20":{"start":{"line":34,"column":15},"end":{"line":34,"column":24}},"21":{"start":{"line":34,"column":30},"end":{"line":34,"column":40}},"22":{"start":{"line":37,"column":29},"end":{"line":41,"column":4}},"23":{"start":{"line":38,"column":4},"end":{"line":40,"column":7}},"24":{"start":{"line":39,"column":6},"end":{"line":39,"column":39}},"25":{"start":{"line":39,"column":15},"end":{"line":39,"column":24}},"26":{"start":{"line":39,"column":30},"end":{"line":39,"column":39}},"27":{"start":{"line":42,"column":17},"end":{"line":46,"column":4}},"28":{"start":{"line":43,"column":4},"end":{"line":45,"column":7}},"29":{"start":{"line":44,"column":6},"end":{"line":44,"column":36}},"30":{"start":{"line":44,"column":15},"end":{"line":44,"column":24}},"31":{"start":{"line":44,"column":30},"end":{"line":44,"column":36}},"32":{"start":{"line":49,"column":0},"end":{"line":49,"column":33}}},"fnMap":{"0":{"name":"(anonymous_0)","decl":{"start":{"line":15,"column":40},"end":{"line":15,"column":41}},"loc":{"start":{"line":15,"column":49},"end":{"line":23,"column":1}},"line":15},"1":{"name":"(anonymous_1)","decl":{"start":{"line":27,"column":7},"end":{"line":27,"column":8}},"loc":{"start":{"line":27,"column":29},"end":{"line":31,"column":4}},"line":27},"2":{"name":"(anonymous_2)","decl":{"start":{"line":27,"column":41},"end":{"line":27,"column":42}},"loc":{"start":{"line":27,"column":55},"end":{"line":31,"column":3}},"line":27},"3":{"name":"(anonymous_3)","decl":{"start":{"line":28,"column":24},"end":{"line":28,"column":25}},"loc":{"start":{"line":28,"column":39},"end":{"line":30,"column":5}},"line":28},"4":{"name":"(anonymous_4)","decl":{"start":{"line":32,"column":7},"end":{"line":32,"column":8}},"loc":{"start":{"line":32,"column":29},"end":{"line":36,"column":4}},"line":32},"5":{"name":"(anonymous_5)","decl":{"start":{"line":32,"column":41},"end":{"line":32,"column":42}},"loc":{"start":{"line":32,"column":55},"end":{"line":36,"column":3}},"line":32},"6":{"name":"(anonymous_6)","decl":{"start":{"line":33,"column":24},"end":{"line":33,"column":25}},"loc":{"start":{"line":33,"column":39},"end":{"line":35,"column":5}},"line":33},"7":{"name":"(anonymous_7)","decl":{"start":{"line":37,"column":7},"end":{"line":37,"column":8}},"loc":{"start":{"line":37,"column":29},"end":{"line":41,"column":4}},"line":37},"8":{"name":"(anonymous_8)","decl":{"start":{"line":37,"column":41},"end":{"line":37,"column":42}},"loc":{"start":{"line":37,"column":55},"end":{"line":41,"column":3}},"line":37},"9":{"name":"(anonymous_9)","decl":{"start":{"line":38,"column":24},"end":{"line":38,"column":25}},"loc":{"start":{"line":38,"column":38},"end":{"line":40,"column":5}},"line":38},"10":{"name":"(anonymous_10)","decl":{"start":{"line":42,"column":8},"end":{"line":42,"column":9}},"loc":{"start":{"line":42,"column":17},"end":{"line":46,"column":4}},"line":42},"11":{"name":"(anonymous_11)","decl":{"start":{"line":42,"column":29},"end":{"line":42,"column":30}},"loc":{"start":{"line":42,"column":43},"end":{"line":46,"column":3}},"line":42},"12":{"name":"(anonymous_12)","decl":{"start":{"line":43,"column":17},"end":{"line":43,"column":18}},"loc":{"start":{"line":43,"column":26},"end":{"line":45,"column":5}},"line":43}},"branchMap":{"0":{"loc":{"start":{"line":6,"column":0},"end":{"line":8,"column":1}},"type":"if","locations":[{"start":{"line":6,"column":0},"end":{"line":8,"column":1}},{"start":{},"end":{}}],"line":6},"1":{"loc":{"start":{"line":11,"column":15},"end":{"line":13,"column":42}},"type":"cond-expr","locations":[{"start":{"line":12,"column":4},"end":{"line":12,"column":14}},{"start":{"line":13,"column":4},"end":{"line":13,"column":42}}],"line":11},"2":{"loc":{"start":{"line":16,"column":2},"end":{"line":22,"column":3}},"type":"if","locations":[{"start":{"line":16,"column":2},"end":{"line":22,"column":3}},{"start":{"line":18,"column":9},"end":{"line":22,"column":3}}],"line":16},"3":{"loc":{"start":{"line":27,"column":13},"end":{"line":27,"column":24}},"type":"default-arg","locations":[{"start":{"line":27,"column":22},"end":{"line":27,"column":24}}],"line":27},"4":{"loc":{"start":{"line":29,"column":6},"end":{"line":29,"column":40}},"type":"if","locations":[{"start":{"line":29,"column":6},"end":{"line":29,"column":40}},{"start":{"line":29,"column":30},"end":{"line":29,"column":40}}],"line":29},"5":{"loc":{"start":{"line":32,"column":13},"end":{"line":32,"column":24}},"type":"default-arg","locations":[{"start":{"line":32,"column":22},"end":{"line":32,"column":24}}],"line":32},"6":{"loc":{"start":{"line":34,"column":6},"end":{"line":34,"column":40}},"type":"if","locations":[{"start":{"line":34,"column":6},"end":{"line":34,"column":40}},{"start":{"line":34,"column":30},"end":{"line":34,"column":40}}],"line":34},"7":{"loc":{"start":{"line":37,"column":13},"end":{"line":37,"column":24}},"type":"default-arg","locations":[{"start":{"line":37,"column":22},"end":{"line":37,"column":24}}],"line":37},"8":{"loc":{"start":{"line":39,"column":6},"end":{"line":39,"column":39}},"type":"if","locations":[{"start":{"line":39,"column":6},"end":{"line":39,"column":39}},{"start":{"line":39,"column":30},"end":{"line":39,"column":39}}],"line":39},"9":{"loc":{"start":{"line":44,"column":6},"end":{"line":44,"column":36}},"type":"if","locations":[{"start":{"line":44,"column":6},"end":{"line":44,"column":36}},{"start":{"line":44,"column":30},"end":{"line":44,"column":36}}],"line":44}},"s":{"0":5,"1":5,"2":5,"3":5,"4":5,"5":0,"6":5,"7":5,"8":5,"9":0,"10":5,"11":5,"12":63,"13":63,"14":63,"15":0,"16":63,"17":13,"18":13,"19":13,"20":0,"21":13,"22":37,"23":37,"24":37,"25":0,"26":37,"27":24,"28":24,"29":24,"30":0,"31":24,"32":5},"f":{"0":5,"1":63,"2":63,"3":63,"4":13,"5":13,"6":13,"7":37,"8":37,"9":37,"10":24,"11":24,"12":24},"b":{"0":[0,5],"1":[5,0],"2":[0,5],"3":[13],"4":[0,63],"5":[6],"6":[0,13],"7":[11],"8":[0,37],"9":[0,24]},"_coverageSchema":"1a1c01bbd47fc00a2c39e90264f33305004495a9","hash":"0c11af96bf55a3ace5184a0aca01bc0ffa35a01e"}
,"/Users/vivamau/projects/findmyjob/backend/routes/aiRoutes.js": {"path":"/Users/vivamau/projects/findmyjob/backend/routes/aiRoutes.js","statementMap":{"0":{"start":{"line":1,"column":16},"end":{"line":1,"column":34}},"1":{"start":{"line":2,"column":65},"end":{"line":2,"column":97}},"2":{"start":{"line":4,"column":15},"end":{"line":4,"column":31}},"3":{"start":{"line":6,"column":0},"end":{"line":13,"column":3}},"4":{"start":{"line":7,"column":4},"end":{"line":12,"column":5}},"5":{"start":{"line":8,"column":23},"end":{"line":8,"column":41}},"6":{"start":{"line":9,"column":8},"end":{"line":9,"column":37}},"7":{"start":{"line":11,"column":8},"end":{"line":11,"column":53}},"8":{"start":{"line":15,"column":0},"end":{"line":22,"column":3}},"9":{"start":{"line":16,"column":4},"end":{"line":21,"column":5}},"10":{"start":{"line":17,"column":24},"end":{"line":17,"column":50}},"11":{"start":{"line":18,"column":8},"end":{"line":18,"column":38}},"12":{"start":{"line":20,"column":8},"end":{"line":20,"column":53}},"13":{"start":{"line":24,"column":0},"end":{"line":31,"column":3}},"14":{"start":{"line":25,"column":4},"end":{"line":30,"column":5}},"15":{"start":{"line":26,"column":8},"end":{"line":26,"column":60}},"16":{"start":{"line":27,"column":8},"end":{"line":27,"column":75}},"17":{"start":{"line":29,"column":8},"end":{"line":29,"column":53}},"18":{"start":{"line":33,"column":0},"end":{"line":33,"column":24}}},"fnMap":{"0":{"name":"(anonymous_0)","decl":{"start":{"line":6,"column":22},"end":{"line":6,"column":23}},"loc":{"start":{"line":6,"column":42},"end":{"line":13,"column":1}},"line":6},"1":{"name":"(anonymous_1)","decl":{"start":{"line":15,"column":25},"end":{"line":15,"column":26}},"loc":{"start":{"line":15,"column":45},"end":{"line":22,"column":1}},"line":15},"2":{"name":"(anonymous_2)","decl":{"start":{"line":24,"column":29},"end":{"line":24,"column":30}},"loc":{"start":{"line":24,"column":49},"end":{"line":31,"column":1}},"line":24}},"branchMap":{},"s":{"0":4,"1":4,"2":4,"3":4,"4":2,"5":2,"6":1,"7":1,"8":4,"9":2,"10":2,"11":1,"12":1,"13":4,"14":1,"15":1,"16":1,"17":0,"18":4},"f":{"0":2,"1":2,"2":1},"b":{},"_coverageSchema":"1a1c01bbd47fc00a2c39e90264f33305004495a9","hash":"ae89ce4a909c083544c5e659a244c418a8fa28fc"}
,"/Users/vivamau/projects/findmyjob/backend/routes/cvRoutes.js": {"path":"/Users/vivamau/projects/findmyjob/backend/routes/cvRoutes.js","statementMap":{"0":{"start":{"line":1,"column":16},"end":{"line":1,"column":34}},"1":{"start":{"line":2,"column":15},"end":{"line":2,"column":32}},"2":{"start":{"line":3,"column":172},"end":{"line":3,"column":204}},"3":{"start":{"line":4,"column":29},"end":{"line":4,"column":61}},"4":{"start":{"line":5,"column":20},"end":{"line":5,"column":36}},"5":{"start":{"line":6,"column":11},"end":{"line":6,"column":24}},"6":{"start":{"line":7,"column":13},"end":{"line":7,"column":28}},"7":{"start":{"line":9,"column":15},"end":{"line":9,"column":31}},"8":{"start":{"line":11,"column":0},"end":{"line":19,"column":3}},"9":{"start":{"line":12,"column":4},"end":{"line":18,"column":5}},"10":{"start":{"line":13,"column":23},"end":{"line":13,"column":45}},"11":{"start":{"line":14,"column":24},"end":{"line":14,"column":52}},"12":{"start":{"line":15,"column":8},"end":{"line":15,"column":38}},"13":{"start":{"line":17,"column":8},"end":{"line":17,"column":53}},"14":{"start":{"line":21,"column":0},"end":{"line":29,"column":3}},"15":{"start":{"line":22,"column":4},"end":{"line":28,"column":5}},"16":{"start":{"line":23,"column":25},"end":{"line":23,"column":38}},"17":{"start":{"line":24,"column":28},"end":{"line":24,"column":68}},"18":{"start":{"line":25,"column":8},"end":{"line":25,"column":42}},"19":{"start":{"line":27,"column":8},"end":{"line":27,"column":53}},"20":{"start":{"line":31,"column":0},"end":{"line":39,"column":3}},"21":{"start":{"line":32,"column":4},"end":{"line":38,"column":5}},"22":{"start":{"line":33,"column":25},"end":{"line":33,"column":38}},"23":{"start":{"line":34,"column":22},"end":{"line":34,"column":61}},"24":{"start":{"line":35,"column":8},"end":{"line":35,"column":36}},"25":{"start":{"line":37,"column":8},"end":{"line":37,"column":53}},"26":{"start":{"line":41,"column":0},"end":{"line":49,"column":3}},"27":{"start":{"line":42,"column":4},"end":{"line":48,"column":5}},"28":{"start":{"line":43,"column":25},"end":{"line":43,"column":38}},"29":{"start":{"line":44,"column":22},"end":{"line":44,"column":60}},"30":{"start":{"line":45,"column":8},"end":{"line":45,"column":36}},"31":{"start":{"line":47,"column":8},"end":{"line":47,"column":53}},"32":{"start":{"line":52,"column":18},"end":{"line":52,"column":52}},"33":{"start":{"line":53,"column":0},"end":{"line":55,"column":1}},"34":{"start":{"line":54,"column":4},"end":{"line":54,"column":49}},"35":{"start":{"line":57,"column":16},"end":{"line":64,"column":2}},"36":{"start":{"line":59,"column":8},"end":{"line":59,"column":28}},"37":{"start":{"line":62,"column":8},"end":{"line":62,"column":55}},"38":{"start":{"line":66,"column":15},"end":{"line":66,"column":43}},"39":{"start":{"line":68,"column":0},"end":{"line":107,"column":3}},"40":{"start":{"line":69,"column":4},"end":{"line":106,"column":5}},"41":{"start":{"line":70,"column":8},"end":{"line":72,"column":9}},"42":{"start":{"line":71,"column":12},"end":{"line":71,"column":71}},"43":{"start":{"line":74,"column":35},"end":{"line":74,"column":43}},"44":{"start":{"line":75,"column":8},"end":{"line":79,"column":9}},"45":{"start":{"line":77,"column":12},"end":{"line":77,"column":41}},"46":{"start":{"line":78,"column":12},"end":{"line":78,"column":79}},"47":{"start":{"line":82,"column":27},"end":{"line":82,"column":59}},"48":{"start":{"line":84,"column":8},"end":{"line":87,"column":9}},"49":{"start":{"line":85,"column":12},"end":{"line":85,"column":41}},"50":{"start":{"line":86,"column":12},"end":{"line":86,"column":134}},"51":{"start":{"line":90,"column":25},"end":{"line":90,"column":84}},"52":{"start":{"line":93,"column":8},"end":{"line":93,"column":37}},"53":{"start":{"line":95,"column":8},"end":{"line":98,"column":11}},"54":{"start":{"line":102,"column":8},"end":{"line":104,"column":9}},"55":{"start":{"line":103,"column":12},"end":{"line":103,"column":41}},"56":{"start":{"line":105,"column":8},"end":{"line":105,"column":60}},"57":{"start":{"line":109,"column":0},"end":{"line":154,"column":3}},"58":{"start":{"line":110,"column":4},"end":{"line":153,"column":5}},"59":{"start":{"line":111,"column":25},"end":{"line":111,"column":38}},"60":{"start":{"line":112,"column":39},"end":{"line":112,"column":47}},"61":{"start":{"line":114,"column":8},"end":{"line":114,"column":118}},"62":{"start":{"line":116,"column":8},"end":{"line":118,"column":9}},"63":{"start":{"line":117,"column":12},"end":{"line":117,"column":77}},"64":{"start":{"line":121,"column":23},"end":{"line":121,"column":96}},"65":{"start":{"line":122,"column":8},"end":{"line":124,"column":9}},"66":{"start":{"line":123,"column":12},"end":{"line":123,"column":71}},"67":{"start":{"line":127,"column":23},"end":{"line":127,"column":81}},"68":{"start":{"line":130,"column":8},"end":{"line":130,"column":85}},"69":{"start":{"line":131,"column":8},"end":{"line":131,"column":84}},"70":{"start":{"line":132,"column":8},"end":{"line":132,"column":83}},"71":{"start":{"line":135,"column":8},"end":{"line":135,"column":83}},"72":{"start":{"line":135,"column":32},"end":{"line":135,"column":83}},"73":{"start":{"line":136,"column":8},"end":{"line":136,"column":80}},"74":{"start":{"line":136,"column":31},"end":{"line":136,"column":80}},"75":{"start":{"line":137,"column":8},"end":{"line":137,"column":77}},"76":{"start":{"line":137,"column":30},"end":{"line":137,"column":77}},"77":{"start":{"line":139,"column":8},"end":{"line":142,"column":10}},"78":{"start":{"line":144,"column":8},"end":{"line":149,"column":11}},"79":{"start":{"line":152,"column":8},"end":{"line":152,"column":60}},"80":{"start":{"line":156,"column":0},"end":{"line":167,"column":3}},"81":{"start":{"line":157,"column":4},"end":{"line":166,"column":5}},"82":{"start":{"line":158,"column":29},"end":{"line":158,"column":61}},"83":{"start":{"line":159,"column":25},"end":{"line":159,"column":38}},"84":{"start":{"line":161,"column":8},"end":{"line":161,"column":33}},"85":{"start":{"line":163,"column":8},"end":{"line":163,"column":91}},"86":{"start":{"line":165,"column":8},"end":{"line":165,"column":53}},"87":{"start":{"line":169,"column":0},"end":{"line":177,"column":3}},"88":{"start":{"line":170,"column":4},"end":{"line":176,"column":5}},"89":{"start":{"line":171,"column":37},"end":{"line":171,"column":69}},"90":{"start":{"line":172,"column":8},"end":{"line":172,"column":56}},"91":{"start":{"line":173,"column":8},"end":{"line":173,"column":77}},"92":{"start":{"line":175,"column":8},"end":{"line":175,"column":53}},"93":{"start":{"line":179,"column":0},"end":{"line":187,"column":3}},"94":{"start":{"line":180,"column":4},"end":{"line":186,"column":5}},"95":{"start":{"line":181,"column":36},"end":{"line":181,"column":68}},"96":{"start":{"line":182,"column":8},"end":{"line":182,"column":55}},"97":{"start":{"line":183,"column":8},"end":{"line":183,"column":76}},"98":{"start":{"line":185,"column":8},"end":{"line":185,"column":53}},"99":{"start":{"line":189,"column":0},"end":{"line":197,"column":3}},"100":{"start":{"line":190,"column":4},"end":{"line":196,"column":5}},"101":{"start":{"line":191,"column":35},"end":{"line":191,"column":67}},"102":{"start":{"line":192,"column":8},"end":{"line":192,"column":54}},"103":{"start":{"line":193,"column":8},"end":{"line":193,"column":75}},"104":{"start":{"line":195,"column":8},"end":{"line":195,"column":53}},"105":{"start":{"line":199,"column":0},"end":{"line":207,"column":3}},"106":{"start":{"line":200,"column":4},"end":{"line":206,"column":5}},"107":{"start":{"line":201,"column":37},"end":{"line":201,"column":69}},"108":{"start":{"line":202,"column":8},"end":{"line":202,"column":56}},"109":{"start":{"line":203,"column":8},"end":{"line":203,"column":78}},"110":{"start":{"line":205,"column":8},"end":{"line":205,"column":53}},"111":{"start":{"line":209,"column":0},"end":{"line":209,"column":24}}},"fnMap":{"0":{"name":"(anonymous_0)","decl":{"start":{"line":11,"column":16},"end":{"line":11,"column":17}},"loc":{"start":{"line":11,"column":36},"end":{"line":19,"column":1}},"line":11},"1":{"name":"(anonymous_1)","decl":{"start":{"line":21,"column":31},"end":{"line":21,"column":32}},"loc":{"start":{"line":21,"column":51},"end":{"line":29,"column":1}},"line":21},"2":{"name":"(anonymous_2)","decl":{"start":{"line":31,"column":30},"end":{"line":31,"column":31}},"loc":{"start":{"line":31,"column":50},"end":{"line":39,"column":1}},"line":31},"3":{"name":"(anonymous_3)","decl":{"start":{"line":41,"column":29},"end":{"line":41,"column":30}},"loc":{"start":{"line":41,"column":49},"end":{"line":49,"column":1}},"line":41},"4":{"name":"(anonymous_4)","decl":{"start":{"line":58,"column":17},"end":{"line":58,"column":18}},"loc":{"start":{"line":58,"column":36},"end":{"line":60,"column":5}},"line":58},"5":{"name":"(anonymous_5)","decl":{"start":{"line":61,"column":14},"end":{"line":61,"column":15}},"loc":{"start":{"line":61,"column":33},"end":{"line":63,"column":5}},"line":61},"6":{"name":"(anonymous_6)","decl":{"start":{"line":68,"column":46},"end":{"line":68,"column":47}},"loc":{"start":{"line":68,"column":66},"end":{"line":107,"column":1}},"line":68},"7":{"name":"(anonymous_7)","decl":{"start":{"line":109,"column":26},"end":{"line":109,"column":27}},"loc":{"start":{"line":109,"column":46},"end":{"line":154,"column":1}},"line":109},"8":{"name":"(anonymous_8)","decl":{"start":{"line":156,"column":22},"end":{"line":156,"column":23}},"loc":{"start":{"line":156,"column":42},"end":{"line":167,"column":1}},"line":156},"9":{"name":"(anonymous_9)","decl":{"start":{"line":169,"column":31},"end":{"line":169,"column":32}},"loc":{"start":{"line":169,"column":51},"end":{"line":177,"column":1}},"line":169},"10":{"name":"(anonymous_10)","decl":{"start":{"line":179,"column":30},"end":{"line":179,"column":31}},"loc":{"start":{"line":179,"column":50},"end":{"line":187,"column":1}},"line":179},"11":{"name":"(anonymous_11)","decl":{"start":{"line":189,"column":29},"end":{"line":189,"column":30}},"loc":{"start":{"line":189,"column":49},"end":{"line":197,"column":1}},"line":189},"12":{"name":"(anonymous_12)","decl":{"start":{"line":199,"column":19},"end":{"line":199,"column":20}},"loc":{"start":{"line":199,"column":39},"end":{"line":207,"column":1}},"line":199}},"branchMap":{"0":{"loc":{"start":{"line":13,"column":23},"end":{"line":13,"column":45}},"type":"binary-expr","locations":[{"start":{"line":13,"column":23},"end":{"line":13,"column":40}},{"start":{"line":13,"column":44},"end":{"line":13,"column":45}}],"line":13},"1":{"loc":{"start":{"line":53,"column":0},"end":{"line":55,"column":1}},"type":"if","locations":[{"start":{"line":53,"column":0},"end":{"line":55,"column":1}},{"start":{},"end":{}}],"line":53},"2":{"loc":{"start":{"line":70,"column":8},"end":{"line":72,"column":9}},"type":"if","locations":[{"start":{"line":70,"column":8},"end":{"line":72,"column":9}},{"start":{},"end":{}}],"line":70},"3":{"loc":{"start":{"line":75,"column":8},"end":{"line":79,"column":9}},"type":"if","locations":[{"start":{"line":75,"column":8},"end":{"line":79,"column":9}},{"start":{},"end":{}}],"line":75},"4":{"loc":{"start":{"line":75,"column":12},"end":{"line":75,"column":30}},"type":"binary-expr","locations":[{"start":{"line":75,"column":12},"end":{"line":75,"column":18}},{"start":{"line":75,"column":22},"end":{"line":75,"column":30}}],"line":75},"5":{"loc":{"start":{"line":84,"column":8},"end":{"line":87,"column":9}},"type":"if","locations":[{"start":{"line":84,"column":8},"end":{"line":87,"column":9}},{"start":{},"end":{}}],"line":84},"6":{"loc":{"start":{"line":84,"column":12},"end":{"line":84,"column":66}},"type":"binary-expr","locations":[{"start":{"line":84,"column":12},"end":{"line":84,"column":28}},{"start":{"line":84,"column":32},"end":{"line":84,"column":66}}],"line":84},"7":{"loc":{"start":{"line":102,"column":8},"end":{"line":104,"column":9}},"type":"if","locations":[{"start":{"line":102,"column":8},"end":{"line":104,"column":9}},{"start":{},"end":{}}],"line":102},"8":{"loc":{"start":{"line":102,"column":12},"end":{"line":102,"column":52}},"type":"binary-expr","locations":[{"start":{"line":102,"column":12},"end":{"line":102,"column":20}},{"start":{"line":102,"column":24},"end":{"line":102,"column":52}}],"line":102},"9":{"loc":{"start":{"line":116,"column":8},"end":{"line":118,"column":9}},"type":"if","locations":[{"start":{"line":116,"column":8},"end":{"line":118,"column":9}},{"start":{},"end":{}}],"line":116},"10":{"loc":{"start":{"line":122,"column":8},"end":{"line":124,"column":9}},"type":"if","locations":[{"start":{"line":122,"column":8},"end":{"line":124,"column":9}},{"start":{},"end":{}}],"line":122},"11":{"loc":{"start":{"line":135,"column":8},"end":{"line":135,"column":83}},"type":"if","locations":[{"start":{"line":135,"column":8},"end":{"line":135,"column":83}},{"start":{},"end":{}}],"line":135},"12":{"loc":{"start":{"line":136,"column":8},"end":{"line":136,"column":80}},"type":"if","locations":[{"start":{"line":136,"column":8},"end":{"line":136,"column":80}},{"start":{},"end":{}}],"line":136},"13":{"loc":{"start":{"line":137,"column":8},"end":{"line":137,"column":77}},"type":"if","locations":[{"start":{"line":137,"column":8},"end":{"line":137,"column":77}},{"start":{},"end":{}}],"line":137},"14":{"loc":{"start":{"line":146,"column":25},"end":{"line":146,"column":49}},"type":"binary-expr","locations":[{"start":{"line":146,"column":25},"end":{"line":146,"column":43}},{"start":{"line":146,"column":47},"end":{"line":146,"column":49}}],"line":146},"15":{"loc":{"start":{"line":147,"column":24},"end":{"line":147,"column":47}},"type":"binary-expr","locations":[{"start":{"line":147,"column":24},"end":{"line":147,"column":41}},{"start":{"line":147,"column":45},"end":{"line":147,"column":47}}],"line":147},"16":{"loc":{"start":{"line":148,"column":23},"end":{"line":148,"column":45}},"type":"binary-expr","locations":[{"start":{"line":148,"column":23},"end":{"line":148,"column":39}},{"start":{"line":148,"column":43},"end":{"line":148,"column":45}}],"line":148}},"s":{"0":4,"1":4,"2":4,"3":4,"4":4,"5":4,"6":4,"7":4,"8":4,"9":2,"10":2,"11":2,"12":2,"13":0,"14":4,"15":3,"16":3,"17":3,"18":3,"19":0,"20":4,"21":1,"22":1,"23":1,"24":1,"25":0,"26":4,"27":1,"28":1,"29":1,"30":1,"31":0,"32":4,"33":4,"34":0,"35":4,"36":1,"37":1,"38":4,"39":4,"40":2,"41":2,"42":1,"43":1,"44":1,"45":0,"46":0,"47":1,"48":1,"49":0,"50":0,"51":1,"52":1,"53":1,"54":0,"55":0,"56":0,"57":4,"58":1,"59":1,"60":1,"61":1,"62":1,"63":0,"64":1,"65":1,"66":0,"67":1,"68":1,"69":1,"70":1,"71":1,"72":1,"73":1,"74":1,"75":1,"76":1,"77":1,"78":1,"79":0,"80":4,"81":1,"82":1,"83":1,"84":1,"85":1,"86":0,"87":4,"88":1,"89":1,"90":1,"91":1,"92":0,"93":4,"94":1,"95":1,"96":1,"97":1,"98":0,"99":4,"100":1,"101":1,"102":1,"103":1,"104":0,"105":4,"106":1,"107":1,"108":1,"109":1,"110":0,"111":4},"f":{"0":2,"1":3,"2":1,"3":1,"4":1,"5":1,"6":2,"7":1,"8":1,"9":1,"10":1,"11":1,"12":1},"b":{"0":[2,0],"1":[0,4],"2":[1,1],"3":[0,1],"4":[1,1],"5":[0,1],"6":[1,1],"7":[0,0],"8":[0,0],"9":[0,1],"10":[0,1],"11":[1,0],"12":[1,0],"13":[1,0],"14":[1,0],"15":[1,0],"16":[1,0]},"_coverageSchema":"1a1c01bbd47fc00a2c39e90264f33305004495a9","hash":"7a2feebbb47c07532be008c03e8e9fb883c24e47"}
,"/Users/vivamau/projects/findmyjob/backend/routes/jobRoutes.js": {"path":"/Users/vivamau/projects/findmyjob/backend/routes/jobRoutes.js","statementMap":{"0":{"start":{"line":1,"column":16},"end":{"line":1,"column":34}},"1":{"start":{"line":2,"column":15},"end":{"line":2,"column":31}},"2":{"start":{"line":3,"column":20},"end":{"line":3,"column":36}},"3":{"start":{"line":4,"column":29},"end":{"line":4,"column":61}},"4":{"start":{"line":5,"column":14},"end":{"line":5,"column":30}},"5":{"start":{"line":7,"column":19},"end":{"line":7,"column":25}},"6":{"start":{"line":10,"column":0},"end":{"line":12,"column":3}},"7":{"start":{"line":11,"column":4},"end":{"line":11,"column":39}},"8":{"start":{"line":15,"column":0},"end":{"line":22,"column":3}},"9":{"start":{"line":16,"column":4},"end":{"line":21,"column":5}},"10":{"start":{"line":17,"column":21},"end":{"line":17,"column":66}},"11":{"start":{"line":18,"column":8},"end":{"line":18,"column":35}},"12":{"start":{"line":20,"column":8},"end":{"line":20,"column":53}},"13":{"start":{"line":25,"column":0},"end":{"line":35,"column":3}},"14":{"start":{"line":26,"column":42},"end":{"line":26,"column":50}},"15":{"start":{"line":27,"column":4},"end":{"line":27,"column":72}},"16":{"start":{"line":27,"column":14},"end":{"line":27,"column":72}},"17":{"start":{"line":29,"column":4},"end":{"line":34,"column":5}},"18":{"start":{"line":30,"column":8},"end":{"line":30,"column":127}},"19":{"start":{"line":31,"column":8},"end":{"line":31,"column":75}},"20":{"start":{"line":33,"column":8},"end":{"line":33,"column":53}},"21":{"start":{"line":38,"column":0},"end":{"line":48,"column":3}},"22":{"start":{"line":39,"column":19},"end":{"line":39,"column":29}},"23":{"start":{"line":40,"column":4},"end":{"line":47,"column":5}},"24":{"start":{"line":42,"column":8},"end":{"line":42,"column":79}},"25":{"start":{"line":43,"column":8},"end":{"line":43,"column":71}},"26":{"start":{"line":44,"column":8},"end":{"line":44,"column":77}},"27":{"start":{"line":46,"column":8},"end":{"line":46,"column":53}},"28":{"start":{"line":51,"column":0},"end":{"line":156,"column":3}},"29":{"start":{"line":52,"column":4},"end":{"line":155,"column":5}},"30":{"start":{"line":53,"column":24},"end":{"line":53,"column":89}},"31":{"start":{"line":55,"column":8},"end":{"line":149,"column":9}},"32":{"start":{"line":56,"column":12},"end":{"line":148,"column":13}},"33":{"start":{"line":58,"column":28},"end":{"line":58,"column":38}},"34":{"start":{"line":59,"column":36},"end":{"line":59,"column":100}},"35":{"start":{"line":60,"column":37},"end":{"line":60,"column":69}},"36":{"start":{"line":62,"column":16},"end":{"line":68,"column":17}},"37":{"start":{"line":63,"column":37},"end":{"line":63,"column":100}},"38":{"start":{"line":64,"column":20},"end":{"line":67,"column":21}},"39":{"start":{"line":65,"column":25},"end":{"line":65,"column":105}},"40":{"start":{"line":66,"column":25},"end":{"line":66,"column":34}},"41":{"start":{"line":70,"column":16},"end":{"line":70,"column":42}},"42":{"start":{"line":71,"column":16},"end":{"line":71,"column":64}},"43":{"start":{"line":73,"column":27},"end":{"line":73,"column":29}},"44":{"start":{"line":74,"column":31},"end":{"line":74,"column":33}},"45":{"start":{"line":75,"column":16},"end":{"line":136,"column":17}},"46":{"start":{"line":77,"column":35},"end":{"line":77,"column":54}},"47":{"start":{"line":78,"column":38},"end":{"line":78,"column":80}},"48":{"start":{"line":79,"column":20},"end":{"line":100,"column":21}},"49":{"start":{"line":80,"column":40},"end":{"line":80,"column":52}},"50":{"start":{"line":81,"column":42},"end":{"line":81,"column":54}},"51":{"start":{"line":82,"column":40},"end":{"line":82,"column":104}},"52":{"start":{"line":84,"column":44},"end":{"line":86,"column":110}},"53":{"start":{"line":88,"column":25},"end":{"line":88,"column":68}},"54":{"start":{"line":90,"column":25},"end":{"line":99,"column":26}},"55":{"start":{"line":91,"column":29},"end":{"line":98,"column":33}},"56":{"start":{"line":91,"column":74},"end":{"line":98,"column":30}},"57":{"start":{"line":103,"column":33},"end":{"line":108,"column":22}},"58":{"start":{"line":110,"column":20},"end":{"line":110,"column":41}},"59":{"start":{"line":111,"column":41},"end":{"line":116,"column":61}},"60":{"start":{"line":118,"column":20},"end":{"line":122,"column":21}},"61":{"start":{"line":119,"column":25},"end":{"line":119,"column":126}},"62":{"start":{"line":120,"column":55},"end":{"line":120,"column":92}},"63":{"start":{"line":121,"column":25},"end":{"line":121,"column":72}},"64":{"start":{"line":125,"column":40},"end":{"line":131,"column":43}},"65":{"start":{"line":133,"column":20},"end":{"line":133,"column":103}},"66":{"start":{"line":134,"column":20},"end":{"line":134,"column":45}},"67":{"start":{"line":135,"column":20},"end":{"line":135,"column":63}},"68":{"start":{"line":138,"column":16},"end":{"line":138,"column":40}},"69":{"start":{"line":139,"column":16},"end":{"line":144,"column":17}},"70":{"start":{"line":140,"column":21},"end":{"line":143,"column":23}},"71":{"start":{"line":145,"column":16},"end":{"line":145,"column":157}},"72":{"start":{"line":147,"column":16},"end":{"line":147,"column":88}},"73":{"start":{"line":150,"column":8},"end":{"line":150,"column":30}},"74":{"start":{"line":151,"column":8},"end":{"line":151,"column":87}},"75":{"start":{"line":153,"column":8},"end":{"line":153,"column":30}},"76":{"start":{"line":154,"column":8},"end":{"line":154,"column":53}},"77":{"start":{"line":158,"column":0},"end":{"line":158,"column":24}}},"fnMap":{"0":{"name":"(anonymous_0)","decl":{"start":{"line":10,"column":29},"end":{"line":10,"column":30}},"loc":{"start":{"line":10,"column":43},"end":{"line":12,"column":1}},"line":10},"1":{"name":"(anonymous_1)","decl":{"start":{"line":15,"column":23},"end":{"line":15,"column":24}},"loc":{"start":{"line":15,"column":43},"end":{"line":22,"column":1}},"line":15},"2":{"name":"(anonymous_2)","decl":{"start":{"line":25,"column":24},"end":{"line":25,"column":25}},"loc":{"start":{"line":25,"column":44},"end":{"line":35,"column":1}},"line":25},"3":{"name":"(anonymous_3)","decl":{"start":{"line":38,"column":30},"end":{"line":38,"column":31}},"loc":{"start":{"line":38,"column":50},"end":{"line":48,"column":1}},"line":38},"4":{"name":"(anonymous_4)","decl":{"start":{"line":51,"column":23},"end":{"line":51,"column":24}},"loc":{"start":{"line":51,"column":43},"end":{"line":156,"column":1}},"line":51},"5":{"name":"(anonymous_5)","decl":{"start":{"line":91,"column":68},"end":{"line":91,"column":69}},"loc":{"start":{"line":91,"column":74},"end":{"line":98,"column":30}},"line":91}},"branchMap":{"0":{"loc":{"start":{"line":27,"column":4},"end":{"line":27,"column":72}},"type":"if","locations":[{"start":{"line":27,"column":4},"end":{"line":27,"column":72}},{"start":{},"end":{}}],"line":27},"1":{"loc":{"start":{"line":30,"column":99},"end":{"line":30,"column":124}},"type":"binary-expr","locations":[{"start":{"line":30,"column":99},"end":{"line":30,"column":119}},{"start":{"line":30,"column":123},"end":{"line":30,"column":124}}],"line":30},"2":{"loc":{"start":{"line":59,"column":36},"end":{"line":59,"column":100}},"type":"cond-expr","locations":[{"start":{"line":59,"column":61},"end":{"line":59,"column":93}},{"start":{"line":59,"column":96},"end":{"line":59,"column":100}}],"line":59},"3":{"loc":{"start":{"line":60,"column":37},"end":{"line":60,"column":69}},"type":"binary-expr","locations":[{"start":{"line":60,"column":37},"end":{"line":60,"column":64}},{"start":{"line":60,"column":68},"end":{"line":60,"column":69}}],"line":60},"4":{"loc":{"start":{"line":62,"column":16},"end":{"line":68,"column":17}},"type":"if","locations":[{"start":{"line":62,"column":16},"end":{"line":68,"column":17}},{"start":{},"end":{}}],"line":62},"5":{"loc":{"start":{"line":64,"column":20},"end":{"line":67,"column":21}},"type":"if","locations":[{"start":{"line":64,"column":20},"end":{"line":67,"column":21}},{"start":{},"end":{}}],"line":64},"6":{"loc":{"start":{"line":75,"column":16},"end":{"line":136,"column":17}},"type":"if","locations":[{"start":{"line":75,"column":16},"end":{"line":136,"column":17}},{"start":{"line":101,"column":23},"end":{"line":136,"column":17}}],"line":75},"7":{"loc":{"start":{"line":79,"column":20},"end":{"line":100,"column":21}},"type":"if","locations":[{"start":{"line":79,"column":20},"end":{"line":100,"column":21}},{"start":{},"end":{}}],"line":79},"8":{"loc":{"start":{"line":90,"column":25},"end":{"line":99,"column":26}},"type":"if","locations":[{"start":{"line":90,"column":25},"end":{"line":99,"column":26}},{"start":{},"end":{}}],"line":90},"9":{"loc":{"start":{"line":90,"column":29},"end":{"line":90,"column":75}},"type":"binary-expr","locations":[{"start":{"line":90,"column":29},"end":{"line":90,"column":44}},{"start":{"line":90,"column":48},"end":{"line":90,"column":75}}],"line":90},"10":{"loc":{"start":{"line":93,"column":45},"end":{"line":93,"column":66}},"type":"binary-expr","locations":[{"start":{"line":93,"column":45},"end":{"line":93,"column":52}},{"start":{"line":93,"column":56},"end":{"line":93,"column":66}}],"line":93},"11":{"loc":{"start":{"line":94,"column":43},"end":{"line":94,"column":64}},"type":"binary-expr","locations":[{"start":{"line":94,"column":43},"end":{"line":94,"column":58}},{"start":{"line":94,"column":62},"end":{"line":94,"column":64}}],"line":94},"12":{"loc":{"start":{"line":96,"column":57},"end":{"line":96,"column":76}},"type":"binary-expr","locations":[{"start":{"line":96,"column":57},"end":{"line":96,"column":67}},{"start":{"line":96,"column":71},"end":{"line":96,"column":76}}],"line":96},"13":{"loc":{"start":{"line":111,"column":41},"end":{"line":116,"column":61}},"type":"binary-expr","locations":[{"start":{"line":111,"column":41},"end":{"line":111,"column":92}},{"start":{"line":112,"column":39},"end":{"line":112,"column":82}},{"start":{"line":113,"column":39},"end":{"line":113,"column":69}},{"start":{"line":114,"column":39},"end":{"line":114,"column":66}},{"start":{"line":115,"column":39},"end":{"line":115,"column":104}},{"start":{"line":116,"column":39},"end":{"line":116,"column":61}}],"line":111},"14":{"loc":{"start":{"line":118,"column":20},"end":{"line":122,"column":21}},"type":"if","locations":[{"start":{"line":118,"column":20},"end":{"line":122,"column":21}},{"start":{},"end":{}}],"line":118},"15":{"loc":{"start":{"line":142,"column":37},"end":{"line":142,"column":66}},"type":"binary-expr","locations":[{"start":{"line":142,"column":37},"end":{"line":142,"column":53}},{"start":{"line":142,"column":57},"end":{"line":142,"column":66}}],"line":142},"16":{"loc":{"start":{"line":142,"column":68},"end":{"line":142,"column":96}},"type":"binary-expr","locations":[{"start":{"line":142,"column":68},"end":{"line":142,"column":82}},{"start":{"line":142,"column":86},"end":{"line":142,"column":96}}],"line":142}},"s":{"0":4,"1":4,"2":4,"3":4,"4":4,"5":4,"6":4,"7":0,"8":4,"9":1,"10":1,"11":1,"12":0,"13":4,"14":1,"15":1,"16":0,"17":1,"18":1,"19":1,"20":0,"21":4,"22":1,"23":1,"24":1,"25":1,"26":1,"27":0,"28":4,"29":2,"30":2,"31":2,"32":3,"33":3,"34":3,"35":3,"36":3,"37":1,"38":1,"39":1,"40":1,"41":2,"42":2,"43":2,"44":2,"45":2,"46":1,"47":1,"48":1,"49":1,"50":1,"51":1,"52":1,"53":1,"54":1,"55":1,"56":1,"57":1,"58":1,"59":1,"60":1,"61":1,"62":1,"63":1,"64":1,"65":1,"66":1,"67":1,"68":2,"69":2,"70":1,"71":2,"72":0,"73":2,"74":2,"75":0,"76":0,"77":4},"f":{"0":0,"1":1,"2":1,"3":1,"4":2,"5":1},"b":{"0":[0,1],"1":[1,1],"2":[1,2],"3":[3,0],"4":[1,2],"5":[1,0],"6":[1,1],"7":[1,0],"8":[1,0],"9":[1,1],"10":[1,0],"11":[1,0],"12":[1,0],"13":[1,1,1,1,1,1],"14":[1,0],"15":[1,0],"16":[1,0]},"_coverageSchema":"1a1c01bbd47fc00a2c39e90264f33305004495a9","hash":"d9403ba153097c21f2119f09daea3d3c2fe4d90c"}
,"/Users/vivamau/projects/findmyjob/backend/scripts/run_migrations.js": {"path":"/Users/vivamau/projects/findmyjob/backend/scripts/run_migrations.js","statementMap":{"0":{"start":{"line":1,"column":11},"end":{"line":1,"column":24}},"1":{"start":{"line":2,"column":13},"end":{"line":2,"column":28}},"2":{"start":{"line":3,"column":20},"end":{"line":3,"column":36}},"3":{"start":{"line":6,"column":24},"end":{"line":6,"column":64}},"4":{"start":{"line":7,"column":16},"end":{"line":7,"column":84}},"5":{"start":{"line":7,"column":58},"end":{"line":7,"column":76}},"6":{"start":{"line":9,"column":2},"end":{"line":9,"column":96}},"7":{"start":{"line":11,"column":2},"end":{"line":30,"column":3}},"8":{"start":{"line":12,"column":23},"end":{"line":12,"column":101}},"9":{"start":{"line":13,"column":4},"end":{"line":13,"column":29}},"10":{"start":{"line":13,"column":20},"end":{"line":13,"column":29}},"11":{"start":{"line":15,"column":21},"end":{"line":15,"column":51}},"12":{"start":{"line":16,"column":16},"end":{"line":16,"column":50}},"13":{"start":{"line":18,"column":4},"end":{"line":29,"column":5}},"14":{"start":{"line":19,"column":8},"end":{"line":19,"column":32}},"15":{"start":{"line":20,"column":8},"end":{"line":20,"column":98}},"16":{"start":{"line":22,"column":8},"end":{"line":28,"column":9}},"17":{"start":{"line":24,"column":12},"end":{"line":24,"column":102}},"18":{"start":{"line":26,"column":12},"end":{"line":26,"column":71}},"19":{"start":{"line":27,"column":12},"end":{"line":27,"column":22}},"20":{"start":{"line":33,"column":0},"end":{"line":33,"column":31}}},"fnMap":{"0":{"name":"runMigrations","decl":{"start":{"line":5,"column":15},"end":{"line":5,"column":28}},"loc":{"start":{"line":5,"column":31},"end":{"line":31,"column":1}},"line":5},"1":{"name":"(anonymous_1)","decl":{"start":{"line":7,"column":53},"end":{"line":7,"column":54}},"loc":{"start":{"line":7,"column":58},"end":{"line":7,"column":76}},"line":7}},"branchMap":{"0":{"loc":{"start":{"line":13,"column":4},"end":{"line":13,"column":29}},"type":"if","locations":[{"start":{"line":13,"column":4},"end":{"line":13,"column":29}},{"start":{},"end":{}}],"line":13},"1":{"loc":{"start":{"line":22,"column":8},"end":{"line":28,"column":9}},"type":"if","locations":[{"start":{"line":22,"column":8},"end":{"line":28,"column":9}},{"start":{"line":25,"column":15},"end":{"line":28,"column":9}}],"line":22},"2":{"loc":{"start":{"line":22,"column":12},"end":{"line":22,"column":99}},"type":"binary-expr","locations":[{"start":{"line":22,"column":12},"end":{"line":22,"column":57}},{"start":{"line":22,"column":61},"end":{"line":22,"column":99}}],"line":22}},"s":{"0":4,"1":4,"2":4,"3":3,"4":3,"5":24,"6":3,"7":3,"8":24,"9":24,"10":0,"11":24,"12":24,"13":24,"14":24,"15":24,"16":0,"17":0,"18":0,"19":0,"20":4},"f":{"0":3,"1":24},"b":{"0":[0,24],"1":[0,0],"2":[0,0]},"_coverageSchema":"1a1c01bbd47fc00a2c39e90264f33305004495a9","hash":"96802e9e5e8e85c750ab45f8e70135798e4ff09a"}
,"/Users/vivamau/projects/findmyjob/backend/scripts/seed_userroles.js": {"path":"/Users/vivamau/projects/findmyjob/backend/scripts/seed_userroles.js","statementMap":{"0":{"start":{"line":1,"column":20},"end":{"line":1,"column":36}},"1":{"start":{"line":4,"column":19},"end":{"line":4,"column":75}},"2":{"start":{"line":5,"column":2},"end":{"line":11,"column":3}},"3":{"start":{"line":7,"column":18},"end":{"line":7,"column":46}},"4":{"start":{"line":8,"column":4},"end":{"line":10,"column":5}},"5":{"start":{"line":9,"column":6},"end":{"line":9,"column":77}},"6":{"start":{"line":14,"column":0},"end":{"line":14,"column":31}}},"fnMap":{"0":{"name":"seedUserRoles","decl":{"start":{"line":3,"column":15},"end":{"line":3,"column":28}},"loc":{"start":{"line":3,"column":31},"end":{"line":12,"column":1}},"line":3}},"branchMap":{"0":{"loc":{"start":{"line":5,"column":2},"end":{"line":11,"column":3}},"type":"if","locations":[{"start":{"line":5,"column":2},"end":{"line":11,"column":3}},{"start":{},"end":{}}],"line":5}},"s":{"0":1,"1":1,"2":1,"3":1,"4":1,"5":3,"6":1},"f":{"0":1},"b":{"0":[1,0]},"_coverageSchema":"1a1c01bbd47fc00a2c39e90264f33305004495a9","hash":"5ba152d464c6a237c6c299ecfae71ff34ed0447e"}
,"/Users/vivamau/projects/findmyjob/backend/scripts/seed_users.js": {"path":"/Users/vivamau/projects/findmyjob/backend/scripts/seed_users.js","statementMap":{"0":{"start":{"line":1,"column":20},"end":{"line":1,"column":36}},"1":{"start":{"line":2,"column":15},"end":{"line":2,"column":34}},"2":{"start":{"line":5,"column":19},"end":{"line":5,"column":71}},"3":{"start":{"line":6,"column":2},"end":{"line":31,"column":3}},"4":{"start":{"line":8,"column":22},"end":{"line":8,"column":60}},"5":{"start":{"line":9,"column":23},"end":{"line":9,"column":62}},"6":{"start":{"line":10,"column":22},"end":{"line":10,"column":60}},"7":{"start":{"line":13,"column":18},"end":{"line":13,"column":74}},"8":{"start":{"line":14,"column":20},"end":{"line":14,"column":22}},"9":{"start":{"line":15,"column":4},"end":{"line":15,"column":52}},"10":{"start":{"line":15,"column":23},"end":{"line":15,"column":50}},"11":{"start":{"line":17,"column":4},"end":{"line":17,"column":34}},"12":{"start":{"line":17,"column":27},"end":{"line":17,"column":34}},"13":{"start":{"line":19,"column":4},"end":{"line":22,"column":6}},"14":{"start":{"line":23,"column":4},"end":{"line":26,"column":6}},"15":{"start":{"line":27,"column":4},"end":{"line":30,"column":6}},"16":{"start":{"line":34,"column":0},"end":{"line":34,"column":27}}},"fnMap":{"0":{"name":"seedUsers","decl":{"start":{"line":4,"column":15},"end":{"line":4,"column":24}},"loc":{"start":{"line":4,"column":27},"end":{"line":32,"column":1}},"line":4},"1":{"name":"(anonymous_1)","decl":{"start":{"line":15,"column":18},"end":{"line":15,"column":19}},"loc":{"start":{"line":15,"column":23},"end":{"line":15,"column":50}},"line":15}},"branchMap":{"0":{"loc":{"start":{"line":6,"column":2},"end":{"line":31,"column":3}},"type":"if","locations":[{"start":{"line":6,"column":2},"end":{"line":31,"column":3}},{"start":{},"end":{}}],"line":6},"1":{"loc":{"start":{"line":17,"column":4},"end":{"line":17,"column":34}},"type":"if","locations":[{"start":{"line":17,"column":4},"end":{"line":17,"column":34}},{"start":{},"end":{}}],"line":17}},"s":{"0":1,"1":1,"2":1,"3":1,"4":1,"5":1,"6":1,"7":1,"8":1,"9":1,"10":3,"11":1,"12":0,"13":1,"14":1,"15":1,"16":1},"f":{"0":1,"1":3},"b":{"0":[1,0],"1":[0,1]},"_coverageSchema":"1a1c01bbd47fc00a2c39e90264f33305004495a9","hash":"047d13c9dbfed6685e54fd58bef3cd26de476cc7"}
,"/Users/vivamau/projects/findmyjob/backend/services/aiService.js": {"path":"/Users/vivamau/projects/findmyjob/backend/services/aiService.js","statementMap":{"0":{"start":{"line":1,"column":14},"end":{"line":1,"column":30}},"1":{"start":{"line":2,"column":20},"end":{"line":2,"column":36}},"2":{"start":{"line":9,"column":4},"end":{"line":18,"column":5}},"3":{"start":{"line":10,"column":25},"end":{"line":10,"column":75}},"4":{"start":{"line":11,"column":8},"end":{"line":13,"column":9}},"5":{"start":{"line":12,"column":12},"end":{"line":12,"column":57}},"6":{"start":{"line":12,"column":49},"end":{"line":12,"column":55}},"7":{"start":{"line":14,"column":8},"end":{"line":14,"column":18}},"8":{"start":{"line":16,"column":8},"end":{"line":16,"column":111}},"9":{"start":{"line":17,"column":8},"end":{"line":17,"column":18}},"10":{"start":{"line":27,"column":4},"end":{"line":94,"column":5}},"11":{"start":{"line":28,"column":23},"end":{"line":49,"column":10}},"12":{"start":{"line":51,"column":23},"end":{"line":51,"column":93}},"13":{"start":{"line":52,"column":25},"end":{"line":52,"column":63}},"14":{"start":{"line":53,"column":23},"end":{"line":53,"column":51}},"15":{"start":{"line":54,"column":30},"end":{"line":54,"column":83}},"16":{"start":{"line":56,"column":8},"end":{"line":56,"column":87}},"17":{"start":{"line":58,"column":27},"end":{"line":58,"column":29}},"18":{"start":{"line":59,"column":8},"end":{"line":73,"column":9}},"19":{"start":{"line":60,"column":24},"end":{"line":64,"column":14}},"20":{"start":{"line":65,"column":12},"end":{"line":65,"column":45}},"21":{"start":{"line":66,"column":15},"end":{"line":73,"column":9}},"22":{"start":{"line":67,"column":24},"end":{"line":71,"column":68}},"23":{"start":{"line":72,"column":12},"end":{"line":72,"column":63}},"24":{"start":{"line":75,"column":8},"end":{"line":75,"column":65}},"25":{"start":{"line":78,"column":26},"end":{"line":78,"column":59}},"26":{"start":{"line":79,"column":27},"end":{"line":79,"column":73}},"27":{"start":{"line":81,"column":8},"end":{"line":84,"column":9}},"28":{"start":{"line":82,"column":13},"end":{"line":82,"column":77}},"29":{"start":{"line":83,"column":13},"end":{"line":83,"column":23}},"30":{"start":{"line":86,"column":23},"end":{"line":86,"column":45}},"31":{"start":{"line":87,"column":8},"end":{"line":87,"column":33}},"32":{"start":{"line":89,"column":8},"end":{"line":89,"column":98}},"33":{"start":{"line":90,"column":8},"end":{"line":92,"column":9}},"34":{"start":{"line":91,"column":12},"end":{"line":91,"column":152}},"35":{"start":{"line":93,"column":8},"end":{"line":93,"column":18}},"36":{"start":{"line":104,"column":4},"end":{"line":226,"column":5}},"37":{"start":{"line":105,"column":23},"end":{"line":146,"column":46}},"38":{"start":{"line":148,"column":23},"end":{"line":150,"column":84}},"39":{"start":{"line":152,"column":25},"end":{"line":152,"column":63}},"40":{"start":{"line":153,"column":23},"end":{"line":153,"column":51}},"41":{"start":{"line":155,"column":25},"end":{"line":155,"column":27}},"42":{"start":{"line":157,"column":8},"end":{"line":193,"column":9}},"43":{"start":{"line":158,"column":29},"end":{"line":164,"column":14}},"44":{"start":{"line":165,"column":12},"end":{"line":165,"column":74}},"45":{"start":{"line":166,"column":15},"end":{"line":193,"column":9}},"46":{"start":{"line":167,"column":29},"end":{"line":171,"column":66}},"47":{"start":{"line":172,"column":12},"end":{"line":172,"column":66}},"48":{"start":{"line":173,"column":15},"end":{"line":193,"column":9}},"49":{"start":{"line":174,"column":29},"end":{"line":178,"column":66}},"50":{"start":{"line":179,"column":12},"end":{"line":179,"column":66}},"51":{"start":{"line":180,"column":15},"end":{"line":193,"column":9}},"52":{"start":{"line":181,"column":29},"end":{"line":185,"column":87}},"53":{"start":{"line":186,"column":12},"end":{"line":186,"column":55}},"54":{"start":{"line":187,"column":15},"end":{"line":193,"column":9}},"55":{"start":{"line":188,"column":29},"end":{"line":191,"column":66}},"56":{"start":{"line":192,"column":12},"end":{"line":192,"column":66}},"57":{"start":{"line":195,"column":8},"end":{"line":195,"column":70}},"58":{"start":{"line":196,"column":8},"end":{"line":196,"column":32}},"59":{"start":{"line":198,"column":8},"end":{"line":200,"column":9}},"60":{"start":{"line":199,"column":12},"end":{"line":199,"column":65}},"61":{"start":{"line":202,"column":23},"end":{"line":202,"column":45}},"62":{"start":{"line":205,"column":8},"end":{"line":215,"column":9}},"63":{"start":{"line":206,"column":25},"end":{"line":206,"column":44}},"64":{"start":{"line":207,"column":31},"end":{"line":207,"column":86}},"65":{"start":{"line":207,"column":66},"end":{"line":207,"column":85}},"66":{"start":{"line":208,"column":12},"end":{"line":214,"column":13}},"67":{"start":{"line":209,"column":16},"end":{"line":213,"column":18}},"68":{"start":{"line":218,"column":8},"end":{"line":222,"column":10}},"69":{"start":{"line":224,"column":8},"end":{"line":224,"column":55}},"70":{"start":{"line":225,"column":8},"end":{"line":225,"column":53}},"71":{"start":{"line":230,"column":4},"end":{"line":230,"column":62}},"72":{"start":{"line":234,"column":4},"end":{"line":236,"column":5}},"73":{"start":{"line":235,"column":8},"end":{"line":235,"column":70}},"74":{"start":{"line":237,"column":4},"end":{"line":240,"column":6}},"75":{"start":{"line":243,"column":0},"end":{"line":249,"column":2}}},"fnMap":{"0":{"name":"listModels","decl":{"start":{"line":8,"column":15},"end":{"line":8,"column":25}},"loc":{"start":{"line":8,"column":28},"end":{"line":19,"column":1}},"line":8},"1":{"name":"(anonymous_1)","decl":{"start":{"line":12,"column":44},"end":{"line":12,"column":45}},"loc":{"start":{"line":12,"column":49},"end":{"line":12,"column":55}},"line":12},"2":{"name":"parseJobListings","decl":{"start":{"line":26,"column":15},"end":{"line":26,"column":31}},"loc":{"start":{"line":26,"column":49},"end":{"line":95,"column":1}},"line":26},"3":{"name":"parseCvWithModel","decl":{"start":{"line":103,"column":15},"end":{"line":103,"column":31}},"loc":{"start":{"line":103,"column":66},"end":{"line":227,"column":1}},"line":103},"4":{"name":"(anonymous_4)","decl":{"start":{"line":207,"column":61},"end":{"line":207,"column":62}},"loc":{"start":{"line":207,"column":66},"end":{"line":207,"column":85}},"line":207},"5":{"name":"getProviderConfigs","decl":{"start":{"line":229,"column":15},"end":{"line":229,"column":33}},"loc":{"start":{"line":229,"column":36},"end":{"line":231,"column":1}},"line":229},"6":{"name":"updateProviderConfig","decl":{"start":{"line":233,"column":15},"end":{"line":233,"column":35}},"loc":{"start":{"line":233,"column":55},"end":{"line":241,"column":1}},"line":233}},"branchMap":{"0":{"loc":{"start":{"line":11,"column":8},"end":{"line":13,"column":9}},"type":"if","locations":[{"start":{"line":11,"column":8},"end":{"line":13,"column":9}},{"start":{},"end":{}}],"line":11},"1":{"loc":{"start":{"line":11,"column":12},"end":{"line":11,"column":49}},"type":"binary-expr","locations":[{"start":{"line":11,"column":12},"end":{"line":11,"column":25}},{"start":{"line":11,"column":29},"end":{"line":11,"column":49}}],"line":11},"2":{"loc":{"start":{"line":52,"column":25},"end":{"line":52,"column":63}},"type":"cond-expr","locations":[{"start":{"line":52,"column":34},"end":{"line":52,"column":52}},{"start":{"line":52,"column":55},"end":{"line":52,"column":63}}],"line":52},"3":{"loc":{"start":{"line":53,"column":23},"end":{"line":53,"column":51}},"type":"cond-expr","locations":[{"start":{"line":53,"column":32},"end":{"line":53,"column":46}},{"start":{"line":53,"column":49},"end":{"line":53,"column":51}}],"line":53},"4":{"loc":{"start":{"line":54,"column":30},"end":{"line":54,"column":83}},"type":"binary-expr","locations":[{"start":{"line":54,"column":30},"end":{"line":54,"column":35}},{"start":{"line":54,"column":40},"end":{"line":54,"column":46}},{"start":{"line":54,"column":50},"end":{"line":54,"column":70}},{"start":{"line":54,"column":75},"end":{"line":54,"column":83}}],"line":54},"5":{"loc":{"start":{"line":59,"column":8},"end":{"line":73,"column":9}},"type":"if","locations":[{"start":{"line":59,"column":8},"end":{"line":73,"column":9}},{"start":{"line":66,"column":15},"end":{"line":73,"column":9}}],"line":59},"6":{"loc":{"start":{"line":66,"column":15},"end":{"line":73,"column":9}},"type":"if","locations":[{"start":{"line":66,"column":15},"end":{"line":73,"column":9}},{"start":{},"end":{}}],"line":66},"7":{"loc":{"start":{"line":68,"column":23},"end":{"line":68,"column":40}},"type":"binary-expr","locations":[{"start":{"line":68,"column":23},"end":{"line":68,"column":28}},{"start":{"line":68,"column":32},"end":{"line":68,"column":40}}],"line":68},"8":{"loc":{"start":{"line":79,"column":27},"end":{"line":79,"column":73}},"type":"cond-expr","locations":[{"start":{"line":79,"column":39},"end":{"line":79,"column":51}},{"start":{"line":79,"column":54},"end":{"line":79,"column":73}}],"line":79},"9":{"loc":{"start":{"line":81,"column":8},"end":{"line":84,"column":9}},"type":"if","locations":[{"start":{"line":81,"column":8},"end":{"line":84,"column":9}},{"start":{},"end":{}}],"line":81},"10":{"loc":{"start":{"line":87,"column":15},"end":{"line":87,"column":32}},"type":"binary-expr","locations":[{"start":{"line":87,"column":15},"end":{"line":87,"column":26}},{"start":{"line":87,"column":30},"end":{"line":87,"column":32}}],"line":87},"11":{"loc":{"start":{"line":89,"column":56},"end":{"line":89,"column":96}},"type":"cond-expr","locations":[{"start":{"line":89,"column":69},"end":{"line":89,"column":91}},{"start":{"line":89,"column":94},"end":{"line":89,"column":96}}],"line":89},"12":{"loc":{"start":{"line":90,"column":8},"end":{"line":92,"column":9}},"type":"if","locations":[{"start":{"line":90,"column":8},"end":{"line":92,"column":9}},{"start":{},"end":{}}],"line":90},"13":{"loc":{"start":{"line":91,"column":57},"end":{"line":91,"column":150}},"type":"cond-expr","locations":[{"start":{"line":91,"column":97},"end":{"line":91,"column":114}},{"start":{"line":91,"column":117},"end":{"line":91,"column":150}}],"line":91},"14":{"loc":{"start":{"line":103,"column":47},"end":{"line":103,"column":64}},"type":"default-arg","locations":[{"start":{"line":103,"column":60},"end":{"line":103,"column":64}}],"line":103},"15":{"loc":{"start":{"line":148,"column":23},"end":{"line":150,"column":84}},"type":"cond-expr","locations":[{"start":{"line":149,"column":14},"end":{"line":149,"column":100}},{"start":{"line":150,"column":14},"end":{"line":150,"column":84}}],"line":148},"16":{"loc":{"start":{"line":152,"column":25},"end":{"line":152,"column":63}},"type":"cond-expr","locations":[{"start":{"line":152,"column":34},"end":{"line":152,"column":52}},{"start":{"line":152,"column":55},"end":{"line":152,"column":63}}],"line":152},"17":{"loc":{"start":{"line":153,"column":23},"end":{"line":153,"column":51}},"type":"cond-expr","locations":[{"start":{"line":153,"column":32},"end":{"line":153,"column":46}},{"start":{"line":153,"column":49},"end":{"line":153,"column":51}}],"line":153},"18":{"loc":{"start":{"line":157,"column":8},"end":{"line":193,"column":9}},"type":"if","locations":[{"start":{"line":157,"column":8},"end":{"line":193,"column":9}},{"start":{"line":166,"column":15},"end":{"line":193,"column":9}}],"line":157},"19":{"loc":{"start":{"line":165,"column":25},"end":{"line":165,"column":73}},"type":"binary-expr","locations":[{"start":{"line":165,"column":25},"end":{"line":165,"column":47}},{"start":{"line":165,"column":51},"end":{"line":165,"column":73}}],"line":165},"20":{"loc":{"start":{"line":166,"column":15},"end":{"line":193,"column":9}},"type":"if","locations":[{"start":{"line":166,"column":15},"end":{"line":193,"column":9}},{"start":{"line":173,"column":15},"end":{"line":193,"column":9}}],"line":166},"21":{"loc":{"start":{"line":173,"column":15},"end":{"line":193,"column":9}},"type":"if","locations":[{"start":{"line":173,"column":15},"end":{"line":193,"column":9}},{"start":{"line":180,"column":15},"end":{"line":193,"column":9}}],"line":173},"22":{"loc":{"start":{"line":180,"column":15},"end":{"line":193,"column":9}},"type":"if","locations":[{"start":{"line":180,"column":15},"end":{"line":193,"column":9}},{"start":{"line":187,"column":15},"end":{"line":193,"column":9}}],"line":180},"23":{"loc":{"start":{"line":187,"column":15},"end":{"line":193,"column":9}},"type":"if","locations":[{"start":{"line":187,"column":15},"end":{"line":193,"column":9}},{"start":{},"end":{}}],"line":187},"24":{"loc":{"start":{"line":198,"column":8},"end":{"line":200,"column":9}},"type":"if","locations":[{"start":{"line":198,"column":8},"end":{"line":200,"column":9}},{"start":{},"end":{}}],"line":198},"25":{"loc":{"start":{"line":205,"column":8},"end":{"line":215,"column":9}},"type":"if","locations":[{"start":{"line":205,"column":8},"end":{"line":215,"column":9}},{"start":{},"end":{}}],"line":205},"26":{"loc":{"start":{"line":207,"column":31},"end":{"line":207,"column":86}},"type":"binary-expr","locations":[{"start":{"line":207,"column":31},"end":{"line":207,"column":46}},{"start":{"line":207,"column":50},"end":{"line":207,"column":86}}],"line":207},"27":{"loc":{"start":{"line":208,"column":12},"end":{"line":214,"column":13}},"type":"if","locations":[{"start":{"line":208,"column":12},"end":{"line":214,"column":13}},{"start":{},"end":{}}],"line":208},"28":{"loc":{"start":{"line":219,"column":25},"end":{"line":219,"column":84}},"type":"binary-expr","locations":[{"start":{"line":219,"column":25},"end":{"line":219,"column":43}},{"start":{"line":219,"column":48},"end":{"line":219,"column":83}}],"line":219},"29":{"loc":{"start":{"line":219,"column":48},"end":{"line":219,"column":83}},"type":"cond-expr","locations":[{"start":{"line":219,"column":72},"end":{"line":219,"column":78}},{"start":{"line":219,"column":81},"end":{"line":219,"column":83}}],"line":219},"30":{"loc":{"start":{"line":220,"column":24},"end":{"line":220,"column":47}},"type":"binary-expr","locations":[{"start":{"line":220,"column":24},"end":{"line":220,"column":41}},{"start":{"line":220,"column":45},"end":{"line":220,"column":47}}],"line":220},"31":{"loc":{"start":{"line":221,"column":23},"end":{"line":221,"column":45}},"type":"binary-expr","locations":[{"start":{"line":221,"column":23},"end":{"line":221,"column":39}},{"start":{"line":221,"column":43},"end":{"line":221,"column":45}}],"line":221},"32":{"loc":{"start":{"line":234,"column":4},"end":{"line":236,"column":5}},"type":"if","locations":[{"start":{"line":234,"column":4},"end":{"line":236,"column":5}},{"start":{},"end":{}}],"line":234},"33":{"loc":{"start":{"line":239,"column":43},"end":{"line":239,"column":62}},"type":"binary-expr","locations":[{"start":{"line":239,"column":43},"end":{"line":239,"column":57}},{"start":{"line":239,"column":61},"end":{"line":239,"column":62}}],"line":239}},"s":{"0":3,"1":3,"2":2,"3":2,"4":1,"5":1,"6":2,"7":0,"8":1,"9":1,"10":1,"11":1,"12":1,"13":1,"14":1,"15":1,"16":1,"17":1,"18":1,"19":1,"20":1,"21":0,"22":0,"23":0,"24":0,"25":0,"26":0,"27":0,"28":0,"29":0,"30":0,"31":0,"32":1,"33":1,"34":0,"35":1,"36":8,"37":8,"38":8,"39":8,"40":8,"41":8,"42":8,"43":4,"44":3,"45":4,"46":1,"47":1,"48":3,"49":1,"50":1,"51":2,"52":1,"53":1,"54":1,"55":1,"56":1,"57":7,"58":7,"59":7,"60":1,"61":6,"62":6,"63":5,"64":5,"65":6,"66":5,"67":1,"68":5,"69":2,"70":2,"71":2,"72":1,"73":1,"74":1,"75":3},"f":{"0":2,"1":2,"2":1,"3":8,"4":6,"5":2,"6":1},"b":{"0":[1,0],"1":[1,1],"2":[1,0],"3":[1,0],"4":[1,1,1,0],"5":[1,0],"6":[0,0],"7":[0,0],"8":[0,0],"9":[0,0],"10":[0,0],"11":[0,1],"12":[0,1],"13":[0,0],"14":[8],"15":[0,8],"16":[8,0],"17":[8,0],"18":[4,4],"19":[3,1],"20":[1,3],"21":[1,2],"22":[1,1],"23":[1,0],"24":[1,6],"25":[5,1],"26":[5,5],"27":[1,4],"28":[5,1],"29":[1,0],"30":[5,5],"31":[5,5],"32":[1,0],"33":[1,0]},"_coverageSchema":"1a1c01bbd47fc00a2c39e90264f33305004495a9","hash":"3dec00d7a44aac83d6217eb6a70d62f289e88d3d"}
,"/Users/vivamau/projects/findmyjob/backend/services/cvService.js": {"path":"/Users/vivamau/projects/findmyjob/backend/services/cvService.js","statementMap":{"0":{"start":{"line":1,"column":11},"end":{"line":1,"column":24}},"1":{"start":{"line":2,"column":12},"end":{"line":2,"column":32}},"2":{"start":{"line":3,"column":20},"end":{"line":3,"column":36}},"3":{"start":{"line":12,"column":2},"end":{"line":14,"column":3}},"4":{"start":{"line":13,"column":4},"end":{"line":13,"column":38}},"5":{"start":{"line":17,"column":21},"end":{"line":17,"column":46}},"6":{"start":{"line":19,"column":2},"end":{"line":29,"column":3}},"7":{"start":{"line":20,"column":17},"end":{"line":20,"column":38}},"8":{"start":{"line":21,"column":4},"end":{"line":21,"column":38}},"9":{"start":{"line":23,"column":4},"end":{"line":26,"column":5}},"10":{"start":{"line":25,"column":8},"end":{"line":25,"column":54}},"11":{"start":{"line":27,"column":4},"end":{"line":27,"column":63}},"12":{"start":{"line":28,"column":4},"end":{"line":28,"column":70}},"13":{"start":{"line":40,"column":2},"end":{"line":42,"column":3}},"14":{"start":{"line":41,"column":4},"end":{"line":41,"column":47}},"15":{"start":{"line":44,"column":17},"end":{"line":47,"column":3}},"16":{"start":{"line":49,"column":2},"end":{"line":49,"column":23}},"17":{"start":{"line":58,"column":2},"end":{"line":58,"column":105}},"18":{"start":{"line":67,"column":2},"end":{"line":67,"column":113}},"19":{"start":{"line":76,"column":4},"end":{"line":81,"column":5}},"20":{"start":{"line":77,"column":8},"end":{"line":80,"column":10}},"21":{"start":{"line":88,"column":4},"end":{"line":93,"column":5}},"22":{"start":{"line":89,"column":8},"end":{"line":92,"column":10}},"23":{"start":{"line":100,"column":4},"end":{"line":105,"column":5}},"24":{"start":{"line":101,"column":8},"end":{"line":104,"column":10}},"25":{"start":{"line":109,"column":4},"end":{"line":109,"column":114}},"26":{"start":{"line":113,"column":4},"end":{"line":113,"column":88}},"27":{"start":{"line":117,"column":4},"end":{"line":117,"column":77}},"28":{"start":{"line":121,"column":4},"end":{"line":124,"column":6}},"29":{"start":{"line":128,"column":4},"end":{"line":131,"column":6}},"30":{"start":{"line":135,"column":4},"end":{"line":138,"column":6}},"31":{"start":{"line":142,"column":4},"end":{"line":147,"column":5}},"32":{"start":{"line":143,"column":20},"end":{"line":143,"column":87}},"33":{"start":{"line":144,"column":8},"end":{"line":146,"column":9}},"34":{"start":{"line":145,"column":13},"end":{"line":145,"column":101}},"35":{"start":{"line":149,"column":4},"end":{"line":152,"column":6}},"36":{"start":{"line":155,"column":0},"end":{"line":170,"column":2}}},"fnMap":{"0":{"name":"parseCvFile","decl":{"start":{"line":11,"column":15},"end":{"line":11,"column":26}},"loc":{"start":{"line":11,"column":37},"end":{"line":30,"column":1}},"line":11},"1":{"name":"saveCvToDb","decl":{"start":{"line":39,"column":15},"end":{"line":39,"column":25}},"loc":{"start":{"line":39,"column":50},"end":{"line":50,"column":1}},"line":39},"2":{"name":"getCvsByUserId","decl":{"start":{"line":57,"column":15},"end":{"line":57,"column":29}},"loc":{"start":{"line":57,"column":38},"end":{"line":59,"column":1}},"line":57},"3":{"name":"getExperiencesByResumeId","decl":{"start":{"line":66,"column":15},"end":{"line":66,"column":39}},"loc":{"start":{"line":66,"column":50},"end":{"line":68,"column":1}},"line":66},"4":{"name":"addExperiences","decl":{"start":{"line":75,"column":15},"end":{"line":75,"column":29}},"loc":{"start":{"line":75,"column":53},"end":{"line":82,"column":1}},"line":75},"5":{"name":"addEducations","decl":{"start":{"line":87,"column":15},"end":{"line":87,"column":28}},"loc":{"start":{"line":87,"column":51},"end":{"line":94,"column":1}},"line":87},"6":{"name":"addLanguages","decl":{"start":{"line":99,"column":15},"end":{"line":99,"column":27}},"loc":{"start":{"line":99,"column":49},"end":{"line":106,"column":1}},"line":99},"7":{"name":"getEducationsByResumeId","decl":{"start":{"line":108,"column":15},"end":{"line":108,"column":38}},"loc":{"start":{"line":108,"column":49},"end":{"line":110,"column":1}},"line":108},"8":{"name":"getLanguagesByResumeId","decl":{"start":{"line":112,"column":15},"end":{"line":112,"column":37}},"loc":{"start":{"line":112,"column":48},"end":{"line":114,"column":1}},"line":112},"9":{"name":"deleteCv","decl":{"start":{"line":116,"column":15},"end":{"line":116,"column":23}},"loc":{"start":{"line":116,"column":34},"end":{"line":118,"column":1}},"line":116},"10":{"name":"updateExperience","decl":{"start":{"line":120,"column":15},"end":{"line":120,"column":31}},"loc":{"start":{"line":120,"column":42},"end":{"line":125,"column":1}},"line":120},"11":{"name":"updateEducation","decl":{"start":{"line":127,"column":15},"end":{"line":127,"column":30}},"loc":{"start":{"line":127,"column":41},"end":{"line":132,"column":1}},"line":127},"12":{"name":"updateLanguage","decl":{"start":{"line":134,"column":15},"end":{"line":134,"column":29}},"loc":{"start":{"line":134,"column":40},"end":{"line":139,"column":1}},"line":134},"13":{"name":"updateCvMetadata","decl":{"start":{"line":141,"column":15},"end":{"line":141,"column":31}},"loc":{"start":{"line":141,"column":42},"end":{"line":153,"column":1}},"line":141}},"branchMap":{"0":{"loc":{"start":{"line":12,"column":2},"end":{"line":14,"column":3}},"type":"if","locations":[{"start":{"line":12,"column":2},"end":{"line":14,"column":3}},{"start":{},"end":{}}],"line":12},"1":{"loc":{"start":{"line":23,"column":4},"end":{"line":26,"column":5}},"type":"if","locations":[{"start":{"line":23,"column":4},"end":{"line":26,"column":5}},{"start":{},"end":{}}],"line":23},"2":{"loc":{"start":{"line":40,"column":2},"end":{"line":42,"column":3}},"type":"if","locations":[{"start":{"line":40,"column":2},"end":{"line":42,"column":3}},{"start":{},"end":{}}],"line":40},"3":{"loc":{"start":{"line":40,"column":6},"end":{"line":40,"column":35}},"type":"binary-expr","locations":[{"start":{"line":40,"column":6},"end":{"line":40,"column":13}},{"start":{"line":40,"column":17},"end":{"line":40,"column":23}},{"start":{"line":40,"column":27},"end":{"line":40,"column":35}}],"line":40},"4":{"loc":{"start":{"line":79,"column":57},"end":{"line":79,"column":77}},"type":"binary-expr","locations":[{"start":{"line":79,"column":57},"end":{"line":79,"column":71}},{"start":{"line":79,"column":75},"end":{"line":79,"column":77}}],"line":79},"5":{"loc":{"start":{"line":79,"column":79},"end":{"line":79,"column":97}},"type":"binary-expr","locations":[{"start":{"line":79,"column":79},"end":{"line":79,"column":91}},{"start":{"line":79,"column":95},"end":{"line":79,"column":97}}],"line":79},"6":{"loc":{"start":{"line":79,"column":99},"end":{"line":79,"column":120}},"type":"binary-expr","locations":[{"start":{"line":79,"column":99},"end":{"line":79,"column":114}},{"start":{"line":79,"column":118},"end":{"line":79,"column":120}}],"line":79},"7":{"loc":{"start":{"line":91,"column":63},"end":{"line":91,"column":83}},"type":"binary-expr","locations":[{"start":{"line":91,"column":63},"end":{"line":91,"column":77}},{"start":{"line":91,"column":81},"end":{"line":91,"column":83}}],"line":91},"8":{"loc":{"start":{"line":91,"column":85},"end":{"line":91,"column":103}},"type":"binary-expr","locations":[{"start":{"line":91,"column":85},"end":{"line":91,"column":97}},{"start":{"line":91,"column":101},"end":{"line":91,"column":103}}],"line":91},"9":{"loc":{"start":{"line":91,"column":105},"end":{"line":91,"column":126}},"type":"binary-expr","locations":[{"start":{"line":91,"column":105},"end":{"line":91,"column":120}},{"start":{"line":91,"column":124},"end":{"line":91,"column":126}}],"line":91},"10":{"loc":{"start":{"line":142,"column":4},"end":{"line":147,"column":5}},"type":"if","locations":[{"start":{"line":142,"column":4},"end":{"line":147,"column":5}},{"start":{},"end":{}}],"line":142},"11":{"loc":{"start":{"line":144,"column":8},"end":{"line":146,"column":9}},"type":"if","locations":[{"start":{"line":144,"column":8},"end":{"line":146,"column":9}},{"start":{},"end":{}}],"line":144},"12":{"loc":{"start":{"line":151,"column":21},"end":{"line":151,"column":41}},"type":"binary-expr","locations":[{"start":{"line":151,"column":21},"end":{"line":151,"column":36}},{"start":{"line":151,"column":40},"end":{"line":151,"column":41}}],"line":151}},"s":{"0":5,"1":5,"2":5,"3":2,"4":0,"5":2,"6":2,"7":2,"8":0,"9":2,"10":2,"11":0,"12":0,"13":3,"14":1,"15":2,"16":2,"17":2,"18":3,"19":2,"20":3,"21":1,"22":0,"23":1,"24":0,"25":1,"26":1,"27":1,"28":1,"29":1,"30":1,"31":1,"32":1,"33":1,"34":1,"35":1,"36":5},"f":{"0":2,"1":3,"2":2,"3":3,"4":2,"5":1,"6":1,"7":1,"8":1,"9":1,"10":1,"11":1,"12":1,"13":1},"b":{"0":[0,2],"1":[2,0],"2":[1,2],"3":[3,2,2],"4":[3,1],"5":[3,1],"6":[3,1],"7":[0,0],"8":[0,0],"9":[0,0],"10":[1,0],"11":[1,0],"12":[1,0]},"_coverageSchema":"1a1c01bbd47fc00a2c39e90264f33305004495a9","hash":"b35979d1f8504d7de4e491663d408bfb53b9250c"}
,"/Users/vivamau/projects/findmyjob/backend/services/scraperService.js": {"path":"/Users/vivamau/projects/findmyjob/backend/services/scraperService.js","statementMap":{"0":{"start":{"line":1,"column":18},"end":{"line":1,"column":38}},"1":{"start":{"line":10,"column":4},"end":{"line":40,"column":5}},"2":{"start":{"line":11,"column":8},"end":{"line":11,"column":57}},"3":{"start":{"line":12,"column":8},"end":{"line":15,"column":11}},"4":{"start":{"line":16,"column":21},"end":{"line":16,"column":44}},"5":{"start":{"line":19,"column":8},"end":{"line":19,"column":153}},"6":{"start":{"line":22,"column":8},"end":{"line":22,"column":61}},"7":{"start":{"line":24,"column":8},"end":{"line":24,"column":76}},"8":{"start":{"line":27,"column":8},"end":{"line":27,"column":84}},"9":{"start":{"line":28,"column":8},"end":{"line":28,"column":52}},"10":{"start":{"line":28,"column":31},"end":{"line":28,"column":50}},"11":{"start":{"line":30,"column":21},"end":{"line":30,"column":41}},"12":{"start":{"line":31,"column":8},"end":{"line":31,"column":20}},"13":{"start":{"line":33,"column":8},"end":{"line":33,"column":74}},"14":{"start":{"line":34,"column":8},"end":{"line":34,"column":18}},"15":{"start":{"line":36,"column":8},"end":{"line":39,"column":9}},"16":{"start":{"line":37,"column":12},"end":{"line":37,"column":34}},"17":{"start":{"line":38,"column":12},"end":{"line":38,"column":58}},"18":{"start":{"line":43,"column":0},"end":{"line":43,"column":39}}},"fnMap":{"0":{"name":"scrapeDynamicPage","decl":{"start":{"line":8,"column":15},"end":{"line":8,"column":32}},"loc":{"start":{"line":8,"column":38},"end":{"line":41,"column":1}},"line":8},"1":{"name":"(anonymous_1)","decl":{"start":{"line":28,"column":26},"end":{"line":28,"column":27}},"loc":{"start":{"line":28,"column":31},"end":{"line":28,"column":50}},"line":28}},"branchMap":{"0":{"loc":{"start":{"line":36,"column":8},"end":{"line":39,"column":9}},"type":"if","locations":[{"start":{"line":36,"column":8},"end":{"line":39,"column":9}},{"start":{},"end":{}}],"line":36}},"s":{"0":1,"1":1,"2":1,"3":1,"4":1,"5":1,"6":1,"7":1,"8":1,"9":1,"10":1,"11":1,"12":1,"13":0,"14":0,"15":1,"16":1,"17":1,"18":1},"f":{"0":1,"1":1},"b":{"0":[1,0]},"_coverageSchema":"1a1c01bbd47fc00a2c39e90264f33305004495a9","hash":"61ff736c136ebf4ee00526ee8de8c2cb84cc1ad9"}
}
