{"/Users/maurizio.blasilli@wfp.org/projects/findmyjob/backend/app.js": {"path":"/Users/maurizio.blasilli@wfp.org/projects/findmyjob/backend/app.js","statementMap":{"0":{"start":{"line":1,"column":16},"end":{"line":1,"column":34}},"1":{"start":{"line":2,"column":13},"end":{"line":2,"column":28}},"2":{"start":{"line":3,"column":17},"end":{"line":3,"column":45}},"3":{"start":{"line":4,"column":17},"end":{"line":4,"column":45}},"4":{"start":{"line":5,"column":18},"end":{"line":5,"column":47}},"5":{"start":{"line":7,"column":12},"end":{"line":7,"column":21}},"6":{"start":{"line":8,"column":0},"end":{"line":8,"column":16}},"7":{"start":{"line":9,"column":0},"end":{"line":9,"column":24}},"8":{"start":{"line":12,"column":0},"end":{"line":12,"column":29}},"9":{"start":{"line":13,"column":0},"end":{"line":13,"column":29}},"10":{"start":{"line":14,"column":0},"end":{"line":14,"column":32}},"11":{"start":{"line":16,"column":0},"end":{"line":18,"column":3}},"12":{"start":{"line":17,"column":2},"end":{"line":17,"column":41}},"13":{"start":{"line":20,"column":0},"end":{"line":20,"column":21}}},"fnMap":{"0":{"name":"(anonymous_0)","decl":{"start":{"line":16,"column":23},"end":{"line":16,"column":24}},"loc":{"start":{"line":16,"column":37},"end":{"line":18,"column":1}},"line":16}},"branchMap":{},"s":{"0":5,"1":5,"2":5,"3":5,"4":5,"5":5,"6":5,"7":5,"8":5,"9":5,"10":5,"11":5,"12":1,"13":5},"f":{"0":1},"b":{},"_coverageSchema":"1a1c01bbd47fc00a2c39e90264f33305004495a9","hash":"883aa054286df6f98ae8d2248a8f27d2dbc25331"}
,"/Users/maurizio.blasilli@wfp.org/projects/findmyjob/backend/db/index.js": {"path":"/Users/maurizio.blasilli@wfp.org/projects/findmyjob/backend/db/index.js","statementMap":{"0":{"start":{"line":1,"column":16},"end":{"line":1,"column":44}},"1":{"start":{"line":2,"column":13},"end":{"line":2,"column":28}},"2":{"start":{"line":3,"column":11},"end":{"line":3,"column":24}},"3":{"start":{"line":5,"column":14},"end":{"line":5,"column":59}},"4":{"start":{"line":6,"column":0},"end":{"line":8,"column":1}},"5":{"start":{"line":7,"column":2},"end":{"line":7,"column":43}},"6":{"start":{"line":11,"column":15},"end":{"line":13,"column":42}},"7":{"start":{"line":15,"column":11},"end":{"line":23,"column":2}},"8":{"start":{"line":16,"column":2},"end":{"line":22,"column":3}},"9":{"start":{"line":17,"column":4},"end":{"line":17,"column":71}},"10":{"start":{"line":20,"column":4},"end":{"line":20,"column":37}},"11":{"start":{"line":26,"column":16},"end":{"line":47,"column":1}},"12":{"start":{"line":27,"column":29},"end":{"line":31,"column":4}},"13":{"start":{"line":28,"column":4},"end":{"line":30,"column":7}},"14":{"start":{"line":29,"column":6},"end":{"line":29,"column":40}},"15":{"start":{"line":29,"column":15},"end":{"line":29,"column":24}},"16":{"start":{"line":29,"column":30},"end":{"line":29,"column":40}},"17":{"start":{"line":32,"column":29},"end":{"line":36,"column":4}},"18":{"start":{"line":33,"column":4},"end":{"line":35,"column":7}},"19":{"start":{"line":34,"column":6},"end":{"line":34,"column":40}},"20":{"start":{"line":34,"column":15},"end":{"line":34,"column":24}},"21":{"start":{"line":34,"column":30},"end":{"line":34,"column":40}},"22":{"start":{"line":37,"column":29},"end":{"line":41,"column":4}},"23":{"start":{"line":38,"column":4},"end":{"line":40,"column":7}},"24":{"start":{"line":39,"column":6},"end":{"line":39,"column":39}},"25":{"start":{"line":39,"column":15},"end":{"line":39,"column":24}},"26":{"start":{"line":39,"column":30},"end":{"line":39,"column":39}},"27":{"start":{"line":42,"column":17},"end":{"line":46,"column":4}},"28":{"start":{"line":43,"column":4},"end":{"line":45,"column":7}},"29":{"start":{"line":44,"column":6},"end":{"line":44,"column":36}},"30":{"start":{"line":44,"column":15},"end":{"line":44,"column":24}},"31":{"start":{"line":44,"column":30},"end":{"line":44,"column":36}},"32":{"start":{"line":49,"column":0},"end":{"line":49,"column":33}}},"fnMap":{"0":{"name":"(anonymous_0)","decl":{"start":{"line":15,"column":40},"end":{"line":15,"column":41}},"loc":{"start":{"line":15,"column":49},"end":{"line":23,"column":1}},"line":15},"1":{"name":"(anonymous_1)","decl":{"start":{"line":27,"column":7},"end":{"line":27,"column":8}},"loc":{"start":{"line":27,"column":29},"end":{"line":31,"column":4}},"line":27},"2":{"name":"(anonymous_2)","decl":{"start":{"line":27,"column":41},"end":{"line":27,"column":42}},"loc":{"start":{"line":27,"column":55},"end":{"line":31,"column":3}},"line":27},"3":{"name":"(anonymous_3)","decl":{"start":{"line":28,"column":24},"end":{"line":28,"column":25}},"loc":{"start":{"line":28,"column":39},"end":{"line":30,"column":5}},"line":28},"4":{"name":"(anonymous_4)","decl":{"start":{"line":32,"column":7},"end":{"line":32,"column":8}},"loc":{"start":{"line":32,"column":29},"end":{"line":36,"column":4}},"line":32},"5":{"name":"(anonymous_5)","decl":{"start":{"line":32,"column":41},"end":{"line":32,"column":42}},"loc":{"start":{"line":32,"column":55},"end":{"line":36,"column":3}},"line":32},"6":{"name":"(anonymous_6)","decl":{"start":{"line":33,"column":24},"end":{"line":33,"column":25}},"loc":{"start":{"line":33,"column":39},"end":{"line":35,"column":5}},"line":33},"7":{"name":"(anonymous_7)","decl":{"start":{"line":37,"column":7},"end":{"line":37,"column":8}},"loc":{"start":{"line":37,"column":29},"end":{"line":41,"column":4}},"line":37},"8":{"name":"(anonymous_8)","decl":{"start":{"line":37,"column":41},"end":{"line":37,"column":42}},"loc":{"start":{"line":37,"column":55},"end":{"line":41,"column":3}},"line":37},"9":{"name":"(anonymous_9)","decl":{"start":{"line":38,"column":24},"end":{"line":38,"column":25}},"loc":{"start":{"line":38,"column":38},"end":{"line":40,"column":5}},"line":38},"10":{"name":"(anonymous_10)","decl":{"start":{"line":42,"column":8},"end":{"line":42,"column":9}},"loc":{"start":{"line":42,"column":17},"end":{"line":46,"column":4}},"line":42},"11":{"name":"(anonymous_11)","decl":{"start":{"line":42,"column":29},"end":{"line":42,"column":30}},"loc":{"start":{"line":42,"column":43},"end":{"line":46,"column":3}},"line":42},"12":{"name":"(anonymous_12)","decl":{"start":{"line":43,"column":17},"end":{"line":43,"column":18}},"loc":{"start":{"line":43,"column":26},"end":{"line":45,"column":5}},"line":43}},"branchMap":{"0":{"loc":{"start":{"line":6,"column":0},"end":{"line":8,"column":1}},"type":"if","locations":[{"start":{"line":6,"column":0},"end":{"line":8,"column":1}},{"start":{},"end":{}}],"line":6},"1":{"loc":{"start":{"line":11,"column":15},"end":{"line":13,"column":42}},"type":"cond-expr","locations":[{"start":{"line":12,"column":4},"end":{"line":12,"column":14}},{"start":{"line":13,"column":4},"end":{"line":13,"column":42}}],"line":11},"2":{"loc":{"start":{"line":16,"column":2},"end":{"line":22,"column":3}},"type":"if","locations":[{"start":{"line":16,"column":2},"end":{"line":22,"column":3}},{"start":{"line":18,"column":9},"end":{"line":22,"column":3}}],"line":16},"3":{"loc":{"start":{"line":27,"column":13},"end":{"line":27,"column":24}},"type":"default-arg","locations":[{"start":{"line":27,"column":22},"end":{"line":27,"column":24}}],"line":27},"4":{"loc":{"start":{"line":29,"column":6},"end":{"line":29,"column":40}},"type":"if","locations":[{"start":{"line":29,"column":6},"end":{"line":29,"column":40}},{"start":{"line":29,"column":30},"end":{"line":29,"column":40}}],"line":29},"5":{"loc":{"start":{"line":32,"column":13},"end":{"line":32,"column":24}},"type":"default-arg","locations":[{"start":{"line":32,"column":22},"end":{"line":32,"column":24}}],"line":32},"6":{"loc":{"start":{"line":34,"column":6},"end":{"line":34,"column":40}},"type":"if","locations":[{"start":{"line":34,"column":6},"end":{"line":34,"column":40}},{"start":{"line":34,"column":30},"end":{"line":34,"column":40}}],"line":34},"7":{"loc":{"start":{"line":37,"column":13},"end":{"line":37,"column":24}},"type":"default-arg","locations":[{"start":{"line":37,"column":22},"end":{"line":37,"column":24}}],"line":37},"8":{"loc":{"start":{"line":39,"column":6},"end":{"line":39,"column":39}},"type":"if","locations":[{"start":{"line":39,"column":6},"end":{"line":39,"column":39}},{"start":{"line":39,"column":30},"end":{"line":39,"column":39}}],"line":39},"9":{"loc":{"start":{"line":44,"column":6},"end":{"line":44,"column":36}},"type":"if","locations":[{"start":{"line":44,"column":6},"end":{"line":44,"column":36}},{"start":{"line":44,"column":30},"end":{"line":44,"column":36}}],"line":44}},"s":{"0":4,"1":4,"2":4,"3":4,"4":4,"5":0,"6":4,"7":4,"8":4,"9":0,"10":4,"11":4,"12":76,"13":76,"14":76,"15":0,"16":76,"17":14,"18":14,"19":14,"20":0,"21":14,"22":62,"23":62,"24":62,"25":0,"26":62,"27":33,"28":33,"29":33,"30":0,"31":33,"32":4},"f":{"0":4,"1":76,"2":76,"3":76,"4":14,"5":14,"6":14,"7":62,"8":62,"9":62,"10":33,"11":33,"12":33},"b":{"0":[0,4],"1":[4,0],"2":[0,4],"3":[15],"4":[0,76],"5":[7],"6":[0,14],"7":[14],"8":[0,62],"9":[0,33]},"_coverageSchema":"1a1c01bbd47fc00a2c39e90264f33305004495a9","hash":"2a433cc946336a9033282e7816b2e3c26c2dcde6"}
,"/Users/maurizio.blasilli@wfp.org/projects/findmyjob/backend/routes/aiRoutes.js": {"path":"/Users/maurizio.blasilli@wfp.org/projects/findmyjob/backend/routes/aiRoutes.js","statementMap":{"0":{"start":{"line":1,"column":16},"end":{"line":1,"column":34}},"1":{"start":{"line":2,"column":65},"end":{"line":2,"column":97}},"2":{"start":{"line":4,"column":15},"end":{"line":4,"column":31}},"3":{"start":{"line":6,"column":0},"end":{"line":13,"column":3}},"4":{"start":{"line":7,"column":4},"end":{"line":12,"column":5}},"5":{"start":{"line":8,"column":23},"end":{"line":8,"column":41}},"6":{"start":{"line":9,"column":8},"end":{"line":9,"column":37}},"7":{"start":{"line":11,"column":8},"end":{"line":11,"column":53}},"8":{"start":{"line":15,"column":0},"end":{"line":22,"column":3}},"9":{"start":{"line":16,"column":4},"end":{"line":21,"column":5}},"10":{"start":{"line":17,"column":24},"end":{"line":17,"column":50}},"11":{"start":{"line":18,"column":8},"end":{"line":18,"column":38}},"12":{"start":{"line":20,"column":8},"end":{"line":20,"column":53}},"13":{"start":{"line":24,"column":0},"end":{"line":31,"column":3}},"14":{"start":{"line":25,"column":4},"end":{"line":30,"column":5}},"15":{"start":{"line":26,"column":8},"end":{"line":26,"column":60}},"16":{"start":{"line":27,"column":8},"end":{"line":27,"column":75}},"17":{"start":{"line":29,"column":8},"end":{"line":29,"column":53}},"18":{"start":{"line":34,"column":0},"end":{"line":71,"column":3}},"19":{"start":{"line":35,"column":34},"end":{"line":35,"column":42}},"20":{"start":{"line":36,"column":4},"end":{"line":36,"column":107}},"21":{"start":{"line":36,"column":31},"end":{"line":36,"column":107}},"22":{"start":{"line":38,"column":4},"end":{"line":70,"column":5}},"23":{"start":{"line":39,"column":35},"end":{"line":39,"column":67}},"24":{"start":{"line":40,"column":28},"end":{"line":40,"column":44}},"25":{"start":{"line":42,"column":23},"end":{"line":42,"column":125}},"26":{"start":{"line":43,"column":8},"end":{"line":49,"column":9}},"27":{"start":{"line":44,"column":12},"end":{"line":48,"column":15}},"28":{"start":{"line":51,"column":19},"end":{"line":51,"column":95}},"29":{"start":{"line":52,"column":21},"end":{"line":52,"column":100}},"30":{"start":{"line":53,"column":21},"end":{"line":53,"column":99}},"31":{"start":{"line":54,"column":22},"end":{"line":54,"column":99}},"32":{"start":{"line":56,"column":20},"end":{"line":56,"column":89}},"33":{"start":{"line":58,"column":8},"end":{"line":58,"column":87}},"34":{"start":{"line":58,"column":25},"end":{"line":58,"column":87}},"35":{"start":{"line":60,"column":23},"end":{"line":60,"column":114}},"36":{"start":{"line":62,"column":8},"end":{"line":65,"column":10}},"37":{"start":{"line":67,"column":8},"end":{"line":67,"column":63}},"38":{"start":{"line":69,"column":8},"end":{"line":69,"column":53}},"39":{"start":{"line":73,"column":0},"end":{"line":81,"column":3}},"40":{"start":{"line":74,"column":4},"end":{"line":80,"column":5}},"41":{"start":{"line":75,"column":31},"end":{"line":75,"column":63}},"42":{"start":{"line":76,"column":24},"end":{"line":76,"column":42}},"43":{"start":{"line":77,"column":8},"end":{"line":77,"column":38}},"44":{"start":{"line":79,"column":8},"end":{"line":79,"column":53}},"45":{"start":{"line":83,"column":0},"end":{"line":91,"column":3}},"46":{"start":{"line":84,"column":4},"end":{"line":90,"column":5}},"47":{"start":{"line":85,"column":33},"end":{"line":85,"column":65}},"48":{"start":{"line":86,"column":8},"end":{"line":86,"column":65}},"49":{"start":{"line":87,"column":8},"end":{"line":87,"column":73}},"50":{"start":{"line":89,"column":8},"end":{"line":89,"column":53}},"51":{"start":{"line":93,"column":0},"end":{"line":93,"column":24}}},"fnMap":{"0":{"name":"(anonymous_0)","decl":{"start":{"line":6,"column":22},"end":{"line":6,"column":23}},"loc":{"start":{"line":6,"column":42},"end":{"line":13,"column":1}},"line":6},"1":{"name":"(anonymous_1)","decl":{"start":{"line":15,"column":25},"end":{"line":15,"column":26}},"loc":{"start":{"line":15,"column":45},"end":{"line":22,"column":1}},"line":15},"2":{"name":"(anonymous_2)","decl":{"start":{"line":24,"column":29},"end":{"line":24,"column":30}},"loc":{"start":{"line":24,"column":49},"end":{"line":31,"column":1}},"line":24},"3":{"name":"(anonymous_3)","decl":{"start":{"line":34,"column":22},"end":{"line":34,"column":23}},"loc":{"start":{"line":34,"column":42},"end":{"line":71,"column":1}},"line":34},"4":{"name":"(anonymous_4)","decl":{"start":{"line":73,"column":23},"end":{"line":73,"column":24}},"loc":{"start":{"line":73,"column":43},"end":{"line":81,"column":1}},"line":73},"5":{"name":"(anonymous_5)","decl":{"start":{"line":83,"column":28},"end":{"line":83,"column":29}},"loc":{"start":{"line":83,"column":48},"end":{"line":91,"column":1}},"line":83}},"branchMap":{"0":{"loc":{"start":{"line":36,"column":4},"end":{"line":36,"column":107}},"type":"if","locations":[{"start":{"line":36,"column":4},"end":{"line":36,"column":107}},{"start":{},"end":{}}],"line":36},"1":{"loc":{"start":{"line":36,"column":8},"end":{"line":36,"column":29}},"type":"binary-expr","locations":[{"start":{"line":36,"column":8},"end":{"line":36,"column":18}},{"start":{"line":36,"column":22},"end":{"line":36,"column":29}}],"line":36},"2":{"loc":{"start":{"line":43,"column":8},"end":{"line":49,"column":9}},"type":"if","locations":[{"start":{"line":43,"column":8},"end":{"line":49,"column":9}},{"start":{},"end":{}}],"line":43},"3":{"loc":{"start":{"line":46,"column":42},"end":{"line":46,"column":70}},"type":"binary-expr","locations":[{"start":{"line":46,"column":42},"end":{"line":46,"column":62}},{"start":{"line":46,"column":66},"end":{"line":46,"column":70}}],"line":46},"4":{"loc":{"start":{"line":58,"column":8},"end":{"line":58,"column":87}},"type":"if","locations":[{"start":{"line":58,"column":8},"end":{"line":58,"column":87}},{"start":{},"end":{}}],"line":58},"5":{"loc":{"start":{"line":58,"column":12},"end":{"line":58,"column":23}},"type":"binary-expr","locations":[{"start":{"line":58,"column":12},"end":{"line":58,"column":15}},{"start":{"line":58,"column":19},"end":{"line":58,"column":23}}],"line":58}},"s":{"0":5,"1":5,"2":5,"3":5,"4":2,"5":2,"6":1,"7":1,"8":5,"9":2,"10":2,"11":1,"12":1,"13":5,"14":1,"15":1,"16":1,"17":0,"18":5,"19":2,"20":2,"21":1,"22":1,"23":1,"24":1,"25":1,"26":1,"27":0,"28":1,"29":1,"30":1,"31":1,"32":1,"33":1,"34":0,"35":1,"36":1,"37":1,"38":0,"39":5,"40":1,"41":1,"42":1,"43":1,"44":0,"45":5,"46":1,"47":1,"48":1,"49":1,"50":0,"51":5},"f":{"0":2,"1":2,"2":1,"3":2,"4":1,"5":1},"b":{"0":[1,1],"1":[2,1],"2":[0,1],"3":[0,0],"4":[0,1],"5":[1,1]},"_coverageSchema":"1a1c01bbd47fc00a2c39e90264f33305004495a9","hash":"5bfbcd967731aab334d8b81d7f11fdf02ee256af"}
,"/Users/maurizio.blasilli@wfp.org/projects/findmyjob/backend/routes/cvRoutes.js": {"path":"/Users/maurizio.blasilli@wfp.org/projects/findmyjob/backend/routes/cvRoutes.js","statementMap":{"0":{"start":{"line":1,"column":16},"end":{"line":1,"column":34}},"1":{"start":{"line":2,"column":15},"end":{"line":2,"column":32}},"2":{"start":{"line":3,"column":172},"end":{"line":3,"column":204}},"3":{"start":{"line":4,"column":29},"end":{"line":4,"column":61}},"4":{"start":{"line":5,"column":20},"end":{"line":5,"column":36}},"5":{"start":{"line":6,"column":11},"end":{"line":6,"column":24}},"6":{"start":{"line":7,"column":13},"end":{"line":7,"column":28}},"7":{"start":{"line":9,"column":15},"end":{"line":9,"column":31}},"8":{"start":{"line":11,"column":0},"end":{"line":19,"column":3}},"9":{"start":{"line":12,"column":4},"end":{"line":18,"column":5}},"10":{"start":{"line":13,"column":23},"end":{"line":13,"column":45}},"11":{"start":{"line":14,"column":24},"end":{"line":14,"column":52}},"12":{"start":{"line":15,"column":8},"end":{"line":15,"column":38}},"13":{"start":{"line":17,"column":8},"end":{"line":17,"column":53}},"14":{"start":{"line":21,"column":0},"end":{"line":29,"column":3}},"15":{"start":{"line":22,"column":4},"end":{"line":28,"column":5}},"16":{"start":{"line":23,"column":25},"end":{"line":23,"column":38}},"17":{"start":{"line":24,"column":28},"end":{"line":24,"column":68}},"18":{"start":{"line":25,"column":8},"end":{"line":25,"column":42}},"19":{"start":{"line":27,"column":8},"end":{"line":27,"column":53}},"20":{"start":{"line":31,"column":0},"end":{"line":39,"column":3}},"21":{"start":{"line":32,"column":4},"end":{"line":38,"column":5}},"22":{"start":{"line":33,"column":25},"end":{"line":33,"column":38}},"23":{"start":{"line":34,"column":22},"end":{"line":34,"column":61}},"24":{"start":{"line":35,"column":8},"end":{"line":35,"column":36}},"25":{"start":{"line":37,"column":8},"end":{"line":37,"column":53}},"26":{"start":{"line":41,"column":0},"end":{"line":49,"column":3}},"27":{"start":{"line":42,"column":4},"end":{"line":48,"column":5}},"28":{"start":{"line":43,"column":25},"end":{"line":43,"column":38}},"29":{"start":{"line":44,"column":22},"end":{"line":44,"column":60}},"30":{"start":{"line":45,"column":8},"end":{"line":45,"column":36}},"31":{"start":{"line":47,"column":8},"end":{"line":47,"column":53}},"32":{"start":{"line":52,"column":18},"end":{"line":52,"column":52}},"33":{"start":{"line":53,"column":0},"end":{"line":55,"column":1}},"34":{"start":{"line":54,"column":4},"end":{"line":54,"column":49}},"35":{"start":{"line":57,"column":16},"end":{"line":64,"column":2}},"36":{"start":{"line":59,"column":8},"end":{"line":59,"column":28}},"37":{"start":{"line":62,"column":8},"end":{"line":62,"column":55}},"38":{"start":{"line":66,"column":15},"end":{"line":66,"column":43}},"39":{"start":{"line":68,"column":0},"end":{"line":107,"column":3}},"40":{"start":{"line":69,"column":4},"end":{"line":106,"column":5}},"41":{"start":{"line":70,"column":8},"end":{"line":72,"column":9}},"42":{"start":{"line":71,"column":12},"end":{"line":71,"column":71}},"43":{"start":{"line":74,"column":35},"end":{"line":74,"column":43}},"44":{"start":{"line":75,"column":8},"end":{"line":79,"column":9}},"45":{"start":{"line":77,"column":12},"end":{"line":77,"column":41}},"46":{"start":{"line":78,"column":12},"end":{"line":78,"column":79}},"47":{"start":{"line":82,"column":27},"end":{"line":82,"column":59}},"48":{"start":{"line":84,"column":8},"end":{"line":87,"column":9}},"49":{"start":{"line":85,"column":12},"end":{"line":85,"column":41}},"50":{"start":{"line":86,"column":12},"end":{"line":86,"column":134}},"51":{"start":{"line":90,"column":25},"end":{"line":90,"column":84}},"52":{"start":{"line":93,"column":8},"end":{"line":93,"column":37}},"53":{"start":{"line":95,"column":8},"end":{"line":98,"column":11}},"54":{"start":{"line":102,"column":8},"end":{"line":104,"column":9}},"55":{"start":{"line":103,"column":12},"end":{"line":103,"column":41}},"56":{"start":{"line":105,"column":8},"end":{"line":105,"column":60}},"57":{"start":{"line":109,"column":0},"end":{"line":154,"column":3}},"58":{"start":{"line":110,"column":4},"end":{"line":153,"column":5}},"59":{"start":{"line":111,"column":25},"end":{"line":111,"column":38}},"60":{"start":{"line":112,"column":39},"end":{"line":112,"column":47}},"61":{"start":{"line":114,"column":8},"end":{"line":114,"column":118}},"62":{"start":{"line":116,"column":8},"end":{"line":118,"column":9}},"63":{"start":{"line":117,"column":12},"end":{"line":117,"column":77}},"64":{"start":{"line":121,"column":23},"end":{"line":121,"column":96}},"65":{"start":{"line":122,"column":8},"end":{"line":124,"column":9}},"66":{"start":{"line":123,"column":12},"end":{"line":123,"column":71}},"67":{"start":{"line":127,"column":23},"end":{"line":127,"column":81}},"68":{"start":{"line":130,"column":8},"end":{"line":130,"column":85}},"69":{"start":{"line":131,"column":8},"end":{"line":131,"column":84}},"70":{"start":{"line":132,"column":8},"end":{"line":132,"column":83}},"71":{"start":{"line":135,"column":8},"end":{"line":135,"column":83}},"72":{"start":{"line":135,"column":32},"end":{"line":135,"column":83}},"73":{"start":{"line":136,"column":8},"end":{"line":136,"column":80}},"74":{"start":{"line":136,"column":31},"end":{"line":136,"column":80}},"75":{"start":{"line":137,"column":8},"end":{"line":137,"column":77}},"76":{"start":{"line":137,"column":30},"end":{"line":137,"column":77}},"77":{"start":{"line":139,"column":8},"end":{"line":142,"column":10}},"78":{"start":{"line":144,"column":8},"end":{"line":149,"column":11}},"79":{"start":{"line":152,"column":8},"end":{"line":152,"column":60}},"80":{"start":{"line":156,"column":0},"end":{"line":167,"column":3}},"81":{"start":{"line":157,"column":4},"end":{"line":166,"column":5}},"82":{"start":{"line":158,"column":29},"end":{"line":158,"column":61}},"83":{"start":{"line":159,"column":25},"end":{"line":159,"column":38}},"84":{"start":{"line":161,"column":8},"end":{"line":161,"column":33}},"85":{"start":{"line":163,"column":8},"end":{"line":163,"column":91}},"86":{"start":{"line":165,"column":8},"end":{"line":165,"column":53}},"87":{"start":{"line":169,"column":0},"end":{"line":177,"column":3}},"88":{"start":{"line":170,"column":4},"end":{"line":176,"column":5}},"89":{"start":{"line":171,"column":37},"end":{"line":171,"column":69}},"90":{"start":{"line":172,"column":8},"end":{"line":172,"column":56}},"91":{"start":{"line":173,"column":8},"end":{"line":173,"column":77}},"92":{"start":{"line":175,"column":8},"end":{"line":175,"column":53}},"93":{"start":{"line":179,"column":0},"end":{"line":187,"column":3}},"94":{"start":{"line":180,"column":4},"end":{"line":186,"column":5}},"95":{"start":{"line":181,"column":36},"end":{"line":181,"column":68}},"96":{"start":{"line":182,"column":8},"end":{"line":182,"column":55}},"97":{"start":{"line":183,"column":8},"end":{"line":183,"column":76}},"98":{"start":{"line":185,"column":8},"end":{"line":185,"column":53}},"99":{"start":{"line":189,"column":0},"end":{"line":197,"column":3}},"100":{"start":{"line":190,"column":4},"end":{"line":196,"column":5}},"101":{"start":{"line":191,"column":35},"end":{"line":191,"column":67}},"102":{"start":{"line":192,"column":8},"end":{"line":192,"column":54}},"103":{"start":{"line":193,"column":8},"end":{"line":193,"column":75}},"104":{"start":{"line":195,"column":8},"end":{"line":195,"column":53}},"105":{"start":{"line":199,"column":0},"end":{"line":207,"column":3}},"106":{"start":{"line":200,"column":4},"end":{"line":206,"column":5}},"107":{"start":{"line":201,"column":37},"end":{"line":201,"column":69}},"108":{"start":{"line":202,"column":8},"end":{"line":202,"column":56}},"109":{"start":{"line":203,"column":8},"end":{"line":203,"column":78}},"110":{"start":{"line":205,"column":8},"end":{"line":205,"column":53}},"111":{"start":{"line":209,"column":0},"end":{"line":209,"column":24}}},"fnMap":{"0":{"name":"(anonymous_0)","decl":{"start":{"line":11,"column":16},"end":{"line":11,"column":17}},"loc":{"start":{"line":11,"column":36},"end":{"line":19,"column":1}},"line":11},"1":{"name":"(anonymous_1)","decl":{"start":{"line":21,"column":31},"end":{"line":21,"column":32}},"loc":{"start":{"line":21,"column":51},"end":{"line":29,"column":1}},"line":21},"2":{"name":"(anonymous_2)","decl":{"start":{"line":31,"column":30},"end":{"line":31,"column":31}},"loc":{"start":{"line":31,"column":50},"end":{"line":39,"column":1}},"line":31},"3":{"name":"(anonymous_3)","decl":{"start":{"line":41,"column":29},"end":{"line":41,"column":30}},"loc":{"start":{"line":41,"column":49},"end":{"line":49,"column":1}},"line":41},"4":{"name":"(anonymous_4)","decl":{"start":{"line":58,"column":17},"end":{"line":58,"column":18}},"loc":{"start":{"line":58,"column":36},"end":{"line":60,"column":5}},"line":58},"5":{"name":"(anonymous_5)","decl":{"start":{"line":61,"column":14},"end":{"line":61,"column":15}},"loc":{"start":{"line":61,"column":33},"end":{"line":63,"column":5}},"line":61},"6":{"name":"(anonymous_6)","decl":{"start":{"line":68,"column":46},"end":{"line":68,"column":47}},"loc":{"start":{"line":68,"column":66},"end":{"line":107,"column":1}},"line":68},"7":{"name":"(anonymous_7)","decl":{"start":{"line":109,"column":26},"end":{"line":109,"column":27}},"loc":{"start":{"line":109,"column":46},"end":{"line":154,"column":1}},"line":109},"8":{"name":"(anonymous_8)","decl":{"start":{"line":156,"column":22},"end":{"line":156,"column":23}},"loc":{"start":{"line":156,"column":42},"end":{"line":167,"column":1}},"line":156},"9":{"name":"(anonymous_9)","decl":{"start":{"line":169,"column":31},"end":{"line":169,"column":32}},"loc":{"start":{"line":169,"column":51},"end":{"line":177,"column":1}},"line":169},"10":{"name":"(anonymous_10)","decl":{"start":{"line":179,"column":30},"end":{"line":179,"column":31}},"loc":{"start":{"line":179,"column":50},"end":{"line":187,"column":1}},"line":179},"11":{"name":"(anonymous_11)","decl":{"start":{"line":189,"column":29},"end":{"line":189,"column":30}},"loc":{"start":{"line":189,"column":49},"end":{"line":197,"column":1}},"line":189},"12":{"name":"(anonymous_12)","decl":{"start":{"line":199,"column":19},"end":{"line":199,"column":20}},"loc":{"start":{"line":199,"column":39},"end":{"line":207,"column":1}},"line":199}},"branchMap":{"0":{"loc":{"start":{"line":13,"column":23},"end":{"line":13,"column":45}},"type":"binary-expr","locations":[{"start":{"line":13,"column":23},"end":{"line":13,"column":40}},{"start":{"line":13,"column":44},"end":{"line":13,"column":45}}],"line":13},"1":{"loc":{"start":{"line":53,"column":0},"end":{"line":55,"column":1}},"type":"if","locations":[{"start":{"line":53,"column":0},"end":{"line":55,"column":1}},{"start":{},"end":{}}],"line":53},"2":{"loc":{"start":{"line":70,"column":8},"end":{"line":72,"column":9}},"type":"if","locations":[{"start":{"line":70,"column":8},"end":{"line":72,"column":9}},{"start":{},"end":{}}],"line":70},"3":{"loc":{"start":{"line":75,"column":8},"end":{"line":79,"column":9}},"type":"if","locations":[{"start":{"line":75,"column":8},"end":{"line":79,"column":9}},{"start":{},"end":{}}],"line":75},"4":{"loc":{"start":{"line":75,"column":12},"end":{"line":75,"column":30}},"type":"binary-expr","locations":[{"start":{"line":75,"column":12},"end":{"line":75,"column":18}},{"start":{"line":75,"column":22},"end":{"line":75,"column":30}}],"line":75},"5":{"loc":{"start":{"line":84,"column":8},"end":{"line":87,"column":9}},"type":"if","locations":[{"start":{"line":84,"column":8},"end":{"line":87,"column":9}},{"start":{},"end":{}}],"line":84},"6":{"loc":{"start":{"line":84,"column":12},"end":{"line":84,"column":66}},"type":"binary-expr","locations":[{"start":{"line":84,"column":12},"end":{"line":84,"column":28}},{"start":{"line":84,"column":32},"end":{"line":84,"column":66}}],"line":84},"7":{"loc":{"start":{"line":102,"column":8},"end":{"line":104,"column":9}},"type":"if","locations":[{"start":{"line":102,"column":8},"end":{"line":104,"column":9}},{"start":{},"end":{}}],"line":102},"8":{"loc":{"start":{"line":102,"column":12},"end":{"line":102,"column":52}},"type":"binary-expr","locations":[{"start":{"line":102,"column":12},"end":{"line":102,"column":20}},{"start":{"line":102,"column":24},"end":{"line":102,"column":52}}],"line":102},"9":{"loc":{"start":{"line":116,"column":8},"end":{"line":118,"column":9}},"type":"if","locations":[{"start":{"line":116,"column":8},"end":{"line":118,"column":9}},{"start":{},"end":{}}],"line":116},"10":{"loc":{"start":{"line":122,"column":8},"end":{"line":124,"column":9}},"type":"if","locations":[{"start":{"line":122,"column":8},"end":{"line":124,"column":9}},{"start":{},"end":{}}],"line":122},"11":{"loc":{"start":{"line":135,"column":8},"end":{"line":135,"column":83}},"type":"if","locations":[{"start":{"line":135,"column":8},"end":{"line":135,"column":83}},{"start":{},"end":{}}],"line":135},"12":{"loc":{"start":{"line":136,"column":8},"end":{"line":136,"column":80}},"type":"if","locations":[{"start":{"line":136,"column":8},"end":{"line":136,"column":80}},{"start":{},"end":{}}],"line":136},"13":{"loc":{"start":{"line":137,"column":8},"end":{"line":137,"column":77}},"type":"if","locations":[{"start":{"line":137,"column":8},"end":{"line":137,"column":77}},{"start":{},"end":{}}],"line":137},"14":{"loc":{"start":{"line":146,"column":25},"end":{"line":146,"column":49}},"type":"binary-expr","locations":[{"start":{"line":146,"column":25},"end":{"line":146,"column":43}},{"start":{"line":146,"column":47},"end":{"line":146,"column":49}}],"line":146},"15":{"loc":{"start":{"line":147,"column":24},"end":{"line":147,"column":47}},"type":"binary-expr","locations":[{"start":{"line":147,"column":24},"end":{"line":147,"column":41}},{"start":{"line":147,"column":45},"end":{"line":147,"column":47}}],"line":147},"16":{"loc":{"start":{"line":148,"column":23},"end":{"line":148,"column":45}},"type":"binary-expr","locations":[{"start":{"line":148,"column":23},"end":{"line":148,"column":39}},{"start":{"line":148,"column":43},"end":{"line":148,"column":45}}],"line":148}},"s":{"0":5,"1":5,"2":5,"3":5,"4":5,"5":5,"6":5,"7":5,"8":5,"9":2,"10":2,"11":2,"12":2,"13":0,"14":5,"15":3,"16":3,"17":3,"18":3,"19":0,"20":5,"21":1,"22":1,"23":1,"24":1,"25":0,"26":5,"27":1,"28":1,"29":1,"30":1,"31":0,"32":5,"33":5,"34":0,"35":5,"36":1,"37":1,"38":5,"39":5,"40":2,"41":2,"42":1,"43":1,"44":1,"45":0,"46":0,"47":1,"48":1,"49":0,"50":0,"51":1,"52":1,"53":1,"54":0,"55":0,"56":0,"57":5,"58":1,"59":1,"60":1,"61":1,"62":1,"63":0,"64":1,"65":1,"66":0,"67":1,"68":1,"69":1,"70":1,"71":1,"72":1,"73":1,"74":1,"75":1,"76":1,"77":1,"78":1,"79":0,"80":5,"81":1,"82":1,"83":1,"84":1,"85":1,"86":0,"87":5,"88":1,"89":1,"90":1,"91":1,"92":0,"93":5,"94":1,"95":1,"96":1,"97":1,"98":0,"99":5,"100":1,"101":1,"102":1,"103":1,"104":0,"105":5,"106":1,"107":1,"108":1,"109":1,"110":0,"111":5},"f":{"0":2,"1":3,"2":1,"3":1,"4":1,"5":1,"6":2,"7":1,"8":1,"9":1,"10":1,"11":1,"12":1},"b":{"0":[2,0],"1":[0,5],"2":[1,1],"3":[0,1],"4":[1,1],"5":[0,1],"6":[1,1],"7":[0,0],"8":[0,0],"9":[0,1],"10":[0,1],"11":[1,0],"12":[1,0],"13":[1,0],"14":[1,0],"15":[1,0],"16":[1,0]},"_coverageSchema":"1a1c01bbd47fc00a2c39e90264f33305004495a9","hash":"f82e6deaa2d8d7aae290a9620918029b24a97c69"}
,"/Users/maurizio.blasilli@wfp.org/projects/findmyjob/backend/routes/jobRoutes.js": {"path":"/Users/maurizio.blasilli@wfp.org/projects/findmyjob/backend/routes/jobRoutes.js","statementMap":{"0":{"start":{"line":1,"column":16},"end":{"line":1,"column":34}},"1":{"start":{"line":2,"column":15},"end":{"line":2,"column":31}},"2":{"start":{"line":3,"column":20},"end":{"line":3,"column":36}},"3":{"start":{"line":4,"column":29},"end":{"line":4,"column":61}},"4":{"start":{"line":5,"column":14},"end":{"line":5,"column":30}},"5":{"start":{"line":7,"column":19},"end":{"line":7,"column":25}},"6":{"start":{"line":10,"column":0},"end":{"line":12,"column":3}},"7":{"start":{"line":11,"column":4},"end":{"line":11,"column":39}},"8":{"start":{"line":15,"column":0},"end":{"line":22,"column":3}},"9":{"start":{"line":16,"column":4},"end":{"line":21,"column":5}},"10":{"start":{"line":17,"column":21},"end":{"line":17,"column":66}},"11":{"start":{"line":18,"column":8},"end":{"line":18,"column":35}},"12":{"start":{"line":20,"column":8},"end":{"line":20,"column":53}},"13":{"start":{"line":25,"column":0},"end":{"line":45,"column":3}},"14":{"start":{"line":26,"column":4},"end":{"line":44,"column":5}},"15":{"start":{"line":27,"column":26},"end":{"line":27,"column":45}},"16":{"start":{"line":29,"column":8},"end":{"line":40,"column":9}},"17":{"start":{"line":30,"column":24},"end":{"line":36,"column":13}},"18":{"start":{"line":37,"column":12},"end":{"line":37,"column":55}},"19":{"start":{"line":39,"column":12},"end":{"line":39,"column":207}},"20":{"start":{"line":41,"column":8},"end":{"line":41,"column":35}},"21":{"start":{"line":43,"column":8},"end":{"line":43,"column":53}},"22":{"start":{"line":48,"column":0},"end":{"line":61,"column":3}},"23":{"start":{"line":49,"column":61},"end":{"line":49,"column":69}},"24":{"start":{"line":50,"column":4},"end":{"line":50,"column":72}},"25":{"start":{"line":50,"column":14},"end":{"line":50,"column":72}},"26":{"start":{"line":52,"column":4},"end":{"line":60,"column":5}},"27":{"start":{"line":53,"column":8},"end":{"line":56,"column":10}},"28":{"start":{"line":57,"column":8},"end":{"line":57,"column":75}},"29":{"start":{"line":59,"column":8},"end":{"line":59,"column":53}},"30":{"start":{"line":64,"column":0},"end":{"line":74,"column":3}},"31":{"start":{"line":65,"column":19},"end":{"line":65,"column":29}},"32":{"start":{"line":66,"column":4},"end":{"line":73,"column":5}},"33":{"start":{"line":68,"column":8},"end":{"line":68,"column":79}},"34":{"start":{"line":69,"column":8},"end":{"line":69,"column":71}},"35":{"start":{"line":70,"column":8},"end":{"line":70,"column":77}},"36":{"start":{"line":72,"column":8},"end":{"line":72,"column":53}},"37":{"start":{"line":77,"column":0},"end":{"line":91,"column":3}},"38":{"start":{"line":78,"column":61},"end":{"line":78,"column":69}},"39":{"start":{"line":79,"column":4},"end":{"line":79,"column":72}},"40":{"start":{"line":79,"column":14},"end":{"line":79,"column":72}},"41":{"start":{"line":81,"column":4},"end":{"line":90,"column":5}},"42":{"start":{"line":82,"column":23},"end":{"line":85,"column":9}},"43":{"start":{"line":86,"column":8},"end":{"line":86,"column":97}},"44":{"start":{"line":86,"column":34},"end":{"line":86,"column":97}},"45":{"start":{"line":87,"column":8},"end":{"line":87,"column":77}},"46":{"start":{"line":89,"column":8},"end":{"line":89,"column":53}},"47":{"start":{"line":94,"column":0},"end":{"line":259,"column":3}},"48":{"start":{"line":95,"column":4},"end":{"line":258,"column":5}},"49":{"start":{"line":96,"column":24},"end":{"line":96,"column":89}},"50":{"start":{"line":98,"column":8},"end":{"line":252,"column":9}},"51":{"start":{"line":99,"column":12},"end":{"line":251,"column":13}},"52":{"start":{"line":101,"column":28},"end":{"line":101,"column":38}},"53":{"start":{"line":102,"column":36},"end":{"line":102,"column":100}},"54":{"start":{"line":103,"column":37},"end":{"line":103,"column":69}},"55":{"start":{"line":105,"column":16},"end":{"line":111,"column":17}},"56":{"start":{"line":106,"column":37},"end":{"line":106,"column":100}},"57":{"start":{"line":107,"column":20},"end":{"line":110,"column":21}},"58":{"start":{"line":108,"column":25},"end":{"line":108,"column":105}},"59":{"start":{"line":109,"column":25},"end":{"line":109,"column":34}},"60":{"start":{"line":113,"column":16},"end":{"line":113,"column":42}},"61":{"start":{"line":114,"column":16},"end":{"line":114,"column":64}},"62":{"start":{"line":116,"column":27},"end":{"line":116,"column":29}},"63":{"start":{"line":117,"column":31},"end":{"line":117,"column":33}},"64":{"start":{"line":118,"column":16},"end":{"line":209,"column":17}},"65":{"start":{"line":120,"column":35},"end":{"line":120,"column":54}},"66":{"start":{"line":121,"column":38},"end":{"line":121,"column":80}},"67":{"start":{"line":122,"column":20},"end":{"line":143,"column":21}},"68":{"start":{"line":123,"column":40},"end":{"line":123,"column":52}},"69":{"start":{"line":124,"column":42},"end":{"line":124,"column":54}},"70":{"start":{"line":125,"column":40},"end":{"line":125,"column":104}},"71":{"start":{"line":127,"column":44},"end":{"line":129,"column":110}},"72":{"start":{"line":131,"column":25},"end":{"line":131,"column":68}},"73":{"start":{"line":133,"column":25},"end":{"line":142,"column":26}},"74":{"start":{"line":134,"column":33},"end":{"line":141,"column":37}},"75":{"start":{"line":134,"column":78},"end":{"line":141,"column":34}},"76":{"start":{"line":146,"column":39},"end":{"line":146,"column":44}},"77":{"start":{"line":147,"column":20},"end":{"line":165,"column":21}},"78":{"start":{"line":148,"column":37},"end":{"line":153,"column":26}},"79":{"start":{"line":155,"column":24},"end":{"line":155,"column":45}},"80":{"start":{"line":156,"column":24},"end":{"line":161,"column":62}},"81":{"start":{"line":163,"column":24},"end":{"line":163,"column":134}},"82":{"start":{"line":164,"column":24},"end":{"line":164,"column":44}},"83":{"start":{"line":167,"column":20},"end":{"line":171,"column":21}},"84":{"start":{"line":168,"column":25},"end":{"line":168,"column":126}},"85":{"start":{"line":169,"column":55},"end":{"line":169,"column":92}},"86":{"start":{"line":170,"column":25},"end":{"line":170,"column":72}},"87":{"start":{"line":173,"column":20},"end":{"line":208,"column":21}},"88":{"start":{"line":174,"column":25},"end":{"line":174,"column":121}},"89":{"start":{"line":175,"column":41},"end":{"line":175,"column":59}},"90":{"start":{"line":176,"column":35},"end":{"line":176,"column":57}},"91":{"start":{"line":177,"column":40},"end":{"line":177,"column":59}},"92":{"start":{"line":178,"column":25},"end":{"line":178,"column":35}},"93":{"start":{"line":180,"column":25},"end":{"line":193,"column":28}},"94":{"start":{"line":181,"column":44},"end":{"line":181,"column":63}},"95":{"start":{"line":182,"column":43},"end":{"line":182,"column":61}},"96":{"start":{"line":183,"column":30},"end":{"line":192,"column":31}},"97":{"start":{"line":184,"column":35},"end":{"line":191,"column":38}},"98":{"start":{"line":194,"column":25},"end":{"line":194,"column":111}},"99":{"start":{"line":197,"column":44},"end":{"line":203,"column":48}},"100":{"start":{"line":205,"column":24},"end":{"line":205,"column":107}},"101":{"start":{"line":206,"column":24},"end":{"line":206,"column":49}},"102":{"start":{"line":207,"column":24},"end":{"line":207,"column":67}},"103":{"start":{"line":212,"column":16},"end":{"line":212,"column":101}},"104":{"start":{"line":213,"column":16},"end":{"line":238,"column":17}},"105":{"start":{"line":214,"column":20},"end":{"line":237,"column":21}},"106":{"start":{"line":215,"column":24},"end":{"line":236,"column":25}},"107":{"start":{"line":216,"column":47},"end":{"line":222,"column":30}},"108":{"start":{"line":224,"column":50},"end":{"line":229,"column":52}},"109":{"start":{"line":231,"column":28},"end":{"line":233,"column":29}},"110":{"start":{"line":232,"column":32},"end":{"line":232,"column":113}},"111":{"start":{"line":235,"column":28},"end":{"line":235,"column":120}},"112":{"start":{"line":240,"column":16},"end":{"line":240,"column":40}},"113":{"start":{"line":241,"column":16},"end":{"line":246,"column":17}},"114":{"start":{"line":242,"column":21},"end":{"line":245,"column":23}},"115":{"start":{"line":247,"column":16},"end":{"line":247,"column":157}},"116":{"start":{"line":249,"column":16},"end":{"line":249,"column":88}},"117":{"start":{"line":250,"column":16},"end":{"line":250,"column":163}},"118":{"start":{"line":253,"column":8},"end":{"line":253,"column":30}},"119":{"start":{"line":254,"column":8},"end":{"line":254,"column":87}},"120":{"start":{"line":256,"column":8},"end":{"line":256,"column":30}},"121":{"start":{"line":257,"column":8},"end":{"line":257,"column":53}},"122":{"start":{"line":261,"column":0},"end":{"line":261,"column":24}}},"fnMap":{"0":{"name":"(anonymous_0)","decl":{"start":{"line":10,"column":29},"end":{"line":10,"column":30}},"loc":{"start":{"line":10,"column":43},"end":{"line":12,"column":1}},"line":10},"1":{"name":"(anonymous_1)","decl":{"start":{"line":15,"column":23},"end":{"line":15,"column":24}},"loc":{"start":{"line":15,"column":43},"end":{"line":22,"column":1}},"line":15},"2":{"name":"(anonymous_2)","decl":{"start":{"line":25,"column":16},"end":{"line":25,"column":17}},"loc":{"start":{"line":25,"column":36},"end":{"line":45,"column":1}},"line":25},"3":{"name":"(anonymous_3)","decl":{"start":{"line":48,"column":24},"end":{"line":48,"column":25}},"loc":{"start":{"line":48,"column":44},"end":{"line":61,"column":1}},"line":48},"4":{"name":"(anonymous_4)","decl":{"start":{"line":64,"column":30},"end":{"line":64,"column":31}},"loc":{"start":{"line":64,"column":50},"end":{"line":74,"column":1}},"line":64},"5":{"name":"(anonymous_5)","decl":{"start":{"line":77,"column":27},"end":{"line":77,"column":28}},"loc":{"start":{"line":77,"column":47},"end":{"line":91,"column":1}},"line":77},"6":{"name":"(anonymous_6)","decl":{"start":{"line":94,"column":23},"end":{"line":94,"column":24}},"loc":{"start":{"line":94,"column":43},"end":{"line":259,"column":1}},"line":94},"7":{"name":"(anonymous_7)","decl":{"start":{"line":134,"column":72},"end":{"line":134,"column":73}},"loc":{"start":{"line":134,"column":78},"end":{"line":141,"column":34}},"line":134},"8":{"name":"(anonymous_8)","decl":{"start":{"line":180,"column":60},"end":{"line":180,"column":61}},"loc":{"start":{"line":180,"column":71},"end":{"line":193,"column":26}},"line":180}},"branchMap":{"0":{"loc":{"start":{"line":29,"column":8},"end":{"line":40,"column":9}},"type":"if","locations":[{"start":{"line":29,"column":8},"end":{"line":40,"column":9}},{"start":{"line":38,"column":15},"end":{"line":40,"column":9}}],"line":29},"1":{"loc":{"start":{"line":50,"column":4},"end":{"line":50,"column":72}},"type":"if","locations":[{"start":{"line":50,"column":4},"end":{"line":50,"column":72}},{"start":{},"end":{}}],"line":50},"2":{"loc":{"start":{"line":55,"column":18},"end":{"line":55,"column":43}},"type":"binary-expr","locations":[{"start":{"line":55,"column":18},"end":{"line":55,"column":38}},{"start":{"line":55,"column":42},"end":{"line":55,"column":43}}],"line":55},"3":{"loc":{"start":{"line":55,"column":45},"end":{"line":55,"column":55}},"type":"binary-expr","locations":[{"start":{"line":55,"column":45},"end":{"line":55,"column":49}},{"start":{"line":55,"column":53},"end":{"line":55,"column":55}}],"line":55},"4":{"loc":{"start":{"line":55,"column":57},"end":{"line":55,"column":74}},"type":"binary-expr","locations":[{"start":{"line":55,"column":57},"end":{"line":55,"column":68}},{"start":{"line":55,"column":72},"end":{"line":55,"column":74}}],"line":55},"5":{"loc":{"start":{"line":79,"column":4},"end":{"line":79,"column":72}},"type":"if","locations":[{"start":{"line":79,"column":4},"end":{"line":79,"column":72}},{"start":{},"end":{}}],"line":79},"6":{"loc":{"start":{"line":84,"column":19},"end":{"line":84,"column":44}},"type":"binary-expr","locations":[{"start":{"line":84,"column":19},"end":{"line":84,"column":39}},{"start":{"line":84,"column":43},"end":{"line":84,"column":44}}],"line":84},"7":{"loc":{"start":{"line":84,"column":46},"end":{"line":84,"column":56}},"type":"binary-expr","locations":[{"start":{"line":84,"column":46},"end":{"line":84,"column":50}},{"start":{"line":84,"column":54},"end":{"line":84,"column":56}}],"line":84},"8":{"loc":{"start":{"line":84,"column":58},"end":{"line":84,"column":75}},"type":"binary-expr","locations":[{"start":{"line":84,"column":58},"end":{"line":84,"column":69}},{"start":{"line":84,"column":73},"end":{"line":84,"column":75}}],"line":84},"9":{"loc":{"start":{"line":86,"column":8},"end":{"line":86,"column":97}},"type":"if","locations":[{"start":{"line":86,"column":8},"end":{"line":86,"column":97}},{"start":{},"end":{}}],"line":86},"10":{"loc":{"start":{"line":102,"column":36},"end":{"line":102,"column":100}},"type":"cond-expr","locations":[{"start":{"line":102,"column":61},"end":{"line":102,"column":93}},{"start":{"line":102,"column":96},"end":{"line":102,"column":100}}],"line":102},"11":{"loc":{"start":{"line":103,"column":37},"end":{"line":103,"column":69}},"type":"binary-expr","locations":[{"start":{"line":103,"column":37},"end":{"line":103,"column":64}},{"start":{"line":103,"column":68},"end":{"line":103,"column":69}}],"line":103},"12":{"loc":{"start":{"line":105,"column":16},"end":{"line":111,"column":17}},"type":"if","locations":[{"start":{"line":105,"column":16},"end":{"line":111,"column":17}},{"start":{},"end":{}}],"line":105},"13":{"loc":{"start":{"line":107,"column":20},"end":{"line":110,"column":21}},"type":"if","locations":[{"start":{"line":107,"column":20},"end":{"line":110,"column":21}},{"start":{},"end":{}}],"line":107},"14":{"loc":{"start":{"line":118,"column":16},"end":{"line":209,"column":17}},"type":"if","locations":[{"start":{"line":118,"column":16},"end":{"line":209,"column":17}},{"start":{"line":144,"column":23},"end":{"line":209,"column":17}}],"line":118},"15":{"loc":{"start":{"line":122,"column":20},"end":{"line":143,"column":21}},"type":"if","locations":[{"start":{"line":122,"column":20},"end":{"line":143,"column":21}},{"start":{},"end":{}}],"line":122},"16":{"loc":{"start":{"line":133,"column":25},"end":{"line":142,"column":26}},"type":"if","locations":[{"start":{"line":133,"column":25},"end":{"line":142,"column":26}},{"start":{},"end":{}}],"line":133},"17":{"loc":{"start":{"line":133,"column":29},"end":{"line":133,"column":75}},"type":"binary-expr","locations":[{"start":{"line":133,"column":29},"end":{"line":133,"column":44}},{"start":{"line":133,"column":48},"end":{"line":133,"column":75}}],"line":133},"18":{"loc":{"start":{"line":135,"column":51},"end":{"line":135,"column":82}},"type":"binary-expr","locations":[{"start":{"line":135,"column":51},"end":{"line":135,"column":62}},{"start":{"line":135,"column":66},"end":{"line":135,"column":82}}],"line":135},"19":{"loc":{"start":{"line":136,"column":49},"end":{"line":136,"column":70}},"type":"binary-expr","locations":[{"start":{"line":136,"column":49},"end":{"line":136,"column":56}},{"start":{"line":136,"column":60},"end":{"line":136,"column":70}}],"line":136},"20":{"loc":{"start":{"line":137,"column":47},"end":{"line":137,"column":68}},"type":"binary-expr","locations":[{"start":{"line":137,"column":47},"end":{"line":137,"column":62}},{"start":{"line":137,"column":66},"end":{"line":137,"column":68}}],"line":137},"21":{"loc":{"start":{"line":139,"column":61},"end":{"line":139,"column":80}},"type":"binary-expr","locations":[{"start":{"line":139,"column":61},"end":{"line":139,"column":71}},{"start":{"line":139,"column":75},"end":{"line":139,"column":80}}],"line":139},"22":{"loc":{"start":{"line":156,"column":39},"end":{"line":161,"column":61}},"type":"binary-expr","locations":[{"start":{"line":156,"column":39},"end":{"line":156,"column":90}},{"start":{"line":157,"column":39},"end":{"line":157,"column":82}},{"start":{"line":158,"column":39},"end":{"line":158,"column":69}},{"start":{"line":159,"column":39},"end":{"line":159,"column":66}},{"start":{"line":160,"column":39},"end":{"line":160,"column":104}},{"start":{"line":161,"column":39},"end":{"line":161,"column":61}}],"line":156},"23":{"loc":{"start":{"line":167,"column":20},"end":{"line":171,"column":21}},"type":"if","locations":[{"start":{"line":167,"column":20},"end":{"line":171,"column":21}},{"start":{},"end":{}}],"line":167},"24":{"loc":{"start":{"line":173,"column":20},"end":{"line":208,"column":21}},"type":"if","locations":[{"start":{"line":173,"column":20},"end":{"line":208,"column":21}},{"start":{"line":195,"column":27},"end":{"line":208,"column":21}}],"line":173},"25":{"loc":{"start":{"line":173,"column":24},"end":{"line":173,"column":89}},"type":"binary-expr","locations":[{"start":{"line":173,"column":24},"end":{"line":173,"column":51}},{"start":{"line":173,"column":55},"end":{"line":173,"column":89}}],"line":173},"26":{"loc":{"start":{"line":183,"column":30},"end":{"line":192,"column":31}},"type":"if","locations":[{"start":{"line":183,"column":30},"end":{"line":192,"column":31}},{"start":{},"end":{}}],"line":183},"27":{"loc":{"start":{"line":183,"column":34},"end":{"line":183,"column":67}},"type":"binary-expr","locations":[{"start":{"line":183,"column":34},"end":{"line":183,"column":39}},{"start":{"line":183,"column":43},"end":{"line":183,"column":47}},{"start":{"line":183,"column":51},"end":{"line":183,"column":67}}],"line":183},"28":{"loc":{"start":{"line":185,"column":54},"end":{"line":185,"column":85}},"type":"binary-expr","locations":[{"start":{"line":185,"column":54},"end":{"line":185,"column":65}},{"start":{"line":185,"column":69},"end":{"line":185,"column":85}}],"line":185},"29":{"loc":{"start":{"line":190,"column":52},"end":{"line":190,"column":132}},"type":"cond-expr","locations":[{"start":{"line":190,"column":78},"end":{"line":190,"column":82}},{"start":{"line":190,"column":85},"end":{"line":190,"column":132}}],"line":190},"30":{"loc":{"start":{"line":214,"column":20},"end":{"line":237,"column":21}},"type":"if","locations":[{"start":{"line":214,"column":20},"end":{"line":237,"column":21}},{"start":{},"end":{}}],"line":214},"31":{"loc":{"start":{"line":214,"column":24},"end":{"line":214,"column":108}},"type":"binary-expr","locations":[{"start":{"line":214,"column":24},"end":{"line":214,"column":38}},{"start":{"line":214,"column":42},"end":{"line":214,"column":75}},{"start":{"line":214,"column":79},"end":{"line":214,"column":108}}],"line":214},"32":{"loc":{"start":{"line":231,"column":28},"end":{"line":233,"column":29}},"type":"if","locations":[{"start":{"line":231,"column":28},"end":{"line":233,"column":29}},{"start":{},"end":{}}],"line":231},"33":{"loc":{"start":{"line":232,"column":53},"end":{"line":232,"column":74}},"type":"binary-expr","locations":[{"start":{"line":232,"column":53},"end":{"line":232,"column":68}},{"start":{"line":232,"column":72},"end":{"line":232,"column":74}}],"line":232},"34":{"loc":{"start":{"line":244,"column":37},"end":{"line":244,"column":81}},"type":"binary-expr","locations":[{"start":{"line":244,"column":37},"end":{"line":244,"column":48}},{"start":{"line":244,"column":52},"end":{"line":244,"column":68}},{"start":{"line":244,"column":72},"end":{"line":244,"column":81}}],"line":244},"35":{"loc":{"start":{"line":244,"column":83},"end":{"line":244,"column":111}},"type":"binary-expr","locations":[{"start":{"line":244,"column":83},"end":{"line":244,"column":97}},{"start":{"line":244,"column":101},"end":{"line":244,"column":111}}],"line":244},"36":{"loc":{"start":{"line":244,"column":113},"end":{"line":244,"column":131}},"type":"binary-expr","locations":[{"start":{"line":244,"column":113},"end":{"line":244,"column":125}},{"start":{"line":244,"column":129},"end":{"line":244,"column":131}}],"line":244},"37":{"loc":{"start":{"line":244,"column":133},"end":{"line":244,"column":155}},"type":"binary-expr","locations":[{"start":{"line":244,"column":133},"end":{"line":244,"column":149}},{"start":{"line":244,"column":153},"end":{"line":244,"column":155}}],"line":244},"38":{"loc":{"start":{"line":244,"column":157},"end":{"line":244,"column":178}},"type":"binary-expr","locations":[{"start":{"line":244,"column":157},"end":{"line":244,"column":172}},{"start":{"line":244,"column":176},"end":{"line":244,"column":178}}],"line":244},"39":{"loc":{"start":{"line":244,"column":180},"end":{"line":244,"column":208}},"type":"binary-expr","locations":[{"start":{"line":244,"column":180},"end":{"line":244,"column":194}},{"start":{"line":244,"column":198},"end":{"line":244,"column":208}}],"line":244},"40":{"loc":{"start":{"line":250,"column":135},"end":{"line":250,"column":149}},"type":"binary-expr","locations":[{"start":{"line":250,"column":135},"end":{"line":250,"column":143}},{"start":{"line":250,"column":147},"end":{"line":250,"column":149}}],"line":250}},"s":{"0":5,"1":5,"2":5,"3":5,"4":5,"5":5,"6":5,"7":0,"8":5,"9":2,"10":2,"11":2,"12":0,"13":5,"14":3,"15":3,"16":3,"17":1,"18":1,"19":2,"20":2,"21":1,"22":5,"23":2,"24":2,"25":0,"26":2,"27":2,"28":2,"29":0,"30":5,"31":1,"32":1,"33":1,"34":1,"35":1,"36":0,"37":5,"38":1,"39":1,"40":0,"41":1,"42":1,"43":1,"44":0,"45":1,"46":0,"47":5,"48":2,"49":2,"50":2,"51":3,"52":3,"53":3,"54":3,"55":3,"56":1,"57":1,"58":1,"59":1,"60":2,"61":2,"62":2,"63":2,"64":2,"65":1,"66":1,"67":1,"68":1,"69":1,"70":1,"71":1,"72":1,"73":1,"74":1,"75":1,"76":1,"77":1,"78":1,"79":1,"80":1,"81":0,"82":0,"83":1,"84":1,"85":1,"86":1,"87":1,"88":0,"89":0,"90":0,"91":0,"92":0,"93":0,"94":0,"95":0,"96":0,"97":0,"98":0,"99":1,"100":1,"101":1,"102":1,"103":2,"104":2,"105":1,"106":1,"107":1,"108":1,"109":0,"110":0,"111":1,"112":2,"113":2,"114":1,"115":2,"116":0,"117":0,"118":2,"119":2,"120":0,"121":0,"122":5},"f":{"0":0,"1":2,"2":3,"3":2,"4":1,"5":1,"6":2,"7":1,"8":0},"b":{"0":[1,2],"1":[0,2],"2":[2,1],"3":[2,2],"4":[2,2],"5":[0,1],"6":[1,0],"7":[1,1],"8":[1,1],"9":[0,1],"10":[1,2],"11":[3,0],"12":[1,2],"13":[1,0],"14":[1,1],"15":[1,0],"16":[1,0],"17":[1,1],"18":[1,1],"19":[1,0],"20":[1,0],"21":[1,0],"22":[1,1,1,1,1,1],"23":[1,0],"24":[0,1],"25":[1,1],"26":[0,0],"27":[0,0,0],"28":[0,0],"29":[0,0],"30":[1,0],"31":[1,1,1],"32":[0,0],"33":[0,0],"34":[1,1,0],"35":[1,0],"36":[1,0],"37":[1,1],"38":[1,0],"39":[1,0],"40":[0,0]},"_coverageSchema":"1a1c01bbd47fc00a2c39e90264f33305004495a9","hash":"af1d617f158dd9b2730cdbb5876bf4a1d9df507b"}
,"/Users/maurizio.blasilli@wfp.org/projects/findmyjob/backend/scripts/run_migrations.js": {"path":"/Users/maurizio.blasilli@wfp.org/projects/findmyjob/backend/scripts/run_migrations.js","statementMap":{"0":{"start":{"line":1,"column":11},"end":{"line":1,"column":24}},"1":{"start":{"line":2,"column":13},"end":{"line":2,"column":28}},"2":{"start":{"line":3,"column":20},"end":{"line":3,"column":36}},"3":{"start":{"line":6,"column":24},"end":{"line":6,"column":64}},"4":{"start":{"line":7,"column":16},"end":{"line":7,"column":84}},"5":{"start":{"line":7,"column":58},"end":{"line":7,"column":76}},"6":{"start":{"line":9,"column":2},"end":{"line":9,"column":96}},"7":{"start":{"line":11,"column":2},"end":{"line":30,"column":3}},"8":{"start":{"line":12,"column":23},"end":{"line":12,"column":101}},"9":{"start":{"line":13,"column":4},"end":{"line":13,"column":29}},"10":{"start":{"line":13,"column":20},"end":{"line":13,"column":29}},"11":{"start":{"line":15,"column":21},"end":{"line":15,"column":51}},"12":{"start":{"line":16,"column":16},"end":{"line":16,"column":50}},"13":{"start":{"line":18,"column":4},"end":{"line":29,"column":5}},"14":{"start":{"line":19,"column":8},"end":{"line":19,"column":32}},"15":{"start":{"line":20,"column":8},"end":{"line":20,"column":98}},"16":{"start":{"line":22,"column":8},"end":{"line":28,"column":9}},"17":{"start":{"line":24,"column":12},"end":{"line":24,"column":102}},"18":{"start":{"line":26,"column":12},"end":{"line":26,"column":71}},"19":{"start":{"line":27,"column":12},"end":{"line":27,"column":22}},"20":{"start":{"line":33,"column":0},"end":{"line":33,"column":31}}},"fnMap":{"0":{"name":"runMigrations","decl":{"start":{"line":5,"column":15},"end":{"line":5,"column":28}},"loc":{"start":{"line":5,"column":31},"end":{"line":31,"column":1}},"line":5},"1":{"name":"(anonymous_1)","decl":{"start":{"line":7,"column":53},"end":{"line":7,"column":54}},"loc":{"start":{"line":7,"column":58},"end":{"line":7,"column":76}},"line":7}},"branchMap":{"0":{"loc":{"start":{"line":13,"column":4},"end":{"line":13,"column":29}},"type":"if","locations":[{"start":{"line":13,"column":4},"end":{"line":13,"column":29}},{"start":{},"end":{}}],"line":13},"1":{"loc":{"start":{"line":22,"column":8},"end":{"line":28,"column":9}},"type":"if","locations":[{"start":{"line":22,"column":8},"end":{"line":28,"column":9}},{"start":{"line":25,"column":15},"end":{"line":28,"column":9}}],"line":22},"2":{"loc":{"start":{"line":22,"column":12},"end":{"line":22,"column":99}},"type":"binary-expr","locations":[{"start":{"line":22,"column":12},"end":{"line":22,"column":57}},{"start":{"line":22,"column":61},"end":{"line":22,"column":99}}],"line":22}},"s":{"0":4,"1":4,"2":4,"3":3,"4":3,"5":33,"6":3,"7":3,"8":33,"9":33,"10":0,"11":33,"12":33,"13":33,"14":33,"15":33,"16":0,"17":0,"18":0,"19":0,"20":4},"f":{"0":3,"1":33},"b":{"0":[0,33],"1":[0,0],"2":[0,0]},"_coverageSchema":"1a1c01bbd47fc00a2c39e90264f33305004495a9","hash":"24eb67017ffc1babb90c01a21e12b8638c5b76c9"}
,"/Users/maurizio.blasilli@wfp.org/projects/findmyjob/backend/scripts/seed_userroles.js": {"path":"/Users/maurizio.blasilli@wfp.org/projects/findmyjob/backend/scripts/seed_userroles.js","statementMap":{"0":{"start":{"line":1,"column":20},"end":{"line":1,"column":36}},"1":{"start":{"line":4,"column":19},"end":{"line":4,"column":75}},"2":{"start":{"line":5,"column":2},"end":{"line":11,"column":3}},"3":{"start":{"line":7,"column":18},"end":{"line":7,"column":46}},"4":{"start":{"line":8,"column":4},"end":{"line":10,"column":5}},"5":{"start":{"line":9,"column":6},"end":{"line":9,"column":77}},"6":{"start":{"line":14,"column":0},"end":{"line":14,"column":31}}},"fnMap":{"0":{"name":"seedUserRoles","decl":{"start":{"line":3,"column":15},"end":{"line":3,"column":28}},"loc":{"start":{"line":3,"column":31},"end":{"line":12,"column":1}},"line":3}},"branchMap":{"0":{"loc":{"start":{"line":5,"column":2},"end":{"line":11,"column":3}},"type":"if","locations":[{"start":{"line":5,"column":2},"end":{"line":11,"column":3}},{"start":{},"end":{}}],"line":5}},"s":{"0":1,"1":1,"2":1,"3":1,"4":1,"5":3,"6":1},"f":{"0":1},"b":{"0":[1,0]},"_coverageSchema":"1a1c01bbd47fc00a2c39e90264f33305004495a9","hash":"36313f81b9df4074c6cf69f329f5a742a359f64f"}
,"/Users/maurizio.blasilli@wfp.org/projects/findmyjob/backend/scripts/seed_users.js": {"path":"/Users/maurizio.blasilli@wfp.org/projects/findmyjob/backend/scripts/seed_users.js","statementMap":{"0":{"start":{"line":1,"column":20},"end":{"line":1,"column":36}},"1":{"start":{"line":2,"column":15},"end":{"line":2,"column":34}},"2":{"start":{"line":5,"column":19},"end":{"line":5,"column":71}},"3":{"start":{"line":6,"column":2},"end":{"line":31,"column":3}},"4":{"start":{"line":8,"column":22},"end":{"line":8,"column":60}},"5":{"start":{"line":9,"column":23},"end":{"line":9,"column":62}},"6":{"start":{"line":10,"column":22},"end":{"line":10,"column":60}},"7":{"start":{"line":13,"column":18},"end":{"line":13,"column":74}},"8":{"start":{"line":14,"column":20},"end":{"line":14,"column":22}},"9":{"start":{"line":15,"column":4},"end":{"line":15,"column":52}},"10":{"start":{"line":15,"column":23},"end":{"line":15,"column":50}},"11":{"start":{"line":17,"column":4},"end":{"line":17,"column":34}},"12":{"start":{"line":17,"column":27},"end":{"line":17,"column":34}},"13":{"start":{"line":19,"column":4},"end":{"line":22,"column":6}},"14":{"start":{"line":23,"column":4},"end":{"line":26,"column":6}},"15":{"start":{"line":27,"column":4},"end":{"line":30,"column":6}},"16":{"start":{"line":34,"column":0},"end":{"line":34,"column":27}}},"fnMap":{"0":{"name":"seedUsers","decl":{"start":{"line":4,"column":15},"end":{"line":4,"column":24}},"loc":{"start":{"line":4,"column":27},"end":{"line":32,"column":1}},"line":4},"1":{"name":"(anonymous_1)","decl":{"start":{"line":15,"column":18},"end":{"line":15,"column":19}},"loc":{"start":{"line":15,"column":23},"end":{"line":15,"column":50}},"line":15}},"branchMap":{"0":{"loc":{"start":{"line":6,"column":2},"end":{"line":31,"column":3}},"type":"if","locations":[{"start":{"line":6,"column":2},"end":{"line":31,"column":3}},{"start":{},"end":{}}],"line":6},"1":{"loc":{"start":{"line":17,"column":4},"end":{"line":17,"column":34}},"type":"if","locations":[{"start":{"line":17,"column":4},"end":{"line":17,"column":34}},{"start":{},"end":{}}],"line":17}},"s":{"0":1,"1":1,"2":1,"3":1,"4":1,"5":1,"6":1,"7":1,"8":1,"9":1,"10":3,"11":1,"12":0,"13":1,"14":1,"15":1,"16":1},"f":{"0":1,"1":3},"b":{"0":[1,0],"1":[0,1]},"_coverageSchema":"1a1c01bbd47fc00a2c39e90264f33305004495a9","hash":"847bdedba35ad117314d65edbbd02da91690b87c"}
,"/Users/maurizio.blasilli@wfp.org/projects/findmyjob/backend/services/aiService.js": {"path":"/Users/maurizio.blasilli@wfp.org/projects/findmyjob/backend/services/aiService.js","statementMap":{"0":{"start":{"line":1,"column":14},"end":{"line":1,"column":30}},"1":{"start":{"line":2,"column":20},"end":{"line":2,"column":36}},"2":{"start":{"line":8,"column":4},"end":{"line":18,"column":5}},"3":{"start":{"line":9,"column":20},"end":{"line":9,"column":93}},"4":{"start":{"line":10,"column":8},"end":{"line":13,"column":9}},"5":{"start":{"line":11,"column":12},"end":{"line":11,"column":71}},"6":{"start":{"line":12,"column":12},"end":{"line":12,"column":35}},"7":{"start":{"line":14,"column":8},"end":{"line":14,"column":79}},"8":{"start":{"line":16,"column":8},"end":{"line":16,"column":76}},"9":{"start":{"line":17,"column":8},"end":{"line":17,"column":18}},"10":{"start":{"line":26,"column":4},"end":{"line":35,"column":5}},"11":{"start":{"line":27,"column":25},"end":{"line":27,"column":75}},"12":{"start":{"line":28,"column":8},"end":{"line":30,"column":9}},"13":{"start":{"line":29,"column":12},"end":{"line":29,"column":57}},"14":{"start":{"line":29,"column":49},"end":{"line":29,"column":55}},"15":{"start":{"line":31,"column":8},"end":{"line":31,"column":18}},"16":{"start":{"line":33,"column":8},"end":{"line":33,"column":111}},"17":{"start":{"line":34,"column":8},"end":{"line":34,"column":18}},"18":{"start":{"line":44,"column":4},"end":{"line":95,"column":5}},"19":{"start":{"line":45,"column":31},"end":{"line":45,"column":68}},"20":{"start":{"line":46,"column":23},"end":{"line":46,"column":70}},"21":{"start":{"line":48,"column":23},"end":{"line":48,"column":93}},"22":{"start":{"line":49,"column":25},"end":{"line":49,"column":63}},"23":{"start":{"line":50,"column":23},"end":{"line":50,"column":51}},"24":{"start":{"line":51,"column":30},"end":{"line":51,"column":83}},"25":{"start":{"line":53,"column":8},"end":{"line":53,"column":87}},"26":{"start":{"line":55,"column":27},"end":{"line":55,"column":29}},"27":{"start":{"line":56,"column":8},"end":{"line":74,"column":9}},"28":{"start":{"line":57,"column":24},"end":{"line":65,"column":14}},"29":{"start":{"line":66,"column":12},"end":{"line":66,"column":45}},"30":{"start":{"line":67,"column":15},"end":{"line":74,"column":9}},"31":{"start":{"line":68,"column":24},"end":{"line":72,"column":68}},"32":{"start":{"line":73,"column":12},"end":{"line":73,"column":63}},"33":{"start":{"line":76,"column":8},"end":{"line":76,"column":65}},"34":{"start":{"line":79,"column":26},"end":{"line":79,"column":59}},"35":{"start":{"line":80,"column":27},"end":{"line":80,"column":73}},"36":{"start":{"line":82,"column":8},"end":{"line":85,"column":9}},"37":{"start":{"line":83,"column":13},"end":{"line":83,"column":77}},"38":{"start":{"line":84,"column":13},"end":{"line":84,"column":23}},"39":{"start":{"line":87,"column":23},"end":{"line":87,"column":45}},"40":{"start":{"line":88,"column":8},"end":{"line":88,"column":33}},"41":{"start":{"line":90,"column":8},"end":{"line":90,"column":98}},"42":{"start":{"line":91,"column":8},"end":{"line":93,"column":9}},"43":{"start":{"line":92,"column":12},"end":{"line":92,"column":152}},"44":{"start":{"line":94,"column":8},"end":{"line":94,"column":18}},"45":{"start":{"line":105,"column":4},"end":{"line":187,"column":5}},"46":{"start":{"line":106,"column":31},"end":{"line":106,"column":65}},"47":{"start":{"line":107,"column":23},"end":{"line":107,"column":66}},"48":{"start":{"line":109,"column":23},"end":{"line":111,"column":84}},"49":{"start":{"line":113,"column":25},"end":{"line":113,"column":63}},"50":{"start":{"line":114,"column":23},"end":{"line":114,"column":51}},"51":{"start":{"line":116,"column":25},"end":{"line":116,"column":27}},"52":{"start":{"line":118,"column":8},"end":{"line":154,"column":9}},"53":{"start":{"line":119,"column":29},"end":{"line":125,"column":14}},"54":{"start":{"line":126,"column":12},"end":{"line":126,"column":74}},"55":{"start":{"line":127,"column":15},"end":{"line":154,"column":9}},"56":{"start":{"line":128,"column":29},"end":{"line":132,"column":66}},"57":{"start":{"line":133,"column":12},"end":{"line":133,"column":66}},"58":{"start":{"line":134,"column":15},"end":{"line":154,"column":9}},"59":{"start":{"line":135,"column":29},"end":{"line":139,"column":66}},"60":{"start":{"line":140,"column":12},"end":{"line":140,"column":66}},"61":{"start":{"line":141,"column":15},"end":{"line":154,"column":9}},"62":{"start":{"line":142,"column":29},"end":{"line":146,"column":87}},"63":{"start":{"line":147,"column":12},"end":{"line":147,"column":55}},"64":{"start":{"line":148,"column":15},"end":{"line":154,"column":9}},"65":{"start":{"line":149,"column":29},"end":{"line":152,"column":66}},"66":{"start":{"line":153,"column":12},"end":{"line":153,"column":66}},"67":{"start":{"line":156,"column":8},"end":{"line":156,"column":70}},"68":{"start":{"line":157,"column":8},"end":{"line":157,"column":32}},"69":{"start":{"line":159,"column":8},"end":{"line":161,"column":9}},"70":{"start":{"line":160,"column":12},"end":{"line":160,"column":65}},"71":{"start":{"line":163,"column":23},"end":{"line":163,"column":45}},"72":{"start":{"line":166,"column":8},"end":{"line":176,"column":9}},"73":{"start":{"line":167,"column":25},"end":{"line":167,"column":44}},"74":{"start":{"line":168,"column":31},"end":{"line":168,"column":86}},"75":{"start":{"line":168,"column":66},"end":{"line":168,"column":85}},"76":{"start":{"line":169,"column":12},"end":{"line":175,"column":13}},"77":{"start":{"line":170,"column":16},"end":{"line":174,"column":18}},"78":{"start":{"line":179,"column":8},"end":{"line":183,"column":10}},"79":{"start":{"line":185,"column":8},"end":{"line":185,"column":55}},"80":{"start":{"line":186,"column":8},"end":{"line":186,"column":53}},"81":{"start":{"line":194,"column":4},"end":{"line":238,"column":5}},"82":{"start":{"line":195,"column":31},"end":{"line":195,"column":67}},"83":{"start":{"line":196,"column":23},"end":{"line":198,"column":85}},"84":{"start":{"line":200,"column":23},"end":{"line":200,"column":93}},"85":{"start":{"line":201,"column":25},"end":{"line":201,"column":63}},"86":{"start":{"line":202,"column":23},"end":{"line":202,"column":51}},"87":{"start":{"line":203,"column":30},"end":{"line":203,"column":83}},"88":{"start":{"line":205,"column":27},"end":{"line":205,"column":29}},"89":{"start":{"line":206,"column":8},"end":{"line":222,"column":9}},"90":{"start":{"line":207,"column":24},"end":{"line":213,"column":14}},"91":{"start":{"line":214,"column":12},"end":{"line":214,"column":45}},"92":{"start":{"line":215,"column":15},"end":{"line":222,"column":9}},"93":{"start":{"line":216,"column":24},"end":{"line":220,"column":68}},"94":{"start":{"line":221,"column":12},"end":{"line":221,"column":63}},"95":{"start":{"line":224,"column":8},"end":{"line":224,"column":67}},"96":{"start":{"line":226,"column":26},"end":{"line":226,"column":59}},"97":{"start":{"line":227,"column":27},"end":{"line":227,"column":73}},"98":{"start":{"line":229,"column":23},"end":{"line":229,"column":45}},"99":{"start":{"line":230,"column":8},"end":{"line":234,"column":10}},"100":{"start":{"line":236,"column":8},"end":{"line":236,"column":55}},"101":{"start":{"line":237,"column":8},"end":{"line":237,"column":102}},"102":{"start":{"line":242,"column":4},"end":{"line":242,"column":62}},"103":{"start":{"line":246,"column":4},"end":{"line":248,"column":5}},"104":{"start":{"line":247,"column":8},"end":{"line":247,"column":70}},"105":{"start":{"line":249,"column":4},"end":{"line":252,"column":6}},"106":{"start":{"line":256,"column":4},"end":{"line":256,"column":54}},"107":{"start":{"line":260,"column":4},"end":{"line":260,"column":101}},"108":{"start":{"line":263,"column":0},"end":{"line":272,"column":2}}},"fnMap":{"0":{"name":"getPrompt","decl":{"start":{"line":7,"column":15},"end":{"line":7,"column":24}},"loc":{"start":{"line":7,"column":30},"end":{"line":19,"column":1}},"line":7},"1":{"name":"listModels","decl":{"start":{"line":25,"column":15},"end":{"line":25,"column":25}},"loc":{"start":{"line":25,"column":28},"end":{"line":36,"column":1}},"line":25},"2":{"name":"(anonymous_2)","decl":{"start":{"line":29,"column":44},"end":{"line":29,"column":45}},"loc":{"start":{"line":29,"column":49},"end":{"line":29,"column":55}},"line":29},"3":{"name":"parseJobListings","decl":{"start":{"line":43,"column":15},"end":{"line":43,"column":31}},"loc":{"start":{"line":43,"column":49},"end":{"line":96,"column":1}},"line":43},"4":{"name":"parseCvWithModel","decl":{"start":{"line":104,"column":15},"end":{"line":104,"column":31}},"loc":{"start":{"line":104,"column":66},"end":{"line":188,"column":1}},"line":104},"5":{"name":"(anonymous_5)","decl":{"start":{"line":168,"column":61},"end":{"line":168,"column":62}},"loc":{"start":{"line":168,"column":66},"end":{"line":168,"column":85}},"line":168},"6":{"name":"matchCvWithJob","decl":{"start":{"line":193,"column":15},"end":{"line":193,"column":29}},"loc":{"start":{"line":193,"column":46},"end":{"line":239,"column":1}},"line":193},"7":{"name":"getProviderConfigs","decl":{"start":{"line":241,"column":15},"end":{"line":241,"column":33}},"loc":{"start":{"line":241,"column":36},"end":{"line":243,"column":1}},"line":241},"8":{"name":"updateProviderConfig","decl":{"start":{"line":245,"column":15},"end":{"line":245,"column":35}},"loc":{"start":{"line":245,"column":55},"end":{"line":253,"column":1}},"line":245},"9":{"name":"getPrompts","decl":{"start":{"line":255,"column":15},"end":{"line":255,"column":25}},"loc":{"start":{"line":255,"column":28},"end":{"line":257,"column":1}},"line":255},"10":{"name":"updatePrompt","decl":{"start":{"line":259,"column":15},"end":{"line":259,"column":27}},"loc":{"start":{"line":259,"column":46},"end":{"line":261,"column":1}},"line":259}},"branchMap":{"0":{"loc":{"start":{"line":10,"column":8},"end":{"line":13,"column":9}},"type":"if","locations":[{"start":{"line":10,"column":8},"end":{"line":13,"column":9}},{"start":{},"end":{}}],"line":10},"1":{"loc":{"start":{"line":10,"column":12},"end":{"line":10,"column":34}},"type":"binary-expr","locations":[{"start":{"line":10,"column":12},"end":{"line":10,"column":15}},{"start":{"line":10,"column":19},"end":{"line":10,"column":34}}],"line":10},"2":{"loc":{"start":{"line":28,"column":8},"end":{"line":30,"column":9}},"type":"if","locations":[{"start":{"line":28,"column":8},"end":{"line":30,"column":9}},{"start":{},"end":{}}],"line":28},"3":{"loc":{"start":{"line":28,"column":12},"end":{"line":28,"column":49}},"type":"binary-expr","locations":[{"start":{"line":28,"column":12},"end":{"line":28,"column":25}},{"start":{"line":28,"column":29},"end":{"line":28,"column":49}}],"line":28},"4":{"loc":{"start":{"line":49,"column":25},"end":{"line":49,"column":63}},"type":"cond-expr","locations":[{"start":{"line":49,"column":34},"end":{"line":49,"column":52}},{"start":{"line":49,"column":55},"end":{"line":49,"column":63}}],"line":49},"5":{"loc":{"start":{"line":50,"column":23},"end":{"line":50,"column":51}},"type":"cond-expr","locations":[{"start":{"line":50,"column":32},"end":{"line":50,"column":46}},{"start":{"line":50,"column":49},"end":{"line":50,"column":51}}],"line":50},"6":{"loc":{"start":{"line":51,"column":30},"end":{"line":51,"column":83}},"type":"binary-expr","locations":[{"start":{"line":51,"column":30},"end":{"line":51,"column":35}},{"start":{"line":51,"column":40},"end":{"line":51,"column":46}},{"start":{"line":51,"column":50},"end":{"line":51,"column":70}},{"start":{"line":51,"column":75},"end":{"line":51,"column":83}}],"line":51},"7":{"loc":{"start":{"line":56,"column":8},"end":{"line":74,"column":9}},"type":"if","locations":[{"start":{"line":56,"column":8},"end":{"line":74,"column":9}},{"start":{"line":67,"column":15},"end":{"line":74,"column":9}}],"line":56},"8":{"loc":{"start":{"line":67,"column":15},"end":{"line":74,"column":9}},"type":"if","locations":[{"start":{"line":67,"column":15},"end":{"line":74,"column":9}},{"start":{},"end":{}}],"line":67},"9":{"loc":{"start":{"line":69,"column":23},"end":{"line":69,"column":40}},"type":"binary-expr","locations":[{"start":{"line":69,"column":23},"end":{"line":69,"column":28}},{"start":{"line":69,"column":32},"end":{"line":69,"column":40}}],"line":69},"10":{"loc":{"start":{"line":80,"column":27},"end":{"line":80,"column":73}},"type":"cond-expr","locations":[{"start":{"line":80,"column":39},"end":{"line":80,"column":51}},{"start":{"line":80,"column":54},"end":{"line":80,"column":73}}],"line":80},"11":{"loc":{"start":{"line":82,"column":8},"end":{"line":85,"column":9}},"type":"if","locations":[{"start":{"line":82,"column":8},"end":{"line":85,"column":9}},{"start":{},"end":{}}],"line":82},"12":{"loc":{"start":{"line":88,"column":15},"end":{"line":88,"column":32}},"type":"binary-expr","locations":[{"start":{"line":88,"column":15},"end":{"line":88,"column":26}},{"start":{"line":88,"column":30},"end":{"line":88,"column":32}}],"line":88},"13":{"loc":{"start":{"line":90,"column":56},"end":{"line":90,"column":96}},"type":"cond-expr","locations":[{"start":{"line":90,"column":69},"end":{"line":90,"column":91}},{"start":{"line":90,"column":94},"end":{"line":90,"column":96}}],"line":90},"14":{"loc":{"start":{"line":91,"column":8},"end":{"line":93,"column":9}},"type":"if","locations":[{"start":{"line":91,"column":8},"end":{"line":93,"column":9}},{"start":{},"end":{}}],"line":91},"15":{"loc":{"start":{"line":92,"column":57},"end":{"line":92,"column":150}},"type":"cond-expr","locations":[{"start":{"line":92,"column":97},"end":{"line":92,"column":114}},{"start":{"line":92,"column":117},"end":{"line":92,"column":150}}],"line":92},"16":{"loc":{"start":{"line":104,"column":47},"end":{"line":104,"column":64}},"type":"default-arg","locations":[{"start":{"line":104,"column":60},"end":{"line":104,"column":64}}],"line":104},"17":{"loc":{"start":{"line":109,"column":23},"end":{"line":111,"column":84}},"type":"cond-expr","locations":[{"start":{"line":110,"column":14},"end":{"line":110,"column":100}},{"start":{"line":111,"column":14},"end":{"line":111,"column":84}}],"line":109},"18":{"loc":{"start":{"line":113,"column":25},"end":{"line":113,"column":63}},"type":"cond-expr","locations":[{"start":{"line":113,"column":34},"end":{"line":113,"column":52}},{"start":{"line":113,"column":55},"end":{"line":113,"column":63}}],"line":113},"19":{"loc":{"start":{"line":114,"column":23},"end":{"line":114,"column":51}},"type":"cond-expr","locations":[{"start":{"line":114,"column":32},"end":{"line":114,"column":46}},{"start":{"line":114,"column":49},"end":{"line":114,"column":51}}],"line":114},"20":{"loc":{"start":{"line":118,"column":8},"end":{"line":154,"column":9}},"type":"if","locations":[{"start":{"line":118,"column":8},"end":{"line":154,"column":9}},{"start":{"line":127,"column":15},"end":{"line":154,"column":9}}],"line":118},"21":{"loc":{"start":{"line":126,"column":25},"end":{"line":126,"column":73}},"type":"binary-expr","locations":[{"start":{"line":126,"column":25},"end":{"line":126,"column":47}},{"start":{"line":126,"column":51},"end":{"line":126,"column":73}}],"line":126},"22":{"loc":{"start":{"line":127,"column":15},"end":{"line":154,"column":9}},"type":"if","locations":[{"start":{"line":127,"column":15},"end":{"line":154,"column":9}},{"start":{"line":134,"column":15},"end":{"line":154,"column":9}}],"line":127},"23":{"loc":{"start":{"line":134,"column":15},"end":{"line":154,"column":9}},"type":"if","locations":[{"start":{"line":134,"column":15},"end":{"line":154,"column":9}},{"start":{"line":141,"column":15},"end":{"line":154,"column":9}}],"line":134},"24":{"loc":{"start":{"line":141,"column":15},"end":{"line":154,"column":9}},"type":"if","locations":[{"start":{"line":141,"column":15},"end":{"line":154,"column":9}},{"start":{"line":148,"column":15},"end":{"line":154,"column":9}}],"line":141},"25":{"loc":{"start":{"line":148,"column":15},"end":{"line":154,"column":9}},"type":"if","locations":[{"start":{"line":148,"column":15},"end":{"line":154,"column":9}},{"start":{},"end":{}}],"line":148},"26":{"loc":{"start":{"line":159,"column":8},"end":{"line":161,"column":9}},"type":"if","locations":[{"start":{"line":159,"column":8},"end":{"line":161,"column":9}},{"start":{},"end":{}}],"line":159},"27":{"loc":{"start":{"line":166,"column":8},"end":{"line":176,"column":9}},"type":"if","locations":[{"start":{"line":166,"column":8},"end":{"line":176,"column":9}},{"start":{},"end":{}}],"line":166},"28":{"loc":{"start":{"line":168,"column":31},"end":{"line":168,"column":86}},"type":"binary-expr","locations":[{"start":{"line":168,"column":31},"end":{"line":168,"column":46}},{"start":{"line":168,"column":50},"end":{"line":168,"column":86}}],"line":168},"29":{"loc":{"start":{"line":169,"column":12},"end":{"line":175,"column":13}},"type":"if","locations":[{"start":{"line":169,"column":12},"end":{"line":175,"column":13}},{"start":{},"end":{}}],"line":169},"30":{"loc":{"start":{"line":180,"column":25},"end":{"line":180,"column":84}},"type":"binary-expr","locations":[{"start":{"line":180,"column":25},"end":{"line":180,"column":43}},{"start":{"line":180,"column":48},"end":{"line":180,"column":83}}],"line":180},"31":{"loc":{"start":{"line":180,"column":48},"end":{"line":180,"column":83}},"type":"cond-expr","locations":[{"start":{"line":180,"column":72},"end":{"line":180,"column":78}},{"start":{"line":180,"column":81},"end":{"line":180,"column":83}}],"line":180},"32":{"loc":{"start":{"line":181,"column":24},"end":{"line":181,"column":47}},"type":"binary-expr","locations":[{"start":{"line":181,"column":24},"end":{"line":181,"column":41}},{"start":{"line":181,"column":45},"end":{"line":181,"column":47}}],"line":181},"33":{"loc":{"start":{"line":182,"column":23},"end":{"line":182,"column":45}},"type":"binary-expr","locations":[{"start":{"line":182,"column":23},"end":{"line":182,"column":39}},{"start":{"line":182,"column":43},"end":{"line":182,"column":45}}],"line":182},"34":{"loc":{"start":{"line":201,"column":25},"end":{"line":201,"column":63}},"type":"cond-expr","locations":[{"start":{"line":201,"column":34},"end":{"line":201,"column":52}},{"start":{"line":201,"column":55},"end":{"line":201,"column":63}}],"line":201},"35":{"loc":{"start":{"line":202,"column":23},"end":{"line":202,"column":51}},"type":"cond-expr","locations":[{"start":{"line":202,"column":32},"end":{"line":202,"column":46}},{"start":{"line":202,"column":49},"end":{"line":202,"column":51}}],"line":202},"36":{"loc":{"start":{"line":203,"column":30},"end":{"line":203,"column":83}},"type":"binary-expr","locations":[{"start":{"line":203,"column":30},"end":{"line":203,"column":35}},{"start":{"line":203,"column":40},"end":{"line":203,"column":46}},{"start":{"line":203,"column":50},"end":{"line":203,"column":70}},{"start":{"line":203,"column":75},"end":{"line":203,"column":83}}],"line":203},"37":{"loc":{"start":{"line":206,"column":8},"end":{"line":222,"column":9}},"type":"if","locations":[{"start":{"line":206,"column":8},"end":{"line":222,"column":9}},{"start":{"line":215,"column":15},"end":{"line":222,"column":9}}],"line":206},"38":{"loc":{"start":{"line":215,"column":15},"end":{"line":222,"column":9}},"type":"if","locations":[{"start":{"line":215,"column":15},"end":{"line":222,"column":9}},{"start":{},"end":{}}],"line":215},"39":{"loc":{"start":{"line":227,"column":27},"end":{"line":227,"column":73}},"type":"cond-expr","locations":[{"start":{"line":227,"column":39},"end":{"line":227,"column":51}},{"start":{"line":227,"column":54},"end":{"line":227,"column":73}}],"line":227},"40":{"loc":{"start":{"line":231,"column":25},"end":{"line":231,"column":48}},"type":"binary-expr","locations":[{"start":{"line":231,"column":25},"end":{"line":231,"column":43}},{"start":{"line":231,"column":47},"end":{"line":231,"column":48}}],"line":231},"41":{"loc":{"start":{"line":232,"column":27},"end":{"line":232,"column":53}},"type":"binary-expr","locations":[{"start":{"line":232,"column":27},"end":{"line":232,"column":47}},{"start":{"line":232,"column":51},"end":{"line":232,"column":53}}],"line":232},"42":{"loc":{"start":{"line":233,"column":30},"end":{"line":233,"column":81}},"type":"binary-expr","locations":[{"start":{"line":233,"column":30},"end":{"line":233,"column":53}},{"start":{"line":233,"column":57},"end":{"line":233,"column":81}}],"line":233},"43":{"loc":{"start":{"line":246,"column":4},"end":{"line":248,"column":5}},"type":"if","locations":[{"start":{"line":246,"column":4},"end":{"line":248,"column":5}},{"start":{},"end":{}}],"line":246},"44":{"loc":{"start":{"line":251,"column":43},"end":{"line":251,"column":62}},"type":"binary-expr","locations":[{"start":{"line":251,"column":43},"end":{"line":251,"column":57}},{"start":{"line":251,"column":61},"end":{"line":251,"column":62}}],"line":251}},"s":{"0":4,"1":4,"2":12,"3":12,"4":12,"5":12,"6":12,"7":0,"8":0,"9":0,"10":2,"11":2,"12":1,"13":1,"14":2,"15":0,"16":1,"17":1,"18":2,"19":2,"20":2,"21":2,"22":2,"23":2,"24":2,"25":2,"26":2,"27":2,"28":1,"29":1,"30":1,"31":1,"32":1,"33":1,"34":1,"35":1,"36":1,"37":0,"38":0,"39":1,"40":1,"41":1,"42":1,"43":0,"44":1,"45":8,"46":8,"47":8,"48":8,"49":8,"50":8,"51":8,"52":8,"53":4,"54":3,"55":4,"56":1,"57":1,"58":3,"59":1,"60":1,"61":2,"62":1,"63":1,"64":1,"65":1,"66":1,"67":7,"68":7,"69":7,"70":1,"71":6,"72":6,"73":5,"74":5,"75":6,"76":5,"77":1,"78":5,"79":2,"80":2,"81":2,"82":2,"83":2,"84":2,"85":2,"86":2,"87":2,"88":2,"89":2,"90":1,"91":1,"92":1,"93":1,"94":0,"95":1,"96":1,"97":1,"98":1,"99":1,"100":1,"101":1,"102":2,"103":1,"104":1,"105":1,"106":0,"107":0,"108":4},"f":{"0":12,"1":2,"2":2,"3":2,"4":8,"5":6,"6":2,"7":2,"8":1,"9":0,"10":0},"b":{"0":[12,0],"1":[12,12],"2":[1,0],"3":[1,1],"4":[2,0],"5":[2,0],"6":[2,2,2,0],"7":[1,1],"8":[1,0],"9":[1,1],"10":[1,0],"11":[0,1],"12":[1,0],"13":[0,1],"14":[0,1],"15":[0,0],"16":[8],"17":[0,8],"18":[8,0],"19":[8,0],"20":[4,4],"21":[3,1],"22":[1,3],"23":[1,2],"24":[1,1],"25":[1,0],"26":[1,6],"27":[5,1],"28":[5,5],"29":[1,4],"30":[5,1],"31":[1,0],"32":[5,5],"33":[5,5],"34":[2,0],"35":[2,0],"36":[2,2,2,0],"37":[1,1],"38":[1,0],"39":[1,0],"40":[1,0],"41":[1,0],"42":[1,0],"43":[1,0],"44":[1,0]},"_coverageSchema":"1a1c01bbd47fc00a2c39e90264f33305004495a9","hash":"de8ceb411ce2b143f3c6ccaef13b3760077dea60"}
,"/Users/maurizio.blasilli@wfp.org/projects/findmyjob/backend/services/cvService.js": {"path":"/Users/maurizio.blasilli@wfp.org/projects/findmyjob/backend/services/cvService.js","statementMap":{"0":{"start":{"line":1,"column":11},"end":{"line":1,"column":24}},"1":{"start":{"line":2,"column":12},"end":{"line":2,"column":32}},"2":{"start":{"line":3,"column":20},"end":{"line":3,"column":36}},"3":{"start":{"line":12,"column":2},"end":{"line":14,"column":3}},"4":{"start":{"line":13,"column":4},"end":{"line":13,"column":38}},"5":{"start":{"line":17,"column":21},"end":{"line":17,"column":46}},"6":{"start":{"line":19,"column":2},"end":{"line":29,"column":3}},"7":{"start":{"line":20,"column":17},"end":{"line":20,"column":38}},"8":{"start":{"line":21,"column":4},"end":{"line":21,"column":38}},"9":{"start":{"line":23,"column":4},"end":{"line":26,"column":5}},"10":{"start":{"line":25,"column":8},"end":{"line":25,"column":54}},"11":{"start":{"line":27,"column":4},"end":{"line":27,"column":63}},"12":{"start":{"line":28,"column":4},"end":{"line":28,"column":70}},"13":{"start":{"line":40,"column":2},"end":{"line":42,"column":3}},"14":{"start":{"line":41,"column":4},"end":{"line":41,"column":47}},"15":{"start":{"line":44,"column":17},"end":{"line":47,"column":3}},"16":{"start":{"line":49,"column":2},"end":{"line":49,"column":23}},"17":{"start":{"line":58,"column":2},"end":{"line":58,"column":105}},"18":{"start":{"line":67,"column":2},"end":{"line":67,"column":113}},"19":{"start":{"line":76,"column":4},"end":{"line":81,"column":5}},"20":{"start":{"line":77,"column":8},"end":{"line":80,"column":10}},"21":{"start":{"line":88,"column":4},"end":{"line":93,"column":5}},"22":{"start":{"line":89,"column":8},"end":{"line":92,"column":10}},"23":{"start":{"line":100,"column":4},"end":{"line":105,"column":5}},"24":{"start":{"line":101,"column":8},"end":{"line":104,"column":10}},"25":{"start":{"line":109,"column":4},"end":{"line":109,"column":114}},"26":{"start":{"line":113,"column":4},"end":{"line":113,"column":88}},"27":{"start":{"line":117,"column":4},"end":{"line":117,"column":77}},"28":{"start":{"line":121,"column":4},"end":{"line":124,"column":6}},"29":{"start":{"line":128,"column":4},"end":{"line":131,"column":6}},"30":{"start":{"line":135,"column":4},"end":{"line":138,"column":6}},"31":{"start":{"line":142,"column":4},"end":{"line":147,"column":5}},"32":{"start":{"line":143,"column":20},"end":{"line":143,"column":87}},"33":{"start":{"line":144,"column":8},"end":{"line":146,"column":9}},"34":{"start":{"line":145,"column":13},"end":{"line":145,"column":101}},"35":{"start":{"line":149,"column":4},"end":{"line":152,"column":6}},"36":{"start":{"line":155,"column":0},"end":{"line":170,"column":2}}},"fnMap":{"0":{"name":"parseCvFile","decl":{"start":{"line":11,"column":15},"end":{"line":11,"column":26}},"loc":{"start":{"line":11,"column":37},"end":{"line":30,"column":1}},"line":11},"1":{"name":"saveCvToDb","decl":{"start":{"line":39,"column":15},"end":{"line":39,"column":25}},"loc":{"start":{"line":39,"column":50},"end":{"line":50,"column":1}},"line":39},"2":{"name":"getCvsByUserId","decl":{"start":{"line":57,"column":15},"end":{"line":57,"column":29}},"loc":{"start":{"line":57,"column":38},"end":{"line":59,"column":1}},"line":57},"3":{"name":"getExperiencesByResumeId","decl":{"start":{"line":66,"column":15},"end":{"line":66,"column":39}},"loc":{"start":{"line":66,"column":50},"end":{"line":68,"column":1}},"line":66},"4":{"name":"addExperiences","decl":{"start":{"line":75,"column":15},"end":{"line":75,"column":29}},"loc":{"start":{"line":75,"column":53},"end":{"line":82,"column":1}},"line":75},"5":{"name":"addEducations","decl":{"start":{"line":87,"column":15},"end":{"line":87,"column":28}},"loc":{"start":{"line":87,"column":51},"end":{"line":94,"column":1}},"line":87},"6":{"name":"addLanguages","decl":{"start":{"line":99,"column":15},"end":{"line":99,"column":27}},"loc":{"start":{"line":99,"column":49},"end":{"line":106,"column":1}},"line":99},"7":{"name":"getEducationsByResumeId","decl":{"start":{"line":108,"column":15},"end":{"line":108,"column":38}},"loc":{"start":{"line":108,"column":49},"end":{"line":110,"column":1}},"line":108},"8":{"name":"getLanguagesByResumeId","decl":{"start":{"line":112,"column":15},"end":{"line":112,"column":37}},"loc":{"start":{"line":112,"column":48},"end":{"line":114,"column":1}},"line":112},"9":{"name":"deleteCv","decl":{"start":{"line":116,"column":15},"end":{"line":116,"column":23}},"loc":{"start":{"line":116,"column":34},"end":{"line":118,"column":1}},"line":116},"10":{"name":"updateExperience","decl":{"start":{"line":120,"column":15},"end":{"line":120,"column":31}},"loc":{"start":{"line":120,"column":42},"end":{"line":125,"column":1}},"line":120},"11":{"name":"updateEducation","decl":{"start":{"line":127,"column":15},"end":{"line":127,"column":30}},"loc":{"start":{"line":127,"column":41},"end":{"line":132,"column":1}},"line":127},"12":{"name":"updateLanguage","decl":{"start":{"line":134,"column":15},"end":{"line":134,"column":29}},"loc":{"start":{"line":134,"column":40},"end":{"line":139,"column":1}},"line":134},"13":{"name":"updateCvMetadata","decl":{"start":{"line":141,"column":15},"end":{"line":141,"column":31}},"loc":{"start":{"line":141,"column":42},"end":{"line":153,"column":1}},"line":141}},"branchMap":{"0":{"loc":{"start":{"line":12,"column":2},"end":{"line":14,"column":3}},"type":"if","locations":[{"start":{"line":12,"column":2},"end":{"line":14,"column":3}},{"start":{},"end":{}}],"line":12},"1":{"loc":{"start":{"line":23,"column":4},"end":{"line":26,"column":5}},"type":"if","locations":[{"start":{"line":23,"column":4},"end":{"line":26,"column":5}},{"start":{},"end":{}}],"line":23},"2":{"loc":{"start":{"line":40,"column":2},"end":{"line":42,"column":3}},"type":"if","locations":[{"start":{"line":40,"column":2},"end":{"line":42,"column":3}},{"start":{},"end":{}}],"line":40},"3":{"loc":{"start":{"line":40,"column":6},"end":{"line":40,"column":35}},"type":"binary-expr","locations":[{"start":{"line":40,"column":6},"end":{"line":40,"column":13}},{"start":{"line":40,"column":17},"end":{"line":40,"column":23}},{"start":{"line":40,"column":27},"end":{"line":40,"column":35}}],"line":40},"4":{"loc":{"start":{"line":79,"column":57},"end":{"line":79,"column":77}},"type":"binary-expr","locations":[{"start":{"line":79,"column":57},"end":{"line":79,"column":71}},{"start":{"line":79,"column":75},"end":{"line":79,"column":77}}],"line":79},"5":{"loc":{"start":{"line":79,"column":79},"end":{"line":79,"column":97}},"type":"binary-expr","locations":[{"start":{"line":79,"column":79},"end":{"line":79,"column":91}},{"start":{"line":79,"column":95},"end":{"line":79,"column":97}}],"line":79},"6":{"loc":{"start":{"line":79,"column":99},"end":{"line":79,"column":120}},"type":"binary-expr","locations":[{"start":{"line":79,"column":99},"end":{"line":79,"column":114}},{"start":{"line":79,"column":118},"end":{"line":79,"column":120}}],"line":79},"7":{"loc":{"start":{"line":91,"column":63},"end":{"line":91,"column":83}},"type":"binary-expr","locations":[{"start":{"line":91,"column":63},"end":{"line":91,"column":77}},{"start":{"line":91,"column":81},"end":{"line":91,"column":83}}],"line":91},"8":{"loc":{"start":{"line":91,"column":85},"end":{"line":91,"column":103}},"type":"binary-expr","locations":[{"start":{"line":91,"column":85},"end":{"line":91,"column":97}},{"start":{"line":91,"column":101},"end":{"line":91,"column":103}}],"line":91},"9":{"loc":{"start":{"line":91,"column":105},"end":{"line":91,"column":126}},"type":"binary-expr","locations":[{"start":{"line":91,"column":105},"end":{"line":91,"column":120}},{"start":{"line":91,"column":124},"end":{"line":91,"column":126}}],"line":91},"10":{"loc":{"start":{"line":142,"column":4},"end":{"line":147,"column":5}},"type":"if","locations":[{"start":{"line":142,"column":4},"end":{"line":147,"column":5}},{"start":{},"end":{}}],"line":142},"11":{"loc":{"start":{"line":144,"column":8},"end":{"line":146,"column":9}},"type":"if","locations":[{"start":{"line":144,"column":8},"end":{"line":146,"column":9}},{"start":{},"end":{}}],"line":144},"12":{"loc":{"start":{"line":151,"column":21},"end":{"line":151,"column":41}},"type":"binary-expr","locations":[{"start":{"line":151,"column":21},"end":{"line":151,"column":36}},{"start":{"line":151,"column":40},"end":{"line":151,"column":41}}],"line":151}},"s":{"0":6,"1":6,"2":6,"3":2,"4":0,"5":2,"6":2,"7":2,"8":0,"9":2,"10":2,"11":0,"12":0,"13":3,"14":1,"15":2,"16":2,"17":2,"18":3,"19":2,"20":3,"21":1,"22":0,"23":1,"24":0,"25":1,"26":1,"27":1,"28":1,"29":1,"30":1,"31":1,"32":1,"33":1,"34":1,"35":1,"36":6},"f":{"0":2,"1":3,"2":2,"3":3,"4":2,"5":1,"6":1,"7":1,"8":1,"9":1,"10":1,"11":1,"12":1,"13":1},"b":{"0":[0,2],"1":[2,0],"2":[1,2],"3":[3,2,2],"4":[3,1],"5":[3,1],"6":[3,1],"7":[0,0],"8":[0,0],"9":[0,0],"10":[1,0],"11":[1,0],"12":[1,0]},"_coverageSchema":"1a1c01bbd47fc00a2c39e90264f33305004495a9","hash":"f0190adc628ebcf429d76010a6fa1320c2466d4b"}
,"/Users/maurizio.blasilli@wfp.org/projects/findmyjob/backend/services/scraperService.js": {"path":"/Users/maurizio.blasilli@wfp.org/projects/findmyjob/backend/services/scraperService.js","statementMap":{"0":{"start":{"line":1,"column":18},"end":{"line":1,"column":38}},"1":{"start":{"line":10,"column":4},"end":{"line":40,"column":5}},"2":{"start":{"line":11,"column":8},"end":{"line":11,"column":57}},"3":{"start":{"line":12,"column":8},"end":{"line":15,"column":11}},"4":{"start":{"line":16,"column":21},"end":{"line":16,"column":44}},"5":{"start":{"line":19,"column":8},"end":{"line":19,"column":153}},"6":{"start":{"line":22,"column":8},"end":{"line":22,"column":61}},"7":{"start":{"line":24,"column":8},"end":{"line":24,"column":76}},"8":{"start":{"line":27,"column":8},"end":{"line":27,"column":84}},"9":{"start":{"line":28,"column":8},"end":{"line":28,"column":52}},"10":{"start":{"line":28,"column":31},"end":{"line":28,"column":50}},"11":{"start":{"line":30,"column":21},"end":{"line":30,"column":41}},"12":{"start":{"line":31,"column":8},"end":{"line":31,"column":20}},"13":{"start":{"line":33,"column":8},"end":{"line":33,"column":74}},"14":{"start":{"line":34,"column":8},"end":{"line":34,"column":18}},"15":{"start":{"line":36,"column":8},"end":{"line":39,"column":9}},"16":{"start":{"line":37,"column":12},"end":{"line":37,"column":34}},"17":{"start":{"line":38,"column":12},"end":{"line":38,"column":58}},"18":{"start":{"line":43,"column":0},"end":{"line":43,"column":39}}},"fnMap":{"0":{"name":"scrapeDynamicPage","decl":{"start":{"line":8,"column":15},"end":{"line":8,"column":32}},"loc":{"start":{"line":8,"column":38},"end":{"line":41,"column":1}},"line":8},"1":{"name":"(anonymous_1)","decl":{"start":{"line":28,"column":26},"end":{"line":28,"column":27}},"loc":{"start":{"line":28,"column":31},"end":{"line":28,"column":50}},"line":28}},"branchMap":{"0":{"loc":{"start":{"line":36,"column":8},"end":{"line":39,"column":9}},"type":"if","locations":[{"start":{"line":36,"column":8},"end":{"line":39,"column":9}},{"start":{},"end":{}}],"line":36}},"s":{"0":1,"1":1,"2":1,"3":1,"4":1,"5":1,"6":1,"7":1,"8":1,"9":1,"10":1,"11":1,"12":1,"13":0,"14":0,"15":1,"16":1,"17":1,"18":1},"f":{"0":1,"1":1},"b":{"0":[1,0]},"_coverageSchema":"1a1c01bbd47fc00a2c39e90264f33305004495a9","hash":"a27644250b47ffdefe5415900288593cc39f2dd6"}
}
