TN:
SF:app.js
FN:16,(anonymous_0)
FNF:1
FNH:1
FNDA:1,(anonymous_0)
DA:1,5
DA:2,5
DA:3,5
DA:4,5
DA:5,5
DA:7,5
DA:8,5
DA:9,5
DA:12,5
DA:13,5
DA:14,5
DA:16,5
DA:17,1
DA:20,5
LF:14
LH:14
BRF:0
BRH:0
end_of_record
TN:
SF:db/index.js
FN:15,(anonymous_0)
FN:27,(anonymous_1)
FN:27,(anonymous_2)
FN:28,(anonymous_3)
FN:32,(anonymous_4)
FN:32,(anonymous_5)
FN:33,(anonymous_6)
FN:37,(anonymous_7)
FN:37,(anonymous_8)
FN:38,(anonymous_9)
FN:42,(anonymous_10)
FN:42,(anonymous_11)
FN:43,(anonymous_12)
FNF:13
FNH:13
FNDA:4,(anonymous_0)
FNDA:76,(anonymous_1)
FNDA:76,(anonymous_2)
FNDA:76,(anonymous_3)
FNDA:14,(anonymous_4)
FNDA:14,(anonymous_5)
FNDA:14,(anonymous_6)
FNDA:62,(anonymous_7)
FNDA:62,(anonymous_8)
FNDA:62,(anonymous_9)
FNDA:33,(anonymous_10)
FNDA:33,(anonymous_11)
FNDA:33,(anonymous_12)
DA:1,4
DA:2,4
DA:3,4
DA:5,4
DA:6,4
DA:7,0
DA:11,4
DA:15,4
DA:16,4
DA:17,0
DA:20,4
DA:26,4
DA:27,76
DA:28,76
DA:29,76
DA:32,14
DA:33,14
DA:34,14
DA:37,62
DA:38,62
DA:39,62
DA:42,33
DA:43,33
DA:44,33
DA:49,4
LF:25
LH:23
BRDA:6,0,0,0
BRDA:6,0,1,4
BRDA:11,1,0,4
BRDA:11,1,1,0
BRDA:16,2,0,0
BRDA:16,2,1,4
BRDA:27,3,0,15
BRDA:29,4,0,0
BRDA:29,4,1,76
BRDA:32,5,0,7
BRDA:34,6,0,0
BRDA:34,6,1,14
BRDA:37,7,0,14
BRDA:39,8,0,0
BRDA:39,8,1,62
BRDA:44,9,0,0
BRDA:44,9,1,33
BRF:17
BRH:10
end_of_record
TN:
SF:routes/aiRoutes.js
FN:6,(anonymous_0)
FN:15,(anonymous_1)
FN:24,(anonymous_2)
FN:34,(anonymous_3)
FN:73,(anonymous_4)
FN:83,(anonymous_5)
FNF:6
FNH:6
FNDA:2,(anonymous_0)
FNDA:2,(anonymous_1)
FNDA:1,(anonymous_2)
FNDA:2,(anonymous_3)
FNDA:1,(anonymous_4)
FNDA:1,(anonymous_5)
DA:1,5
DA:2,5
DA:4,5
DA:6,5
DA:7,2
DA:8,2
DA:9,1
DA:11,1
DA:15,5
DA:16,2
DA:17,2
DA:18,1
DA:20,1
DA:24,5
DA:25,1
DA:26,1
DA:27,1
DA:29,0
DA:34,5
DA:35,2
DA:36,2
DA:38,1
DA:39,1
DA:40,1
DA:42,1
DA:43,1
DA:44,0
DA:51,1
DA:52,1
DA:53,1
DA:54,1
DA:56,1
DA:58,1
DA:60,1
DA:62,1
DA:67,1
DA:69,0
DA:73,5
DA:74,1
DA:75,1
DA:76,1
DA:77,1
DA:79,0
DA:83,5
DA:84,1
DA:85,1
DA:86,1
DA:87,1
DA:89,0
DA:93,5
LF:50
LH:45
BRDA:36,0,0,1
BRDA:36,0,1,1
BRDA:36,1,0,2
BRDA:36,1,1,1
BRDA:43,2,0,0
BRDA:43,2,1,1
BRDA:46,3,0,0
BRDA:46,3,1,0
BRDA:58,4,0,0
BRDA:58,4,1,1
BRDA:58,5,0,1
BRDA:58,5,1,1
BRF:12
BRH:8
end_of_record
TN:
SF:routes/cvRoutes.js
FN:11,(anonymous_0)
FN:21,(anonymous_1)
FN:31,(anonymous_2)
FN:41,(anonymous_3)
FN:58,(anonymous_4)
FN:61,(anonymous_5)
FN:68,(anonymous_6)
FN:109,(anonymous_7)
FN:156,(anonymous_8)
FN:169,(anonymous_9)
FN:179,(anonymous_10)
FN:189,(anonymous_11)
FN:199,(anonymous_12)
FNF:13
FNH:13
FNDA:2,(anonymous_0)
FNDA:3,(anonymous_1)
FNDA:1,(anonymous_2)
FNDA:1,(anonymous_3)
FNDA:1,(anonymous_4)
FNDA:1,(anonymous_5)
FNDA:2,(anonymous_6)
FNDA:1,(anonymous_7)
FNDA:1,(anonymous_8)
FNDA:1,(anonymous_9)
FNDA:1,(anonymous_10)
FNDA:1,(anonymous_11)
FNDA:1,(anonymous_12)
DA:1,5
DA:2,5
DA:3,5
DA:4,5
DA:5,5
DA:6,5
DA:7,5
DA:9,5
DA:11,5
DA:12,2
DA:13,2
DA:14,2
DA:15,2
DA:17,0
DA:21,5
DA:22,3
DA:23,3
DA:24,3
DA:25,3
DA:27,0
DA:31,5
DA:32,1
DA:33,1
DA:34,1
DA:35,1
DA:37,0
DA:41,5
DA:42,1
DA:43,1
DA:44,1
DA:45,1
DA:47,0
DA:52,5
DA:53,5
DA:54,0
DA:57,5
DA:59,1
DA:62,1
DA:66,5
DA:68,5
DA:69,2
DA:70,2
DA:71,1
DA:74,1
DA:75,1
DA:77,0
DA:78,0
DA:82,1
DA:84,1
DA:85,0
DA:86,0
DA:90,1
DA:93,1
DA:95,1
DA:102,0
DA:103,0
DA:105,0
DA:109,5
DA:110,1
DA:111,1
DA:112,1
DA:114,1
DA:116,1
DA:117,0
DA:121,1
DA:122,1
DA:123,0
DA:127,1
DA:130,1
DA:131,1
DA:132,1
DA:135,1
DA:136,1
DA:137,1
DA:139,1
DA:144,1
DA:152,0
DA:156,5
DA:157,1
DA:158,1
DA:159,1
DA:161,1
DA:163,1
DA:165,0
DA:169,5
DA:170,1
DA:171,1
DA:172,1
DA:173,1
DA:175,0
DA:179,5
DA:180,1
DA:181,1
DA:182,1
DA:183,1
DA:185,0
DA:189,5
DA:190,1
DA:191,1
DA:192,1
DA:193,1
DA:195,0
DA:199,5
DA:200,1
DA:201,1
DA:202,1
DA:203,1
DA:205,0
DA:209,5
LF:109
LH:89
BRDA:13,0,0,2
BRDA:13,0,1,0
BRDA:53,1,0,0
BRDA:53,1,1,5
BRDA:70,2,0,1
BRDA:70,2,1,1
BRDA:75,3,0,0
BRDA:75,3,1,1
BRDA:75,4,0,1
BRDA:75,4,1,1
BRDA:84,5,0,0
BRDA:84,5,1,1
BRDA:84,6,0,1
BRDA:84,6,1,1
BRDA:102,7,0,0
BRDA:102,7,1,0
BRDA:102,8,0,0
BRDA:102,8,1,0
BRDA:116,9,0,0
BRDA:116,9,1,1
BRDA:122,10,0,0
BRDA:122,10,1,1
BRDA:135,11,0,1
BRDA:135,11,1,0
BRDA:136,12,0,1
BRDA:136,12,1,0
BRDA:137,13,0,1
BRDA:137,13,1,0
BRDA:146,14,0,1
BRDA:146,14,1,0
BRDA:147,15,0,1
BRDA:147,15,1,0
BRDA:148,16,0,1
BRDA:148,16,1,0
BRF:34
BRH:18
end_of_record
TN:
SF:routes/jobRoutes.js
FN:10,(anonymous_0)
FN:15,(anonymous_1)
FN:25,(anonymous_2)
FN:48,(anonymous_3)
FN:64,(anonymous_4)
FN:77,(anonymous_5)
FN:94,(anonymous_6)
FN:134,(anonymous_7)
FN:180,(anonymous_8)
FNF:9
FNH:7
FNDA:0,(anonymous_0)
FNDA:2,(anonymous_1)
FNDA:3,(anonymous_2)
FNDA:2,(anonymous_3)
FNDA:1,(anonymous_4)
FNDA:1,(anonymous_5)
FNDA:2,(anonymous_6)
FNDA:1,(anonymous_7)
FNDA:0,(anonymous_8)
DA:1,5
DA:2,5
DA:3,5
DA:4,5
DA:5,5
DA:7,5
DA:10,5
DA:11,0
DA:15,5
DA:16,2
DA:17,2
DA:18,2
DA:20,0
DA:25,5
DA:26,3
DA:27,3
DA:29,3
DA:30,1
DA:37,1
DA:39,2
DA:41,2
DA:43,1
DA:48,5
DA:49,2
DA:50,2
DA:52,2
DA:53,2
DA:57,2
DA:59,0
DA:64,5
DA:65,1
DA:66,1
DA:68,1
DA:69,1
DA:70,1
DA:72,0
DA:77,5
DA:78,1
DA:79,1
DA:81,1
DA:82,1
DA:86,1
DA:87,1
DA:89,0
DA:94,5
DA:95,2
DA:96,2
DA:98,2
DA:99,3
DA:101,3
DA:102,3
DA:103,3
DA:105,3
DA:106,1
DA:107,1
DA:108,1
DA:109,1
DA:113,2
DA:114,2
DA:116,2
DA:117,2
DA:118,2
DA:120,1
DA:121,1
DA:122,1
DA:123,1
DA:124,1
DA:125,1
DA:127,1
DA:131,1
DA:133,1
DA:134,1
DA:146,1
DA:147,1
DA:148,1
DA:155,1
DA:156,1
DA:163,0
DA:164,0
DA:167,1
DA:168,1
DA:169,1
DA:170,1
DA:173,1
DA:174,0
DA:175,0
DA:176,0
DA:177,0
DA:178,0
DA:180,0
DA:181,0
DA:182,0
DA:183,0
DA:184,0
DA:194,0
DA:197,1
DA:205,1
DA:206,1
DA:207,1
DA:212,2
DA:213,2
DA:214,1
DA:215,1
DA:216,1
DA:224,1
DA:231,0
DA:232,0
DA:235,1
DA:240,2
DA:241,2
DA:242,1
DA:247,2
DA:249,0
DA:250,0
DA:253,2
DA:254,2
DA:256,0
DA:257,0
DA:261,5
LF:119
LH:95
BRDA:29,0,0,1
BRDA:29,0,1,2
BRDA:50,1,0,0
BRDA:50,1,1,2
BRDA:55,2,0,2
BRDA:55,2,1,1
BRDA:55,3,0,2
BRDA:55,3,1,2
BRDA:55,4,0,2
BRDA:55,4,1,2
BRDA:79,5,0,0
BRDA:79,5,1,1
BRDA:84,6,0,1
BRDA:84,6,1,0
BRDA:84,7,0,1
BRDA:84,7,1,1
BRDA:84,8,0,1
BRDA:84,8,1,1
BRDA:86,9,0,0
BRDA:86,9,1,1
BRDA:102,10,0,1
BRDA:102,10,1,2
BRDA:103,11,0,3
BRDA:103,11,1,0
BRDA:105,12,0,1
BRDA:105,12,1,2
BRDA:107,13,0,1
BRDA:107,13,1,0
BRDA:118,14,0,1
BRDA:118,14,1,1
BRDA:122,15,0,1
BRDA:122,15,1,0
BRDA:133,16,0,1
BRDA:133,16,1,0
BRDA:133,17,0,1
BRDA:133,17,1,1
BRDA:135,18,0,1
BRDA:135,18,1,1
BRDA:136,19,0,1
BRDA:136,19,1,0
BRDA:137,20,0,1
BRDA:137,20,1,0
BRDA:139,21,0,1
BRDA:139,21,1,0
BRDA:156,22,0,1
BRDA:156,22,1,1
BRDA:156,22,2,1
BRDA:156,22,3,1
BRDA:156,22,4,1
BRDA:156,22,5,1
BRDA:167,23,0,1
BRDA:167,23,1,0
BRDA:173,24,0,0
BRDA:173,24,1,1
BRDA:173,25,0,1
BRDA:173,25,1,1
BRDA:183,26,0,0
BRDA:183,26,1,0
BRDA:183,27,0,0
BRDA:183,27,1,0
BRDA:183,27,2,0
BRDA:185,28,0,0
BRDA:185,28,1,0
BRDA:190,29,0,0
BRDA:190,29,1,0
BRDA:214,30,0,1
BRDA:214,30,1,0
BRDA:214,31,0,1
BRDA:214,31,1,1
BRDA:214,31,2,1
BRDA:231,32,0,0
BRDA:231,32,1,0
BRDA:232,33,0,0
BRDA:232,33,1,0
BRDA:244,34,0,1
BRDA:244,34,1,1
BRDA:244,34,2,0
BRDA:244,35,0,1
BRDA:244,35,1,0
BRDA:244,36,0,1
BRDA:244,36,1,0
BRDA:244,37,0,1
BRDA:244,37,1,1
BRDA:244,38,0,1
BRDA:244,38,1,0
BRDA:244,39,0,1
BRDA:244,39,1,0
BRDA:250,40,0,0
BRDA:250,40,1,0
BRF:89
BRH:55
end_of_record
TN:
SF:scripts/run_migrations.js
FN:5,runMigrations
FN:7,(anonymous_1)
FNF:2
FNH:2
FNDA:3,runMigrations
FNDA:33,(anonymous_1)
DA:1,4
DA:2,4
DA:3,4
DA:6,3
DA:7,33
DA:9,3
DA:11,3
DA:12,33
DA:13,33
DA:15,33
DA:16,33
DA:18,33
DA:19,33
DA:20,33
DA:22,0
DA:24,0
DA:26,0
DA:27,0
DA:33,4
LF:19
LH:15
BRDA:13,0,0,0
BRDA:13,0,1,33
BRDA:22,1,0,0
BRDA:22,1,1,0
BRDA:22,2,0,0
BRDA:22,2,1,0
BRF:6
BRH:1
end_of_record
TN:
SF:scripts/seed_userroles.js
FN:3,seedUserRoles
FNF:1
FNH:1
FNDA:1,seedUserRoles
DA:1,1
DA:4,1
DA:5,1
DA:7,1
DA:8,1
DA:9,3
DA:14,1
LF:7
LH:7
BRDA:5,0,0,1
BRDA:5,0,1,0
BRF:2
BRH:1
end_of_record
TN:
SF:scripts/seed_users.js
FN:4,seedUsers
FN:15,(anonymous_1)
FNF:2
FNH:2
FNDA:1,seedUsers
FNDA:3,(anonymous_1)
DA:1,1
DA:2,1
DA:5,1
DA:6,1
DA:8,1
DA:9,1
DA:10,1
DA:13,1
DA:14,1
DA:15,3
DA:17,1
DA:19,1
DA:23,1
DA:27,1
DA:34,1
LF:15
LH:15
BRDA:6,0,0,1
BRDA:6,0,1,0
BRDA:17,1,0,0
BRDA:17,1,1,1
BRF:4
BRH:2
end_of_record
TN:
SF:services/aiService.js
FN:7,getPrompt
FN:25,listModels
FN:29,(anonymous_2)
FN:43,parseJobListings
FN:104,parseCvWithModel
FN:168,(anonymous_5)
FN:193,matchCvWithJob
FN:241,getProviderConfigs
FN:245,updateProviderConfig
FN:255,getPrompts
FN:259,updatePrompt
FNF:11
FNH:9
FNDA:12,getPrompt
FNDA:2,listModels
FNDA:2,(anonymous_2)
FNDA:2,parseJobListings
FNDA:8,parseCvWithModel
FNDA:6,(anonymous_5)
FNDA:2,matchCvWithJob
FNDA:2,getProviderConfigs
FNDA:1,updateProviderConfig
FNDA:0,getPrompts
FNDA:0,updatePrompt
DA:1,4
DA:2,4
DA:8,12
DA:9,12
DA:10,12
DA:11,12
DA:12,12
DA:14,0
DA:16,0
DA:17,0
DA:26,2
DA:27,2
DA:28,1
DA:29,2
DA:31,0
DA:33,1
DA:34,1
DA:44,2
DA:45,2
DA:46,2
DA:48,2
DA:49,2
DA:50,2
DA:51,2
DA:53,2
DA:55,2
DA:56,2
DA:57,1
DA:66,1
DA:67,1
DA:68,1
DA:73,1
DA:76,1
DA:79,1
DA:80,1
DA:82,1
DA:83,0
DA:84,0
DA:87,1
DA:88,1
DA:90,1
DA:91,1
DA:92,0
DA:94,1
DA:105,8
DA:106,8
DA:107,8
DA:109,8
DA:113,8
DA:114,8
DA:116,8
DA:118,8
DA:119,4
DA:126,3
DA:127,4
DA:128,1
DA:133,1
DA:134,3
DA:135,1
DA:140,1
DA:141,2
DA:142,1
DA:147,1
DA:148,1
DA:149,1
DA:153,1
DA:156,7
DA:157,7
DA:159,7
DA:160,1
DA:163,6
DA:166,6
DA:167,5
DA:168,6
DA:169,5
DA:170,1
DA:179,5
DA:185,2
DA:186,2
DA:194,2
DA:195,2
DA:196,2
DA:200,2
DA:201,2
DA:202,2
DA:203,2
DA:205,2
DA:206,2
DA:207,1
DA:214,1
DA:215,1
DA:216,1
DA:221,0
DA:224,1
DA:226,1
DA:227,1
DA:229,1
DA:230,1
DA:236,1
DA:237,1
DA:242,2
DA:246,1
DA:247,1
DA:249,1
DA:256,0
DA:260,0
DA:263,4
LF:107
LH:97
BRDA:10,0,0,12
BRDA:10,0,1,0
BRDA:10,1,0,12
BRDA:10,1,1,12
BRDA:28,2,0,1
BRDA:28,2,1,0
BRDA:28,3,0,1
BRDA:28,3,1,1
BRDA:49,4,0,2
BRDA:49,4,1,0
BRDA:50,5,0,2
BRDA:50,5,1,0
BRDA:51,6,0,2
BRDA:51,6,1,2
BRDA:51,6,2,2
BRDA:51,6,3,0
BRDA:56,7,0,1
BRDA:56,7,1,1
BRDA:67,8,0,1
BRDA:67,8,1,0
BRDA:69,9,0,1
BRDA:69,9,1,1
BRDA:80,10,0,1
BRDA:80,10,1,0
BRDA:82,11,0,0
BRDA:82,11,1,1
BRDA:88,12,0,1
BRDA:88,12,1,0
BRDA:90,13,0,0
BRDA:90,13,1,1
BRDA:91,14,0,0
BRDA:91,14,1,1
BRDA:92,15,0,0
BRDA:92,15,1,0
BRDA:104,16,0,8
BRDA:109,17,0,0
BRDA:109,17,1,8
BRDA:113,18,0,8
BRDA:113,18,1,0
BRDA:114,19,0,8
BRDA:114,19,1,0
BRDA:118,20,0,4
BRDA:118,20,1,4
BRDA:126,21,0,3
BRDA:126,21,1,1
BRDA:127,22,0,1
BRDA:127,22,1,3
BRDA:134,23,0,1
BRDA:134,23,1,2
BRDA:141,24,0,1
BRDA:141,24,1,1
BRDA:148,25,0,1
BRDA:148,25,1,0
BRDA:159,26,0,1
BRDA:159,26,1,6
BRDA:166,27,0,5
BRDA:166,27,1,1
BRDA:168,28,0,5
BRDA:168,28,1,5
BRDA:169,29,0,1
BRDA:169,29,1,4
BRDA:180,30,0,5
BRDA:180,30,1,1
BRDA:180,31,0,1
BRDA:180,31,1,0
BRDA:181,32,0,5
BRDA:181,32,1,5
BRDA:182,33,0,5
BRDA:182,33,1,5
BRDA:201,34,0,2
BRDA:201,34,1,0
BRDA:202,35,0,2
BRDA:202,35,1,0
BRDA:203,36,0,2
BRDA:203,36,1,2
BRDA:203,36,2,2
BRDA:203,36,3,0
BRDA:206,37,0,1
BRDA:206,37,1,1
BRDA:215,38,0,1
BRDA:215,38,1,0
BRDA:227,39,0,1
BRDA:227,39,1,0
BRDA:231,40,0,1
BRDA:231,40,1,0
BRDA:232,41,0,1
BRDA:232,41,1,0
BRDA:233,42,0,1
BRDA:233,42,1,0
BRDA:246,43,0,1
BRDA:246,43,1,0
BRDA:251,44,0,1
BRDA:251,44,1,0
BRF:93
BRH:65
end_of_record
TN:
SF:services/cvService.js
FN:11,parseCvFile
FN:39,saveCvToDb
FN:57,getCvsByUserId
FN:66,getExperiencesByResumeId
FN:75,addExperiences
FN:87,addEducations
FN:99,addLanguages
FN:108,getEducationsByResumeId
FN:112,getLanguagesByResumeId
FN:116,deleteCv
FN:120,updateExperience
FN:127,updateEducation
FN:134,updateLanguage
FN:141,updateCvMetadata
FNF:14
FNH:14
FNDA:2,parseCvFile
FNDA:3,saveCvToDb
FNDA:2,getCvsByUserId
FNDA:3,getExperiencesByResumeId
FNDA:2,addExperiences
FNDA:1,addEducations
FNDA:1,addLanguages
FNDA:1,getEducationsByResumeId
FNDA:1,getLanguagesByResumeId
FNDA:1,deleteCv
FNDA:1,updateExperience
FNDA:1,updateEducation
FNDA:1,updateLanguage
FNDA:1,updateCvMetadata
DA:1,6
DA:2,6
DA:3,6
DA:12,2
DA:13,0
DA:17,2
DA:19,2
DA:20,2
DA:21,0
DA:23,2
DA:25,2
DA:27,0
DA:28,0
DA:40,3
DA:41,1
DA:44,2
DA:49,2
DA:58,2
DA:67,3
DA:76,2
DA:77,3
DA:88,1
DA:89,0
DA:100,1
DA:101,0
DA:109,1
DA:113,1
DA:117,1
DA:121,1
DA:128,1
DA:135,1
DA:142,1
DA:143,1
DA:144,1
DA:145,1
DA:149,1
DA:155,6
LF:37
LH:31
BRDA:12,0,0,0
BRDA:12,0,1,2
BRDA:23,1,0,2
BRDA:23,1,1,0
BRDA:40,2,0,1
BRDA:40,2,1,2
BRDA:40,3,0,3
BRDA:40,3,1,2
BRDA:40,3,2,2
BRDA:79,4,0,3
BRDA:79,4,1,1
BRDA:79,5,0,3
BRDA:79,5,1,1
BRDA:79,6,0,3
BRDA:79,6,1,1
BRDA:91,7,0,0
BRDA:91,7,1,0
BRDA:91,8,0,0
BRDA:91,8,1,0
BRDA:91,9,0,0
BRDA:91,9,1,0
BRDA:142,10,0,1
BRDA:142,10,1,0
BRDA:144,11,0,1
BRDA:144,11,1,0
BRDA:151,12,0,1
BRDA:151,12,1,0
BRF:27
BRH:16
end_of_record
TN:
SF:services/scraperService.js
FN:8,scrapeDynamicPage
FN:28,(anonymous_1)
FNF:2
FNH:2
FNDA:1,scrapeDynamicPage
FNDA:1,(anonymous_1)
DA:1,1
DA:10,1
DA:11,1
DA:12,1
DA:16,1
DA:19,1
DA:22,1
DA:24,1
DA:27,1
DA:28,1
DA:30,1
DA:31,1
DA:33,0
DA:34,0
DA:36,1
DA:37,1
DA:38,1
DA:43,1
LF:18
LH:16
BRDA:36,0,0,1
BRDA:36,0,1,0
BRF:2
BRH:1
end_of_record
