TN:
SF:app.js
FN:20,(anonymous_0)
FNF:1
FNH:0
FNDA:0,(anonymous_0)
DA:1,1
DA:2,1
DA:3,1
DA:4,1
DA:5,1
DA:6,1
DA:7,1
DA:9,1
DA:10,1
DA:11,1
DA:14,1
DA:15,1
DA:16,1
DA:17,1
DA:18,1
DA:20,1
DA:21,0
DA:24,1
LF:18
LH:17
BRF:0
BRH:0
end_of_record
TN:
SF:db/index.js
FN:15,(anonymous_0)
FN:27,(anonymous_1)
FN:27,(anonymous_2)
FN:28,(anonymous_3)
FN:32,(anonymous_4)
FN:32,(anonymous_5)
FN:33,(anonymous_6)
FN:37,(anonymous_7)
FN:37,(anonymous_8)
FN:38,(anonymous_9)
FN:42,(anonymous_10)
FN:42,(anonymous_11)
FN:43,(anonymous_12)
FNF:13
FNH:13
FNDA:1,(anonymous_0)
FNDA:33,(anonymous_1)
FNDA:33,(anonymous_2)
FNDA:33,(anonymous_3)
FNDA:7,(anonymous_4)
FNDA:7,(anonymous_5)
FNDA:7,(anonymous_6)
FNDA:29,(anonymous_7)
FNDA:29,(anonymous_8)
FNDA:29,(anonymous_9)
FNDA:17,(anonymous_10)
FNDA:17,(anonymous_11)
FNDA:17,(anonymous_12)
DA:1,1
DA:2,1
DA:3,1
DA:5,1
DA:6,1
DA:7,0
DA:11,1
DA:15,1
DA:16,1
DA:17,0
DA:20,1
DA:26,1
DA:27,33
DA:28,33
DA:29,33
DA:32,7
DA:33,7
DA:34,7
DA:37,29
DA:38,29
DA:39,29
DA:42,17
DA:43,17
DA:44,17
DA:49,1
LF:25
LH:23
BRDA:6,0,0,0
BRDA:6,0,1,1
BRDA:11,1,0,1
BRDA:11,1,1,0
BRDA:16,2,0,0
BRDA:16,2,1,1
BRDA:27,3,0,1
BRDA:29,4,0,0
BRDA:29,4,1,33
BRDA:32,5,0,4
BRDA:34,6,0,0
BRDA:34,6,1,7
BRDA:37,7,0,5
BRDA:39,8,0,0
BRDA:39,8,1,29
BRDA:44,9,0,0
BRDA:44,9,1,17
BRF:17
BRH:10
end_of_record
TN:
SF:db/vectorDb.js
FN:12,getVectorDb
FNF:1
FNH:1
FNDA:2,getVectorDb
DA:1,1
DA:2,1
DA:3,1
DA:5,1
DA:7,1
DA:13,2
DA:15,1
DA:16,0
DA:20,1
DA:21,1
DA:24,1
LF:11
LH:10
BRDA:13,0,0,1
BRDA:13,0,1,1
BRDA:15,1,0,0
BRDA:15,1,1,1
BRF:4
BRH:3
end_of_record
TN:
SF:routes/aiRoutes.js
FN:6,(anonymous_0)
FN:15,(anonymous_1)
FN:24,(anonymous_2)
FN:34,(anonymous_3)
FN:74,(anonymous_4)
FN:126,(anonymous_5)
FN:136,(anonymous_6)
FNF:7
FNH:0
FNDA:0,(anonymous_0)
FNDA:0,(anonymous_1)
FNDA:0,(anonymous_2)
FNDA:0,(anonymous_3)
FNDA:0,(anonymous_4)
FNDA:0,(anonymous_5)
FNDA:0,(anonymous_6)
DA:1,1
DA:2,1
DA:4,1
DA:6,1
DA:7,0
DA:8,0
DA:9,0
DA:11,0
DA:15,1
DA:16,0
DA:17,0
DA:18,0
DA:20,0
DA:24,1
DA:25,0
DA:26,0
DA:27,0
DA:29,0
DA:34,1
DA:35,0
DA:36,0
DA:38,0
DA:39,0
DA:40,0
DA:42,0
DA:43,0
DA:44,0
DA:51,0
DA:52,0
DA:53,0
DA:54,0
DA:56,0
DA:58,0
DA:60,0
DA:62,0
DA:67,0
DA:69,0
DA:74,1
DA:75,0
DA:76,0
DA:77,0
DA:80,0
DA:81,0
DA:82,0
DA:84,0
DA:85,0
DA:86,0
DA:87,0
DA:89,0
DA:91,0
DA:92,0
DA:93,0
DA:94,0
DA:95,0
DA:96,0
DA:101,0
DA:104,0
DA:105,0
DA:107,0
DA:109,0
DA:114,0
DA:116,0
DA:120,0
DA:122,0
DA:126,1
DA:127,0
DA:128,0
DA:129,0
DA:130,0
DA:132,0
DA:136,1
DA:137,0
DA:138,0
DA:139,0
DA:140,0
DA:142,0
DA:146,1
LF:77
LH:11
BRDA:36,0,0,0
BRDA:36,0,1,0
BRDA:36,1,0,0
BRDA:36,1,1,0
BRDA:43,2,0,0
BRDA:43,2,1,0
BRDA:43,3,0,0
BRDA:43,3,1,0
BRDA:46,4,0,0
BRDA:46,4,1,0
BRDA:58,5,0,0
BRDA:58,5,1,0
BRDA:58,6,0,0
BRDA:58,6,1,0
BRDA:76,7,0,0
BRDA:76,7,1,0
BRDA:76,8,0,0
BRDA:76,8,1,0
BRDA:76,8,2,0
BRDA:89,9,0,0
BRDA:89,9,1,0
BRDA:95,10,0,0
BRDA:95,10,1,0
BRDA:95,11,0,0
BRDA:95,11,1,0
BRDA:98,12,0,0
BRDA:98,12,1,0
BRDA:105,13,0,0
BRDA:105,13,1,0
BRF:29
BRH:0
end_of_record
TN:
SF:routes/applicationRoutes.js
FN:6,(anonymous_0)
FN:24,(anonymous_1)
FN:53,(anonymous_2)
FN:63,(anonymous_3)
FNF:4
FNH:0
FNDA:0,(anonymous_0)
FNDA:0,(anonymous_1)
FNDA:0,(anonymous_2)
FNDA:0,(anonymous_3)
DA:1,1
DA:2,1
DA:3,1
DA:6,1
DA:7,0
DA:8,0
DA:9,0
DA:17,0
DA:19,0
DA:24,1
DA:25,0
DA:26,0
DA:28,0
DA:29,0
DA:32,0
DA:33,0
DA:37,0
DA:38,0
DA:41,0
DA:46,0
DA:48,0
DA:53,1
DA:54,0
DA:55,0
DA:56,0
DA:58,0
DA:63,1
DA:64,0
DA:65,0
DA:66,0
DA:69,0
DA:70,0
DA:74,0
DA:76,0
DA:80,1
LF:35
LH:8
BRDA:8,0,0,0
BRDA:8,0,1,0
BRDA:26,1,0,0
BRDA:26,1,1,0
BRDA:28,2,0,0
BRDA:28,2,1,0
BRDA:28,3,0,0
BRDA:28,3,1,0
BRDA:28,3,2,0
BRDA:37,4,0,0
BRDA:37,4,1,0
BRDA:44,5,0,0
BRDA:44,5,1,0
BRDA:44,6,0,0
BRDA:44,6,1,0
BRDA:65,7,0,0
BRDA:65,7,1,0
BRF:17
BRH:0
end_of_record
TN:
SF:routes/cvRoutes.js
FN:11,(anonymous_0)
FN:21,(anonymous_1)
FN:31,(anonymous_2)
FN:41,(anonymous_3)
FN:58,(anonymous_4)
FN:61,(anonymous_5)
FN:68,(anonymous_6)
FN:109,(anonymous_7)
FN:157,(anonymous_8)
FN:170,(anonymous_9)
FN:180,(anonymous_10)
FN:190,(anonymous_11)
FN:200,(anonymous_12)
FNF:13
FNH:0
FNDA:0,(anonymous_0)
FNDA:0,(anonymous_1)
FNDA:0,(anonymous_2)
FNDA:0,(anonymous_3)
FNDA:0,(anonymous_4)
FNDA:0,(anonymous_5)
FNDA:0,(anonymous_6)
FNDA:0,(anonymous_7)
FNDA:0,(anonymous_8)
FNDA:0,(anonymous_9)
FNDA:0,(anonymous_10)
FNDA:0,(anonymous_11)
FNDA:0,(anonymous_12)
DA:1,1
DA:2,1
DA:3,1
DA:4,1
DA:5,1
DA:6,1
DA:7,1
DA:9,1
DA:11,1
DA:12,0
DA:13,0
DA:14,0
DA:15,0
DA:17,0
DA:21,1
DA:22,0
DA:23,0
DA:24,0
DA:25,0
DA:27,0
DA:31,1
DA:32,0
DA:33,0
DA:34,0
DA:35,0
DA:37,0
DA:41,1
DA:42,0
DA:43,0
DA:44,0
DA:45,0
DA:47,0
DA:52,1
DA:53,1
DA:54,0
DA:57,1
DA:59,0
DA:62,0
DA:66,1
DA:68,1
DA:69,0
DA:70,0
DA:71,0
DA:74,0
DA:75,0
DA:77,0
DA:78,0
DA:82,0
DA:84,0
DA:85,0
DA:86,0
DA:90,0
DA:93,0
DA:95,0
DA:102,0
DA:103,0
DA:105,0
DA:109,1
DA:110,0
DA:111,0
DA:112,0
DA:114,0
DA:116,0
DA:117,0
DA:121,0
DA:122,0
DA:123,0
DA:127,0
DA:130,0
DA:131,0
DA:132,0
DA:135,0
DA:136,0
DA:137,0
DA:139,0
DA:144,0
DA:153,0
DA:157,1
DA:158,0
DA:159,0
DA:160,0
DA:162,0
DA:164,0
DA:166,0
DA:170,1
DA:171,0
DA:172,0
DA:173,0
DA:174,0
DA:176,0
DA:180,1
DA:181,0
DA:182,0
DA:183,0
DA:184,0
DA:186,0
DA:190,1
DA:191,0
DA:192,0
DA:193,0
DA:194,0
DA:196,0
DA:200,1
DA:201,0
DA:202,0
DA:203,0
DA:204,0
DA:206,0
DA:210,1
LF:109
LH:24
BRDA:13,0,0,0
BRDA:13,0,1,0
BRDA:53,1,0,0
BRDA:53,1,1,1
BRDA:70,2,0,0
BRDA:70,2,1,0
BRDA:75,3,0,0
BRDA:75,3,1,0
BRDA:75,4,0,0
BRDA:75,4,1,0
BRDA:84,5,0,0
BRDA:84,5,1,0
BRDA:84,6,0,0
BRDA:84,6,1,0
BRDA:102,7,0,0
BRDA:102,7,1,0
BRDA:102,8,0,0
BRDA:102,8,1,0
BRDA:116,9,0,0
BRDA:116,9,1,0
BRDA:122,10,0,0
BRDA:122,10,1,0
BRDA:135,11,0,0
BRDA:135,11,1,0
BRDA:136,12,0,0
BRDA:136,12,1,0
BRDA:137,13,0,0
BRDA:137,13,1,0
BRDA:141,14,0,0
BRDA:141,14,1,0
BRDA:146,15,0,0
BRDA:146,15,1,0
BRDA:147,16,0,0
BRDA:147,16,1,0
BRDA:148,17,0,0
BRDA:148,17,1,0
BRDA:149,18,0,0
BRDA:149,18,1,0
BRF:38
BRH:1
end_of_record
TN:
SF:routes/jobRoutes.js
FN:11,(anonymous_0)
FN:16,(anonymous_1)
FN:26,(anonymous_2)
FN:49,(anonymous_3)
FN:65,(anonymous_4)
FN:78,(anonymous_5)
FN:95,scrapeSingleSource
FN:117,(anonymous_7)
FN:163,(anonymous_8)
FN:273,(anonymous_9)
FN:303,(anonymous_10)
FNF:11
FNH:8
FNDA:0,(anonymous_0)
FNDA:2,(anonymous_1)
FNDA:0,(anonymous_2)
FNDA:2,(anonymous_3)
FNDA:1,(anonymous_4)
FNDA:1,(anonymous_5)
FNDA:4,scrapeSingleSource
FNDA:2,(anonymous_7)
FNDA:0,(anonymous_8)
FNDA:4,(anonymous_9)
FNDA:2,(anonymous_10)
DA:1,1
DA:2,1
DA:3,1
DA:4,1
DA:5,1
DA:6,1
DA:8,1
DA:11,1
DA:12,0
DA:16,1
DA:17,2
DA:18,2
DA:19,2
DA:21,0
DA:26,1
DA:27,0
DA:28,0
DA:30,0
DA:31,0
DA:38,0
DA:40,0
DA:42,0
DA:44,0
DA:49,1
DA:50,2
DA:51,2
DA:53,2
DA:54,2
DA:58,2
DA:60,0
DA:65,1
DA:66,1
DA:67,1
DA:69,1
DA:70,1
DA:71,1
DA:73,0
DA:78,1
DA:79,1
DA:80,1
DA:82,1
DA:83,1
DA:87,1
DA:88,1
DA:90,0
DA:96,4
DA:97,4
DA:99,4
DA:100,4
DA:101,4
DA:103,2
DA:104,2
DA:105,2
DA:106,2
DA:107,2
DA:108,2
DA:110,2
DA:114,2
DA:116,2
DA:117,2
DA:129,2
DA:130,2
DA:131,2
DA:138,2
DA:139,2
DA:146,0
DA:147,0
DA:150,2
DA:151,2
DA:152,2
DA:153,2
DA:156,2
DA:157,0
DA:158,0
DA:159,0
DA:160,0
DA:161,0
DA:163,0
DA:164,0
DA:165,0
DA:166,0
DA:167,0
DA:177,0
DA:180,2
DA:188,2
DA:189,2
DA:190,2
DA:195,4
DA:196,4
DA:197,2
DA:198,2
DA:199,0
DA:200,0
DA:201,0
DA:204,2
DA:205,2
DA:206,2
DA:207,2
DA:209,2
DA:210,2
DA:211,2
DA:212,2
DA:214,0
DA:218,2
DA:219,0
DA:226,0
DA:229,2
DA:236,2
DA:237,1
DA:238,1
DA:239,1
DA:240,0
DA:241,0
DA:243,0
DA:246,1
DA:247,1
DA:251,0
DA:256,4
DA:257,4
DA:258,2
DA:263,2
DA:264,2
DA:267,4
DA:269,4
DA:273,1
DA:274,4
DA:275,4
DA:276,4
DA:277,1
DA:281,3
DA:282,3
DA:283,3
DA:285,3
DA:286,1
DA:287,1
DA:288,1
DA:289,1
DA:293,2
DA:294,2
DA:295,2
DA:297,0
DA:298,0
DA:303,1
DA:304,2
DA:305,2
DA:307,2
DA:308,3
DA:310,3
DA:311,3
DA:312,3
DA:314,3
DA:315,1
DA:316,1
DA:317,1
DA:318,1
DA:322,2
DA:324,0
DA:327,2
DA:328,2
DA:330,0
DA:331,0
DA:335,1
LF:162
LH:121
BRDA:30,0,0,0
BRDA:30,0,1,0
BRDA:51,1,0,0
BRDA:51,1,1,2
BRDA:56,2,0,2
BRDA:56,2,1,1
BRDA:56,3,0,2
BRDA:56,3,1,2
BRDA:56,4,0,2
BRDA:56,4,1,2
BRDA:80,5,0,0
BRDA:80,5,1,1
BRDA:85,6,0,1
BRDA:85,6,1,0
BRDA:85,7,0,1
BRDA:85,7,1,1
BRDA:85,8,0,1
BRDA:85,8,1,1
BRDA:87,9,0,0
BRDA:87,9,1,1
BRDA:101,10,0,2
BRDA:101,10,1,2
BRDA:105,11,0,2
BRDA:105,11,1,0
BRDA:116,12,0,2
BRDA:116,12,1,0
BRDA:116,13,0,2
BRDA:116,13,1,2
BRDA:118,14,0,2
BRDA:118,14,1,1
BRDA:119,15,0,2
BRDA:119,15,1,0
BRDA:120,16,0,2
BRDA:120,16,1,0
BRDA:122,17,0,2
BRDA:122,17,1,0
BRDA:139,18,0,2
BRDA:139,18,1,2
BRDA:139,18,2,2
BRDA:139,18,3,2
BRDA:139,18,4,2
BRDA:139,18,5,2
BRDA:150,19,0,2
BRDA:150,19,1,0
BRDA:156,20,0,0
BRDA:156,20,1,2
BRDA:156,21,0,2
BRDA:156,21,1,2
BRDA:166,22,0,0
BRDA:166,22,1,0
BRDA:166,23,0,0
BRDA:166,23,1,0
BRDA:166,23,2,0
BRDA:168,24,0,0
BRDA:168,24,1,0
BRDA:173,25,0,0
BRDA:173,25,1,0
BRDA:198,26,0,0
BRDA:198,26,1,2
BRDA:198,27,0,2
BRDA:198,27,1,2
BRDA:198,27,2,0
BRDA:200,28,0,0
BRDA:200,28,1,0
BRDA:204,29,0,2
BRDA:204,29,1,0
BRDA:204,30,0,2
BRDA:204,30,1,2
BRDA:204,30,2,2
BRDA:207,31,0,2
BRDA:207,31,1,2
BRDA:209,32,0,2
BRDA:209,32,1,0
BRDA:218,33,0,0
BRDA:218,33,1,2
BRDA:236,34,0,1
BRDA:236,34,1,1
BRDA:238,35,0,1
BRDA:238,35,1,0
BRDA:240,36,0,0
BRDA:240,36,1,0
BRDA:243,37,0,0
BRDA:243,37,1,0
BRDA:246,38,0,1
BRDA:246,38,1,0
BRDA:247,39,0,1
BRDA:247,39,1,0
BRDA:260,40,0,2
BRDA:260,40,1,1
BRDA:260,40,2,0
BRDA:260,41,0,2
BRDA:260,41,1,0
BRDA:260,42,0,2
BRDA:260,42,1,0
BRDA:260,43,0,2
BRDA:260,43,1,2
BRDA:260,44,0,2
BRDA:260,44,1,0
BRDA:260,45,0,2
BRDA:260,45,1,0
BRDA:263,46,0,2
BRDA:263,46,1,0
BRDA:263,47,0,2
BRDA:263,47,1,2
BRDA:264,48,0,2
BRDA:264,48,1,0
BRDA:264,49,0,2
BRDA:264,49,1,0
BRDA:276,50,0,1
BRDA:276,50,1,3
BRDA:282,51,0,1
BRDA:282,51,1,2
BRDA:283,52,0,3
BRDA:283,52,1,0
BRDA:285,53,0,1
BRDA:285,53,1,2
BRDA:287,54,0,1
BRDA:287,54,1,0
BRDA:311,55,0,1
BRDA:311,55,1,2
BRDA:312,56,0,3
BRDA:312,56,1,0
BRDA:314,57,0,1
BRDA:314,57,1,2
BRDA:316,58,0,1
BRDA:316,58,1,0
BRF:126
BRH:78
end_of_record
TN:
SF:routes/searchRoutes.js
FN:9,(anonymous_0)
FN:25,(anonymous_1)
FN:45,(anonymous_2)
FNF:3
FNH:0
FNDA:0,(anonymous_0)
FNDA:0,(anonymous_1)
FNDA:0,(anonymous_2)
DA:1,1
DA:2,1
DA:3,1
DA:4,1
DA:9,1
DA:10,0
DA:11,0
DA:12,0
DA:14,0
DA:15,0
DA:17,0
DA:18,0
DA:25,1
DA:26,0
DA:27,0
DA:28,0
DA:30,0
DA:31,0
DA:32,0
DA:34,0
DA:37,0
DA:38,0
DA:45,1
DA:46,0
DA:47,0
DA:48,0
DA:50,0
DA:51,0
DA:52,0
DA:54,0
DA:55,0
DA:56,0
DA:57,0
DA:59,0
DA:63,0
DA:69,0
DA:70,0
DA:74,1
LF:38
LH:8
BRDA:12,0,0,0
BRDA:12,0,1,0
BRDA:14,1,0,0
BRDA:14,1,1,0
BRDA:28,2,0,0
BRDA:28,2,1,0
BRDA:28,3,0,0
BRDA:28,3,1,0
BRDA:31,4,0,0
BRDA:31,4,1,0
BRDA:55,5,0,0
BRDA:55,5,1,0
BRDA:55,6,0,0
BRDA:55,6,1,0
BRDA:56,7,0,0
BRDA:56,7,1,0
BRF:16
BRH:0
end_of_record
TN:
SF:scripts/run_migrations.js
FN:5,runMigrations
FN:7,(anonymous_1)
FNF:2
FNH:2
FNDA:1,runMigrations
FNDA:17,(anonymous_1)
DA:1,1
DA:2,1
DA:3,1
DA:6,1
DA:7,17
DA:9,1
DA:11,1
DA:12,17
DA:13,17
DA:15,17
DA:16,17
DA:18,17
DA:19,17
DA:20,17
DA:22,0
DA:24,0
DA:26,0
DA:27,0
DA:33,1
LF:19
LH:15
BRDA:13,0,0,0
BRDA:13,0,1,17
BRDA:22,1,0,0
BRDA:22,1,1,0
BRDA:22,2,0,0
BRDA:22,2,1,0
BRF:6
BRH:1
end_of_record
TN:
SF:services/aiService.js
FN:7,getPrompt
FN:24,axiosWithRetry
FN:36,(anonymous_2)
FN:47,(anonymous_3)
FN:58,listModels
FN:65,(anonymous_5)
FN:79,parseJobListings
FN:180,parseCvWithModel
FN:297,(anonymous_8)
FN:326,matchCvWithJob
FN:422,summarizeJobDescription
FN:511,logTokenUsage
FN:524,getProviderConfigs
FN:528,updateProviderConfig
FN:558,getPrompts
FN:562,updatePrompt
FN:572,generateEmbedding
FNF:17
FNH:4
FNDA:2,getPrompt
FNDA:0,axiosWithRetry
FNDA:0,(anonymous_2)
FNDA:0,(anonymous_3)
FNDA:0,listModels
FNDA:0,(anonymous_5)
FNDA:2,parseJobListings
FNDA:0,parseCvWithModel
FNDA:0,(anonymous_8)
FNDA:0,matchCvWithJob
FNDA:1,summarizeJobDescription
FNDA:0,logTokenUsage
FNDA:0,getProviderConfigs
FNDA:0,updateProviderConfig
FNDA:0,getPrompts
FNDA:0,updatePrompt
FNDA:2,generateEmbedding
DA:1,1
DA:2,1
DA:8,2
DA:9,2
DA:10,2
DA:11,2
DA:12,2
DA:14,0
DA:16,0
DA:17,0
DA:25,0
DA:26,0
DA:27,0
DA:29,0
DA:31,0
DA:32,0
DA:33,0
DA:34,0
DA:35,0
DA:36,0
DA:37,0
DA:38,0
DA:39,0
DA:41,0
DA:42,0
DA:46,0
DA:47,0
DA:48,0
DA:50,0
DA:59,0
DA:60,0
DA:61,0
DA:63,0
DA:64,0
DA:65,0
DA:67,0
DA:69,0
DA:70,0
DA:80,2
DA:81,2
DA:82,2
DA:83,2
DA:85,2
DA:86,2
DA:87,2
DA:88,2
DA:90,2
DA:92,2
DA:93,2
DA:95,2
DA:96,2
DA:97,2
DA:98,2
DA:100,2
DA:101,0
DA:103,0
DA:104,0
DA:105,0
DA:112,0
DA:113,0
DA:114,0
DA:116,2
DA:123,2
DA:124,0
DA:125,0
DA:127,0
DA:128,0
DA:133,0
DA:134,0
DA:135,0
DA:136,0
DA:138,0
DA:139,0
DA:143,0
DA:144,0
DA:145,0
DA:146,0
DA:150,0
DA:155,0
DA:156,0
DA:158,0
DA:159,0
DA:160,0
DA:163,0
DA:164,0
DA:166,2
DA:167,2
DA:168,0
DA:170,2
DA:181,0
DA:182,0
DA:183,0
DA:184,0
DA:185,0
DA:187,0
DA:191,0
DA:192,0
DA:194,0
DA:195,0
DA:197,0
DA:198,0
DA:199,0
DA:200,0
DA:202,0
DA:203,0
DA:204,0
DA:205,0
DA:206,0
DA:213,0
DA:214,0
DA:215,0
DA:217,0
DA:224,0
DA:225,0
DA:226,0
DA:228,0
DA:229,0
DA:234,0
DA:235,0
DA:236,0
DA:237,0
DA:239,0
DA:240,0
DA:245,0
DA:246,0
DA:247,0
DA:248,0
DA:250,0
DA:251,0
DA:256,0
DA:257,0
DA:258,0
DA:259,0
DA:261,0
DA:262,0
DA:266,0
DA:267,0
DA:268,0
DA:269,0
DA:271,0
DA:272,0
DA:276,0
DA:277,0
DA:278,0
DA:279,0
DA:283,0
DA:288,0
DA:289,0
DA:292,0
DA:295,0
DA:296,0
DA:297,0
DA:298,0
DA:299,0
DA:308,0
DA:315,0
DA:316,0
DA:317,0
DA:319,0
DA:327,0
DA:328,0
DA:329,0
DA:330,0
DA:331,0
DA:335,0
DA:336,0
DA:337,0
DA:338,0
DA:340,0
DA:341,0
DA:343,0
DA:344,0
DA:345,0
DA:346,0
DA:348,0
DA:349,0
DA:350,0
DA:351,0
DA:352,0
DA:359,0
DA:360,0
DA:361,0
DA:363,0
DA:370,0
DA:371,0
DA:372,0
DA:374,0
DA:375,0
DA:380,0
DA:381,0
DA:382,0
DA:383,0
DA:385,0
DA:386,0
DA:390,0
DA:391,0
DA:392,0
DA:393,0
DA:397,0
DA:399,0
DA:401,0
DA:402,0
DA:404,0
DA:405,0
DA:411,0
DA:412,0
DA:413,0
DA:415,0
DA:423,1
DA:424,1
DA:425,1
DA:426,1
DA:438,1
DA:439,1
DA:440,1
DA:441,1
DA:443,1
DA:444,1
DA:446,1
DA:447,1
DA:448,1
DA:449,1
DA:451,1
DA:452,0
DA:453,0
DA:454,0
DA:455,0
DA:461,0
DA:462,0
DA:463,0
DA:465,1
DA:471,1
DA:472,0
DA:473,0
DA:475,0
DA:476,0
DA:480,0
DA:481,0
DA:482,0
DA:483,0
DA:485,0
DA:486,0
DA:489,0
DA:490,0
DA:491,0
DA:492,0
DA:496,0
DA:498,0
DA:500,1
DA:501,1
DA:502,0
DA:504,1
DA:512,0
DA:513,0
DA:514,0
DA:515,0
DA:520,0
DA:525,0
DA:529,0
DA:530,0
DA:533,0
DA:534,0
DA:536,0
DA:537,0
DA:538,0
DA:540,0
DA:541,0
DA:542,0
DA:544,0
DA:545,0
DA:546,0
DA:549,0
DA:551,0
DA:552,0
DA:559,0
DA:563,0
DA:573,2
DA:574,2
DA:578,2
DA:579,2
DA:583,2
DA:585,2
DA:586,2
DA:587,2
DA:588,2
DA:590,2
DA:594,2
DA:595,0
DA:596,0
DA:600,0
DA:602,0
DA:603,0
DA:606,0
DA:608,2
DA:609,2
DA:613,1
LF:296
LH:62
BRDA:10,0,0,2
BRDA:10,0,1,0
BRDA:10,1,0,2
BRDA:10,1,1,2
BRDA:24,2,0,0
BRDA:24,3,0,0
BRDA:24,4,0,0
BRDA:26,5,0,0
BRDA:26,5,1,0
BRDA:31,6,0,0
BRDA:31,6,1,0
BRDA:31,7,0,0
BRDA:31,7,1,0
BRDA:31,7,2,0
BRDA:35,8,0,0
BRDA:35,8,1,0
BRDA:35,9,0,0
BRDA:35,9,1,0
BRDA:35,9,2,0
BRDA:37,10,0,0
BRDA:37,10,1,0
BRDA:37,11,0,0
BRDA:37,11,1,0
BRDA:39,12,0,0
BRDA:39,12,1,0
BRDA:41,13,0,0
BRDA:41,13,1,0
BRDA:41,14,0,0
BRDA:41,14,1,0
BRDA:61,15,0,0
BRDA:61,15,1,0
BRDA:61,16,0,0
BRDA:61,16,1,0
BRDA:64,17,0,0
BRDA:64,17,1,0
BRDA:64,18,0,0
BRDA:64,18,1,0
BRDA:86,19,0,2
BRDA:86,19,1,0
BRDA:87,20,0,2
BRDA:87,20,1,0
BRDA:88,21,0,2
BRDA:88,21,1,2
BRDA:88,21,2,2
BRDA:88,21,3,0
BRDA:95,22,0,2
BRDA:95,22,1,0
BRDA:96,23,0,0
BRDA:96,23,1,2
BRDA:96,24,0,2
BRDA:96,24,1,2
BRDA:98,25,0,0
BRDA:98,25,1,2
BRDA:98,26,0,2
BRDA:98,26,1,2
BRDA:100,27,0,0
BRDA:100,27,1,2
BRDA:103,28,0,0
BRDA:103,28,1,0
BRDA:103,29,0,0
BRDA:103,29,1,0
BRDA:113,30,0,0
BRDA:113,30,1,0
BRDA:114,31,0,0
BRDA:114,31,1,0
BRDA:124,32,0,0
BRDA:124,32,1,0
BRDA:125,33,0,0
BRDA:125,33,1,0
BRDA:127,34,0,0
BRDA:127,34,1,0
BRDA:129,35,0,0
BRDA:129,35,1,0
BRDA:134,36,0,0
BRDA:134,36,1,0
BRDA:138,37,0,0
BRDA:138,37,1,0
BRDA:144,38,0,0
BRDA:144,38,1,0
BRDA:156,39,0,0
BRDA:156,39,1,0
BRDA:158,40,0,0
BRDA:158,40,1,0
BRDA:164,41,0,0
BRDA:164,41,1,0
BRDA:166,42,0,0
BRDA:166,42,1,2
BRDA:167,43,0,0
BRDA:167,43,1,2
BRDA:168,44,0,0
BRDA:168,44,1,0
BRDA:180,45,0,0
BRDA:187,46,0,0
BRDA:187,46,1,0
BRDA:191,47,0,0
BRDA:191,47,1,0
BRDA:192,48,0,0
BRDA:192,48,1,0
BRDA:197,49,0,0
BRDA:197,49,1,0
BRDA:198,50,0,0
BRDA:198,50,1,0
BRDA:198,51,0,0
BRDA:198,51,1,0
BRDA:200,52,0,0
BRDA:200,52,1,0
BRDA:200,53,0,0
BRDA:200,53,1,0
BRDA:202,54,0,0
BRDA:202,54,1,0
BRDA:202,55,0,0
BRDA:202,55,1,0
BRDA:204,56,0,0
BRDA:204,56,1,0
BRDA:204,57,0,0
BRDA:204,57,1,0
BRDA:214,58,0,0
BRDA:214,58,1,0
BRDA:215,59,0,0
BRDA:215,59,1,0
BRDA:224,60,0,0
BRDA:224,60,1,0
BRDA:225,61,0,0
BRDA:225,61,1,0
BRDA:226,62,0,0
BRDA:226,62,1,0
BRDA:228,63,0,0
BRDA:228,63,1,0
BRDA:235,64,0,0
BRDA:235,64,1,0
BRDA:239,65,0,0
BRDA:239,65,1,0
BRDA:246,66,0,0
BRDA:246,66,1,0
BRDA:250,67,0,0
BRDA:250,67,1,0
BRDA:257,68,0,0
BRDA:257,68,1,0
BRDA:261,69,0,0
BRDA:261,69,1,0
BRDA:267,70,0,0
BRDA:267,70,1,0
BRDA:271,71,0,0
BRDA:271,71,1,0
BRDA:277,72,0,0
BRDA:277,72,1,0
BRDA:288,73,0,0
BRDA:288,73,1,0
BRDA:295,74,0,0
BRDA:295,74,1,0
BRDA:297,75,0,0
BRDA:297,75,1,0
BRDA:298,76,0,0
BRDA:298,76,1,0
BRDA:309,77,0,0
BRDA:309,77,1,0
BRDA:309,78,0,0
BRDA:309,78,1,0
BRDA:310,79,0,0
BRDA:310,79,1,0
BRDA:311,80,0,0
BRDA:311,80,1,0
BRDA:312,81,0,0
BRDA:312,81,1,0
BRDA:316,82,0,0
BRDA:316,82,1,0
BRDA:317,83,0,0
BRDA:317,83,1,0
BRDA:336,84,0,0
BRDA:336,84,1,0
BRDA:337,85,0,0
BRDA:337,85,1,0
BRDA:338,86,0,0
BRDA:338,86,1,0
BRDA:338,86,2,0
BRDA:338,86,3,0
BRDA:343,87,0,0
BRDA:343,87,1,0
BRDA:344,88,0,0
BRDA:344,88,1,0
BRDA:344,89,0,0
BRDA:344,89,1,0
BRDA:346,90,0,0
BRDA:346,90,1,0
BRDA:346,91,0,0
BRDA:346,91,1,0
BRDA:348,92,0,0
BRDA:348,92,1,0
BRDA:350,93,0,0
BRDA:350,93,1,0
BRDA:350,94,0,0
BRDA:350,94,1,0
BRDA:360,95,0,0
BRDA:360,95,1,0
BRDA:361,96,0,0
BRDA:361,96,1,0
BRDA:371,97,0,0
BRDA:371,97,1,0
BRDA:372,98,0,0
BRDA:372,98,1,0
BRDA:374,99,0,0
BRDA:374,99,1,0
BRDA:381,100,0,0
BRDA:381,100,1,0
BRDA:385,101,0,0
BRDA:385,101,1,0
BRDA:391,102,0,0
BRDA:391,102,1,0
BRDA:402,103,0,0
BRDA:402,103,1,0
BRDA:406,104,0,0
BRDA:406,104,1,0
BRDA:407,105,0,0
BRDA:407,105,1,0
BRDA:408,106,0,0
BRDA:408,106,1,0
BRDA:412,107,0,0
BRDA:412,107,1,0
BRDA:413,108,0,0
BRDA:413,108,1,0
BRDA:439,109,0,1
BRDA:439,109,1,0
BRDA:440,110,0,1
BRDA:440,110,1,0
BRDA:441,111,0,1
BRDA:441,111,1,1
BRDA:441,111,2,1
BRDA:441,111,3,0
BRDA:446,112,0,1
BRDA:446,112,1,0
BRDA:447,113,0,0
BRDA:447,113,1,1
BRDA:447,114,0,1
BRDA:447,114,1,1
BRDA:449,115,0,0
BRDA:449,115,1,1
BRDA:449,116,0,1
BRDA:449,116,1,1
BRDA:451,117,0,0
BRDA:451,117,1,1
BRDA:453,118,0,0
BRDA:453,118,1,0
BRDA:453,119,0,0
BRDA:453,119,1,0
BRDA:462,120,0,0
BRDA:462,120,1,0
BRDA:463,121,0,0
BRDA:463,121,1,0
BRDA:472,122,0,0
BRDA:472,122,1,0
BRDA:473,123,0,0
BRDA:473,123,1,0
BRDA:475,124,0,0
BRDA:475,124,1,0
BRDA:481,125,0,0
BRDA:481,125,1,0
BRDA:485,126,0,0
BRDA:485,126,1,0
BRDA:490,127,0,0
BRDA:490,127,1,0
BRDA:498,128,0,0
BRDA:498,128,1,0
BRDA:501,129,0,0
BRDA:501,129,1,1
BRDA:502,130,0,0
BRDA:502,130,1,0
BRDA:511,131,0,0
BRDA:513,132,0,0
BRDA:513,132,1,0
BRDA:517,133,0,0
BRDA:517,133,1,0
BRDA:517,134,0,0
BRDA:517,134,1,0
BRDA:529,135,0,0
BRDA:529,135,1,0
BRDA:536,136,0,0
BRDA:536,136,1,0
BRDA:540,137,0,0
BRDA:540,137,1,0
BRDA:544,138,0,0
BRDA:544,138,1,0
BRDA:549,139,0,0
BRDA:549,139,1,0
BRDA:572,140,0,2
BRDA:574,141,0,0
BRDA:574,141,1,2
BRDA:578,142,0,2
BRDA:578,142,1,0
BRDA:579,143,0,2
BRDA:579,143,1,0
BRDA:585,144,0,2
BRDA:585,144,1,0
BRDA:586,145,0,0
BRDA:586,145,1,2
BRDA:586,146,0,2
BRDA:586,146,1,2
BRDA:588,147,0,0
BRDA:588,147,1,2
BRDA:588,148,0,2
BRDA:588,148,1,2
BRDA:595,149,0,0
BRDA:595,149,1,0
BRF:302
BRH:43
end_of_record
TN:
SF:services/cvService.js
FN:11,parseCvFile
FN:39,saveCvToDb
FN:57,getCvsByUserId
FN:66,getExperiencesByResumeId
FN:75,addExperiences
FN:87,addEducations
FN:99,addLanguages
FN:108,getEducationsByResumeId
FN:112,getLanguagesByResumeId
FN:116,deleteCv
FN:120,updateExperience
FN:127,updateEducation
FN:134,updateLanguage
FN:141,updateCvMetadata
FNF:14
FNH:0
FNDA:0,parseCvFile
FNDA:0,saveCvToDb
FNDA:0,getCvsByUserId
FNDA:0,getExperiencesByResumeId
FNDA:0,addExperiences
FNDA:0,addEducations
FNDA:0,addLanguages
FNDA:0,getEducationsByResumeId
FNDA:0,getLanguagesByResumeId
FNDA:0,deleteCv
FNDA:0,updateExperience
FNDA:0,updateEducation
FNDA:0,updateLanguage
FNDA:0,updateCvMetadata
DA:1,1
DA:2,1
DA:3,1
DA:12,0
DA:13,0
DA:17,0
DA:19,0
DA:20,0
DA:21,0
DA:23,0
DA:25,0
DA:27,0
DA:28,0
DA:40,0
DA:41,0
DA:44,0
DA:49,0
DA:58,0
DA:67,0
DA:76,0
DA:77,0
DA:88,0
DA:89,0
DA:100,0
DA:101,0
DA:109,0
DA:113,0
DA:117,0
DA:121,0
DA:128,0
DA:135,0
DA:142,0
DA:143,0
DA:144,0
DA:145,0
DA:149,0
DA:150,0
DA:152,0
DA:153,0
DA:154,0
DA:157,0
DA:158,0
DA:160,0
DA:163,1
LF:44
LH:4
BRDA:12,0,0,0
BRDA:12,0,1,0
BRDA:23,1,0,0
BRDA:23,1,1,0
BRDA:40,2,0,0
BRDA:40,2,1,0
BRDA:40,3,0,0
BRDA:40,3,1,0
BRDA:40,3,2,0
BRDA:79,4,0,0
BRDA:79,4,1,0
BRDA:79,5,0,0
BRDA:79,5,1,0
BRDA:79,6,0,0
BRDA:79,6,1,0
BRDA:91,7,0,0
BRDA:91,7,1,0
BRDA:91,8,0,0
BRDA:91,8,1,0
BRDA:91,9,0,0
BRDA:91,9,1,0
BRDA:142,10,0,0
BRDA:142,10,1,0
BRDA:144,11,0,0
BRDA:144,11,1,0
BRDA:150,12,0,0
BRDA:150,12,1,0
BRDA:152,13,0,0
BRDA:152,13,1,0
BRDA:154,14,0,0
BRDA:154,14,1,0
BRF:31
BRH:0
end_of_record
TN:
SF:services/scraperService.js
FN:8,scrapeDynamicPage
FN:28,(anonymous_1)
FNF:2
FNH:2
FNDA:4,scrapeDynamicPage
FNDA:4,(anonymous_1)
DA:1,1
DA:10,4
DA:11,4
DA:12,4
DA:16,4
DA:19,4
DA:22,4
DA:24,4
DA:27,4
DA:28,4
DA:30,4
DA:31,4
DA:33,0
DA:34,0
DA:36,4
DA:37,4
DA:38,4
DA:43,1
LF:18
LH:16
BRDA:36,0,0,4
BRDA:36,0,1,0
BRF:2
BRH:1
end_of_record
TN:
SF:services/vectorService.js
FN:11,indexJob
FN:54,searchJobs
FN:73,(anonymous_2)
FNF:3
FNH:1
FNDA:2,indexJob
FNDA:0,searchJobs
FNDA:0,(anonymous_2)
DA:1,1
DA:2,1
DA:4,1
DA:5,1
DA:12,2
DA:13,2
DA:14,2
DA:16,2
DA:17,2
DA:18,2
DA:21,0
DA:28,0
DA:29,0
DA:30,0
DA:33,0
DA:34,0
DA:37,0
DA:40,0
DA:43,0
DA:44,0
DA:46,0
DA:47,0
DA:55,0
DA:56,0
DA:57,0
DA:59,0
DA:60,0
DA:61,0
DA:64,0
DA:65,0
DA:66,0
DA:69,0
DA:71,0
DA:73,0
DA:80,0
DA:81,0
DA:85,1
LF:37
LH:11
BRDA:16,0,0,2
BRDA:16,0,1,0
BRDA:16,1,0,2
BRDA:16,1,1,2
BRDA:24,2,0,0
BRDA:24,2,1,0
BRDA:25,3,0,0
BRDA:25,3,1,0
BRDA:29,4,0,0
BRDA:29,4,1,0
BRDA:34,5,0,0
BRDA:34,5,1,0
BRDA:54,6,0,0
BRDA:59,7,0,0
BRDA:59,7,1,0
BRDA:65,8,0,0
BRDA:65,8,1,0
BRDA:65,9,0,0
BRDA:65,9,1,0
BRF:19
BRH:3
end_of_record
